[0.031s] Invoking command in '/home/hw_learn/ws_ros2/ws00_helloworld/build/turtlesim': CMAKE_PREFIX_PATH=${CMAKE_PREFIX_PATH}:/home/hw_learn/dev_ws/install/learning_urdf:/home/hw_learn/dev_ws/install/learning_topic:/home/hw_learn/dev_ws/install/learning_tf:/home/hw_learn/dev_ws/install/learning_service:/home/hw_learn/dev_ws/install/learning_qos:/home/hw_learn/dev_ws/install/learning_pkg_python:/home/hw_learn/dev_ws/install/learning_parameter:/home/hw_learn/dev_ws/install/learning_node:/home/hw_learn/dev_ws/install/learning_launch:/home/hw_learn/dev_ws/install/learning_action:/home/hw_learn/dev_ws/install/learning_gazebo /usr/bin/cmake /home/hw_learn/ws_ros2/ws00_helloworld/src/turtlesim -DCMAKE_INSTALL_PREFIX=/home/hw_learn/ws_ros2/ws00_helloworld/install/turtlesim
[0.089s] -- The C compiler identification is GNU 9.4.0
[0.141s] -- The CXX compiler identification is GNU 9.4.0
[0.147s] -- Check for working C compiler: /usr/bin/cc
[0.209s] -- Check for working C compiler: /usr/bin/cc -- works
[0.210s] -- Detecting C compiler ABI info
[0.270s] -- Detecting C compiler ABI info - done
[0.281s] -- Detecting C compile features
[0.281s] -- Detecting C compile features - done
[0.284s] -- Check for working CXX compiler: /usr/bin/c++
[0.356s] -- Check for working CXX compiler: /usr/bin/c++ -- works
[0.357s] -- Detecting CXX compiler ABI info
[0.437s] -- Detecting CXX compiler ABI info - done
[0.448s] -- Detecting CXX compile features
[0.448s] -- Detecting CXX compile features - done
[0.451s] -- Found ament_cmake: 0.9.9 (/opt/ros/foxy/share/ament_cmake/cmake)
[0.477s] -- Found PythonInterp: /usr/bin/python3 (found suitable version "3.8.10", minimum required is "3") 
[0.477s] -- Using PYTHON_EXECUTABLE: /usr/bin/python3
[0.661s] -- Found ament_index_cpp: 1.1.0 (/opt/ros/foxy/share/ament_index_cpp/cmake)
[0.664s] -- Found geometry_msgs: 2.0.5 (/opt/ros/foxy/share/geometry_msgs/cmake)
[0.692s] -- Using all available rosidl_typesupport_c: rosidl_typesupport_fastrtps_c;rosidl_typesupport_introspection_c
[0.698s] -- Found rosidl_adapter: 1.2.1 (/opt/ros/foxy/share/rosidl_adapter/cmake)
[0.745s] -- Found FastRTPS: /opt/ros/foxy/include  
[0.811s] -- Using all available rosidl_typesupport_cpp: rosidl_typesupport_fastrtps_cpp;rosidl_typesupport_introspection_cpp
[0.906s] -- Found rclcpp: 2.4.1 (/opt/ros/foxy/share/rclcpp/cmake)
[0.941s] -- Found rmw_implementation_cmake: 1.0.3 (/opt/ros/foxy/share/rmw_implementation_cmake/cmake)
[0.943s] -- Using RMW implementation 'rmw_fastrtps_cpp' as default
[0.944s] -- Looking for pthread.h
[1.012s] -- Looking for pthread.h - found
[1.013s] -- Performing Test CMAKE_HAVE_LIBC_PTHREAD
[1.088s] -- Performing Test CMAKE_HAVE_LIBC_PTHREAD - Failed
[1.089s] -- Looking for pthread_create in pthreads
[1.150s] -- Looking for pthread_create in pthreads - not found
[1.150s] -- Looking for pthread_create in pthread
[1.214s] -- Looking for pthread_create in pthread - found
[1.215s] -- Found Threads: TRUE  
[1.307s] -- Found rclcpp_action: 2.4.1 (/opt/ros/foxy/share/rclcpp_action/cmake)
[1.381s] -- Found rosidl_default_generators: 1.0.1 (/opt/ros/foxy/share/rosidl_default_generators/cmake)
[1.393s] -- Found std_srvs: 2.0.5 (/opt/ros/foxy/share/std_srvs/cmake)
[1.428s] -- Found PythonInterp: /usr/bin/python3 (found version "3.8.10") 
[1.605s] -- Found ament_cmake_ros: 0.9.2 (/opt/ros/foxy/share/ament_cmake_ros/cmake)
[1.736s] -- Using all available rosidl_typesupport_c: rosidl_typesupport_fastrtps_c;rosidl_typesupport_introspection_c
[1.761s] -- Using all available rosidl_typesupport_cpp: rosidl_typesupport_fastrtps_cpp;rosidl_typesupport_introspection_cpp
[1.789s] -- Found PythonInterp: /usr/bin/python3 (found suitable version "3.8.10", minimum required is "3.5") 
[1.791s] -- Found python_cmake_module: 0.8.1 (/opt/ros/foxy/share/python_cmake_module/cmake)
[1.821s] -- Found PythonLibs: /usr/lib/x86_64-linux-gnu/libpython3.8.so (found suitable version "3.8.10", minimum required is "3.5") 
[1.821s] -- Using PYTHON_EXECUTABLE: /usr/bin/python3
[1.821s] -- Using PYTHON_INCLUDE_DIRS: /usr/include/python3.8
[1.821s] -- Using PYTHON_LIBRARIES: /usr/lib/x86_64-linux-gnu/libpython3.8.so
[1.842s] -- Found PythonExtra: .so  
[1.916s] -- Configuring done
[1.993s] -- Generating done
[1.996s] -- Build files have been written to: /home/hw_learn/ws_ros2/ws00_helloworld/build/turtlesim
[2.006s] Invoked command in '/home/hw_learn/ws_ros2/ws00_helloworld/build/turtlesim' returned '0': CMAKE_PREFIX_PATH=${CMAKE_PREFIX_PATH}:/home/hw_learn/dev_ws/install/learning_urdf:/home/hw_learn/dev_ws/install/learning_topic:/home/hw_learn/dev_ws/install/learning_tf:/home/hw_learn/dev_ws/install/learning_service:/home/hw_learn/dev_ws/install/learning_qos:/home/hw_learn/dev_ws/install/learning_pkg_python:/home/hw_learn/dev_ws/install/learning_parameter:/home/hw_learn/dev_ws/install/learning_node:/home/hw_learn/dev_ws/install/learning_launch:/home/hw_learn/dev_ws/install/learning_action:/home/hw_learn/dev_ws/install/learning_gazebo /usr/bin/cmake /home/hw_learn/ws_ros2/ws00_helloworld/src/turtlesim -DCMAKE_INSTALL_PREFIX=/home/hw_learn/ws_ros2/ws00_helloworld/install/turtlesim
[2.009s] Invoking command in '/home/hw_learn/ws_ros2/ws00_helloworld/build/turtlesim': CMAKE_PREFIX_PATH=${CMAKE_PREFIX_PATH}:/home/hw_learn/dev_ws/install/learning_urdf:/home/hw_learn/dev_ws/install/learning_topic:/home/hw_learn/dev_ws/install/learning_tf:/home/hw_learn/dev_ws/install/learning_service:/home/hw_learn/dev_ws/install/learning_qos:/home/hw_learn/dev_ws/install/learning_pkg_python:/home/hw_learn/dev_ws/install/learning_parameter:/home/hw_learn/dev_ws/install/learning_node:/home/hw_learn/dev_ws/install/learning_launch:/home/hw_learn/dev_ws/install/learning_action:/home/hw_learn/dev_ws/install/learning_gazebo /usr/bin/cmake --build /home/hw_learn/ws_ros2/ws00_helloworld/build/turtlesim -- -j128 -l128
[2.053s] [35m[1mScanning dependencies of target turtlesim__cpp[0m
[2.053s] [  1%] [34m[1mGenerating C code for ROS interfaces[0m
[2.063s] [  2%] [34m[1mGenerating C++ code for ROS interfaces[0m
[2.881s] [  2%] Built target turtlesim__cpp
[2.893s] [  3%] [34m[1mGenerating C++ type support dispatch for ROS interfaces[0m
[2.893s] [  5%] [34m[1mGenerating C++ introspection for ROS interfaces[0m
[2.893s] [35m[1mScanning dependencies of target turtlesim__rosidl_generator_c[0m
[2.893s] [  5%] [34m[1mGenerating C++ type support for eProsima Fast-RTPS[0m
[2.911s] [  7%] [32mBuilding C object CMakeFiles/turtlesim__rosidl_generator_c.dir/rosidl_generator_c/turtlesim/msg/detail/color__functions.c.o[0m
[2.912s] [  7%] [32mBuilding C object CMakeFiles/turtlesim__rosidl_generator_c.dir/rosidl_generator_c/turtlesim/action/detail/rotate_absolute__functions.c.o[0m
[2.912s] [  8%] [32mBuilding C object CMakeFiles/turtlesim__rosidl_generator_c.dir/rosidl_generator_c/turtlesim/srv/detail/kill__functions.c.o[0m
[2.912s] [  9%] [32mBuilding C object CMakeFiles/turtlesim__rosidl_generator_c.dir/rosidl_generator_c/turtlesim/msg/detail/pose__functions.c.o[0m
[2.912s] [ 10%] [32mBuilding C object CMakeFiles/turtlesim__rosidl_generator_c.dir/rosidl_generator_c/turtlesim/srv/detail/set_pen__functions.c.o[0m
[2.912s] [ 12%] [32mBuilding C object CMakeFiles/turtlesim__rosidl_generator_c.dir/rosidl_generator_c/turtlesim/srv/detail/spawn__functions.c.o[0m
[2.912s] [ 13%] [32mBuilding C object CMakeFiles/turtlesim__rosidl_generator_c.dir/rosidl_generator_c/turtlesim/srv/detail/teleport_absolute__functions.c.o[0m
[2.912s] [ 13%] [32mBuilding C object CMakeFiles/turtlesim__rosidl_generator_c.dir/rosidl_generator_c/turtlesim/srv/detail/teleport_relative__functions.c.o[0m
[3.050s] [ 14%] [32m[1mLinking C shared library libturtlesim__rosidl_generator_c.so[0m
[3.087s] [ 14%] Built target turtlesim__rosidl_generator_c
[3.097s] [ 15%] [34m[1mGenerating C type support dispatch for ROS interfaces[0m
[3.097s] [ 16%] [34m[1mGenerating C introspection for ROS interfaces[0m
[3.460s] [35m[1mScanning dependencies of target turtlesim__rosidl_typesupport_cpp[0m
[3.479s] [ 19%] [32mBuilding CXX object CMakeFiles/turtlesim__rosidl_typesupport_cpp.dir/rosidl_typesupport_cpp/turtlesim/action/rotate_absolute__type_support.cpp.o[0m
[3.479s] [ 20%] [32mBuilding CXX object CMakeFiles/turtlesim__rosidl_typesupport_cpp.dir/rosidl_typesupport_cpp/turtlesim/msg/pose__type_support.cpp.o[0m
[3.479s] [ 20%] [32mBuilding CXX object CMakeFiles/turtlesim__rosidl_typesupport_cpp.dir/rosidl_typesupport_cpp/turtlesim/msg/color__type_support.cpp.o[0m
[3.479s] [ 20%] [32mBuilding CXX object CMakeFiles/turtlesim__rosidl_typesupport_cpp.dir/rosidl_typesupport_cpp/turtlesim/srv/kill__type_support.cpp.o[0m
[3.479s] [ 21%] [32mBuilding CXX object CMakeFiles/turtlesim__rosidl_typesupport_cpp.dir/rosidl_typesupport_cpp/turtlesim/srv/set_pen__type_support.cpp.o[0m
[3.479s] [ 22%] [32mBuilding CXX object CMakeFiles/turtlesim__rosidl_typesupport_cpp.dir/rosidl_typesupport_cpp/turtlesim/srv/spawn__type_support.cpp.o[0m
[3.479s] [ 23%] [32mBuilding CXX object CMakeFiles/turtlesim__rosidl_typesupport_cpp.dir/rosidl_typesupport_cpp/turtlesim/srv/teleport_absolute__type_support.cpp.o[0m
[3.479s] [ 24%] [32mBuilding CXX object CMakeFiles/turtlesim__rosidl_typesupport_cpp.dir/rosidl_typesupport_cpp/turtlesim/srv/teleport_relative__type_support.cpp.o[0m
[3.594s] [35m[1mScanning dependencies of target turtlesim__rosidl_typesupport_introspection_cpp[0m
[3.670s] [ 26%] [32mBuilding CXX object CMakeFiles/turtlesim__rosidl_typesupport_introspection_cpp.dir/rosidl_typesupport_introspection_cpp/turtlesim/msg/detail/pose__type_support.cpp.o[0m
[3.670s] [ 26%] [32mBuilding CXX object CMakeFiles/turtlesim__rosidl_typesupport_introspection_cpp.dir/rosidl_typesupport_introspection_cpp/turtlesim/msg/detail/color__type_support.cpp.o[0m
[3.670s] [ 27%] [32mBuilding CXX object CMakeFiles/turtlesim__rosidl_typesupport_introspection_cpp.dir/rosidl_typesupport_introspection_cpp/turtlesim/action/detail/rotate_absolute__type_support.cpp.o[0m
[3.675s] [ 29%] [32mBuilding CXX object CMakeFiles/turtlesim__rosidl_typesupport_introspection_cpp.dir/rosidl_typesupport_introspection_cpp/turtlesim/srv/detail/set_pen__type_support.cpp.o[0m
[3.675s] [ 29%] [32mBuilding CXX object CMakeFiles/turtlesim__rosidl_typesupport_introspection_cpp.dir/rosidl_typesupport_introspection_cpp/turtlesim/srv/detail/spawn__type_support.cpp.o[0m
[3.675s] [ 30%] [32mBuilding CXX object CMakeFiles/turtlesim__rosidl_typesupport_introspection_cpp.dir/rosidl_typesupport_introspection_cpp/turtlesim/srv/detail/kill__type_support.cpp.o[0m
[3.676s] [ 31%] [32mBuilding CXX object CMakeFiles/turtlesim__rosidl_typesupport_introspection_cpp.dir/rosidl_typesupport_introspection_cpp/turtlesim/srv/detail/teleport_relative__type_support.cpp.o[0m
[3.676s] [ 32%] [32mBuilding CXX object CMakeFiles/turtlesim__rosidl_typesupport_introspection_cpp.dir/rosidl_typesupport_introspection_cpp/turtlesim/srv/detail/teleport_absolute__type_support.cpp.o[0m
[3.781s] [35m[1mScanning dependencies of target turtlesim__rosidl_typesupport_c[0m
[3.871s] [ 33%] [32mBuilding CXX object CMakeFiles/turtlesim__rosidl_typesupport_c.dir/rosidl_typesupport_c/turtlesim/srv/set_pen__type_support.cpp.o[0m
[3.871s] [ 36%] [32mBuilding CXX object CMakeFiles/turtlesim__rosidl_typesupport_c.dir/rosidl_typesupport_c/turtlesim/msg/pose__type_support.cpp.o[0m
[3.871s] [ 36%] [32mBuilding CXX object CMakeFiles/turtlesim__rosidl_typesupport_c.dir/rosidl_typesupport_c/turtlesim/srv/teleport_relative__type_support.cpp.o[0m
[3.871s] [ 36%] [32mBuilding CXX object CMakeFiles/turtlesim__rosidl_typesupport_c.dir/rosidl_typesupport_c/turtlesim/srv/teleport_absolute__type_support.cpp.o[0m
[3.872s] [ 37%] [32mBuilding CXX object CMakeFiles/turtlesim__rosidl_typesupport_c.dir/rosidl_typesupport_c/turtlesim/srv/kill__type_support.cpp.o[0m
[3.872s] [ 39%] [32mBuilding CXX object CMakeFiles/turtlesim__rosidl_typesupport_c.dir/rosidl_typesupport_c/turtlesim/msg/color__type_support.cpp.o[0m
[3.872s] [ 39%] [32mBuilding CXX object CMakeFiles/turtlesim__rosidl_typesupport_c.dir/rosidl_typesupport_c/turtlesim/srv/spawn__type_support.cpp.o[0m
[3.872s] [ 40%] [32mBuilding CXX object CMakeFiles/turtlesim__rosidl_typesupport_c.dir/rosidl_typesupport_c/turtlesim/action/rotate_absolute__type_support.cpp.o[0m
[4.070s] [ 41%] [32m[1mLinking CXX shared library libturtlesim__rosidl_typesupport_c.so[0m
[4.081s] [35m[1mScanning dependencies of target turtlesim__rosidl_typesupport_fastrtps_cpp[0m
[4.186s] [ 45%] [32mBuilding CXX object CMakeFiles/turtlesim__rosidl_typesupport_fastrtps_cpp.dir/rosidl_typesupport_fastrtps_cpp/turtlesim/srv/detail/dds_fastrtps/set_pen__type_support.cpp.o[0m
[4.186s] [ 45%] [32mBuilding CXX object CMakeFiles/turtlesim__rosidl_typesupport_fastrtps_cpp.dir/rosidl_typesupport_fastrtps_cpp/turtlesim/srv/detail/dds_fastrtps/kill__type_support.cpp.o[0m
[4.187s] [ 45%] [32mBuilding CXX object CMakeFiles/turtlesim__rosidl_typesupport_fastrtps_cpp.dir/rosidl_typesupport_fastrtps_cpp/turtlesim/msg/detail/dds_fastrtps/pose__type_support.cpp.o[0m
[4.187s] [ 45%] [32mBuilding CXX object CMakeFiles/turtlesim__rosidl_typesupport_fastrtps_cpp.dir/rosidl_typesupport_fastrtps_cpp/turtlesim/msg/detail/dds_fastrtps/color__type_support.cpp.o[0m
[4.187s] [ 46%] [32mBuilding CXX object CMakeFiles/turtlesim__rosidl_typesupport_fastrtps_cpp.dir/rosidl_typesupport_fastrtps_cpp/turtlesim/action/detail/dds_fastrtps/rotate_absolute__type_support.cpp.o[0m
[4.187s] [ 47%] [32mBuilding CXX object CMakeFiles/turtlesim__rosidl_typesupport_fastrtps_cpp.dir/rosidl_typesupport_fastrtps_cpp/turtlesim/srv/detail/dds_fastrtps/spawn__type_support.cpp.o[0m
[4.187s] [ 48%] [32mBuilding CXX object CMakeFiles/turtlesim__rosidl_typesupport_fastrtps_cpp.dir/rosidl_typesupport_fastrtps_cpp/turtlesim/srv/detail/dds_fastrtps/teleport_relative__type_support.cpp.o[0m
[4.187s] [ 49%] [32mBuilding CXX object CMakeFiles/turtlesim__rosidl_typesupport_fastrtps_cpp.dir/rosidl_typesupport_fastrtps_cpp/turtlesim/srv/detail/dds_fastrtps/teleport_absolute__type_support.cpp.o[0m
[4.192s] [ 49%] Built target turtlesim__rosidl_typesupport_c
[4.396s] [35m[1mScanning dependencies of target turtlesim__rosidl_typesupport_introspection_c[0m
[4.470s] [ 50%] [32m[1mLinking CXX shared library libturtlesim__rosidl_typesupport_cpp.so[0m
[4.495s] [ 53%] [32mBuilding C object CMakeFiles/turtlesim__rosidl_typesupport_introspection_c.dir/rosidl_typesupport_introspection_c/turtlesim/msg/detail/color__type_support.c.o[0m
[4.496s] [ 53%] [32mBuilding C object CMakeFiles/turtlesim__rosidl_typesupport_introspection_c.dir/rosidl_typesupport_introspection_c/turtlesim/action/detail/rotate_absolute__type_support.c.o[0m
[4.496s] [ 53%] [32mBuilding C object CMakeFiles/turtlesim__rosidl_typesupport_introspection_c.dir/rosidl_typesupport_introspection_c/turtlesim/msg/detail/pose__type_support.c.o[0m
[4.569s] [ 57%] [32mBuilding C object CMakeFiles/turtlesim__rosidl_typesupport_introspection_c.dir/rosidl_typesupport_introspection_c/turtlesim/srv/detail/spawn__type_support.c.o[0m
[4.569s] [ 56%] [32mBuilding C object CMakeFiles/turtlesim__rosidl_typesupport_introspection_c.dir/rosidl_typesupport_introspection_c/turtlesim/srv/detail/set_pen__type_support.c.o[0m
[4.569s] [ 58%] [32mBuilding C object CMakeFiles/turtlesim__rosidl_typesupport_introspection_c.dir/rosidl_typesupport_introspection_c/turtlesim/srv/detail/teleport_absolute__type_support.c.o[0m
[4.569s] [ 58%] [32mBuilding C object CMakeFiles/turtlesim__rosidl_typesupport_introspection_c.dir/rosidl_typesupport_introspection_c/turtlesim/srv/detail/kill__type_support.c.o[0m
[4.570s] [ 58%] [32mBuilding C object CMakeFiles/turtlesim__rosidl_typesupport_introspection_c.dir/rosidl_typesupport_introspection_c/turtlesim/srv/detail/teleport_relative__type_support.c.o[0m
[4.674s] [ 58%] Built target turtlesim__rosidl_typesupport_cpp
[4.692s] [ 59%] [32m[1mLinking C shared library libturtlesim__rosidl_typesupport_introspection_c.so[0m
[4.729s] [ 60%] [32m[1mLinking CXX shared library libturtlesim__rosidl_typesupport_introspection_cpp.so[0m
[4.769s] [ 60%] Built target turtlesim__rosidl_typesupport_introspection_c
[4.831s] [ 60%] Built target turtlesim__rosidl_typesupport_introspection_cpp
[5.089s] [ 61%] [32m[1mLinking CXX shared library libturtlesim__rosidl_typesupport_fastrtps_cpp.so[0m
[5.169s] [ 61%] Built target turtlesim__rosidl_typesupport_fastrtps_cpp
[5.179s] [ 62%] [34m[1mGenerating C type support for eProsima Fast-RTPS[0m
[5.883s] [35m[1mScanning dependencies of target turtlesim__rosidl_typesupport_fastrtps_c[0m
[5.920s] [ 66%] [32mBuilding CXX object CMakeFiles/turtlesim__rosidl_typesupport_fastrtps_c.dir/rosidl_typesupport_fastrtps_c/turtlesim/msg/detail/color__type_support_c.cpp.o[0m
[5.920s] [ 66%] [32mBuilding CXX object CMakeFiles/turtlesim__rosidl_typesupport_fastrtps_c.dir/rosidl_typesupport_fastrtps_c/turtlesim/action/detail/rotate_absolute__type_support_c.cpp.o[0m
[5.920s] [ 66%] [32mBuilding CXX object CMakeFiles/turtlesim__rosidl_typesupport_fastrtps_c.dir/rosidl_typesupport_fastrtps_c/turtlesim/msg/detail/pose__type_support_c.cpp.o[0m
[5.920s] [ 66%] [32mBuilding CXX object CMakeFiles/turtlesim__rosidl_typesupport_fastrtps_c.dir/rosidl_typesupport_fastrtps_c/turtlesim/srv/detail/kill__type_support_c.cpp.o[0m
[5.920s] [ 67%] [32mBuilding CXX object CMakeFiles/turtlesim__rosidl_typesupport_fastrtps_c.dir/rosidl_typesupport_fastrtps_c/turtlesim/srv/detail/set_pen__type_support_c.cpp.o[0m
[5.920s] [ 68%] [32mBuilding CXX object CMakeFiles/turtlesim__rosidl_typesupport_fastrtps_c.dir/rosidl_typesupport_fastrtps_c/turtlesim/srv/detail/spawn__type_support_c.cpp.o[0m
[5.920s] [ 69%] [32mBuilding CXX object CMakeFiles/turtlesim__rosidl_typesupport_fastrtps_c.dir/rosidl_typesupport_fastrtps_c/turtlesim/srv/detail/teleport_absolute__type_support_c.cpp.o[0m
[5.921s] [ 70%] [32mBuilding CXX object CMakeFiles/turtlesim__rosidl_typesupport_fastrtps_c.dir/rosidl_typesupport_fastrtps_c/turtlesim/srv/detail/teleport_relative__type_support_c.cpp.o[0m
[6.339s] [ 71%] [32m[1mLinking CXX shared library libturtlesim__rosidl_typesupport_fastrtps_c.so[0m
[6.418s] [ 71%] Built target turtlesim__rosidl_typesupport_fastrtps_c
[6.427s] [35m[1mScanning dependencies of target turtlesim[0m
[6.438s] [ 71%] Built target turtlesim
[6.447s] [35m[1mScanning dependencies of target mimic[0m
[6.448s] [35m[1mScanning dependencies of target draw_square[0m
[6.448s] [35m[1mScanning dependencies of target turtle_teleop_key[0m
[6.448s] [ 72%] [34m[1mGenerating include/turtlesim/moc_turtle_frame.cpp[0m
[6.448s] [35m[1mScanning dependencies of target turtlesim__py[0m
[6.458s] [ 73%] [34m[1mGenerating Python code for ROS interfaces[0m
[6.488s] [ 75%] [32mBuilding CXX object CMakeFiles/draw_square.dir/tutorials/draw_square.cpp.o[0m
[6.488s] [ 75%] [32mBuilding CXX object CMakeFiles/mimic.dir/tutorials/mimic.cpp.o[0m
[6.492s] [ 76%] [32mBuilding CXX object CMakeFiles/turtle_teleop_key.dir/tutorials/teleop_turtle_key.cpp.o[0m
[6.504s] [35m[1mScanning dependencies of target turtlesim_node[0m
[6.583s] [ 77%] [32mBuilding CXX object CMakeFiles/turtlesim_node.dir/src/turtlesim.cpp.o[0m
[6.583s] [ 78%] [32mBuilding CXX object CMakeFiles/turtlesim_node.dir/src/turtle.cpp.o[0m
[6.583s] [ 79%] [32mBuilding CXX object CMakeFiles/turtlesim_node.dir/src/turtle_frame.cpp.o[0m
[6.584s] [ 80%] [32mBuilding CXX object CMakeFiles/turtlesim_node.dir/include/turtlesim/moc_turtle_frame.cpp.o[0m
[8.597s] [ 80%] Built target turtlesim__py
[8.606s] [35m[1mScanning dependencies of target turtlesim__python[0m
[8.686s] [ 83%] [32mBuilding C object CMakeFiles/turtlesim__python.dir/rosidl_generator_py/turtlesim/action/_rotate_absolute_s.c.o[0m
[8.686s] [ 83%] [32mBuilding C object CMakeFiles/turtlesim__python.dir/rosidl_generator_py/turtlesim/msg/_pose_s.c.o[0m
[8.686s] [ 83%] [32mBuilding C object CMakeFiles/turtlesim__python.dir/rosidl_generator_py/turtlesim/msg/_color_s.c.o[0m
[8.686s] [ 84%] [32mBuilding C object CMakeFiles/turtlesim__python.dir/rosidl_generator_py/turtlesim/srv/_kill_s.c.o[0m
[8.687s] [ 85%] [32mBuilding C object CMakeFiles/turtlesim__python.dir/rosidl_generator_py/turtlesim/srv/_set_pen_s.c.o[0m
[8.687s] [ 86%] [32mBuilding C object CMakeFiles/turtlesim__python.dir/rosidl_generator_py/turtlesim/srv/_spawn_s.c.o[0m
[8.687s] [ 87%] [32mBuilding C object CMakeFiles/turtlesim__python.dir/rosidl_generator_py/turtlesim/srv/_teleport_absolute_s.c.o[0m
[8.687s] [ 88%] [32mBuilding C object CMakeFiles/turtlesim__python.dir/rosidl_generator_py/turtlesim/srv/_teleport_relative_s.c.o[0m
[8.931s] [ 89%] [32m[1mLinking C shared library rosidl_generator_py/turtlesim/libturtlesim__python.so[0m
[9.008s] [ 89%] Built target turtlesim__python
[9.019s] [35m[1mScanning dependencies of target turtlesim__rosidl_typesupport_c__pyext[0m
[9.019s] [35m[1mScanning dependencies of target turtlesim__rosidl_typesupport_introspection_c__pyext[0m
[9.019s] [35m[1mScanning dependencies of target turtlesim__rosidl_typesupport_fastrtps_c__pyext[0m
[9.069s] [ 91%] [32mBuilding C object CMakeFiles/turtlesim__rosidl_typesupport_introspection_c__pyext.dir/rosidl_generator_py/turtlesim/_turtlesim_s.ep.rosidl_typesupport_introspection_c.c.o[0m
[9.069s] [ 91%] [32mBuilding C object CMakeFiles/turtlesim__rosidl_typesupport_c__pyext.dir/rosidl_generator_py/turtlesim/_turtlesim_s.ep.rosidl_typesupport_c.c.o[0m
[9.069s] [ 92%] [32mBuilding C object CMakeFiles/turtlesim__rosidl_typesupport_fastrtps_c__pyext.dir/rosidl_generator_py/turtlesim/_turtlesim_s.ep.rosidl_typesupport_fastrtps_c.c.o[0m
[9.286s] [ 94%] [32m[1mLinking CXX shared library rosidl_generator_py/turtlesim/turtlesim_s__rosidl_typesupport_fastrtps_c.cpython-38-x86_64-linux-gnu.so[0m
[9.286s] [ 94%] [32m[1mLinking C shared library rosidl_generator_py/turtlesim/turtlesim_s__rosidl_typesupport_c.cpython-38-x86_64-linux-gnu.so[0m
[9.286s] [ 95%] [32m[1mLinking C shared library rosidl_generator_py/turtlesim/turtlesim_s__rosidl_typesupport_introspection_c.cpython-38-x86_64-linux-gnu.so[0m
[9.330s] [ 95%] Built target turtlesim__rosidl_typesupport_c__pyext
[9.331s] [ 95%] Built target turtlesim__rosidl_typesupport_introspection_c__pyext
[9.376s] [ 95%] Built target turtlesim__rosidl_typesupport_fastrtps_c__pyext
[12.084s] [ 96%] [32m[1mLinking CXX executable turtle_teleop_key[0m
[12.333s] [ 96%] Built target turtle_teleop_key
[13.192s] [ 97%] [32m[1mLinking CXX executable mimic[0m
[13.411s] [ 98%] [32m[1mLinking CXX executable draw_square[0m
[13.462s] [ 98%] Built target mimic
[13.691s] [ 98%] Built target draw_square
[15.509s] [100%] [32m[1mLinking CXX executable turtlesim_node[0m
[16.494s] [100%] Built target turtlesim_node
[16.506s] Invoked command in '/home/hw_learn/ws_ros2/ws00_helloworld/build/turtlesim' returned '0': CMAKE_PREFIX_PATH=${CMAKE_PREFIX_PATH}:/home/hw_learn/dev_ws/install/learning_urdf:/home/hw_learn/dev_ws/install/learning_topic:/home/hw_learn/dev_ws/install/learning_tf:/home/hw_learn/dev_ws/install/learning_service:/home/hw_learn/dev_ws/install/learning_qos:/home/hw_learn/dev_ws/install/learning_pkg_python:/home/hw_learn/dev_ws/install/learning_parameter:/home/hw_learn/dev_ws/install/learning_node:/home/hw_learn/dev_ws/install/learning_launch:/home/hw_learn/dev_ws/install/learning_action:/home/hw_learn/dev_ws/install/learning_gazebo /usr/bin/cmake --build /home/hw_learn/ws_ros2/ws00_helloworld/build/turtlesim -- -j128 -l128
[16.680s] Invoking command in '/home/hw_learn/ws_ros2/ws00_helloworld/build/turtlesim': CMAKE_PREFIX_PATH=${CMAKE_PREFIX_PATH}:/home/hw_learn/dev_ws/install/learning_urdf:/home/hw_learn/dev_ws/install/learning_topic:/home/hw_learn/dev_ws/install/learning_tf:/home/hw_learn/dev_ws/install/learning_service:/home/hw_learn/dev_ws/install/learning_qos:/home/hw_learn/dev_ws/install/learning_pkg_python:/home/hw_learn/dev_ws/install/learning_parameter:/home/hw_learn/dev_ws/install/learning_node:/home/hw_learn/dev_ws/install/learning_launch:/home/hw_learn/dev_ws/install/learning_action:/home/hw_learn/dev_ws/install/learning_gazebo /usr/bin/cmake --install /home/hw_learn/ws_ros2/ws00_helloworld/build/turtlesim
[16.689s] -- Install configuration: ""
[16.689s] -- Installing: /home/hw_learn/ws_ros2/ws00_helloworld/install/turtlesim/share/ament_index/resource_index/rosidl_interfaces/turtlesim
[16.692s] -- Installing: /home/hw_learn/ws_ros2/ws00_helloworld/install/turtlesim/include/turtlesim
[16.692s] -- Installing: /home/hw_learn/ws_ros2/ws00_helloworld/install/turtlesim/include/turtlesim/msg
[16.692s] -- Installing: /home/hw_learn/ws_ros2/ws00_helloworld/install/turtlesim/include/turtlesim/msg/rosidl_generator_c__visibility_control.h
[16.692s] -- Installing: /home/hw_learn/ws_ros2/ws00_helloworld/install/turtlesim/include/turtlesim/msg/color.h
[16.692s] -- Installing: /home/hw_learn/ws_ros2/ws00_helloworld/install/turtlesim/include/turtlesim/msg/detail
[16.692s] -- Installing: /home/hw_learn/ws_ros2/ws00_helloworld/install/turtlesim/include/turtlesim/msg/detail/color__functions.c
[16.692s] -- Installing: /home/hw_learn/ws_ros2/ws00_helloworld/install/turtlesim/include/turtlesim/msg/detail/color__functions.h
[16.692s] -- Installing: /home/hw_learn/ws_ros2/ws00_helloworld/install/turtlesim/include/turtlesim/msg/detail/color__struct.h
[16.692s] -- Installing: /home/hw_learn/ws_ros2/ws00_helloworld/install/turtlesim/include/turtlesim/msg/detail/color__type_support.h
[16.693s] -- Installing: /home/hw_learn/ws_ros2/ws00_helloworld/install/turtlesim/include/turtlesim/msg/detail/pose__functions.c
[16.693s] -- Installing: /home/hw_learn/ws_ros2/ws00_helloworld/install/turtlesim/include/turtlesim/msg/detail/pose__functions.h
[16.693s] -- Installing: /home/hw_learn/ws_ros2/ws00_helloworld/install/turtlesim/include/turtlesim/msg/detail/pose__struct.h
[16.693s] -- Installing: /home/hw_learn/ws_ros2/ws00_helloworld/install/turtlesim/include/turtlesim/msg/detail/pose__type_support.h
[16.693s] -- Installing: /home/hw_learn/ws_ros2/ws00_helloworld/install/turtlesim/include/turtlesim/msg/pose.h
[16.693s] -- Installing: /home/hw_learn/ws_ros2/ws00_helloworld/install/turtlesim/include/turtlesim/action
[16.693s] -- Installing: /home/hw_learn/ws_ros2/ws00_helloworld/install/turtlesim/include/turtlesim/action/rotate_absolute.h
[16.693s] -- Installing: /home/hw_learn/ws_ros2/ws00_helloworld/install/turtlesim/include/turtlesim/action/detail
[16.693s] -- Installing: /home/hw_learn/ws_ros2/ws00_helloworld/install/turtlesim/include/turtlesim/action/detail/rotate_absolute__functions.c
[16.694s] -- Installing: /home/hw_learn/ws_ros2/ws00_helloworld/install/turtlesim/include/turtlesim/action/detail/rotate_absolute__functions.h
[16.694s] -- Installing: /home/hw_learn/ws_ros2/ws00_helloworld/install/turtlesim/include/turtlesim/action/detail/rotate_absolute__struct.h
[16.694s] -- Installing: /home/hw_learn/ws_ros2/ws00_helloworld/install/turtlesim/include/turtlesim/action/detail/rotate_absolute__type_support.h
[16.694s] -- Installing: /home/hw_learn/ws_ros2/ws00_helloworld/install/turtlesim/include/turtlesim/srv
[16.694s] -- Installing: /home/hw_learn/ws_ros2/ws00_helloworld/install/turtlesim/include/turtlesim/srv/kill.h
[16.694s] -- Installing: /home/hw_learn/ws_ros2/ws00_helloworld/install/turtlesim/include/turtlesim/srv/detail
[16.694s] -- Installing: /home/hw_learn/ws_ros2/ws00_helloworld/install/turtlesim/include/turtlesim/srv/detail/kill__functions.c
[16.694s] -- Installing: /home/hw_learn/ws_ros2/ws00_helloworld/install/turtlesim/include/turtlesim/srv/detail/kill__functions.h
[16.694s] -- Installing: /home/hw_learn/ws_ros2/ws00_helloworld/install/turtlesim/include/turtlesim/srv/detail/kill__struct.h
[16.694s] -- Installing: /home/hw_learn/ws_ros2/ws00_helloworld/install/turtlesim/include/turtlesim/srv/detail/kill__type_support.h
[16.695s] -- Installing: /home/hw_learn/ws_ros2/ws00_helloworld/install/turtlesim/include/turtlesim/srv/detail/set_pen__functions.c
[16.695s] -- Installing: /home/hw_learn/ws_ros2/ws00_helloworld/install/turtlesim/include/turtlesim/srv/detail/set_pen__functions.h
[16.695s] -- Installing: /home/hw_learn/ws_ros2/ws00_helloworld/install/turtlesim/include/turtlesim/srv/detail/set_pen__struct.h
[16.695s] -- Installing: /home/hw_learn/ws_ros2/ws00_helloworld/install/turtlesim/include/turtlesim/srv/detail/set_pen__type_support.h
[16.695s] -- Installing: /home/hw_learn/ws_ros2/ws00_helloworld/install/turtlesim/include/turtlesim/srv/detail/spawn__functions.c
[16.695s] -- Installing: /home/hw_learn/ws_ros2/ws00_helloworld/install/turtlesim/include/turtlesim/srv/detail/spawn__functions.h
[16.695s] -- Installing: /home/hw_learn/ws_ros2/ws00_helloworld/install/turtlesim/include/turtlesim/srv/detail/spawn__struct.h
[16.695s] -- Installing: /home/hw_learn/ws_ros2/ws00_helloworld/install/turtlesim/include/turtlesim/srv/detail/spawn__type_support.h
[16.696s] -- Installing: /home/hw_learn/ws_ros2/ws00_helloworld/install/turtlesim/include/turtlesim/srv/detail/teleport_absolute__functions.c
[16.696s] -- Installing: /home/hw_learn/ws_ros2/ws00_helloworld/install/turtlesim/include/turtlesim/srv/detail/teleport_absolute__functions.h
[16.696s] -- Installing: /home/hw_learn/ws_ros2/ws00_helloworld/install/turtlesim/include/turtlesim/srv/detail/teleport_absolute__struct.h
[16.696s] -- Installing: /home/hw_learn/ws_ros2/ws00_helloworld/install/turtlesim/include/turtlesim/srv/detail/teleport_absolute__type_support.h
[16.696s] -- Installing: /home/hw_learn/ws_ros2/ws00_helloworld/install/turtlesim/include/turtlesim/srv/detail/teleport_relative__functions.c
[16.696s] -- Installing: /home/hw_learn/ws_ros2/ws00_helloworld/install/turtlesim/include/turtlesim/srv/detail/teleport_relative__functions.h
[16.696s] -- Installing: /home/hw_learn/ws_ros2/ws00_helloworld/install/turtlesim/include/turtlesim/srv/detail/teleport_relative__struct.h
[16.697s] -- Installing: /home/hw_learn/ws_ros2/ws00_helloworld/install/turtlesim/include/turtlesim/srv/detail/teleport_relative__type_support.h
[16.697s] -- Installing: /home/hw_learn/ws_ros2/ws00_helloworld/install/turtlesim/include/turtlesim/srv/set_pen.h
[16.697s] -- Installing: /home/hw_learn/ws_ros2/ws00_helloworld/install/turtlesim/include/turtlesim/srv/spawn.h
[16.697s] -- Installing: /home/hw_learn/ws_ros2/ws00_helloworld/install/turtlesim/include/turtlesim/srv/teleport_absolute.h
[16.697s] -- Installing: /home/hw_learn/ws_ros2/ws00_helloworld/install/turtlesim/include/turtlesim/srv/teleport_relative.h
[16.697s] -- Installing: /home/hw_learn/ws_ros2/ws00_helloworld/install/turtlesim/share/turtlesim/environment/library_path.sh
[16.697s] -- Installing: /home/hw_learn/ws_ros2/ws00_helloworld/install/turtlesim/share/turtlesim/environment/library_path.dsv
[16.697s] -- Installing: /home/hw_learn/ws_ros2/ws00_helloworld/install/turtlesim/lib/libturtlesim__rosidl_generator_c.so
[16.698s] -- Set runtime path of "/home/hw_learn/ws_ros2/ws00_helloworld/install/turtlesim/lib/libturtlesim__rosidl_generator_c.so" to ""
[16.698s] -- Up-to-date: /home/hw_learn/ws_ros2/ws00_helloworld/install/turtlesim/include/turtlesim
[16.698s] -- Up-to-date: /home/hw_learn/ws_ros2/ws00_helloworld/install/turtlesim/include/turtlesim/msg
[16.698s] -- Installing: /home/hw_learn/ws_ros2/ws00_helloworld/install/turtlesim/include/turtlesim/msg/rosidl_typesupport_fastrtps_c__visibility_control.h
[16.698s] -- Up-to-date: /home/hw_learn/ws_ros2/ws00_helloworld/install/turtlesim/include/turtlesim/msg/detail
[16.699s] -- Installing: /home/hw_learn/ws_ros2/ws00_helloworld/install/turtlesim/include/turtlesim/msg/detail/color__rosidl_typesupport_fastrtps_c.h
[16.699s] -- Installing: /home/hw_learn/ws_ros2/ws00_helloworld/install/turtlesim/include/turtlesim/msg/detail/pose__rosidl_typesupport_fastrtps_c.h
[16.699s] -- Up-to-date: /home/hw_learn/ws_ros2/ws00_helloworld/install/turtlesim/include/turtlesim/action
[16.699s] -- Up-to-date: /home/hw_learn/ws_ros2/ws00_helloworld/install/turtlesim/include/turtlesim/action/detail
[16.699s] -- Installing: /home/hw_learn/ws_ros2/ws00_helloworld/install/turtlesim/include/turtlesim/action/detail/rotate_absolute__rosidl_typesupport_fastrtps_c.h
[16.699s] -- Up-to-date: /home/hw_learn/ws_ros2/ws00_helloworld/install/turtlesim/include/turtlesim/srv
[16.699s] -- Up-to-date: /home/hw_learn/ws_ros2/ws00_helloworld/install/turtlesim/include/turtlesim/srv/detail
[16.699s] -- Installing: /home/hw_learn/ws_ros2/ws00_helloworld/install/turtlesim/include/turtlesim/srv/detail/kill__rosidl_typesupport_fastrtps_c.h
[16.699s] -- Installing: /home/hw_learn/ws_ros2/ws00_helloworld/install/turtlesim/include/turtlesim/srv/detail/set_pen__rosidl_typesupport_fastrtps_c.h
[16.699s] -- Installing: /home/hw_learn/ws_ros2/ws00_helloworld/install/turtlesim/include/turtlesim/srv/detail/spawn__rosidl_typesupport_fastrtps_c.h
[16.699s] -- Installing: /home/hw_learn/ws_ros2/ws00_helloworld/install/turtlesim/include/turtlesim/srv/detail/teleport_absolute__rosidl_typesupport_fastrtps_c.h
[16.700s] -- Installing: /home/hw_learn/ws_ros2/ws00_helloworld/install/turtlesim/include/turtlesim/srv/detail/teleport_relative__rosidl_typesupport_fastrtps_c.h
[16.700s] -- Installing: /home/hw_learn/ws_ros2/ws00_helloworld/install/turtlesim/lib/libturtlesim__rosidl_typesupport_fastrtps_c.so
[16.700s] -- Set runtime path of "/home/hw_learn/ws_ros2/ws00_helloworld/install/turtlesim/lib/libturtlesim__rosidl_typesupport_fastrtps_c.so" to ""
[16.700s] -- Up-to-date: /home/hw_learn/ws_ros2/ws00_helloworld/install/turtlesim/include/turtlesim
[16.700s] -- Up-to-date: /home/hw_learn/ws_ros2/ws00_helloworld/install/turtlesim/include/turtlesim/msg
[16.700s] -- Installing: /home/hw_learn/ws_ros2/ws00_helloworld/install/turtlesim/include/turtlesim/msg/rosidl_typesupport_fastrtps_cpp__visibility_control.h
[16.700s] -- Up-to-date: /home/hw_learn/ws_ros2/ws00_helloworld/install/turtlesim/include/turtlesim/msg/detail
[16.701s] -- Installing: /home/hw_learn/ws_ros2/ws00_helloworld/install/turtlesim/include/turtlesim/msg/detail/color__rosidl_typesupport_fastrtps_cpp.hpp
[16.701s] -- Installing: /home/hw_learn/ws_ros2/ws00_helloworld/install/turtlesim/include/turtlesim/msg/detail/dds_fastrtps
[16.701s] -- Installing: /home/hw_learn/ws_ros2/ws00_helloworld/install/turtlesim/include/turtlesim/msg/detail/pose__rosidl_typesupport_fastrtps_cpp.hpp
[16.701s] -- Up-to-date: /home/hw_learn/ws_ros2/ws00_helloworld/install/turtlesim/include/turtlesim/action
[16.701s] -- Up-to-date: /home/hw_learn/ws_ros2/ws00_helloworld/install/turtlesim/include/turtlesim/action/detail
[16.701s] -- Installing: /home/hw_learn/ws_ros2/ws00_helloworld/install/turtlesim/include/turtlesim/action/detail/rotate_absolute__rosidl_typesupport_fastrtps_cpp.hpp
[16.701s] -- Installing: /home/hw_learn/ws_ros2/ws00_helloworld/install/turtlesim/include/turtlesim/action/detail/dds_fastrtps
[16.701s] -- Up-to-date: /home/hw_learn/ws_ros2/ws00_helloworld/install/turtlesim/include/turtlesim/srv
[16.701s] -- Up-to-date: /home/hw_learn/ws_ros2/ws00_helloworld/install/turtlesim/include/turtlesim/srv/detail
[16.701s] -- Installing: /home/hw_learn/ws_ros2/ws00_helloworld/install/turtlesim/include/turtlesim/srv/detail/kill__rosidl_typesupport_fastrtps_cpp.hpp
[16.701s] -- Installing: /home/hw_learn/ws_ros2/ws00_helloworld/install/turtlesim/include/turtlesim/srv/detail/dds_fastrtps
[16.702s] -- Installing: /home/hw_learn/ws_ros2/ws00_helloworld/install/turtlesim/include/turtlesim/srv/detail/set_pen__rosidl_typesupport_fastrtps_cpp.hpp
[16.702s] -- Installing: /home/hw_learn/ws_ros2/ws00_helloworld/install/turtlesim/include/turtlesim/srv/detail/spawn__rosidl_typesupport_fastrtps_cpp.hpp
[16.702s] -- Installing: /home/hw_learn/ws_ros2/ws00_helloworld/install/turtlesim/include/turtlesim/srv/detail/teleport_absolute__rosidl_typesupport_fastrtps_cpp.hpp
[16.702s] -- Installing: /home/hw_learn/ws_ros2/ws00_helloworld/install/turtlesim/include/turtlesim/srv/detail/teleport_relative__rosidl_typesupport_fastrtps_cpp.hpp
[16.702s] -- Installing: /home/hw_learn/ws_ros2/ws00_helloworld/install/turtlesim/lib/libturtlesim__rosidl_typesupport_fastrtps_cpp.so
[16.703s] -- Set runtime path of "/home/hw_learn/ws_ros2/ws00_helloworld/install/turtlesim/lib/libturtlesim__rosidl_typesupport_fastrtps_cpp.so" to ""
[16.703s] -- Up-to-date: /home/hw_learn/ws_ros2/ws00_helloworld/install/turtlesim/include/turtlesim
[16.703s] -- Up-to-date: /home/hw_learn/ws_ros2/ws00_helloworld/install/turtlesim/include/turtlesim/msg
[16.703s] -- Installing: /home/hw_learn/ws_ros2/ws00_helloworld/install/turtlesim/include/turtlesim/msg/rosidl_typesupport_introspection_c__visibility_control.h
[16.703s] -- Up-to-date: /home/hw_learn/ws_ros2/ws00_helloworld/install/turtlesim/include/turtlesim/msg/detail
[16.703s] -- Installing: /home/hw_learn/ws_ros2/ws00_helloworld/install/turtlesim/include/turtlesim/msg/detail/color__rosidl_typesupport_introspection_c.h
[16.703s] -- Installing: /home/hw_learn/ws_ros2/ws00_helloworld/install/turtlesim/include/turtlesim/msg/detail/color__type_support.c
[16.703s] -- Installing: /home/hw_learn/ws_ros2/ws00_helloworld/install/turtlesim/include/turtlesim/msg/detail/pose__rosidl_typesupport_introspection_c.h
[16.703s] -- Installing: /home/hw_learn/ws_ros2/ws00_helloworld/install/turtlesim/include/turtlesim/msg/detail/pose__type_support.c
[16.703s] -- Up-to-date: /home/hw_learn/ws_ros2/ws00_helloworld/install/turtlesim/include/turtlesim/action
[16.703s] -- Up-to-date: /home/hw_learn/ws_ros2/ws00_helloworld/install/turtlesim/include/turtlesim/action/detail
[16.703s] -- Installing: /home/hw_learn/ws_ros2/ws00_helloworld/install/turtlesim/include/turtlesim/action/detail/rotate_absolute__rosidl_typesupport_introspection_c.h
[16.704s] -- Installing: /home/hw_learn/ws_ros2/ws00_helloworld/install/turtlesim/include/turtlesim/action/detail/rotate_absolute__type_support.c
[16.704s] -- Up-to-date: /home/hw_learn/ws_ros2/ws00_helloworld/install/turtlesim/include/turtlesim/srv
[16.704s] -- Up-to-date: /home/hw_learn/ws_ros2/ws00_helloworld/install/turtlesim/include/turtlesim/srv/detail
[16.704s] -- Installing: /home/hw_learn/ws_ros2/ws00_helloworld/install/turtlesim/include/turtlesim/srv/detail/kill__rosidl_typesupport_introspection_c.h
[16.704s] -- Installing: /home/hw_learn/ws_ros2/ws00_helloworld/install/turtlesim/include/turtlesim/srv/detail/kill__type_support.c
[16.704s] -- Installing: /home/hw_learn/ws_ros2/ws00_helloworld/install/turtlesim/include/turtlesim/srv/detail/set_pen__rosidl_typesupport_introspection_c.h
[16.704s] -- Installing: /home/hw_learn/ws_ros2/ws00_helloworld/install/turtlesim/include/turtlesim/srv/detail/set_pen__type_support.c
[16.704s] -- Installing: /home/hw_learn/ws_ros2/ws00_helloworld/install/turtlesim/include/turtlesim/srv/detail/spawn__rosidl_typesupport_introspection_c.h
[16.704s] -- Installing: /home/hw_learn/ws_ros2/ws00_helloworld/install/turtlesim/include/turtlesim/srv/detail/spawn__type_support.c
[16.704s] -- Installing: /home/hw_learn/ws_ros2/ws00_helloworld/install/turtlesim/include/turtlesim/srv/detail/teleport_absolute__rosidl_typesupport_introspection_c.h
[16.705s] -- Installing: /home/hw_learn/ws_ros2/ws00_helloworld/install/turtlesim/include/turtlesim/srv/detail/teleport_absolute__type_support.c
[16.705s] -- Installing: /home/hw_learn/ws_ros2/ws00_helloworld/install/turtlesim/include/turtlesim/srv/detail/teleport_relative__rosidl_typesupport_introspection_c.h
[16.705s] -- Installing: /home/hw_learn/ws_ros2/ws00_helloworld/install/turtlesim/include/turtlesim/srv/detail/teleport_relative__type_support.c
[16.705s] -- Installing: /home/hw_learn/ws_ros2/ws00_helloworld/install/turtlesim/lib/libturtlesim__rosidl_typesupport_introspection_c.so
[16.706s] -- Set runtime path of "/home/hw_learn/ws_ros2/ws00_helloworld/install/turtlesim/lib/libturtlesim__rosidl_typesupport_introspection_c.so" to ""
[16.706s] -- Installing: /home/hw_learn/ws_ros2/ws00_helloworld/install/turtlesim/lib/libturtlesim__rosidl_typesupport_c.so
[16.706s] -- Set runtime path of "/home/hw_learn/ws_ros2/ws00_helloworld/install/turtlesim/lib/libturtlesim__rosidl_typesupport_c.so" to ""
[16.706s] -- Up-to-date: /home/hw_learn/ws_ros2/ws00_helloworld/install/turtlesim/include/turtlesim
[16.706s] -- Up-to-date: /home/hw_learn/ws_ros2/ws00_helloworld/install/turtlesim/include/turtlesim/action
[16.707s] -- Installing: /home/hw_learn/ws_ros2/ws00_helloworld/install/turtlesim/include/turtlesim/action/rotate_absolute.hpp
[16.707s] -- Up-to-date: /home/hw_learn/ws_ros2/ws00_helloworld/install/turtlesim/include/turtlesim/action/detail
[16.707s] -- Installing: /home/hw_learn/ws_ros2/ws00_helloworld/install/turtlesim/include/turtlesim/action/detail/rotate_absolute__builder.hpp
[16.707s] -- Installing: /home/hw_learn/ws_ros2/ws00_helloworld/install/turtlesim/include/turtlesim/action/detail/rotate_absolute__struct.hpp
[16.707s] -- Installing: /home/hw_learn/ws_ros2/ws00_helloworld/install/turtlesim/include/turtlesim/action/detail/rotate_absolute__traits.hpp
[16.707s] -- Up-to-date: /home/hw_learn/ws_ros2/ws00_helloworld/install/turtlesim/include/turtlesim/msg
[16.707s] -- Installing: /home/hw_learn/ws_ros2/ws00_helloworld/install/turtlesim/include/turtlesim/msg/color.hpp
[16.707s] -- Up-to-date: /home/hw_learn/ws_ros2/ws00_helloworld/install/turtlesim/include/turtlesim/msg/detail
[16.707s] -- Installing: /home/hw_learn/ws_ros2/ws00_helloworld/install/turtlesim/include/turtlesim/msg/detail/color__builder.hpp
[16.707s] -- Installing: /home/hw_learn/ws_ros2/ws00_helloworld/install/turtlesim/include/turtlesim/msg/detail/color__struct.hpp
[16.708s] -- Installing: /home/hw_learn/ws_ros2/ws00_helloworld/install/turtlesim/include/turtlesim/msg/detail/color__traits.hpp
[16.708s] -- Installing: /home/hw_learn/ws_ros2/ws00_helloworld/install/turtlesim/include/turtlesim/msg/detail/pose__builder.hpp
[16.708s] -- Installing: /home/hw_learn/ws_ros2/ws00_helloworld/install/turtlesim/include/turtlesim/msg/detail/pose__struct.hpp
[16.708s] -- Installing: /home/hw_learn/ws_ros2/ws00_helloworld/install/turtlesim/include/turtlesim/msg/detail/pose__traits.hpp
[16.708s] -- Installing: /home/hw_learn/ws_ros2/ws00_helloworld/install/turtlesim/include/turtlesim/msg/pose.hpp
[16.708s] -- Up-to-date: /home/hw_learn/ws_ros2/ws00_helloworld/install/turtlesim/include/turtlesim/srv
[16.708s] -- Installing: /home/hw_learn/ws_ros2/ws00_helloworld/install/turtlesim/include/turtlesim/srv/kill.hpp
[16.708s] -- Up-to-date: /home/hw_learn/ws_ros2/ws00_helloworld/install/turtlesim/include/turtlesim/srv/detail
[16.708s] -- Installing: /home/hw_learn/ws_ros2/ws00_helloworld/install/turtlesim/include/turtlesim/srv/detail/kill__builder.hpp
[16.708s] -- Installing: /home/hw_learn/ws_ros2/ws00_helloworld/install/turtlesim/include/turtlesim/srv/detail/kill__struct.hpp
[16.708s] -- Installing: /home/hw_learn/ws_ros2/ws00_helloworld/install/turtlesim/include/turtlesim/srv/detail/kill__traits.hpp
[16.709s] -- Installing: /home/hw_learn/ws_ros2/ws00_helloworld/install/turtlesim/include/turtlesim/srv/detail/set_pen__builder.hpp
[16.709s] -- Installing: /home/hw_learn/ws_ros2/ws00_helloworld/install/turtlesim/include/turtlesim/srv/detail/set_pen__struct.hpp
[16.709s] -- Installing: /home/hw_learn/ws_ros2/ws00_helloworld/install/turtlesim/include/turtlesim/srv/detail/set_pen__traits.hpp
[16.709s] -- Installing: /home/hw_learn/ws_ros2/ws00_helloworld/install/turtlesim/include/turtlesim/srv/detail/spawn__builder.hpp
[16.709s] -- Installing: /home/hw_learn/ws_ros2/ws00_helloworld/install/turtlesim/include/turtlesim/srv/detail/spawn__struct.hpp
[16.709s] -- Installing: /home/hw_learn/ws_ros2/ws00_helloworld/install/turtlesim/include/turtlesim/srv/detail/spawn__traits.hpp
[16.709s] -- Installing: /home/hw_learn/ws_ros2/ws00_helloworld/install/turtlesim/include/turtlesim/srv/detail/teleport_absolute__builder.hpp
[16.709s] -- Installing: /home/hw_learn/ws_ros2/ws00_helloworld/install/turtlesim/include/turtlesim/srv/detail/teleport_absolute__struct.hpp
[16.710s] -- Installing: /home/hw_learn/ws_ros2/ws00_helloworld/install/turtlesim/include/turtlesim/srv/detail/teleport_absolute__traits.hpp
[16.710s] -- Installing: /home/hw_learn/ws_ros2/ws00_helloworld/install/turtlesim/include/turtlesim/srv/detail/teleport_relative__builder.hpp
[16.710s] -- Installing: /home/hw_learn/ws_ros2/ws00_helloworld/install/turtlesim/include/turtlesim/srv/detail/teleport_relative__struct.hpp
[16.710s] -- Installing: /home/hw_learn/ws_ros2/ws00_helloworld/install/turtlesim/include/turtlesim/srv/detail/teleport_relative__traits.hpp
[16.710s] -- Installing: /home/hw_learn/ws_ros2/ws00_helloworld/install/turtlesim/include/turtlesim/srv/set_pen.hpp
[16.710s] -- Installing: /home/hw_learn/ws_ros2/ws00_helloworld/install/turtlesim/include/turtlesim/srv/spawn.hpp
[16.710s] -- Installing: /home/hw_learn/ws_ros2/ws00_helloworld/install/turtlesim/include/turtlesim/srv/teleport_absolute.hpp
[16.710s] -- Installing: /home/hw_learn/ws_ros2/ws00_helloworld/install/turtlesim/include/turtlesim/srv/teleport_relative.hpp
[16.711s] -- Up-to-date: /home/hw_learn/ws_ros2/ws00_helloworld/install/turtlesim/include/turtlesim
[16.711s] -- Up-to-date: /home/hw_learn/ws_ros2/ws00_helloworld/install/turtlesim/include/turtlesim/action
[16.711s] -- Up-to-date: /home/hw_learn/ws_ros2/ws00_helloworld/install/turtlesim/include/turtlesim/action/detail
[16.711s] -- Installing: /home/hw_learn/ws_ros2/ws00_helloworld/install/turtlesim/include/turtlesim/action/detail/rotate_absolute__rosidl_typesupport_introspection_cpp.hpp
[16.711s] -- Installing: /home/hw_learn/ws_ros2/ws00_helloworld/install/turtlesim/include/turtlesim/action/detail/rotate_absolute__type_support.cpp
[16.711s] -- Up-to-date: /home/hw_learn/ws_ros2/ws00_helloworld/install/turtlesim/include/turtlesim/msg
[16.711s] -- Up-to-date: /home/hw_learn/ws_ros2/ws00_helloworld/install/turtlesim/include/turtlesim/msg/detail
[16.711s] -- Installing: /home/hw_learn/ws_ros2/ws00_helloworld/install/turtlesim/include/turtlesim/msg/detail/color__rosidl_typesupport_introspection_cpp.hpp
[16.711s] -- Installing: /home/hw_learn/ws_ros2/ws00_helloworld/install/turtlesim/include/turtlesim/msg/detail/color__type_support.cpp
[16.711s] -- Installing: /home/hw_learn/ws_ros2/ws00_helloworld/install/turtlesim/include/turtlesim/msg/detail/pose__rosidl_typesupport_introspection_cpp.hpp
[16.711s] -- Installing: /home/hw_learn/ws_ros2/ws00_helloworld/install/turtlesim/include/turtlesim/msg/detail/pose__type_support.cpp
[16.712s] -- Up-to-date: /home/hw_learn/ws_ros2/ws00_helloworld/install/turtlesim/include/turtlesim/srv
[16.712s] -- Up-to-date: /home/hw_learn/ws_ros2/ws00_helloworld/install/turtlesim/include/turtlesim/srv/detail
[16.712s] -- Installing: /home/hw_learn/ws_ros2/ws00_helloworld/install/turtlesim/include/turtlesim/srv/detail/kill__rosidl_typesupport_introspection_cpp.hpp
[16.712s] -- Installing: /home/hw_learn/ws_ros2/ws00_helloworld/install/turtlesim/include/turtlesim/srv/detail/kill__type_support.cpp
[16.712s] -- Installing: /home/hw_learn/ws_ros2/ws00_helloworld/install/turtlesim/include/turtlesim/srv/detail/set_pen__rosidl_typesupport_introspection_cpp.hpp
[16.712s] -- Installing: /home/hw_learn/ws_ros2/ws00_helloworld/install/turtlesim/include/turtlesim/srv/detail/set_pen__type_support.cpp
[16.712s] -- Installing: /home/hw_learn/ws_ros2/ws00_helloworld/install/turtlesim/include/turtlesim/srv/detail/spawn__rosidl_typesupport_introspection_cpp.hpp
[16.712s] -- Installing: /home/hw_learn/ws_ros2/ws00_helloworld/install/turtlesim/include/turtlesim/srv/detail/spawn__type_support.cpp
[16.712s] -- Installing: /home/hw_learn/ws_ros2/ws00_helloworld/install/turtlesim/include/turtlesim/srv/detail/teleport_absolute__rosidl_typesupport_introspection_cpp.hpp
[16.712s] -- Installing: /home/hw_learn/ws_ros2/ws00_helloworld/install/turtlesim/include/turtlesim/srv/detail/teleport_absolute__type_support.cpp
[16.713s] -- Installing: /home/hw_learn/ws_ros2/ws00_helloworld/install/turtlesim/include/turtlesim/srv/detail/teleport_relative__rosidl_typesupport_introspection_cpp.hpp
[16.713s] -- Installing: /home/hw_learn/ws_ros2/ws00_helloworld/install/turtlesim/include/turtlesim/srv/detail/teleport_relative__type_support.cpp
[16.713s] -- Installing: /home/hw_learn/ws_ros2/ws00_helloworld/install/turtlesim/lib/libturtlesim__rosidl_typesupport_introspection_cpp.so
[16.713s] -- Set runtime path of "/home/hw_learn/ws_ros2/ws00_helloworld/install/turtlesim/lib/libturtlesim__rosidl_typesupport_introspection_cpp.so" to ""
[16.714s] -- Installing: /home/hw_learn/ws_ros2/ws00_helloworld/install/turtlesim/lib/libturtlesim__rosidl_typesupport_cpp.so
[16.714s] -- Set runtime path of "/home/hw_learn/ws_ros2/ws00_helloworld/install/turtlesim/lib/libturtlesim__rosidl_typesupport_cpp.so" to ""
[16.714s] -- Installing: /home/hw_learn/ws_ros2/ws00_helloworld/install/turtlesim/share/turtlesim/environment/pythonpath.sh
[16.714s] -- Installing: /home/hw_learn/ws_ros2/ws00_helloworld/install/turtlesim/share/turtlesim/environment/pythonpath.dsv
[16.715s] -- Installing: /home/hw_learn/ws_ros2/ws00_helloworld/install/turtlesim/lib/python3.8/site-packages/turtlesim/__init__.py
[16.750s] Compiling '/home/hw_learn/ws_ros2/ws00_helloworld/install/turtlesim/lib/python3.8/site-packages/turtlesim/__init__.py'...
[16.754s] -- Installing: /home/hw_learn/ws_ros2/ws00_helloworld/install/turtlesim/lib/python3.8/site-packages/turtlesim/action
[16.754s] -- Installing: /home/hw_learn/ws_ros2/ws00_helloworld/install/turtlesim/lib/python3.8/site-packages/turtlesim/action/_rotate_absolute.py
[16.754s] -- Installing: /home/hw_learn/ws_ros2/ws00_helloworld/install/turtlesim/lib/python3.8/site-packages/turtlesim/action/_rotate_absolute_s.c
[16.754s] -- Installing: /home/hw_learn/ws_ros2/ws00_helloworld/install/turtlesim/lib/python3.8/site-packages/turtlesim/action/__init__.py
[16.754s] -- Installing: /home/hw_learn/ws_ros2/ws00_helloworld/install/turtlesim/lib/python3.8/site-packages/turtlesim/msg
[16.754s] -- Installing: /home/hw_learn/ws_ros2/ws00_helloworld/install/turtlesim/lib/python3.8/site-packages/turtlesim/msg/_color.py
[16.754s] -- Installing: /home/hw_learn/ws_ros2/ws00_helloworld/install/turtlesim/lib/python3.8/site-packages/turtlesim/msg/_color_s.c
[16.755s] -- Installing: /home/hw_learn/ws_ros2/ws00_helloworld/install/turtlesim/lib/python3.8/site-packages/turtlesim/msg/_pose.py
[16.755s] -- Installing: /home/hw_learn/ws_ros2/ws00_helloworld/install/turtlesim/lib/python3.8/site-packages/turtlesim/msg/_pose_s.c
[16.755s] -- Installing: /home/hw_learn/ws_ros2/ws00_helloworld/install/turtlesim/lib/python3.8/site-packages/turtlesim/msg/__init__.py
[16.755s] -- Installing: /home/hw_learn/ws_ros2/ws00_helloworld/install/turtlesim/lib/python3.8/site-packages/turtlesim/srv
[16.755s] -- Installing: /home/hw_learn/ws_ros2/ws00_helloworld/install/turtlesim/lib/python3.8/site-packages/turtlesim/srv/_kill.py
[16.755s] -- Installing: /home/hw_learn/ws_ros2/ws00_helloworld/install/turtlesim/lib/python3.8/site-packages/turtlesim/srv/_kill_s.c
[16.755s] -- Installing: /home/hw_learn/ws_ros2/ws00_helloworld/install/turtlesim/lib/python3.8/site-packages/turtlesim/srv/_set_pen.py
[16.756s] -- Installing: /home/hw_learn/ws_ros2/ws00_helloworld/install/turtlesim/lib/python3.8/site-packages/turtlesim/srv/_set_pen_s.c
[16.756s] -- Installing: /home/hw_learn/ws_ros2/ws00_helloworld/install/turtlesim/lib/python3.8/site-packages/turtlesim/srv/_spawn.py
[16.756s] -- Installing: /home/hw_learn/ws_ros2/ws00_helloworld/install/turtlesim/lib/python3.8/site-packages/turtlesim/srv/_spawn_s.c
[16.756s] -- Installing: /home/hw_learn/ws_ros2/ws00_helloworld/install/turtlesim/lib/python3.8/site-packages/turtlesim/srv/_teleport_absolute.py
[16.756s] -- Installing: /home/hw_learn/ws_ros2/ws00_helloworld/install/turtlesim/lib/python3.8/site-packages/turtlesim/srv/_teleport_absolute_s.c
[16.756s] -- Installing: /home/hw_learn/ws_ros2/ws00_helloworld/install/turtlesim/lib/python3.8/site-packages/turtlesim/srv/_teleport_relative.py
[16.756s] -- Installing: /home/hw_learn/ws_ros2/ws00_helloworld/install/turtlesim/lib/python3.8/site-packages/turtlesim/srv/_teleport_relative_s.c
[16.756s] -- Installing: /home/hw_learn/ws_ros2/ws00_helloworld/install/turtlesim/lib/python3.8/site-packages/turtlesim/srv/__init__.py
[16.757s] -- Installing: /home/hw_learn/ws_ros2/ws00_helloworld/install/turtlesim/lib/python3.8/site-packages/turtlesim/turtlesim_s__rosidl_typesupport_fastrtps_c.cpython-38-x86_64-linux-gnu.so
[16.757s] -- Set runtime path of "/home/hw_learn/ws_ros2/ws00_helloworld/install/turtlesim/lib/python3.8/site-packages/turtlesim/turtlesim_s__rosidl_typesupport_fastrtps_c.cpython-38-x86_64-linux-gnu.so" to ""
[16.758s] -- Installing: /home/hw_learn/ws_ros2/ws00_helloworld/install/turtlesim/lib/python3.8/site-packages/turtlesim/turtlesim_s__rosidl_typesupport_introspection_c.cpython-38-x86_64-linux-gnu.so
[16.758s] -- Set runtime path of "/home/hw_learn/ws_ros2/ws00_helloworld/install/turtlesim/lib/python3.8/site-packages/turtlesim/turtlesim_s__rosidl_typesupport_introspection_c.cpython-38-x86_64-linux-gnu.so" to ""
[16.759s] -- Installing: /home/hw_learn/ws_ros2/ws00_helloworld/install/turtlesim/lib/python3.8/site-packages/turtlesim/turtlesim_s__rosidl_typesupport_c.cpython-38-x86_64-linux-gnu.so
[16.759s] -- Set runtime path of "/home/hw_learn/ws_ros2/ws00_helloworld/install/turtlesim/lib/python3.8/site-packages/turtlesim/turtlesim_s__rosidl_typesupport_c.cpython-38-x86_64-linux-gnu.so" to ""
[16.759s] -- Installing: /home/hw_learn/ws_ros2/ws00_helloworld/install/turtlesim/lib/libturtlesim__python.so
[16.760s] -- Set runtime path of "/home/hw_learn/ws_ros2/ws00_helloworld/install/turtlesim/lib/libturtlesim__python.so" to ""
[16.760s] -- Installing: /home/hw_learn/ws_ros2/ws00_helloworld/install/turtlesim/share/turtlesim/action/RotateAbsolute.idl
[16.760s] -- Installing: /home/hw_learn/ws_ros2/ws00_helloworld/install/turtlesim/share/turtlesim/msg/Color.idl
[16.760s] -- Installing: /home/hw_learn/ws_ros2/ws00_helloworld/install/turtlesim/share/turtlesim/msg/Pose.idl
[16.761s] -- Installing: /home/hw_learn/ws_ros2/ws00_helloworld/install/turtlesim/share/turtlesim/srv/Kill.idl
[16.761s] -- Installing: /home/hw_learn/ws_ros2/ws00_helloworld/install/turtlesim/share/turtlesim/srv/SetPen.idl
[16.761s] -- Installing: /home/hw_learn/ws_ros2/ws00_helloworld/install/turtlesim/share/turtlesim/srv/Spawn.idl
[16.761s] -- Installing: /home/hw_learn/ws_ros2/ws00_helloworld/install/turtlesim/share/turtlesim/srv/TeleportAbsolute.idl
[16.761s] -- Installing: /home/hw_learn/ws_ros2/ws00_helloworld/install/turtlesim/share/turtlesim/srv/TeleportRelative.idl
[16.761s] -- Installing: /home/hw_learn/ws_ros2/ws00_helloworld/install/turtlesim/share/turtlesim/action/RotateAbsolute.action
[16.761s] -- Installing: /home/hw_learn/ws_ros2/ws00_helloworld/install/turtlesim/share/turtlesim/msg/Color.msg
[16.762s] -- Installing: /home/hw_learn/ws_ros2/ws00_helloworld/install/turtlesim/share/turtlesim/msg/Pose.msg
[16.762s] -- Installing: /home/hw_learn/ws_ros2/ws00_helloworld/install/turtlesim/share/turtlesim/srv/Kill.srv
[16.762s] -- Installing: /home/hw_learn/ws_ros2/ws00_helloworld/install/turtlesim/share/turtlesim/srv/Kill_Request.msg
[16.762s] -- Installing: /home/hw_learn/ws_ros2/ws00_helloworld/install/turtlesim/share/turtlesim/srv/Kill_Response.msg
[16.762s] -- Installing: /home/hw_learn/ws_ros2/ws00_helloworld/install/turtlesim/share/turtlesim/srv/SetPen.srv
[16.762s] -- Installing: /home/hw_learn/ws_ros2/ws00_helloworld/install/turtlesim/share/turtlesim/srv/SetPen_Request.msg
[16.762s] -- Installing: /home/hw_learn/ws_ros2/ws00_helloworld/install/turtlesim/share/turtlesim/srv/SetPen_Response.msg
[16.762s] -- Installing: /home/hw_learn/ws_ros2/ws00_helloworld/install/turtlesim/share/turtlesim/srv/Spawn.srv
[16.762s] -- Installing: /home/hw_learn/ws_ros2/ws00_helloworld/install/turtlesim/share/turtlesim/srv/Spawn_Request.msg
[16.763s] -- Installing: /home/hw_learn/ws_ros2/ws00_helloworld/install/turtlesim/share/turtlesim/srv/Spawn_Response.msg
[16.763s] -- Installing: /home/hw_learn/ws_ros2/ws00_helloworld/install/turtlesim/share/turtlesim/srv/TeleportAbsolute.srv
[16.763s] -- Installing: /home/hw_learn/ws_ros2/ws00_helloworld/install/turtlesim/share/turtlesim/srv/TeleportAbsolute_Request.msg
[16.763s] -- Installing: /home/hw_learn/ws_ros2/ws00_helloworld/install/turtlesim/share/turtlesim/srv/TeleportAbsolute_Response.msg
[16.763s] -- Installing: /home/hw_learn/ws_ros2/ws00_helloworld/install/turtlesim/share/turtlesim/srv/TeleportRelative.srv
[16.763s] -- Installing: /home/hw_learn/ws_ros2/ws00_helloworld/install/turtlesim/share/turtlesim/srv/TeleportRelative_Request.msg
[16.763s] -- Installing: /home/hw_learn/ws_ros2/ws00_helloworld/install/turtlesim/share/turtlesim/srv/TeleportRelative_Response.msg
[16.764s] -- Installing: /home/hw_learn/ws_ros2/ws00_helloworld/install/turtlesim/lib/turtlesim/turtlesim_node
[16.766s] -- Set runtime path of "/home/hw_learn/ws_ros2/ws00_helloworld/install/turtlesim/lib/turtlesim/turtlesim_node" to ""
[16.766s] -- Installing: /home/hw_learn/ws_ros2/ws00_helloworld/install/turtlesim/lib/turtlesim/turtle_teleop_key
[16.767s] -- Set runtime path of "/home/hw_learn/ws_ros2/ws00_helloworld/install/turtlesim/lib/turtlesim/turtle_teleop_key" to ""
[16.768s] -- Installing: /home/hw_learn/ws_ros2/ws00_helloworld/install/turtlesim/lib/turtlesim/draw_square
[16.769s] -- Set runtime path of "/home/hw_learn/ws_ros2/ws00_helloworld/install/turtlesim/lib/turtlesim/draw_square" to ""
[16.769s] -- Installing: /home/hw_learn/ws_ros2/ws00_helloworld/install/turtlesim/lib/turtlesim/mimic
[16.771s] -- Set runtime path of "/home/hw_learn/ws_ros2/ws00_helloworld/install/turtlesim/lib/turtlesim/mimic" to ""
[16.771s] -- Installing: /home/hw_learn/ws_ros2/ws00_helloworld/install/turtlesim/share/turtlesim/images
[16.771s] -- Installing: /home/hw_learn/ws_ros2/ws00_helloworld/install/turtlesim/share/turtlesim/images/ardent.png
[16.771s] -- Installing: /home/hw_learn/ws_ros2/ws00_helloworld/install/turtlesim/share/turtlesim/images/bouncy.png
[16.771s] -- Installing: /home/hw_learn/ws_ros2/ws00_helloworld/install/turtlesim/share/turtlesim/images/crystal.png
[16.771s] -- Installing: /home/hw_learn/ws_ros2/ws00_helloworld/install/turtlesim/share/turtlesim/images/dashing.png
[16.771s] -- Installing: /home/hw_learn/ws_ros2/ws00_helloworld/install/turtlesim/share/turtlesim/images/eloquent.png
[16.771s] -- Installing: /home/hw_learn/ws_ros2/ws00_helloworld/install/turtlesim/share/turtlesim/images/foxy.png
[16.771s] -- Installing: /home/hw_learn/ws_ros2/ws00_helloworld/install/turtlesim/share/turtlesim/launch
[16.771s] -- Installing: /home/hw_learn/ws_ros2/ws00_helloworld/install/turtlesim/share/turtlesim/launch/multisim.launch.py
[16.771s] -- Installing: /home/hw_learn/ws_ros2/ws00_helloworld/install/turtlesim/share/ament_index/resource_index/package_run_dependencies/turtlesim
[16.772s] -- Installing: /home/hw_learn/ws_ros2/ws00_helloworld/install/turtlesim/share/ament_index/resource_index/parent_prefix_path/turtlesim
[16.772s] -- Installing: /home/hw_learn/ws_ros2/ws00_helloworld/install/turtlesim/share/turtlesim/environment/ament_prefix_path.sh
[16.772s] -- Installing: /home/hw_learn/ws_ros2/ws00_helloworld/install/turtlesim/share/turtlesim/environment/ament_prefix_path.dsv
[16.772s] -- Installing: /home/hw_learn/ws_ros2/ws00_helloworld/install/turtlesim/share/turtlesim/environment/path.sh
[16.772s] -- Installing: /home/hw_learn/ws_ros2/ws00_helloworld/install/turtlesim/share/turtlesim/environment/path.dsv
[16.772s] -- Installing: /home/hw_learn/ws_ros2/ws00_helloworld/install/turtlesim/share/turtlesim/local_setup.bash
[16.772s] -- Installing: /home/hw_learn/ws_ros2/ws00_helloworld/install/turtlesim/share/turtlesim/local_setup.sh
[16.773s] -- Installing: /home/hw_learn/ws_ros2/ws00_helloworld/install/turtlesim/share/turtlesim/local_setup.zsh
[16.773s] -- Installing: /home/hw_learn/ws_ros2/ws00_helloworld/install/turtlesim/share/turtlesim/local_setup.dsv
[16.773s] -- Installing: /home/hw_learn/ws_ros2/ws00_helloworld/install/turtlesim/share/turtlesim/package.dsv
[16.773s] -- Installing: /home/hw_learn/ws_ros2/ws00_helloworld/install/turtlesim/share/ament_index/resource_index/packages/turtlesim
[16.773s] -- Installing: /home/hw_learn/ws_ros2/ws00_helloworld/install/turtlesim/share/turtlesim/cmake/turtlesim__rosidl_generator_cExport.cmake
[16.773s] -- Installing: /home/hw_learn/ws_ros2/ws00_helloworld/install/turtlesim/share/turtlesim/cmake/turtlesim__rosidl_generator_cExport-noconfig.cmake
[16.773s] -- Installing: /home/hw_learn/ws_ros2/ws00_helloworld/install/turtlesim/share/turtlesim/cmake/turtlesim__rosidl_typesupport_introspection_cExport.cmake
[16.774s] -- Installing: /home/hw_learn/ws_ros2/ws00_helloworld/install/turtlesim/share/turtlesim/cmake/turtlesim__rosidl_typesupport_introspection_cExport-noconfig.cmake
[16.774s] -- Installing: /home/hw_learn/ws_ros2/ws00_helloworld/install/turtlesim/share/turtlesim/cmake/turtlesim__rosidl_typesupport_cExport.cmake
[16.774s] -- Installing: /home/hw_learn/ws_ros2/ws00_helloworld/install/turtlesim/share/turtlesim/cmake/turtlesim__rosidl_typesupport_cExport-noconfig.cmake
[16.774s] -- Installing: /home/hw_learn/ws_ros2/ws00_helloworld/install/turtlesim/share/turtlesim/cmake/turtlesim__rosidl_generator_cppExport.cmake
[16.774s] -- Installing: /home/hw_learn/ws_ros2/ws00_helloworld/install/turtlesim/share/turtlesim/cmake/turtlesim__rosidl_typesupport_introspection_cppExport.cmake
[16.775s] -- Installing: /home/hw_learn/ws_ros2/ws00_helloworld/install/turtlesim/share/turtlesim/cmake/turtlesim__rosidl_typesupport_introspection_cppExport-noconfig.cmake
[16.775s] -- Installing: /home/hw_learn/ws_ros2/ws00_helloworld/install/turtlesim/share/turtlesim/cmake/turtlesim__rosidl_typesupport_cppExport.cmake
[16.775s] -- Installing: /home/hw_learn/ws_ros2/ws00_helloworld/install/turtlesim/share/turtlesim/cmake/turtlesim__rosidl_typesupport_cppExport-noconfig.cmake
[16.775s] -- Installing: /home/hw_learn/ws_ros2/ws00_helloworld/install/turtlesim/share/turtlesim/cmake/rosidl_cmake-extras.cmake
[16.775s] -- Installing: /home/hw_learn/ws_ros2/ws00_helloworld/install/turtlesim/share/turtlesim/cmake/ament_cmake_export_dependencies-extras.cmake
[16.775s] -- Installing: /home/hw_learn/ws_ros2/ws00_helloworld/install/turtlesim/share/turtlesim/cmake/ament_cmake_export_libraries-extras.cmake
[16.775s] -- Installing: /home/hw_learn/ws_ros2/ws00_helloworld/install/turtlesim/share/turtlesim/cmake/ament_cmake_export_targets-extras.cmake
[16.775s] -- Installing: /home/hw_learn/ws_ros2/ws00_helloworld/install/turtlesim/share/turtlesim/cmake/ament_cmake_export_include_directories-extras.cmake
[16.776s] -- Installing: /home/hw_learn/ws_ros2/ws00_helloworld/install/turtlesim/share/turtlesim/cmake/rosidl_cmake_export_typesupport_libraries-extras.cmake
[16.776s] -- Installing: /home/hw_learn/ws_ros2/ws00_helloworld/install/turtlesim/share/turtlesim/cmake/rosidl_cmake_export_typesupport_targets-extras.cmake
[16.776s] -- Installing: /home/hw_learn/ws_ros2/ws00_helloworld/install/turtlesim/share/turtlesim/cmake/turtlesimConfig.cmake
[16.776s] -- Installing: /home/hw_learn/ws_ros2/ws00_helloworld/install/turtlesim/share/turtlesim/cmake/turtlesimConfig-version.cmake
[16.776s] -- Installing: /home/hw_learn/ws_ros2/ws00_helloworld/install/turtlesim/share/turtlesim/package.xml
[16.781s] Invoked command in '/home/hw_learn/ws_ros2/ws00_helloworld/build/turtlesim' returned '0': CMAKE_PREFIX_PATH=${CMAKE_PREFIX_PATH}:/home/hw_learn/dev_ws/install/learning_urdf:/home/hw_learn/dev_ws/install/learning_topic:/home/hw_learn/dev_ws/install/learning_tf:/home/hw_learn/dev_ws/install/learning_service:/home/hw_learn/dev_ws/install/learning_qos:/home/hw_learn/dev_ws/install/learning_pkg_python:/home/hw_learn/dev_ws/install/learning_parameter:/home/hw_learn/dev_ws/install/learning_node:/home/hw_learn/dev_ws/install/learning_launch:/home/hw_learn/dev_ws/install/learning_action:/home/hw_learn/dev_ws/install/learning_gazebo /usr/bin/cmake --install /home/hw_learn/ws_ros2/ws00_helloworld/build/turtlesim
