[0.041s] Invoking command in '/home/hw_learn/ws_ros2/ws02_tools/build/cpp05_exercise': CMAKE_PREFIX_PATH=${CMAKE_PREFIX_PATH}:/home/hw_learn/dev_ws/install/learning_urdf:/home/hw_learn/dev_ws/install/learning_topic:/home/hw_learn/dev_ws/install/learning_tf:/home/hw_learn/dev_ws/install/learning_service:/home/hw_learn/dev_ws/install/learning_qos:/home/hw_learn/dev_ws/install/learning_pkg_python:/home/hw_learn/dev_ws/install/learning_parameter:/home/hw_learn/dev_ws/install/learning_node:/home/hw_learn/dev_ws/install/learning_launch:/home/hw_learn/dev_ws/install/learning_action:/home/hw_learn/dev_ws/install/learning_gazebo /usr/bin/cmake /home/hw_learn/ws_ros2/ws02_tools/src/cpp05_exercise -DCMAKE_INSTALL_PREFIX=/home/hw_learn/ws_ros2/ws02_tools/install/cpp05_exercise
[0.101s] -- The C compiler identification is GNU 9.4.0
[0.159s] -- The CXX compiler identification is GNU 9.4.0
[0.164s] -- Check for working C compiler: /usr/bin/cc
[0.241s] -- Check for working C compiler: /usr/bin/cc -- works
[0.242s] -- Detecting C compiler ABI info
[0.318s] -- Detecting C compiler ABI info - done
[0.329s] -- Detecting C compile features
[0.330s] -- Detecting C compile features - done
[0.333s] -- Check for working CXX compiler: /usr/bin/c++
[0.414s] -- Check for working CXX compiler: /usr/bin/c++ -- works
[0.415s] -- Detecting CXX compiler ABI info
[0.495s] -- Detecting CXX compiler ABI info - done
[0.509s] -- Detecting CXX compile features
[0.509s] -- Detecting CXX compile features - done
[0.512s] -- Found ament_cmake: 0.9.9 (/opt/ros/foxy/share/ament_cmake/cmake)
[0.542s] -- Found PythonInterp: /usr/bin/python3 (found suitable version "3.8.10", minimum required is "3") 
[0.542s] -- Using PYTHON_EXECUTABLE: /usr/bin/python3
[0.728s] -- Found rclcpp: 2.4.1 (/opt/ros/foxy/share/rclcpp/cmake)
[0.769s] -- Using all available rosidl_typesupport_c: rosidl_typesupport_fastrtps_c;rosidl_typesupport_introspection_c
[0.775s] -- Found rosidl_adapter: 1.2.1 (/opt/ros/foxy/share/rosidl_adapter/cmake)
[0.829s] -- Found FastRTPS: /opt/ros/foxy/include  
[0.906s] -- Using all available rosidl_typesupport_cpp: rosidl_typesupport_fastrtps_cpp;rosidl_typesupport_introspection_cpp
[0.960s] -- Found rmw_implementation_cmake: 1.0.3 (/opt/ros/foxy/share/rmw_implementation_cmake/cmake)
[0.962s] -- Using RMW implementation 'rmw_fastrtps_cpp' as default
[0.963s] -- Looking for pthread.h
[1.042s] -- Looking for pthread.h - found
[1.042s] -- Performing Test CMAKE_HAVE_LIBC_PTHREAD
[1.119s] -- Performing Test CMAKE_HAVE_LIBC_PTHREAD - Failed
[1.119s] -- Looking for pthread_create in pthreads
[1.177s] -- Looking for pthread_create in pthreads - not found
[1.177s] -- Looking for pthread_create in pthread
[1.249s] -- Looking for pthread_create in pthread - found
[1.250s] -- Found Threads: TRUE  
[1.349s] -- Found tf2: 0.13.13 (/opt/ros/foxy/share/tf2/cmake)
[1.424s] -- Found tf2_ros: 0.13.13 (/opt/ros/foxy/share/tf2_ros/cmake)
[1.778s] -- Found turtlesim: 1.2.5 (/opt/ros/foxy/share/turtlesim/cmake)
[1.839s] -- Found ament_lint_auto: 0.9.6 (/opt/ros/foxy/share/ament_lint_auto/cmake)
[1.922s] -- Added test 'copyright' to check source files copyright and LICENSE
[1.923s] -- Added test 'cppcheck' to perform static code analysis on C / C++ code
[1.924s] -- Configured cppcheck include dirs: $<BUILD_INTERFACE:/home/hw_learn/ws_ros2/ws02_tools/src/cpp05_exercise/include>
[1.924s] -- Configured cppcheck exclude dirs and/or files: 
[1.925s] -- Added test 'cpplint' to check C / C++ code against the Google style
[1.925s] -- Configured cpplint exclude dirs and/or files: 
[1.926s] -- Added test 'lint_cmake' to check CMake code style
[1.927s] -- Added test 'uncrustify' to check C / C++ code style
[1.927s] -- Configured uncrustify additional arguments: 
[1.927s] -- Added test 'xmllint' to check XML markup files
[1.931s] -- Configuring done
[1.951s] -- Generating done
[1.953s] -- Build files have been written to: /home/hw_learn/ws_ros2/ws02_tools/build/cpp05_exercise
[1.961s] Invoked command in '/home/hw_learn/ws_ros2/ws02_tools/build/cpp05_exercise' returned '0': CMAKE_PREFIX_PATH=${CMAKE_PREFIX_PATH}:/home/hw_learn/dev_ws/install/learning_urdf:/home/hw_learn/dev_ws/install/learning_topic:/home/hw_learn/dev_ws/install/learning_tf:/home/hw_learn/dev_ws/install/learning_service:/home/hw_learn/dev_ws/install/learning_qos:/home/hw_learn/dev_ws/install/learning_pkg_python:/home/hw_learn/dev_ws/install/learning_parameter:/home/hw_learn/dev_ws/install/learning_node:/home/hw_learn/dev_ws/install/learning_launch:/home/hw_learn/dev_ws/install/learning_action:/home/hw_learn/dev_ws/install/learning_gazebo /usr/bin/cmake /home/hw_learn/ws_ros2/ws02_tools/src/cpp05_exercise -DCMAKE_INSTALL_PREFIX=/home/hw_learn/ws_ros2/ws02_tools/install/cpp05_exercise
[1.964s] Invoking command in '/home/hw_learn/ws_ros2/ws02_tools/build/cpp05_exercise': CMAKE_PREFIX_PATH=${CMAKE_PREFIX_PATH}:/home/hw_learn/dev_ws/install/learning_urdf:/home/hw_learn/dev_ws/install/learning_topic:/home/hw_learn/dev_ws/install/learning_tf:/home/hw_learn/dev_ws/install/learning_service:/home/hw_learn/dev_ws/install/learning_qos:/home/hw_learn/dev_ws/install/learning_pkg_python:/home/hw_learn/dev_ws/install/learning_parameter:/home/hw_learn/dev_ws/install/learning_node:/home/hw_learn/dev_ws/install/learning_launch:/home/hw_learn/dev_ws/install/learning_action:/home/hw_learn/dev_ws/install/learning_gazebo /usr/bin/cmake --build /home/hw_learn/ws_ros2/ws02_tools/build/cpp05_exercise -- -j128 -l128
[2.007s] [35m[1mScanning dependencies of target exer03_tf_listener[0m
[2.008s] [35m[1mScanning dependencies of target exer02_tf_broadcaster[0m
[2.008s] [35m[1mScanning dependencies of target exer01_spawn[0m
[2.046s] [ 50%] [32mBuilding CXX object CMakeFiles/exer01_spawn.dir/src/exer01_spawn.cpp.o[0m
[2.046s] [ 50%] [32mBuilding CXX object CMakeFiles/exer02_tf_broadcaster.dir/src/exer02_tf_broadcaster.cpp.o[0m
[2.047s] [ 50%] [32mBuilding CXX object CMakeFiles/exer03_tf_listener.dir/src/exer03_tf_listener.cpp.o[0m
[3.788s] [ 66%] [32m[1mLinking CXX executable exer02_tf_broadcaster[0m
[3.809s] [ 83%] [32m[1mLinking CXX executable exer03_tf_listener[0m
[3.913s] [ 83%] Built target exer02_tf_broadcaster
[3.935s] [ 83%] Built target exer03_tf_listener
[4.346s] [100%] [32m[1mLinking CXX executable exer01_spawn[0m
[4.480s] [100%] Built target exer01_spawn
[4.493s] Invoked command in '/home/hw_learn/ws_ros2/ws02_tools/build/cpp05_exercise' returned '0': CMAKE_PREFIX_PATH=${CMAKE_PREFIX_PATH}:/home/hw_learn/dev_ws/install/learning_urdf:/home/hw_learn/dev_ws/install/learning_topic:/home/hw_learn/dev_ws/install/learning_tf:/home/hw_learn/dev_ws/install/learning_service:/home/hw_learn/dev_ws/install/learning_qos:/home/hw_learn/dev_ws/install/learning_pkg_python:/home/hw_learn/dev_ws/install/learning_parameter:/home/hw_learn/dev_ws/install/learning_node:/home/hw_learn/dev_ws/install/learning_launch:/home/hw_learn/dev_ws/install/learning_action:/home/hw_learn/dev_ws/install/learning_gazebo /usr/bin/cmake --build /home/hw_learn/ws_ros2/ws02_tools/build/cpp05_exercise -- -j128 -l128
[4.537s] Invoking command in '/home/hw_learn/ws_ros2/ws02_tools/build/cpp05_exercise': CMAKE_PREFIX_PATH=${CMAKE_PREFIX_PATH}:/home/hw_learn/dev_ws/install/learning_urdf:/home/hw_learn/dev_ws/install/learning_topic:/home/hw_learn/dev_ws/install/learning_tf:/home/hw_learn/dev_ws/install/learning_service:/home/hw_learn/dev_ws/install/learning_qos:/home/hw_learn/dev_ws/install/learning_pkg_python:/home/hw_learn/dev_ws/install/learning_parameter:/home/hw_learn/dev_ws/install/learning_node:/home/hw_learn/dev_ws/install/learning_launch:/home/hw_learn/dev_ws/install/learning_action:/home/hw_learn/dev_ws/install/learning_gazebo /usr/bin/cmake --install /home/hw_learn/ws_ros2/ws02_tools/build/cpp05_exercise
[4.545s] -- Install configuration: ""
[4.545s] -- Installing: /home/hw_learn/ws_ros2/ws02_tools/install/cpp05_exercise/lib/cpp05_exercise/exer01_spawn
[4.546s] -- Set runtime path of "/home/hw_learn/ws_ros2/ws02_tools/install/cpp05_exercise/lib/cpp05_exercise/exer01_spawn" to ""
[4.546s] -- Installing: /home/hw_learn/ws_ros2/ws02_tools/install/cpp05_exercise/lib/cpp05_exercise/exer02_tf_broadcaster
[4.547s] -- Set runtime path of "/home/hw_learn/ws_ros2/ws02_tools/install/cpp05_exercise/lib/cpp05_exercise/exer02_tf_broadcaster" to ""
[4.547s] -- Installing: /home/hw_learn/ws_ros2/ws02_tools/install/cpp05_exercise/lib/cpp05_exercise/exer03_tf_listener
[4.547s] -- Set runtime path of "/home/hw_learn/ws_ros2/ws02_tools/install/cpp05_exercise/lib/cpp05_exercise/exer03_tf_listener" to ""
[4.547s] -- Installing: /home/hw_learn/ws_ros2/ws02_tools/install/cpp05_exercise/share/cpp05_exercise/launch
[4.548s] -- Installing: /home/hw_learn/ws_ros2/ws02_tools/install/cpp05_exercise/share/ament_index/resource_index/package_run_dependencies/cpp05_exercise
[4.548s] -- Installing: /home/hw_learn/ws_ros2/ws02_tools/install/cpp05_exercise/share/ament_index/resource_index/parent_prefix_path/cpp05_exercise
[4.548s] -- Installing: /home/hw_learn/ws_ros2/ws02_tools/install/cpp05_exercise/share/cpp05_exercise/environment/ament_prefix_path.sh
[4.548s] -- Installing: /home/hw_learn/ws_ros2/ws02_tools/install/cpp05_exercise/share/cpp05_exercise/environment/ament_prefix_path.dsv
[4.548s] -- Installing: /home/hw_learn/ws_ros2/ws02_tools/install/cpp05_exercise/share/cpp05_exercise/environment/path.sh
[4.548s] -- Installing: /home/hw_learn/ws_ros2/ws02_tools/install/cpp05_exercise/share/cpp05_exercise/environment/path.dsv
[4.549s] -- Installing: /home/hw_learn/ws_ros2/ws02_tools/install/cpp05_exercise/share/cpp05_exercise/local_setup.bash
[4.549s] -- Installing: /home/hw_learn/ws_ros2/ws02_tools/install/cpp05_exercise/share/cpp05_exercise/local_setup.sh
[4.549s] -- Installing: /home/hw_learn/ws_ros2/ws02_tools/install/cpp05_exercise/share/cpp05_exercise/local_setup.zsh
[4.549s] -- Installing: /home/hw_learn/ws_ros2/ws02_tools/install/cpp05_exercise/share/cpp05_exercise/local_setup.dsv
[4.549s] -- Installing: /home/hw_learn/ws_ros2/ws02_tools/install/cpp05_exercise/share/cpp05_exercise/package.dsv
[4.549s] -- Installing: /home/hw_learn/ws_ros2/ws02_tools/install/cpp05_exercise/share/ament_index/resource_index/packages/cpp05_exercise
[4.549s] -- Installing: /home/hw_learn/ws_ros2/ws02_tools/install/cpp05_exercise/share/cpp05_exercise/cmake/cpp05_exerciseConfig.cmake
[4.549s] -- Installing: /home/hw_learn/ws_ros2/ws02_tools/install/cpp05_exercise/share/cpp05_exercise/cmake/cpp05_exerciseConfig-version.cmake
[4.550s] -- Installing: /home/hw_learn/ws_ros2/ws02_tools/install/cpp05_exercise/share/cpp05_exercise/package.xml
[4.553s] Invoked command in '/home/hw_learn/ws_ros2/ws02_tools/build/cpp05_exercise' returned '0': CMAKE_PREFIX_PATH=${CMAKE_PREFIX_PATH}:/home/hw_learn/dev_ws/install/learning_urdf:/home/hw_learn/dev_ws/install/learning_topic:/home/hw_learn/dev_ws/install/learning_tf:/home/hw_learn/dev_ws/install/learning_service:/home/hw_learn/dev_ws/install/learning_qos:/home/hw_learn/dev_ws/install/learning_pkg_python:/home/hw_learn/dev_ws/install/learning_parameter:/home/hw_learn/dev_ws/install/learning_node:/home/hw_learn/dev_ws/install/learning_launch:/home/hw_learn/dev_ws/install/learning_action:/home/hw_learn/dev_ws/install/learning_gazebo /usr/bin/cmake --install /home/hw_learn/ws_ros2/ws02_tools/build/cpp05_exercise
