[0.040s] Invoking command in '/home/hw_learn/ws_ros2/ws01_plumbing/build/cpp01_topic': AMENT_PREFIX_PATH=/home/hw_learn/ws_ros2/ws01_plumbing/install/base_interfaces_demo:${AMENT_PREFIX_PATH} CMAKE_PREFIX_PATH=/home/hw_learn/ws_ros2/ws01_plumbing/install/base_interfaces_demo:/home/hw_learn/dev_ws/install/learning_pkg_c:/home/hw_learn/dev_ws/install/learning_interface:/opt/ros/foxy:/home/hw_learn/dev_ws/install/learning_urdf:/home/hw_learn/dev_ws/install/learning_topic:/home/hw_learn/dev_ws/install/learning_tf:/home/hw_learn/dev_ws/install/learning_service:/home/hw_learn/dev_ws/install/learning_qos:/home/hw_learn/dev_ws/install/learning_pkg_python:/home/hw_learn/dev_ws/install/learning_parameter:/home/hw_learn/dev_ws/install/learning_node:/home/hw_learn/dev_ws/install/learning_launch:/home/hw_learn/dev_ws/install/learning_action:/home/hw_learn/dev_ws/install/learning_gazebo LD_LIBRARY_PATH=/home/hw_learn/ws_ros2/ws01_plumbing/install/base_interfaces_demo/lib:${LD_LIBRARY_PATH} PYTHONPATH=/home/hw_learn/ws_ros2/ws01_plumbing/install/base_interfaces_demo/lib/python3.8/site-packages:${PYTHONPATH} /usr/bin/cmake --build /home/hw_learn/ws_ros2/ws01_plumbing/build/cpp01_topic -- -j128 -l128
[0.091s] -- Found ament_cmake: 0.9.9 (/opt/ros/foxy/share/ament_cmake/cmake)
[0.121s] -- Using PYTHON_EXECUTABLE: /usr/bin/python3
[0.310s] -- Found rclcpp: 2.4.1 (/opt/ros/foxy/share/rclcpp/cmake)
[0.348s] -- Using all available rosidl_typesupport_c: rosidl_typesupport_fastrtps_c;rosidl_typesupport_introspection_c
[0.353s] -- Found rosidl_adapter: 1.2.1 (/opt/ros/foxy/share/rosidl_adapter/cmake)
[0.483s] -- Using all available rosidl_typesupport_cpp: rosidl_typesupport_fastrtps_cpp;rosidl_typesupport_introspection_cpp
[0.539s] -- Found rmw_implementation_cmake: 1.0.3 (/opt/ros/foxy/share/rmw_implementation_cmake/cmake)
[0.542s] -- Using RMW implementation 'rmw_fastrtps_cpp' as default
[0.641s] -- Found std_msgs: 2.0.5 (/opt/ros/foxy/share/std_msgs/cmake)
[0.659s] -- Found base_interfaces_demo: 0.0.0 (/home/hw_learn/ws_ros2/ws01_plumbing/install/base_interfaces_demo/share/base_interfaces_demo/cmake)
[0.781s] -- Found ament_lint_auto: 0.9.6 (/opt/ros/foxy/share/ament_lint_auto/cmake)
[0.864s] -- Added test 'copyright' to check source files copyright and LICENSE
[0.865s] -- Added test 'cppcheck' to perform static code analysis on C / C++ code
[0.865s] -- Configured cppcheck include dirs: $<BUILD_INTERFACE:/home/hw_learn/ws_ros2/ws01_plumbing/src/cpp01_topic/include>
[0.865s] -- Configured cppcheck exclude dirs and/or files: 
[0.866s] -- Added test 'cpplint' to check C / C++ code against the Google style
[0.866s] -- Configured cpplint exclude dirs and/or files: 
[0.868s] -- Added test 'lint_cmake' to check CMake code style
[0.868s] -- Added test 'uncrustify' to check C / C++ code style
[0.869s] -- Configured uncrustify additional arguments: 
[0.869s] -- Added test 'xmllint' to check XML markup files
[0.873s] -- Configuring done
[0.898s] -- Generating done
[0.900s] -- Build files have been written to: /home/hw_learn/ws_ros2/ws01_plumbing/build/cpp01_topic
[0.938s] [35m[1mScanning dependencies of target demo03_talker_stu[0m
[0.938s] [35m[1mScanning dependencies of target demo04_listener_stu[0m
[0.938s] [35m[1mScanning dependencies of target demo02_listener_str[0m
[0.938s] [35m[1mScanning dependencies of target demo01_talker_str[0m
[0.970s] [ 25%] [32mBuilding CXX object CMakeFiles/demo04_listener_stu.dir/src/demo04_listener_stu.cpp.o[0m
[0.970s] [ 25%] [32mBuilding CXX object CMakeFiles/demo03_talker_stu.dir/src/demo03_talker_stu.cpp.o[0m
[1.018s] [ 50%] [32mBuilding CXX object CMakeFiles/demo02_listener_str.dir/src/demo02_listener_str.cpp.o[0m
[1.018s] [ 50%] [32mBuilding CXX object CMakeFiles/demo01_talker_str.dir/src/demo01_talker_str.cpp.o[0m
[2.674s] In file included from [01m[K/usr/include/c++/9/ext/alloc_traits.h:36[m[K,
[2.674s]                  from [01m[K/usr/include/c++/9/bits/stl_construct.h:61[m[K,
[2.674s]                  from [01m[K/usr/include/c++/9/bits/stl_tempbuf.h:60[m[K,
[2.674s]                  from [01m[K/usr/include/c++/9/bits/stl_algo.h:62[m[K,
[2.674s]                  from [01m[K/usr/include/c++/9/algorithm:62[m[K,
[2.675s]                  from [01m[K/opt/ros/foxy/include/rosidl_runtime_cpp/bounded_vector.hpp:18[m[K,
[2.675s]                  from [01m[K/home/hw_learn/ws_ros2/ws01_plumbing/install/base_interfaces_demo/include/base_interfaces_demo/msg/detail/student__struct.hpp:8[m[K,
[2.675s]                  from [01m[K/home/hw_learn/ws_ros2/ws01_plumbing/install/base_interfaces_demo/include/base_interfaces_demo/msg/student.hpp:7[m[K,
[2.675s]                  from [01m[K/home/hw_learn/ws_ros2/ws01_plumbing/src/cpp01_topic/src/demo04_listener_stu.cpp:13[m[K:
[2.675s] /usr/include/c++/9/bits/alloc_traits.h: In instantiation of ‘[01m[Kstruct std::allocator_traits<std::allocator<const base_interfaces_demo::msg::Student_<std::allocator<void> >&> >[m[K’:
[2.675s] [01m[K/opt/ros/foxy/include/rclcpp/message_memory_strategy.hpp:47:9:[m[K   required from ‘[01m[Kclass rclcpp::message_memory_strategy::MessageMemoryStrategy<const base_interfaces_demo::msg::Student_<std::allocator<void> >&, std::allocator<void> >[m[K’
[2.675s] [01m[K/opt/ros/foxy/include/rclcpp/node_impl.hpp:91:1:[m[K   required by substitution of ‘[01m[Ktemplate<class MessageT, class CallbackT, class AllocatorT, class CallbackMessageT, class SubscriptionT, class MessageMemoryStrategyT> std::shared_ptr<SubscriptionT> rclcpp::Node::create_subscription(const string&, const rclcpp::QoS&, CallbackT&&, const rclcpp::SubscriptionOptionsWithAllocator<AllocatorT>&, typename MessageMemoryStrategyT::SharedPtr) [with MessageT = base_interfaces_demo::msg::Student_<std::allocator<void> >; CallbackT = std::_Bind<void (ListenerStu::*(ListenerStu*, std::_Placeholder<1>))(const base_interfaces_demo::msg::Student_<std::allocator<void> >&)>; AllocatorT = std::allocator<void>; CallbackMessageT = const base_interfaces_demo::msg::Student_<std::allocator<void> >&; SubscriptionT = rclcpp::Subscription<const base_interfaces_demo::msg::Student_<std::allocator<void> >&, std::allocator<void>, rclcpp::message_memory_strategy::MessageMemoryStrategy<const base_interfaces_demo::msg::Student_<std::allocator<void> >&, std::allocator<void> > >; MessageMemoryStrategyT = rclcpp::message_memory_strategy::MessageMemoryStrategy<const base_interfaces_demo::msg::Student_<std::allocator<void> >&, std::allocator<void> >][m[K’
[2.675s] [01m[K/home/hw_learn/ws_ros2/ws01_plumbing/src/cpp01_topic/src/demo04_listener_stu.cpp:24:68:[m[K   required from here
[2.675s] [01m[K/usr/include/c++/9/bits/alloc_traits.h:399:13:[m[K [01;31m[Kerror: [m[Kforming pointer to reference type ‘[01m[Kconst base_interfaces_demo::msg::Student_<std::allocator<void> >&[m[K’
[2.675s]   399 |       using [01;31m[Kpointer[m[K = _Tp*;
[2.675s]       |             [01;31m[K^~~~~~~[m[K
[2.675s] [01m[K/usr/include/c++/9/bits/alloc_traits.h:402:13:[m[K [01;31m[Kerror: [m[Kforming pointer to reference type ‘[01m[Kconst base_interfaces_demo::msg::Student_<std::allocator<void> >&[m[K’
[2.675s]   402 |       using [01;31m[Kconst_pointer[m[K = const _Tp*;
[2.675s]       |             [01;31m[K^~~~~~~~~~~~~[m[K
[2.676s] In file included from [01m[K/usr/include/c++/9/memory:80[m[K,
[2.677s]                  from [01m[K/opt/ros/foxy/include/rosidl_runtime_cpp/bounded_vector.hpp:19[m[K,
[2.677s]                  from [01m[K/home/hw_learn/ws_ros2/ws01_plumbing/install/base_interfaces_demo/include/base_interfaces_demo/msg/detail/student__struct.hpp:8[m[K,
[2.677s]                  from [01m[K/home/hw_learn/ws_ros2/ws01_plumbing/install/base_interfaces_demo/include/base_interfaces_demo/msg/student.hpp:7[m[K,
[2.677s]                  from [01m[K/home/hw_learn/ws_ros2/ws01_plumbing/src/cpp01_topic/src/demo04_listener_stu.cpp:13[m[K:
[2.677s] /usr/include/c++/9/bits/unique_ptr.h: In instantiation of ‘[01m[Kstruct std::default_delete<const base_interfaces_demo::msg::Student_<std::allocator<void> >&>[m[K’:
[2.677s] [01m[K/opt/ros/foxy/include/rclcpp/message_memory_strategy.hpp:119:18:[m[K   required from ‘[01m[Kclass rclcpp::message_memory_strategy::MessageMemoryStrategy<const base_interfaces_demo::msg::Student_<std::allocator<void> >&, std::allocator<void> >[m[K’
[2.677s] [01m[K/opt/ros/foxy/include/rclcpp/node_impl.hpp:91:1:[m[K   required by substitution of ‘[01m[Ktemplate<class MessageT, class CallbackT, class AllocatorT, class CallbackMessageT, class SubscriptionT, class MessageMemoryStrategyT> std::shared_ptr<SubscriptionT> rclcpp::Node::create_subscription(const string&, const rclcpp::QoS&, CallbackT&&, const rclcpp::SubscriptionOptionsWithAllocator<AllocatorT>&, typename MessageMemoryStrategyT::SharedPtr) [with MessageT = base_interfaces_demo::msg::Student_<std::allocator<void> >; CallbackT = std::_Bind<void (ListenerStu::*(ListenerStu*, std::_Placeholder<1>))(const base_interfaces_demo::msg::Student_<std::allocator<void> >&)>; AllocatorT = std::allocator<void>; CallbackMessageT = const base_interfaces_demo::msg::Student_<std::allocator<void> >&; SubscriptionT = rclcpp::Subscription<const base_interfaces_demo::msg::Student_<std::allocator<void> >&, std::allocator<void>, rclcpp::message_memory_strategy::MessageMemoryStrategy<const base_interfaces_demo::msg::Student_<std::allocator<void> >&, std::allocator<void> > >; MessageMemoryStrategyT = rclcpp::message_memory_strategy::MessageMemoryStrategy<const base_interfaces_demo::msg::Student_<std::allocator<void> >&, std::allocator<void> >][m[K’
[2.677s] [01m[K/home/hw_learn/ws_ros2/ws01_plumbing/src/cpp01_topic/src/demo04_listener_stu.cpp:24:68:[m[K   required from here
[2.677s] [01m[K/usr/include/c++/9/bits/unique_ptr.h:71:9:[m[K [01;31m[Kerror: [m[Kforming pointer to reference type ‘[01m[Kconst base_interfaces_demo::msg::Student_<std::allocator<void> >&[m[K’
[2.677s]    71 |         [01;31m[Kdefault_delete[m[K(const default_delete<_Up>&) noexcept { }
[2.677s]       |         [01;31m[K^~~~~~~~~~~~~~[m[K
[2.677s] [01m[K/usr/include/c++/9/bits/unique_ptr.h:75:7:[m[K [01;31m[Kerror: [m[Kforming pointer to reference type ‘[01m[Kconst base_interfaces_demo::msg::Student_<std::allocator<void> >&[m[K’
[2.677s]    75 |       [01;31m[Koperator[m[K()(_Tp* __ptr) const
[2.677s]       |       [01;31m[K^~~~~~~~[m[K
[2.685s] In file included from [01m[K/opt/ros/foxy/include/rclcpp/subscription_base.hpp:29[m[K,
[2.685s]                  from [01m[K/opt/ros/foxy/include/rclcpp/callback_group.hpp:26[m[K,
[2.685s]                  from [01m[K/opt/ros/foxy/include/rclcpp/any_executable.hpp:20[m[K,
[2.686s]                  from [01m[K/opt/ros/foxy/include/rclcpp/memory_strategy.hpp:24[m[K,
[2.686s]                  from [01m[K/opt/ros/foxy/include/rclcpp/memory_strategies.hpp:18[m[K,
[2.686s]                  from [01m[K/opt/ros/foxy/include/rclcpp/executor_options.hpp:20[m[K,
[2.686s]                  from [01m[K/opt/ros/foxy/include/rclcpp/executor.hpp:33[m[K,
[2.686s]                  from [01m[K/opt/ros/foxy/include/rclcpp/executors/multi_threaded_executor.hpp:26[m[K,
[2.686s]                  from [01m[K/opt/ros/foxy/include/rclcpp/executors.hpp:21[m[K,
[2.686s]                  from [01m[K/opt/ros/foxy/include/rclcpp/rclcpp.hpp:146[m[K,
[2.686s]                  from [01m[K/home/hw_learn/ws_ros2/ws01_plumbing/src/cpp01_topic/src/demo04_listener_stu.cpp:14[m[K:
[2.686s] /opt/ros/foxy/include/rclcpp/any_subscription_callback.hpp: In instantiation of ‘[01m[Kclass rclcpp::AnySubscriptionCallback<const base_interfaces_demo::msg::Student_<std::allocator<void> >&, std::allocator<void> >[m[K’:
[2.686s] [01m[K/opt/ros/foxy/include/rclcpp/subscription.hpp:373:57:[m[K   required from ‘[01m[Kclass rclcpp::Subscription<const base_interfaces_demo::msg::Student_<std::allocator<void> >&, std::allocator<void>, rclcpp::message_memory_strategy::MessageMemoryStrategy<const base_interfaces_demo::msg::Student_<std::allocator<void> >&, std::allocator<void> > >[m[K’
[2.686s] [01m[K/usr/include/c++/9/type_traits:1313:45:[m[K   required by substitution of ‘[01m[Ktemplate<class _From1, class _To1, class> static std::true_type std::__is_convertible_helper<rclcpp::Subscription<const base_interfaces_demo::msg::Student_<std::allocator<void> >&, std::allocator<void>, rclcpp::message_memory_strategy::MessageMemoryStrategy<const base_interfaces_demo::msg::Student_<std::allocator<void> >&, std::allocator<void> > >*, rclcpp::Subscription<base_interfaces_demo::msg::Student_<std::allocator<void> > >*, false>::__test<_From1, _To1, <template-parameter-1-3> >(int) [with _From1 = rclcpp::Subscription<const base_interfaces_demo::msg::Student_<std::allocator<void> >&, std::allocator<void>, rclcpp::message_memory_strategy::MessageMemoryStrategy<const base_interfaces_demo::msg::Student_<std::allocator<void> >&, std::allocator<void> > >*; _To1 = rclcpp::Subscription<base_interfaces_demo::msg::Student_<std::allocator<void> > >*; <template-parameter-1-3> = <missing>][m[K’
[2.686s] [01m[K/usr/include/c++/9/type_traits:1322:42:[m[K   required from ‘[01m[Kstruct std::__is_convertible_helper<rclcpp::Subscription<const base_interfaces_demo::msg::Student_<std::allocator<void> >&, std::allocator<void>, rclcpp::message_memory_strategy::MessageMemoryStrategy<const base_interfaces_demo::msg::Student_<std::allocator<void> >&, std::allocator<void> > >*, rclcpp::Subscription<base_interfaces_demo::msg::Student_<std::allocator<void> > >*, false>[m[K’
[2.686s] [01m[K/usr/include/c++/9/type_traits:1328:12:[m[K   required from ‘[01m[Kstruct std::is_convertible<rclcpp::Subscription<const base_interfaces_demo::msg::Student_<std::allocator<void> >&, std::allocator<void>, rclcpp::message_memory_strategy::MessageMemoryStrategy<const base_interfaces_demo::msg::Student_<std::allocator<void> >&, std::allocator<void> > >*, rclcpp::Subscription<base_interfaces_demo::msg::Student_<std::allocator<void> > >*>[m[K’
[2.686s] [01m[K/usr/include/c++/9/bits/shared_ptr_base.h:927:12:[m[K   [ skipping 2 instantiation contexts, use -ftemplate-backtrace-limit=0 to disable ]
[2.686s] [01m[K/usr/include/c++/9/bits/shared_ptr_base.h:1099:8:[m[K   required by substitution of ‘[01m[Ktemplate<class _Tp, __gnu_cxx::_Lock_policy _Lp> template<class _Yp> using _Assignable = std::__shared_ptr<_Tp, _Lp>::_Compatible<_Yp, std::__shared_ptr<_Tp, _Lp>&> [with _Yp = rclcpp::Subscription<const base_interfaces_demo::msg::Student_<std::allocator<void> >&, std::allocator<void>, rclcpp::message_memory_strategy::MessageMemoryStrategy<const base_interfaces_demo::msg::Student_<std::allocator<void> >&, std::allocator<void> > >; _Tp = rclcpp::Subscription<base_interfaces_demo::msg::Student_<std::allocator<void> > >; __gnu_cxx::_Lock_policy _Lp = __gnu_cxx::_S_atomic][m[K’
[2.687s] [01m[K/usr/include/c++/9/bits/shared_ptr_base.h:1271:2:[m[K   required by substitution of ‘[01m[Ktemplate<class _Yp> std::__shared_ptr<rclcpp::Subscription<base_interfaces_demo::msg::Student_<std::allocator<void> > >, __gnu_cxx::_S_atomic>::_Assignable<_Yp> std::__shared_ptr<rclcpp::Subscription<base_interfaces_demo::msg::Student_<std::allocator<void> > >, __gnu_cxx::_S_atomic>::operator=<_Yp>(std::__shared_ptr<_Tp>&&) [with _Yp = rclcpp::Subscription<const base_interfaces_demo::msg::Student_<std::allocator<void> >&, std::allocator<void>, rclcpp::message_memory_strategy::MessageMemoryStrategy<const base_interfaces_demo::msg::Student_<std::allocator<void> >&, std::allocator<void> > >][m[K’
[2.687s] [01m[K/usr/include/c++/9/type_traits:1010:12:[m[K   required from ‘[01m[Kstruct std::is_assignable<std::__shared_ptr<rclcpp::Subscription<base_interfaces_demo::msg::Student_<std::allocator<void> > >, __gnu_cxx::_S_atomic>&, std::shared_ptr<rclcpp::Subscription<const base_interfaces_demo::msg::Student_<std::allocator<void> >&, std::allocator<void>, rclcpp::message_memory_strategy::MessageMemoryStrategy<const base_interfaces_demo::msg::Student_<std::allocator<void> >&, std::allocator<void> > > > >[m[K’
[2.687s] [01m[K/usr/include/c++/9/bits/shared_ptr.h:111:8:[m[K   required by substitution of ‘[01m[Ktemplate<class _Tp> template<class _Arg> using _Assignable = typename std::enable_if<std::is_assignable<std::__shared_ptr<_Tp>&, _Arg>::value, std::shared_ptr<_Tp>&>::type [with _Arg = std::shared_ptr<rclcpp::Subscription<const base_interfaces_demo::msg::Student_<std::allocator<void> >&, std::allocator<void>, rclcpp::message_memory_strategy::MessageMemoryStrategy<const base_interfaces_demo::msg::Student_<std::allocator<void> >&, std::allocator<void> > > >; _Tp = rclcpp::Subscription<base_interfaces_demo::msg::Student_<std::allocator<void> > >][m[K’
[2.687s] [01m[K/usr/include/c++/9/bits/shared_ptr.h:341:2:[m[K   required by substitution of ‘[01m[Ktemplate<class _Yp> std::shared_ptr<rclcpp::Subscription<base_interfaces_demo::msg::Student_<std::allocator<void> > > >::_Assignable<std::shared_ptr<_Tp> > std::shared_ptr<rclcpp::Subscription<base_interfaces_demo::msg::Student_<std::allocator<void> > > >::operator=<_Yp>(std::shared_ptr<_Tp>&&) [with _Yp = rclcpp::Subscription<const base_interfaces_demo::msg::Student_<std::allocator<void> >&, std::allocator<void>, rclcpp::message_memory_strategy::MessageMemoryStrategy<const base_interfaces_demo::msg::Student_<std::allocator<void> >&, std::allocator<void> > >][m[K’
[2.687s] [01m[K/home/hw_learn/ws_ros2/ws01_plumbing/src/cpp01_topic/src/demo04_listener_stu.cpp:24:68:[m[K   required from here
[2.687s] [01m[K/opt/ros/foxy/include/rclcpp/any_subscription_callback.hpp:111:8:[m[K [01;31m[Kerror: [m[K‘[01m[Ktemplate<class CallbackT, typename std::enable_if<rclcpp::function_traits::same_arguments<CallbackT, std::function<void(std::shared_ptr<const base_interfaces_demo::msg::Student_<std::allocator<void> >&>)> >::value, void>::type* <anonymous> > void rclcpp::AnySubscriptionCallback<MessageT, Alloc>::set(CallbackT) [with CallbackT = CallbackT; typename std::enable_if<rclcpp::function_traits::same_arguments<CallbackT, std::function<void(std::shared_ptr<const _Tp>)> >::value>::type* <anonymous> = <enumerator>; MessageT = const base_interfaces_demo::msg::Student_<std::allocator<void> >&; Alloc = std::allocator<void>][m[K’ cannot be overloaded with ‘[01m[Ktemplate<class CallbackT, typename std::enable_if<rclcpp::function_traits::same_arguments<CallbackT, std::function<void(std::shared_ptr<const base_interfaces_demo::msg::Student_<std::allocator<void> >&>)> >::value, void>::type* <anonymous> > void rclcpp::AnySubscriptionCallback<MessageT, Alloc>::set(CallbackT) [with CallbackT = CallbackT; typename std::enable_if<rclcpp::function_traits::same_arguments<CallbackT, std::function<void(std::shared_ptr<_Tp>)> >::value>::type* <anonymous> = <enumerator>; MessageT = const base_interfaces_demo::msg::Student_<std::allocator<void> >&; Alloc = std::allocator<void>][m[K’
[2.687s]   111 |   void [01;31m[Kset[m[K(CallbackT callback)
[2.687s]       |        [01;31m[K^~~[m[K
[2.687s] [01m[K/opt/ros/foxy/include/rclcpp/any_subscription_callback.hpp:83:8:[m[K [01;36m[Knote: [m[Kprevious declaration ‘[01m[Ktemplate<class CallbackT, typename std::enable_if<rclcpp::function_traits::same_arguments<CallbackT, std::function<void(std::shared_ptr<const base_interfaces_demo::msg::Student_<std::allocator<void> >&>)> >::value, void>::type* <anonymous> > void rclcpp::AnySubscriptionCallback<MessageT, Alloc>::set(CallbackT) [with CallbackT = CallbackT; typename std::enable_if<rclcpp::function_traits::same_arguments<CallbackT, std::function<void(std::shared_ptr<_Tp>)> >::value>::type* <anonymous> = <enumerator>; MessageT = const base_interfaces_demo::msg::Student_<std::allocator<void> >&; Alloc = std::allocator<void>][m[K’
[2.687s]    83 |   void [01;36m[Kset[m[K(CallbackT callback)
[2.687s]       |        [01;36m[K^~~[m[K
[2.687s] [01m[K/opt/ros/foxy/include/rclcpp/any_subscription_callback.hpp:125:8:[m[K [01;31m[Kerror: [m[K‘[01m[Ktemplate<class CallbackT, typename std::enable_if<rclcpp::function_traits::same_arguments<CallbackT, std::function<void(std::shared_ptr<const base_interfaces_demo::msg::Student_<std::allocator<void> >&>, const rclcpp::MessageInfo&)> >::value, void>::type* <anonymous> > void rclcpp::AnySubscriptionCallback<MessageT, Alloc>::set(CallbackT) [with CallbackT = CallbackT; typename std::enable_if<rclcpp::function_traits::same_arguments<CallbackT, std::function<void(std::shared_ptr<const _Tp>, const rclcpp::MessageInfo&)> >::value>::type* <anonymous> = <enumerator>; MessageT = const base_interfaces_demo::msg::Student_<std::allocator<void> >&; Alloc = std::allocator<void>][m[K’ cannot be overloaded with ‘[01m[Ktemplate<class CallbackT, typename std::enable_if<rclcpp::function_traits::same_arguments<CallbackT, std::function<void(std::shared_ptr<const base_interfaces_demo::msg::Student_<std::allocator<void> >&>, const rclcpp::MessageInfo&)> >::value, void>::type* <anonymous> > void rclcpp::AnySubscriptionCallback<MessageT, Alloc>::set(CallbackT) [with CallbackT = CallbackT; typename std::enable_if<rclcpp::function_traits::same_arguments<CallbackT, std::function<void(std::shared_ptr<_Tp>, const rclcpp::MessageInfo&)> >::value>::type* <anonymous> = <enumerator>; MessageT = const base_interfaces_demo::msg::Student_<std::allocator<void> >&; Alloc = std::allocator<void>][m[K’
[2.687s]   125 |   void [01;31m[Kset[m[K(CallbackT callback)
[2.687s]       |        [01;31m[K^~~[m[K
[2.687s] [01m[K/opt/ros/foxy/include/rclcpp/any_subscription_callback.hpp:97:8:[m[K [01;36m[Knote: [m[Kprevious declaration ‘[01m[Ktemplate<class CallbackT, typename std::enable_if<rclcpp::function_traits::same_arguments<CallbackT, std::function<void(std::shared_ptr<const base_interfaces_demo::msg::Student_<std::allocator<void> >&>, const rclcpp::MessageInfo&)> >::value, void>::type* <anonymous> > void rclcpp::AnySubscriptionCallback<MessageT, Alloc>::set(CallbackT) [with CallbackT = CallbackT; typename std::enable_if<rclcpp::function_traits::same_arguments<CallbackT, std::function<void(std::shared_ptr<_Tp>, const rclcpp::MessageInfo&)> >::value>::type* <anonymous> = <enumerator>; MessageT = const base_interfaces_demo::msg::Student_<std::allocator<void> >&; Alloc = std::allocator<void>][m[K’
[2.688s]    97 |   void [01;36m[Kset[m[K(CallbackT callback)
[2.688s]       |        [01;36m[K^~~[m[K
[2.689s] [01m[K/home/hw_learn/ws_ros2/ws01_plumbing/src/cpp01_topic/src/demo04_listener_stu.cpp:[m[K In constructor ‘[01m[KListenerStu::ListenerStu()[m[K’:
[2.689s] [01m[K/home/hw_learn/ws_ros2/ws01_plumbing/src/cpp01_topic/src/demo04_listener_stu.cpp:24:68:[m[K [01;31m[Kerror: [m[Kno match for ‘[01m[Koperator=[m[K’ (operand types are ‘[01m[Krclcpp::Subscription<base_interfaces_demo::msg::Student_<std::allocator<void> > >::SharedPtr[m[K’ {aka ‘[01m[Kstd::shared_ptr<rclcpp::Subscription<base_interfaces_demo::msg::Student_<std::allocator<void> > > >[m[K’} and ‘[01m[Kstd::shared_ptr<rclcpp::Subscription<const base_interfaces_demo::msg::Student_<std::allocator<void> >&, std::allocator<void>, rclcpp::message_memory_strategy::MessageMemoryStrategy<const base_interfaces_demo::msg::Student_<std::allocator<void> >&, std::allocator<void> > > >[m[K’)
[2.689s]    24 |         std::bind(&ListenerStu::do_cb, this, std::placeholders::_1)[01;31m[K)[m[K;
[2.689s]       |                                                                    [01;31m[K^[m[K
[2.689s] In file included from [01m[K/usr/include/c++/9/memory:81[m[K,
[2.690s]                  from [01m[K/opt/ros/foxy/include/rosidl_runtime_cpp/bounded_vector.hpp:19[m[K,
[2.690s]                  from [01m[K/home/hw_learn/ws_ros2/ws01_plumbing/install/base_interfaces_demo/include/base_interfaces_demo/msg/detail/student__struct.hpp:8[m[K,
[2.690s]                  from [01m[K/home/hw_learn/ws_ros2/ws01_plumbing/install/base_interfaces_demo/include/base_interfaces_demo/msg/student.hpp:7[m[K,
[2.690s]                  from [01m[K/home/hw_learn/ws_ros2/ws01_plumbing/src/cpp01_topic/src/demo04_listener_stu.cpp:13[m[K:
[2.690s] [01m[K/usr/include/c++/9/bits/shared_ptr.h:309:19:[m[K [01;36m[Knote: [m[Kcandidate: ‘[01m[Kstd::shared_ptr<_Tp>& std::shared_ptr<_Tp>::operator=(const std::shared_ptr<_Tp>&) [with _Tp = rclcpp::Subscription<base_interfaces_demo::msg::Student_<std::allocator<void> > >][m[K’
[2.690s]   309 |       shared_ptr& [01;36m[Koperator[m[K=(const shared_ptr&) noexcept = default;
[2.690s]       |                   [01;36m[K^~~~~~~~[m[K
[2.690s] [01m[K/usr/include/c++/9/bits/shared_ptr.h:309:29:[m[K [01;36m[Knote: [m[K  no known conversion for argument 1 from ‘[01m[Kstd::shared_ptr<rclcpp::Subscription<const base_interfaces_demo::msg::Student_<std::allocator<void> >&, std::allocator<void>, rclcpp::message_memory_strategy::MessageMemoryStrategy<const base_interfaces_demo::msg::Student_<std::allocator<void> >&, std::allocator<void> > > >[m[K’ to ‘[01m[Kconst std::shared_ptr<rclcpp::Subscription<base_interfaces_demo::msg::Student_<std::allocator<void> > > >&[m[K’
[2.690s]   309 |       shared_ptr& operator=([01;36m[Kconst shared_ptr&[m[K) noexcept = default;
[2.690s]       |                             [01;36m[K^~~~~~~~~~~~~~~~~[m[K
[2.690s] [01m[K/usr/include/c++/9/bits/shared_ptr.h:313:2:[m[K [01;36m[Knote: [m[Kcandidate: ‘[01m[Ktemplate<class _Yp> std::shared_ptr<_Tp>::_Assignable<const std::shared_ptr<_Yp>&> std::shared_ptr<_Tp>::operator=(const std::shared_ptr<_Yp>&) [with _Yp = _Yp; _Tp = rclcpp::Subscription<base_interfaces_demo::msg::Student_<std::allocator<void> > >][m[K’
[2.690s]   313 |  [01;36m[Koperator[m[K=(const shared_ptr<_Yp>& __r) noexcept
[2.690s]       |  [01;36m[K^~~~~~~~[m[K
[2.690s] [01m[K/usr/include/c++/9/bits/shared_ptr.h:313:2:[m[K [01;36m[Knote: [m[K  template argument deduction/substitution failed:
[2.690s] /usr/include/c++/9/bits/shared_ptr.h: In substitution of ‘[01m[Ktemplate<class _Tp> template<class _Arg> using _Assignable = typename std::enable_if<std::is_assignable<std::__shared_ptr<_Tp>&, _Arg>::value, std::shared_ptr<_Tp>&>::type [with _Arg = const std::shared_ptr<rclcpp::Subscription<const base_interfaces_demo::msg::Student_<std::allocator<void> >&, std::allocator<void>, rclcpp::message_memory_strategy::MessageMemoryStrategy<const base_interfaces_demo::msg::Student_<std::allocator<void> >&, std::allocator<void> > > >&; _Tp = rclcpp::Subscription<base_interfaces_demo::msg::Student_<std::allocator<void> > >][m[K’:
[2.690s] [01m[K/usr/include/c++/9/bits/shared_ptr.h:313:2:[m[K   required by substitution of ‘[01m[Ktemplate<class _Yp> std::shared_ptr<rclcpp::Subscription<base_interfaces_demo::msg::Student_<std::allocator<void> > > >::_Assignable<const std::shared_ptr<_Tp>&> std::shared_ptr<rclcpp::Subscription<base_interfaces_demo::msg::Student_<std::allocator<void> > > >::operator=<_Yp>(const std::shared_ptr<_Tp>&) [with _Yp = rclcpp::Subscription<const base_interfaces_demo::msg::Student_<std::allocator<void> >&, std::allocator<void>, rclcpp::message_memory_strategy::MessageMemoryStrategy<const base_interfaces_demo::msg::Student_<std::allocator<void> >&, std::allocator<void> > >][m[K’
[2.691s] [01m[K/home/hw_learn/ws_ros2/ws01_plumbing/src/cpp01_topic/src/demo04_listener_stu.cpp:24:68:[m[K   required from here
[2.691s] [01m[K/usr/include/c++/9/bits/shared_ptr.h:111:8:[m[K [01;31m[Kerror: [m[Kno type named ‘[01m[Ktype[m[K’ in ‘[01m[Kstruct std::enable_if<false, std::shared_ptr<rclcpp::Subscription<base_interfaces_demo::msg::Student_<std::allocator<void> > > >&>[m[K’
[2.691s]   111 |  using [01;31m[K_Assignable[m[K = typename enable_if<
[2.691s]       |        [01;31m[K^~~~~~~~~~~[m[K
[2.691s] [01m[K/usr/include/c++/9/bits/shared_ptr.h:324:2:[m[K [01;36m[Knote: [m[Kcandidate: ‘[01m[Ktemplate<class _Yp> std::shared_ptr<_Tp>::_Assignable<std::auto_ptr<_Up> > std::shared_ptr<_Tp>::operator=(std::auto_ptr<_Up>&&) [with _Yp = _Yp; _Tp = rclcpp::Subscription<base_interfaces_demo::msg::Student_<std::allocator<void> > >][m[K’
[2.691s]   324 |  [01;36m[Koperator[m[K=(auto_ptr<_Yp>&& __r)
[2.691s]       |  [01;36m[K^~~~~~~~[m[K
[2.691s] [01m[K/usr/include/c++/9/bits/shared_ptr.h:324:2:[m[K [01;36m[Knote: [m[K  template argument deduction/substitution failed:
[2.691s] [01m[K/home/hw_learn/ws_ros2/ws01_plumbing/src/cpp01_topic/src/demo04_listener_stu.cpp:24:68:[m[K [01;36m[Knote: [m[K  ‘[01m[Kstd::shared_ptr<rclcpp::Subscription<const base_interfaces_demo::msg::Student_<std::allocator<void> >&, std::allocator<void>, rclcpp::message_memory_strategy::MessageMemoryStrategy<const base_interfaces_demo::msg::Student_<std::allocator<void> >&, std::allocator<void> > > >[m[K’ is not derived from ‘[01m[Kstd::auto_ptr<_Up>[m[K’
[2.691s]    24 |         std::bind(&ListenerStu::do_cb, this, std::placeholders::_1)[01;36m[K)[m[K;
[2.691s]       |                                                                    [01;36m[K^[m[K
[2.691s] In file included from [01m[K/usr/include/c++/9/memory:81[m[K,
[2.691s]                  from [01m[K/opt/ros/foxy/include/rosidl_runtime_cpp/bounded_vector.hpp:19[m[K,
[2.691s]                  from [01m[K/home/hw_learn/ws_ros2/ws01_plumbing/install/base_interfaces_demo/include/base_interfaces_demo/msg/detail/student__struct.hpp:8[m[K,
[2.691s]                  from [01m[K/home/hw_learn/ws_ros2/ws01_plumbing/install/base_interfaces_demo/include/base_interfaces_demo/msg/student.hpp:7[m[K,
[2.691s]                  from [01m[K/home/hw_learn/ws_ros2/ws01_plumbing/src/cpp01_topic/src/demo04_listener_stu.cpp:13[m[K:
[2.692s] [01m[K/usr/include/c++/9/bits/shared_ptr.h:333:7:[m[K [01;36m[Knote: [m[Kcandidate: ‘[01m[Kstd::shared_ptr<_Tp>& std::shared_ptr<_Tp>::operator=(std::shared_ptr<_Tp>&&) [with _Tp = rclcpp::Subscription<base_interfaces_demo::msg::Student_<std::allocator<void> > >][m[K’
[2.692s]   333 |       [01;36m[Koperator[m[K=(shared_ptr&& __r) noexcept
[2.692s]       |       [01;36m[K^~~~~~~~[m[K
[2.692s] [01m[K/usr/include/c++/9/bits/shared_ptr.h:333:30:[m[K [01;36m[Knote: [m[K  no known conversion for argument 1 from ‘[01m[Kstd::shared_ptr<rclcpp::Subscription<const base_interfaces_demo::msg::Student_<std::allocator<void> >&, std::allocator<void>, rclcpp::message_memory_strategy::MessageMemoryStrategy<const base_interfaces_demo::msg::Student_<std::allocator<void> >&, std::allocator<void> > > >[m[K’ to ‘[01m[Kstd::shared_ptr<rclcpp::Subscription<base_interfaces_demo::msg::Student_<std::allocator<void> > > >&&[m[K’
[2.692s]   333 |       operator=([01;36m[Kshared_ptr&& __r[m[K) noexcept
[2.692s]       |                 [01;36m[K~~~~~~~~~~~~~^~~[m[K
[2.692s] [01m[K/usr/include/c++/9/bits/shared_ptr.h:341:2:[m[K [01;36m[Knote: [m[Kcandidate: ‘[01m[Ktemplate<class _Yp> std::shared_ptr<_Tp>::_Assignable<std::shared_ptr<_Yp> > std::shared_ptr<_Tp>::operator=(std::shared_ptr<_Yp>&&) [with _Yp = _Yp; _Tp = rclcpp::Subscription<base_interfaces_demo::msg::Student_<std::allocator<void> > >][m[K’
[2.692s]   341 |  [01;36m[Koperator[m[K=(shared_ptr<_Yp>&& __r) noexcept
[2.692s]       |  [01;36m[K^~~~~~~~[m[K
[2.692s] [01m[K/usr/include/c++/9/bits/shared_ptr.h:341:2:[m[K [01;36m[Knote: [m[K  substitution of deduced template arguments resulted in errors seen above
[2.692s] [01m[K/usr/include/c++/9/bits/shared_ptr.h:349:2:[m[K [01;36m[Knote: [m[Kcandidate: ‘[01m[Ktemplate<class _Yp, class _Del> std::shared_ptr<_Tp>::_Assignable<std::unique_ptr<_Up, _Ep> > std::shared_ptr<_Tp>::operator=(std::unique_ptr<_Up, _Ep>&&) [with _Yp = _Yp; _Del = _Del; _Tp = rclcpp::Subscription<base_interfaces_demo::msg::Student_<std::allocator<void> > >][m[K’
[2.692s]   349 |  [01;36m[Koperator[m[K=(unique_ptr<_Yp, _Del>&& __r)
[2.692s]       |  [01;36m[K^~~~~~~~[m[K
[2.692s] [01m[K/usr/include/c++/9/bits/shared_ptr.h:349:2:[m[K [01;36m[Knote: [m[K  template argument deduction/substitution failed:
[2.692s] [01m[K/home/hw_learn/ws_ros2/ws01_plumbing/src/cpp01_topic/src/demo04_listener_stu.cpp:24:68:[m[K [01;36m[Knote: [m[K  ‘[01m[Kstd::shared_ptr<rclcpp::Subscription<const base_interfaces_demo::msg::Student_<std::allocator<void> >&, std::allocator<void>, rclcpp::message_memory_strategy::MessageMemoryStrategy<const base_interfaces_demo::msg::Student_<std::allocator<void> >&, std::allocator<void> > > >[m[K’ is not derived from ‘[01m[Kstd::unique_ptr<_Tp, _Dp>[m[K’
[2.692s]    24 |         std::bind(&ListenerStu::do_cb, this, std::placeholders::_1)[01;36m[K)[m[K;
[2.693s]       |                                                                    [01;36m[K^[m[K
[2.962s] In file included from [01m[K/opt/ros/foxy/include/rclcpp/node_interfaces/node_topics_interface.hpp:32[m[K,
[2.962s]                  from [01m[K/opt/ros/foxy/include/rclcpp/node.hpp:55[m[K,
[2.962s]                  from [01m[K/opt/ros/foxy/include/rclcpp/executors/single_threaded_executor.hpp:28[m[K,
[2.962s]                  from [01m[K/opt/ros/foxy/include/rclcpp/executors.hpp:22[m[K,
[2.962s]                  from [01m[K/opt/ros/foxy/include/rclcpp/rclcpp.hpp:146[m[K,
[2.962s]                  from [01m[K/home/hw_learn/ws_ros2/ws01_plumbing/src/cpp01_topic/src/demo04_listener_stu.cpp:14[m[K:
[2.962s] /opt/ros/foxy/include/rclcpp/subscription_factory.hpp: In instantiation of ‘[01m[Krclcpp::SubscriptionFactory rclcpp::create_subscription_factory(CallbackT&&, const rclcpp::SubscriptionOptionsWithAllocator<AllocatorT>&, typename MessageMemoryStrategyT::SharedPtr, std::shared_ptr<rclcpp::topic_statistics::SubscriptionTopicStatistics<CallbackMessageT> >) [with MessageT = base_interfaces_demo::msg::Student_<std::allocator<void> >; CallbackT = std::_Bind<void (ListenerStu::*(ListenerStu*, std::_Placeholder<1>))(const base_interfaces_demo::msg::Student_<std::allocator<void> >&)>; AllocatorT = std::allocator<void>; CallbackMessageT = const base_interfaces_demo::msg::Student_<std::allocator<void> >&; SubscriptionT = rclcpp::Subscription<const base_interfaces_demo::msg::Student_<std::allocator<void> >&, std::allocator<void>, rclcpp::message_memory_strategy::MessageMemoryStrategy<const base_interfaces_demo::msg::Student_<std::allocator<void> >&, std::allocator<void> > >; MessageMemoryStrategyT = rclcpp::message_memory_strategy::MessageMemoryStrategy<const base_interfaces_demo::msg::Student_<std::allocator<void> >&, std::allocator<void> >; typename MessageMemoryStrategyT::SharedPtr = std::shared_ptr<rclcpp::message_memory_strategy::MessageMemoryStrategy<const base_interfaces_demo::msg::Student_<std::allocator<void> >&, std::allocator<void> > >][m[K’:
[2.963s] [01m[K/opt/ros/foxy/include/rclcpp/create_subscription.hpp:154:63:[m[K   required from ‘[01m[Kstd::shared_ptr<SubscriptionT> rclcpp::create_subscription(NodeT&&, const string&, const rclcpp::QoS&, CallbackT&&, const rclcpp::SubscriptionOptionsWithAllocator<AllocatorT>&, typename MessageMemoryStrategyT::SharedPtr) [with MessageT = base_interfaces_demo::msg::Student_<std::allocator<void> >; CallbackT = std::_Bind<void (ListenerStu::*(ListenerStu*, std::_Placeholder<1>))(const base_interfaces_demo::msg::Student_<std::allocator<void> >&)>; AllocatorT = std::allocator<void>; CallbackMessageT = const base_interfaces_demo::msg::Student_<std::allocator<void> >&; SubscriptionT = rclcpp::Subscription<const base_interfaces_demo::msg::Student_<std::allocator<void> >&, std::allocator<void>, rclcpp::message_memory_strategy::MessageMemoryStrategy<const base_interfaces_demo::msg::Student_<std::allocator<void> >&, std::allocator<void> > >; MessageMemoryStrategyT = rclcpp::message_memory_strategy::MessageMemoryStrategy<const base_interfaces_demo::msg::Student_<std::allocator<void> >&, std::allocator<void> >; NodeT = rclcpp::Node&; std::string = std::__cxx11::basic_string<char>; typename MessageMemoryStrategyT::SharedPtr = std::shared_ptr<rclcpp::message_memory_strategy::MessageMemoryStrategy<const base_interfaces_demo::msg::Student_<std::allocator<void> >&, std::allocator<void> > >][m[K’
[2.963s] [01m[K/opt/ros/foxy/include/rclcpp/node_impl.hpp:98:47:[m[K   required from ‘[01m[Kstd::shared_ptr<SubscriptionT> rclcpp::Node::create_subscription(const string&, const rclcpp::QoS&, CallbackT&&, const rclcpp::SubscriptionOptionsWithAllocator<AllocatorT>&, typename MessageMemoryStrategyT::SharedPtr) [with MessageT = base_interfaces_demo::msg::Student_<std::allocator<void> >; CallbackT = std::_Bind<void (ListenerStu::*(ListenerStu*, std::_Placeholder<1>))(const base_interfaces_demo::msg::Student_<std::allocator<void> >&)>; AllocatorT = std::allocator<void>; CallbackMessageT = const base_interfaces_demo::msg::Student_<std::allocator<void> >&; SubscriptionT = rclcpp::Subscription<const base_interfaces_demo::msg::Student_<std::allocator<void> >&, std::allocator<void>, rclcpp::message_memory_strategy::MessageMemoryStrategy<const base_interfaces_demo::msg::Student_<std::allocator<void> >&, std::allocator<void> > >; MessageMemoryStrategyT = rclcpp::message_memory_strategy::MessageMemoryStrategy<const base_interfaces_demo::msg::Student_<std::allocator<void> >&, std::allocator<void> >; std::string = std::__cxx11::basic_string<char>; typename MessageMemoryStrategyT::SharedPtr = std::shared_ptr<rclcpp::message_memory_strategy::MessageMemoryStrategy<const base_interfaces_demo::msg::Student_<std::allocator<void> >&, std::allocator<void> > >][m[K’
[2.963s] [01m[K/home/hw_learn/ws_ros2/ws01_plumbing/src/cpp01_topic/src/demo04_listener_stu.cpp:24:68:[m[K   required from here
[2.963s] [01m[K/opt/ros/foxy/include/rclcpp/subscription_factory.hpp:97:3:[m[K [01;31m[Kerror: [m[Kno matching function for call to ‘[01m[Krclcpp::AnySubscriptionCallback<const base_interfaces_demo::msg::Student_<std::allocator<void> >&, std::allocator<void> >::set(std::_Bind<void (ListenerStu::*(ListenerStu*, std::_Placeholder<1>))(const base_interfaces_demo::msg::Student_<std::allocator<void> >&)>)[m[K’
[2.963s]    97 |   [01;31m[Kany_subscription_callback[m[K.set(std::forward<CallbackT>(callback));
[2.963s]       |   [01;31m[K^~~~~~~~~~~~~~~~~~~~~~~~~[m[K
[2.963s] In file included from [01m[K/opt/ros/foxy/include/rclcpp/subscription_base.hpp:29[m[K,
[2.963s]                  from [01m[K/opt/ros/foxy/include/rclcpp/callback_group.hpp:26[m[K,
[2.963s]                  from [01m[K/opt/ros/foxy/include/rclcpp/any_executable.hpp:20[m[K,
[2.963s]                  from [01m[K/opt/ros/foxy/include/rclcpp/memory_strategy.hpp:24[m[K,
[2.963s]                  from [01m[K/opt/ros/foxy/include/rclcpp/memory_strategies.hpp:18[m[K,
[2.963s]                  from [01m[K/opt/ros/foxy/include/rclcpp/executor_options.hpp:20[m[K,
[2.963s]                  from [01m[K/opt/ros/foxy/include/rclcpp/executor.hpp:33[m[K,
[2.963s]                  from [01m[K/opt/ros/foxy/include/rclcpp/executors/multi_threaded_executor.hpp:26[m[K,
[2.963s]                  from [01m[K/opt/ros/foxy/include/rclcpp/executors.hpp:21[m[K,
[2.963s]                  from [01m[K/opt/ros/foxy/include/rclcpp/rclcpp.hpp:146[m[K,
[2.964s]                  from [01m[K/home/hw_learn/ws_ros2/ws01_plumbing/src/cpp01_topic/src/demo04_listener_stu.cpp:14[m[K:
[2.964s] [01m[K/opt/ros/foxy/include/rclcpp/any_subscription_callback.hpp:83:8:[m[K [01;36m[Knote: [m[Kcandidate: ‘[01m[Ktemplate<class CallbackT, typename std::enable_if<rclcpp::function_traits::same_arguments<CallbackT, std::function<void(std::shared_ptr<const base_interfaces_demo::msg::Student_<std::allocator<void> >&>)> >::value, void>::type* <anonymous> > void rclcpp::AnySubscriptionCallback<MessageT, Alloc>::set(CallbackT) [with CallbackT = CallbackT; typename std::enable_if<rclcpp::function_traits::same_arguments<CallbackT, std::function<void(std::shared_ptr<_Tp>)> >::value>::type* <anonymous> = <enumerator>; MessageT = const base_interfaces_demo::msg::Student_<std::allocator<void> >&; Alloc = std::allocator<void>][m[K’
[2.964s]    83 |   void [01;36m[Kset[m[K(CallbackT callback)
[2.964s]       |        [01;36m[K^~~[m[K
[2.964s] [01m[K/opt/ros/foxy/include/rclcpp/any_subscription_callback.hpp:83:8:[m[K [01;36m[Knote: [m[K  template argument deduction/substitution failed:
[2.964s] [01m[K/opt/ros/foxy/include/rclcpp/any_subscription_callback.hpp:81:17:[m[K [01;31m[Kerror: [m[Kno type named ‘[01m[Ktype[m[K’ in ‘[01m[Kstruct std::enable_if<false, void>[m[K’
[2.964s]    81 |     >::type * = [01;31m[Knullptr[m[K
[2.964s]       |                 [01;31m[K^~~~~~~[m[K
[2.964s] [01m[K/opt/ros/foxy/include/rclcpp/any_subscription_callback.hpp:97:8:[m[K [01;36m[Knote: [m[Kcandidate: ‘[01m[Ktemplate<class CallbackT, typename std::enable_if<rclcpp::function_traits::same_arguments<CallbackT, std::function<void(std::shared_ptr<const base_interfaces_demo::msg::Student_<std::allocator<void> >&>, const rclcpp::MessageInfo&)> >::value, void>::type* <anonymous> > void rclcpp::AnySubscriptionCallback<MessageT, Alloc>::set(CallbackT) [with CallbackT = CallbackT; typename std::enable_if<rclcpp::function_traits::same_arguments<CallbackT, std::function<void(std::shared_ptr<_Tp>, const rclcpp::MessageInfo&)> >::value>::type* <anonymous> = <enumerator>; MessageT = const base_interfaces_demo::msg::Student_<std::allocator<void> >&; Alloc = std::allocator<void>][m[K’
[2.964s]    97 |   void [01;36m[Kset[m[K(CallbackT callback)
[2.964s]       |        [01;36m[K^~~[m[K
[2.964s] [01m[K/opt/ros/foxy/include/rclcpp/any_subscription_callback.hpp:97:8:[m[K [01;36m[Knote: [m[K  template argument deduction/substitution failed:
[2.964s] [01m[K/opt/ros/foxy/include/rclcpp/any_subscription_callback.hpp:95:17:[m[K [01;31m[Kerror: [m[Kno type named ‘[01m[Ktype[m[K’ in ‘[01m[Kstruct std::enable_if<false, void>[m[K’
[2.964s]    95 |     >::type * = [01;31m[Knullptr[m[K
[2.964s]       |                 [01;31m[K^~~~~~~[m[K
[2.965s] [01m[K/opt/ros/foxy/include/rclcpp/any_subscription_callback.hpp:139:8:[m[K [01;36m[Knote: [m[Kcandidate: ‘[01m[Ktemplate<class CallbackT, typename std::enable_if<rclcpp::function_traits::same_arguments<CallbackT, std::function<void(std::unique_ptr<const base_interfaces_demo::msg::Student_<std::allocator<void> >&, std::default_delete<const base_interfaces_demo::msg::Student_<std::allocator<void> >&> >)> >::value, void>::type* <anonymous> > void rclcpp::AnySubscriptionCallback<MessageT, Alloc>::set(CallbackT) [with CallbackT = CallbackT; typename std::enable_if<rclcpp::function_traits::same_arguments<CallbackT, std::function<void(std::unique_ptr<MessageT, typename std::conditional<std::is_same<typename std::allocator_traits<typename std::allocator_traits<_Alloc>::rebind_traits<MessageT>::allocator_type>::rebind_alloc<MessageT>, typename std::allocator<void>::rebind<_Tp1>::other>::value, std::default_delete<_Tp>, rclcpp::allocator::AllocatorDeleter<typename std::allocator_traits<_Alloc>::rebind_traits<MessageT>::allocator_type> >::type>)> >::value>::type* <anonymous> = <enumerator>; MessageT = const base_interfaces_demo::msg::Student_<std::allocator<void> >&; Alloc = std::allocator<void>][m[K’
[2.965s]   139 |   void [01;36m[Kset[m[K(CallbackT callback)
[2.965s]       |        [01;36m[K^~~[m[K
[2.965s] [01m[K/opt/ros/foxy/include/rclcpp/any_subscription_callback.hpp:139:8:[m[K [01;36m[Knote: [m[K  template argument deduction/substitution failed:
[2.965s] [01m[K/opt/ros/foxy/include/rclcpp/any_subscription_callback.hpp:137:17:[m[K [01;31m[Kerror: [m[Kno type named ‘[01m[Ktype[m[K’ in ‘[01m[Kstruct std::enable_if<false, void>[m[K’
[2.965s]   137 |     >::type * = [01;31m[Knullptr[m[K
[2.965s]       |                 [01;31m[K^~~~~~~[m[K
[2.965s] [01m[K/opt/ros/foxy/include/rclcpp/any_subscription_callback.hpp:153:8:[m[K [01;36m[Knote: [m[Kcandidate: ‘[01m[Ktemplate<class CallbackT, typename std::enable_if<rclcpp::function_traits::same_arguments<CallbackT, std::function<void(std::unique_ptr<const base_interfaces_demo::msg::Student_<std::allocator<void> >&, std::default_delete<const base_interfaces_demo::msg::Student_<std::allocator<void> >&> >, const rclcpp::MessageInfo&)> >::value, void>::type* <anonymous> > void rclcpp::AnySubscriptionCallback<MessageT, Alloc>::set(CallbackT) [with CallbackT = CallbackT; typename std::enable_if<rclcpp::function_traits::same_arguments<CallbackT, std::function<void(std::unique_ptr<MessageT, typename std::conditional<std::is_same<typename std::allocator_traits<typename std::allocator_traits<_Alloc>::rebind_traits<MessageT>::allocator_type>::rebind_alloc<MessageT>, typename std::allocator<void>::rebind<_Tp1>::other>::value, std::default_delete<_Tp>, rclcpp::allocator::AllocatorDeleter<typename std::allocator_traits<_Alloc>::rebind_traits<MessageT>::allocator_type> >::type>, const rclcpp::MessageInfo&)> >::value>::type* <anonymous> = <enumerator>; MessageT = const base_interfaces_demo::msg::Student_<std::allocator<void> >&; Alloc = std::allocator<void>][m[K’
[2.965s]   153 |   void [01;36m[Kset[m[K(CallbackT callback)
[2.965s]       |        [01;36m[K^~~[m[K
[2.965s] [01m[K/opt/ros/foxy/include/rclcpp/any_subscription_callback.hpp:153:8:[m[K [01;36m[Knote: [m[K  template argument deduction/substitution failed:
[2.965s] [01m[K/opt/ros/foxy/include/rclcpp/any_subscription_callback.hpp:151:17:[m[K [01;31m[Kerror: [m[Kno type named ‘[01m[Ktype[m[K’ in ‘[01m[Kstruct std::enable_if<false, void>[m[K’
[2.965s]   151 |     >::type * = [01;31m[Knullptr[m[K
[2.965s]       |                 [01;31m[K^~~~~~~[m[K
[3.187s] In file included from [01m[K/usr/include/x86_64-linux-gnu/c++/9/bits/c++allocator.h:33[m[K,
[3.188s]                  from [01m[K/usr/include/c++/9/bits/allocator.h:46[m[K,
[3.188s]                  from [01m[K/usr/include/c++/9/memory:63[m[K,
[3.188s]                  from [01m[K/opt/ros/foxy/include/rosidl_runtime_cpp/bounded_vector.hpp:19[m[K,
[3.188s]                  from [01m[K/home/hw_learn/ws_ros2/ws01_plumbing/install/base_interfaces_demo/include/base_interfaces_demo/msg/detail/student__struct.hpp:8[m[K,
[3.188s]                  from [01m[K/home/hw_learn/ws_ros2/ws01_plumbing/install/base_interfaces_demo/include/base_interfaces_demo/msg/student.hpp:7[m[K,
[3.188s]                  from [01m[K/home/hw_learn/ws_ros2/ws01_plumbing/src/cpp01_topic/src/demo04_listener_stu.cpp:13[m[K:
[3.188s] /usr/include/c++/9/ext/new_allocator.h: In instantiation of ‘[01m[Kclass __gnu_cxx::new_allocator<const base_interfaces_demo::msg::Student_<std::allocator<void> >&>[m[K’:
[3.188s] [01m[K/usr/include/c++/9/bits/allocator.h:111:11:[m[K   required from ‘[01m[Kclass std::allocator<const base_interfaces_demo::msg::Student_<std::allocator<void> >&>[m[K’
[3.188s] [01m[K/usr/include/c++/9/bits/shared_ptr_base.h:1365:63:[m[K   required by substitution of ‘[01m[Ktemplate<class _Yp> struct std::__shared_ptr<std::allocator<const base_interfaces_demo::msg::Student_<std::allocator<void> >&>, __gnu_cxx::_S_atomic>::__has_esft_base<_Yp, std::__void_t<decltype (__enable_shared_from_this_base(declval<const std::__shared_count<__gnu_cxx::_S_atomic>&>(), declval<_Yp*>()))> > [with _Yp = std::allocator<const base_interfaces_demo::msg::Student_<std::allocator<void> >&>][m[K’
[3.188s] [01m[K/usr/include/c++/9/bits/shared_ptr_base.h:1387:21:[m[K   required by substitution of ‘[01m[Ktemplate<class _Yp, class _Yp2> typename std::enable_if<(! std::__shared_ptr<std::allocator<const base_interfaces_demo::msg::Student_<std::allocator<void> >&>, __gnu_cxx::_S_atomic>::__has_esft_base<_Yp2, void>::value), void>::type std::__shared_ptr<std::allocator<const base_interfaces_demo::msg::Student_<std::allocator<void> >&>, __gnu_cxx::_S_atomic>::_M_enable_shared_from_this_with<_Yp, _Yp2>(_Yp*) [with _Yp = std::allocator<const base_interfaces_demo::msg::Student_<std::allocator<void> >&>; _Yp2 = std::allocator<const base_interfaces_demo::msg::Student_<std::allocator<void> >&>][m[K’
[3.188s] [01m[K/usr/include/c++/9/bits/shared_ptr_base.h:1345:4:[m[K   required from ‘[01m[Kstd::__shared_ptr<_Tp, _Lp>::__shared_ptr(std::_Sp_alloc_shared_tag<_Tp>, _Args&& ...) [with _Alloc = std::allocator<std::allocator<const base_interfaces_demo::msg::Student_<std::allocator<void> >&> >; _Args = {std::allocator<void>&}; _Tp = std::allocator<const base_interfaces_demo::msg::Student_<std::allocator<void> >&>; __gnu_cxx::_Lock_policy _Lp = __gnu_cxx::_S_atomic][m[K’
[3.188s] [01m[K/usr/include/c++/9/bits/shared_ptr.h:359:59:[m[K   [ skipping 2 instantiation contexts, use -ftemplate-backtrace-limit=0 to disable ]
[3.189s] [01m[K/usr/include/c++/9/bits/shared_ptr.h:717:39:[m[K   required from ‘[01m[Kstd::shared_ptr<_Tp> std::make_shared(_Args&& ...) [with _Tp = std::allocator<const base_interfaces_demo::msg::Student_<std::allocator<void> >&>; _Args = {std::allocator<void>&}][m[K’
[3.189s] [01m[K/opt/ros/foxy/include/rclcpp/any_subscription_callback.hpp:68:56:[m[K   required from ‘[01m[Krclcpp::AnySubscriptionCallback<MessageT, Alloc>::AnySubscriptionCallback(std::shared_ptr<_Tp>) [with MessageT = const base_interfaces_demo::msg::Student_<std::allocator<void> >&; Alloc = std::allocator<void>][m[K’
[3.189s] [01m[K/opt/ros/foxy/include/rclcpp/subscription_factory.hpp:96:57:[m[K   required from ‘[01m[Krclcpp::SubscriptionFactory rclcpp::create_subscription_factory(CallbackT&&, const rclcpp::SubscriptionOptionsWithAllocator<AllocatorT>&, typename MessageMemoryStrategyT::SharedPtr, std::shared_ptr<rclcpp::topic_statistics::SubscriptionTopicStatistics<CallbackMessageT> >) [with MessageT = base_interfaces_demo::msg::Student_<std::allocator<void> >; CallbackT = std::_Bind<void (ListenerStu::*(ListenerStu*, std::_Placeholder<1>))(const base_interfaces_demo::msg::Student_<std::allocator<void> >&)>; AllocatorT = std::allocator<void>; CallbackMessageT = const base_interfaces_demo::msg::Student_<std::allocator<void> >&; SubscriptionT = rclcpp::Subscription<const base_interfaces_demo::msg::Student_<std::allocator<void> >&, std::allocator<void>, rclcpp::message_memory_strategy::MessageMemoryStrategy<const base_interfaces_demo::msg::Student_<std::allocator<void> >&, std::allocator<void> > >; MessageMemoryStrategyT = rclcpp::message_memory_strategy::MessageMemoryStrategy<const base_interfaces_demo::msg::Student_<std::allocator<void> >&, std::allocator<void> >; typename MessageMemoryStrategyT::SharedPtr = std::shared_ptr<rclcpp::message_memory_strategy::MessageMemoryStrategy<const base_interfaces_demo::msg::Student_<std::allocator<void> >&, std::allocator<void> > >][m[K’
[3.189s] [01m[K/opt/ros/foxy/include/rclcpp/create_subscription.hpp:154:63:[m[K   required from ‘[01m[Kstd::shared_ptr<SubscriptionT> rclcpp::create_subscription(NodeT&&, const string&, const rclcpp::QoS&, CallbackT&&, const rclcpp::SubscriptionOptionsWithAllocator<AllocatorT>&, typename MessageMemoryStrategyT::SharedPtr) [with MessageT = base_interfaces_demo::msg::Student_<std::allocator<void> >; CallbackT = std::_Bind<void (ListenerStu::*(ListenerStu*, std::_Placeholder<1>))(const base_interfaces_demo::msg::Student_<std::allocator<void> >&)>; AllocatorT = std::allocator<void>; CallbackMessageT = const base_interfaces_demo::msg::Student_<std::allocator<void> >&; SubscriptionT = rclcpp::Subscription<const base_interfaces_demo::msg::Student_<std::allocator<void> >&, std::allocator<void>, rclcpp::message_memory_strategy::MessageMemoryStrategy<const base_interfaces_demo::msg::Student_<std::allocator<void> >&, std::allocator<void> > >; MessageMemoryStrategyT = rclcpp::message_memory_strategy::MessageMemoryStrategy<const base_interfaces_demo::msg::Student_<std::allocator<void> >&, std::allocator<void> >; NodeT = rclcpp::Node&; std::string = std::__cxx11::basic_string<char>; typename MessageMemoryStrategyT::SharedPtr = std::shared_ptr<rclcpp::message_memory_strategy::MessageMemoryStrategy<const base_interfaces_demo::msg::Student_<std::allocator<void> >&, std::allocator<void> > >][m[K’
[3.189s] [01m[K/opt/ros/foxy/include/rclcpp/node_impl.hpp:98:47:[m[K   required from ‘[01m[Kstd::shared_ptr<SubscriptionT> rclcpp::Node::create_subscription(const string&, const rclcpp::QoS&, CallbackT&&, const rclcpp::SubscriptionOptionsWithAllocator<AllocatorT>&, typename MessageMemoryStrategyT::SharedPtr) [with MessageT = base_interfaces_demo::msg::Student_<std::allocator<void> >; CallbackT = std::_Bind<void (ListenerStu::*(ListenerStu*, std::_Placeholder<1>))(const base_interfaces_demo::msg::Student_<std::allocator<void> >&)>; AllocatorT = std::allocator<void>; CallbackMessageT = const base_interfaces_demo::msg::Student_<std::allocator<void> >&; SubscriptionT = rclcpp::Subscription<const base_interfaces_demo::msg::Student_<std::allocator<void> >&, std::allocator<void>, rclcpp::message_memory_strategy::MessageMemoryStrategy<const base_interfaces_demo::msg::Student_<std::allocator<void> >&, std::allocator<void> > >; MessageMemoryStrategyT = rclcpp::message_memory_strategy::MessageMemoryStrategy<const base_interfaces_demo::msg::Student_<std::allocator<void> >&, std::allocator<void> >; std::string = std::__cxx11::basic_string<char>; typename MessageMemoryStrategyT::SharedPtr = std::shared_ptr<rclcpp::message_memory_strategy::MessageMemoryStrategy<const base_interfaces_demo::msg::Student_<std::allocator<void> >&, std::allocator<void> > >][m[K’
[3.189s] [01m[K/home/hw_learn/ws_ros2/ws01_plumbing/src/cpp01_topic/src/demo04_listener_stu.cpp:24:68:[m[K   required from here
[3.189s] [01m[K/usr/include/c++/9/ext/new_allocator.h:63:26:[m[K [01;31m[Kerror: [m[Kforming pointer to reference type ‘[01m[Kconst base_interfaces_demo::msg::Student_<std::allocator<void> >&[m[K’
[3.189s]    63 |       typedef _Tp*       [01;31m[Kpointer[m[K;
[3.189s]       |                          [01;31m[K^~~~~~~[m[K
[3.189s] [01m[K/usr/include/c++/9/ext/new_allocator.h:64:26:[m[K [01;31m[Kerror: [m[Kforming pointer to reference type ‘[01m[Kconst base_interfaces_demo::msg::Student_<std::allocator<void> >&[m[K’
[3.189s]    64 |       typedef const _Tp* [01;31m[Kconst_pointer[m[K;
[3.189s]       |                          [01;31m[K^~~~~~~~~~~~~[m[K
[3.189s] In file included from [01m[K/usr/include/c++/9/memory:63[m[K,
[3.189s]                  from [01m[K/opt/ros/foxy/include/rosidl_runtime_cpp/bounded_vector.hpp:19[m[K,
[3.189s]                  from [01m[K/home/hw_learn/ws_ros2/ws01_plumbing/install/base_interfaces_demo/include/base_interfaces_demo/msg/detail/student__struct.hpp:8[m[K,
[3.190s]                  from [01m[K/home/hw_learn/ws_ros2/ws01_plumbing/install/base_interfaces_demo/include/base_interfaces_demo/msg/student.hpp:7[m[K,
[3.190s]                  from [01m[K/home/hw_learn/ws_ros2/ws01_plumbing/src/cpp01_topic/src/demo04_listener_stu.cpp:13[m[K:
[3.190s] /usr/include/c++/9/bits/allocator.h: In instantiation of ‘[01m[Kclass std::allocator<const base_interfaces_demo::msg::Student_<std::allocator<void> >&>[m[K’:
[3.190s] [01m[K/usr/include/c++/9/bits/shared_ptr_base.h:1365:63:[m[K   required by substitution of ‘[01m[Ktemplate<class _Yp> struct std::__shared_ptr<std::allocator<const base_interfaces_demo::msg::Student_<std::allocator<void> >&>, __gnu_cxx::_S_atomic>::__has_esft_base<_Yp, std::__void_t<decltype (__enable_shared_from_this_base(declval<const std::__shared_count<__gnu_cxx::_S_atomic>&>(), declval<_Yp*>()))> > [with _Yp = std::allocator<const base_interfaces_demo::msg::Student_<std::allocator<void> >&>][m[K’
[3.190s] [01m[K/usr/include/c++/9/bits/shared_ptr_base.h:1387:21:[m[K   required by substitution of ‘[01m[Ktemplate<class _Yp, class _Yp2> typename std::enable_if<(! std::__shared_ptr<std::allocator<const base_interfaces_demo::msg::Student_<std::allocator<void> >&>, __gnu_cxx::_S_atomic>::__has_esft_base<_Yp2, void>::value), void>::type std::__shared_ptr<std::allocator<const base_interfaces_demo::msg::Student_<std::allocator<void> >&>, __gnu_cxx::_S_atomic>::_M_enable_shared_from_this_with<_Yp, _Yp2>(_Yp*) [with _Yp = std::allocator<const base_interfaces_demo::msg::Student_<std::allocator<void> >&>; _Yp2 = std::allocator<const base_interfaces_demo::msg::Student_<std::allocator<void> >&>][m[K’
[3.190s] [01m[K/usr/include/c++/9/bits/shared_ptr_base.h:1345:4:[m[K   required from ‘[01m[Kstd::__shared_ptr<_Tp, _Lp>::__shared_ptr(std::_Sp_alloc_shared_tag<_Tp>, _Args&& ...) [with _Alloc = std::allocator<std::allocator<const base_interfaces_demo::msg::Student_<std::allocator<void> >&> >; _Args = {std::allocator<void>&}; _Tp = std::allocator<const base_interfaces_demo::msg::Student_<std::allocator<void> >&>; __gnu_cxx::_Lock_policy _Lp = __gnu_cxx::_S_atomic][m[K’
[3.190s] [01m[K/usr/include/c++/9/bits/shared_ptr.h:359:59:[m[K   required from ‘[01m[Kstd::shared_ptr<_Tp>::shared_ptr(std::_Sp_alloc_shared_tag<_Tp>, _Args&& ...) [with _Alloc = std::allocator<std::allocator<const base_interfaces_demo::msg::Student_<std::allocator<void> >&> >; _Args = {std::allocator<void>&}; _Tp = std::allocator<const base_interfaces_demo::msg::Student_<std::allocator<void> >&>][m[K’
[3.190s] [01m[K/usr/include/c++/9/bits/shared_ptr.h:701:14:[m[K   required from ‘[01m[Kstd::shared_ptr<_Tp> std::allocate_shared(const _Alloc&, _Args&& ...) [with _Tp = std::allocator<const base_interfaces_demo::msg::Student_<std::allocator<void> >&>; _Alloc = std::allocator<std::allocator<const base_interfaces_demo::msg::Student_<std::allocator<void> >&> >; _Args = {std::allocator<void>&}][m[K’
[3.190s] [01m[K/usr/include/c++/9/bits/shared_ptr.h:717:39:[m[K   required from ‘[01m[Kstd::shared_ptr<_Tp> std::make_shared(_Args&& ...) [with _Tp = std::allocator<const base_interfaces_demo::msg::Student_<std::allocator<void> >&>; _Args = {std::allocator<void>&}][m[K’
[3.190s] [01m[K/opt/ros/foxy/include/rclcpp/any_subscription_callback.hpp:68:56:[m[K   required from ‘[01m[Krclcpp::AnySubscriptionCallback<MessageT, Alloc>::AnySubscriptionCallback(std::shared_ptr<_Tp>) [with MessageT = const base_interfaces_demo::msg::Student_<std::allocator<void> >&; Alloc = std::allocator<void>][m[K’
[3.190s] [01m[K/opt/ros/foxy/include/rclcpp/subscription_factory.hpp:96:57:[m[K   required from ‘[01m[Krclcpp::SubscriptionFactory rclcpp::create_subscription_factory(CallbackT&&, const rclcpp::SubscriptionOptionsWithAllocator<AllocatorT>&, typename MessageMemoryStrategyT::SharedPtr, std::shared_ptr<rclcpp::topic_statistics::SubscriptionTopicStatistics<CallbackMessageT> >) [with MessageT = base_interfaces_demo::msg::Student_<std::allocator<void> >; CallbackT = std::_Bind<void (ListenerStu::*(ListenerStu*, std::_Placeholder<1>))(const base_interfaces_demo::msg::Student_<std::allocator<void> >&)>; AllocatorT = std::allocator<void>; CallbackMessageT = const base_interfaces_demo::msg::Student_<std::allocator<void> >&; SubscriptionT = rclcpp::Subscription<const base_interfaces_demo::msg::Student_<std::allocator<void> >&, std::allocator<void>, rclcpp::message_memory_strategy::MessageMemoryStrategy<const base_interfaces_demo::msg::Student_<std::allocator<void> >&, std::allocator<void> > >; MessageMemoryStrategyT = rclcpp::message_memory_strategy::MessageMemoryStrategy<const base_interfaces_demo::msg::Student_<std::allocator<void> >&, std::allocator<void> >; typename MessageMemoryStrategyT::SharedPtr = std::shared_ptr<rclcpp::message_memory_strategy::MessageMemoryStrategy<const base_interfaces_demo::msg::Student_<std::allocator<void> >&, std::allocator<void> > >][m[K’
[3.190s] [01m[K/opt/ros/foxy/include/rclcpp/create_subscription.hpp:154:63:[m[K   required from ‘[01m[Kstd::shared_ptr<SubscriptionT> rclcpp::create_subscription(NodeT&&, const string&, const rclcpp::QoS&, CallbackT&&, const rclcpp::SubscriptionOptionsWithAllocator<AllocatorT>&, typename MessageMemoryStrategyT::SharedPtr) [with MessageT = base_interfaces_demo::msg::Student_<std::allocator<void> >; CallbackT = std::_Bind<void (ListenerStu::*(ListenerStu*, std::_Placeholder<1>))(const base_interfaces_demo::msg::Student_<std::allocator<void> >&)>; AllocatorT = std::allocator<void>; CallbackMessageT = const base_interfaces_demo::msg::Student_<std::allocator<void> >&; SubscriptionT = rclcpp::Subscription<const base_interfaces_demo::msg::Student_<std::allocator<void> >&, std::allocator<void>, rclcpp::message_memory_strategy::MessageMemoryStrategy<const base_interfaces_demo::msg::Student_<std::allocator<void> >&, std::allocator<void> > >; MessageMemoryStrategyT = rclcpp::message_memory_strategy::MessageMemoryStrategy<const base_interfaces_demo::msg::Student_<std::allocator<void> >&, std::allocator<void> >; NodeT = rclcpp::Node&; std::string = std::__cxx11::basic_string<char>; typename MessageMemoryStrategyT::SharedPtr = std::shared_ptr<rclcpp::message_memory_strategy::MessageMemoryStrategy<const base_interfaces_demo::msg::Student_<std::allocator<void> >&, std::allocator<void> > >][m[K’
[3.190s] [01m[K/opt/ros/foxy/include/rclcpp/node_impl.hpp:98:47:[m[K   required from ‘[01m[Kstd::shared_ptr<SubscriptionT> rclcpp::Node::create_subscription(const string&, const rclcpp::QoS&, CallbackT&&, const rclcpp::SubscriptionOptionsWithAllocator<AllocatorT>&, typename MessageMemoryStrategyT::SharedPtr) [with MessageT = base_interfaces_demo::msg::Student_<std::allocator<void> >; CallbackT = std::_Bind<void (ListenerStu::*(ListenerStu*, std::_Placeholder<1>))(const base_interfaces_demo::msg::Student_<std::allocator<void> >&)>; AllocatorT = std::allocator<void>; CallbackMessageT = const base_interfaces_demo::msg::Student_<std::allocator<void> >&; SubscriptionT = rclcpp::Subscription<const base_interfaces_demo::msg::Student_<std::allocator<void> >&, std::allocator<void>, rclcpp::message_memory_strategy::MessageMemoryStrategy<const base_interfaces_demo::msg::Student_<std::allocator<void> >&, std::allocator<void> > >; MessageMemoryStrategyT = rclcpp::message_memory_strategy::MessageMemoryStrategy<const base_interfaces_demo::msg::Student_<std::allocator<void> >&, std::allocator<void> >; std::string = std::__cxx11::basic_string<char>; typename MessageMemoryStrategyT::SharedPtr = std::shared_ptr<rclcpp::message_memory_strategy::MessageMemoryStrategy<const base_interfaces_demo::msg::Student_<std::allocator<void> >&, std::allocator<void> > >][m[K’
[3.190s] [01m[K/home/hw_learn/ws_ros2/ws01_plumbing/src/cpp01_topic/src/demo04_listener_stu.cpp:24:68:[m[K   required from here
[3.190s] [01m[K/usr/include/c++/9/bits/allocator.h:116:26:[m[K [01;31m[Kerror: [m[Kforming pointer to reference type ‘[01m[Kconst base_interfaces_demo::msg::Student_<std::allocator<void> >&[m[K’
[3.191s]   116 |       typedef _Tp*       [01;31m[Kpointer[m[K;
[3.191s]       |                          [01;31m[K^~~~~~~[m[K
[3.191s] [01m[K/usr/include/c++/9/bits/allocator.h:117:26:[m[K [01;31m[Kerror: [m[Kforming pointer to reference type ‘[01m[Kconst base_interfaces_demo::msg::Student_<std::allocator<void> >&[m[K’
[3.191s]   117 |       typedef const _Tp* [01;31m[Kconst_pointer[m[K;
[3.191s]       |                          [01;31m[K^~~~~~~~~~~~~[m[K
[3.675s] In file included from [01m[K/usr/include/c++/9/bits/shared_ptr.h:52[m[K,
[3.675s]                  from [01m[K/usr/include/c++/9/memory:81[m[K,
[3.675s]                  from [01m[K/opt/ros/foxy/include/rosidl_runtime_cpp/bounded_vector.hpp:19[m[K,
[3.675s]                  from [01m[K/home/hw_learn/ws_ros2/ws01_plumbing/install/base_interfaces_demo/include/base_interfaces_demo/msg/detail/student__struct.hpp:8[m[K,
[3.675s]                  from [01m[K/home/hw_learn/ws_ros2/ws01_plumbing/install/base_interfaces_demo/include/base_interfaces_demo/msg/student.hpp:7[m[K,
[3.675s]                  from [01m[K/home/hw_learn/ws_ros2/ws01_plumbing/src/cpp01_topic/src/demo04_listener_stu.cpp:13[m[K:
[3.675s] /usr/include/c++/9/bits/shared_ptr_base.h: In instantiation of ‘[01m[Kclass std::__shared_ptr_access<const base_interfaces_demo::msg::Student_<std::allocator<void> >&, __gnu_cxx::_S_atomic, false, false>[m[K’:
[3.675s] [01m[K/usr/include/c++/9/bits/shared_ptr_base.h:1080:11:[m[K   required from ‘[01m[Kclass std::__shared_ptr<const base_interfaces_demo::msg::Student_<std::allocator<void> >&, __gnu_cxx::_S_atomic>[m[K’
[3.675s] [01m[K/opt/ros/foxy/include/rclcpp/message_memory_strategy.hpp:85:37:[m[K   recursively required from ‘[01m[Kstd::shared_ptr<_Tp> rclcpp::message_memory_strategy::MessageMemoryStrategy<MessageT, Alloc>::borrow_message() [with MessageT = const base_interfaces_demo::msg::Student_<std::allocator<void> >&; Alloc = std::allocator<void>][m[K’
[3.675s] [01m[K/opt/ros/foxy/include/rclcpp/message_memory_strategy.hpp:85:37:[m[K   required from here
[3.675s] [01m[K/usr/include/c++/9/bits/shared_ptr_base.h:1012:7:[m[K [01;31m[Kerror: [m[Kforming pointer to reference type ‘[01m[Kstd::__shared_ptr_access<const base_interfaces_demo::msg::Student_<std::allocator<void> >&, __gnu_cxx::_S_atomic, false, false>::element_type[m[K’ {aka ‘[01m[Kconst base_interfaces_demo::msg::Student_<std::allocator<void> >&[m[K’}
[3.676s]  1012 |       [01;31m[Koperator[m[K->() const noexcept
[3.676s]       |       [01;31m[K^~~~~~~~[m[K
[3.676s] [01m[K/usr/include/c++/9/bits/shared_ptr_base.h:1020:7:[m[K [01;31m[Kerror: [m[Kforming pointer to reference type ‘[01m[Kstd::__shared_ptr_access<const base_interfaces_demo::msg::Student_<std::allocator<void> >&, __gnu_cxx::_S_atomic, false, false>::element_type[m[K’ {aka ‘[01m[Kconst base_interfaces_demo::msg::Student_<std::allocator<void> >&[m[K’}
[3.676s]  1020 |       [01;31m[K_M_get[m[K() const noexcept
[3.676s]       |       [01;31m[K^~~~~~[m[K
[3.676s] /usr/include/c++/9/bits/shared_ptr_base.h: In instantiation of ‘[01m[Kclass std::__shared_ptr<const base_interfaces_demo::msg::Student_<std::allocator<void> >&, __gnu_cxx::_S_atomic>[m[K’:
[3.676s] [01m[K/opt/ros/foxy/include/rclcpp/message_memory_strategy.hpp:85:37:[m[K   recursively required from ‘[01m[Kstd::shared_ptr<_Tp> rclcpp::message_memory_strategy::MessageMemoryStrategy<MessageT, Alloc>::borrow_message() [with MessageT = const base_interfaces_demo::msg::Student_<std::allocator<void> >&; Alloc = std::allocator<void>][m[K’
[3.676s] [01m[K/opt/ros/foxy/include/rclcpp/message_memory_strategy.hpp:85:37:[m[K   required from here
[3.676s] [01m[K/usr/include/c++/9/bits/shared_ptr_base.h:1094:8:[m[K [01;31m[Kerror: [m[Kforming pointer to reference type ‘[01m[Kconst base_interfaces_demo::msg::Student_<std::allocator<void> >&[m[K’
[3.676s]  1094 |  using [01;31m[K_Compatible[m[K = typename
[3.676s]       |        [01;31m[K^~~~~~~~~~~[m[K
[3.676s] [01m[K/usr/include/c++/9/bits/shared_ptr_base.h:1104:8:[m[K [01;31m[Kerror: [m[Kforming pointer to reference type ‘[01m[Kconst base_interfaces_demo::msg::Student_<std::allocator<void> >&[m[K’
[3.676s]  1104 |  using [01;31m[K_UniqCompatible[m[K = typename enable_if<__and_<
[3.676s]       |        [01;31m[K^~~~~~~~~~~~~~~[m[K
[3.677s] [01m[K/usr/include/c++/9/bits/shared_ptr_base.h:1162:2:[m[K [01;31m[Kerror: [m[Kforming pointer to reference type ‘[01m[Kstd::__shared_ptr<const base_interfaces_demo::msg::Student_<std::allocator<void> >&, __gnu_cxx::_S_atomic>::element_type[m[K’ {aka ‘[01m[Kconst base_interfaces_demo::msg::Student_<std::allocator<void> >&[m[K’}
[3.677s]  1162 |  [01;31m[K__shared_ptr[m[K(const __shared_ptr<_Yp, _Lp>& __r,
[3.677s]       |  [01;31m[K^~~~~~~~~~~~[m[K
[3.677s] /usr/include/c++/9/bits/shared_ptr_base.h: In substitution of ‘[01m[Ktemplate<class _Tp, __gnu_cxx::_Lock_policy _Lp> template<class _Yp, class _Res> using _Compatible = typename std::enable_if<std::__sp_compatible_with<_Yp*, _Tp*>::value, _Res>::type [with _Yp = _Yp; _Res = void; _Tp = const base_interfaces_demo::msg::Student_<std::allocator<void> >&; __gnu_cxx::_Lock_policy _Lp = __gnu_cxx::_S_atomic][m[K’:
[3.677s] [01m[K/usr/include/c++/9/bits/shared_ptr_base.h:1172:2:[m[K   required from ‘[01m[Kclass std::__shared_ptr<const base_interfaces_demo::msg::Student_<std::allocator<void> >&, __gnu_cxx::_S_atomic>[m[K’
[3.677s] [01m[K/opt/ros/foxy/include/rclcpp/message_memory_strategy.hpp:85:37:[m[K   recursively required from ‘[01m[Kstd::shared_ptr<_Tp> rclcpp::message_memory_strategy::MessageMemoryStrategy<MessageT, Alloc>::borrow_message() [with MessageT = const base_interfaces_demo::msg::Student_<std::allocator<void> >&; Alloc = std::allocator<void>][m[K’
[3.677s] [01m[K/opt/ros/foxy/include/rclcpp/message_memory_strategy.hpp:85:37:[m[K   required from here
[3.677s] [01m[K/usr/include/c++/9/bits/shared_ptr_base.h:1094:8:[m[K [01;31m[Kerror: [m[Kforming pointer to reference type ‘[01m[Kconst base_interfaces_demo::msg::Student_<std::allocator<void> >&[m[K’
[3.677s]  1094 |  using [01;31m[K_Compatible[m[K = typename
[3.677s]       |        [01;31m[K^~~~~~~~~~~[m[K
[3.677s] /usr/include/c++/9/bits/shared_ptr_base.h: In substitution of ‘[01m[Ktemplate<class _Tp, __gnu_cxx::_Lock_policy _Lp> template<class _Yp, class _Del, class _Res, class _Ptr> using _UniqCompatible = typename std::enable_if<std::__and_<std::__sp_compatible_with<_Yp*, _Tp*>, std::is_convertible<_Ptr, typename std::remove_extent<_Up>::type*> >::value, _Res>::type [with _Yp = _Yp; _Del = _Del; _Res = void; _Ptr = typename std::unique_ptr<_Tp, _Dp>::pointer; _Tp = const base_interfaces_demo::msg::Student_<std::allocator<void> >&; __gnu_cxx::_Lock_policy _Lp = __gnu_cxx::_S_atomic][m[K’:
[3.677s] [01m[K/usr/include/c++/9/bits/shared_ptr_base.h:1203:2:[m[K   required from ‘[01m[Kclass std::__shared_ptr<const base_interfaces_demo::msg::Student_<std::allocator<void> >&, __gnu_cxx::_S_atomic>[m[K’
[3.677s] [01m[K/opt/ros/foxy/include/rclcpp/message_memory_strategy.hpp:85:37:[m[K   recursively required from ‘[01m[Kstd::shared_ptr<_Tp> rclcpp::message_memory_strategy::MessageMemoryStrategy<MessageT, Alloc>::borrow_message() [with MessageT = const base_interfaces_demo::msg::Student_<std::allocator<void> >&; Alloc = std::allocator<void>][m[K’
[3.677s] [01m[K/opt/ros/foxy/include/rclcpp/message_memory_strategy.hpp:85:37:[m[K   required from here
[3.677s] [01m[K/usr/include/c++/9/bits/shared_ptr_base.h:1104:8:[m[K [01;31m[Kerror: [m[Kforming pointer to reference type ‘[01m[Kconst base_interfaces_demo::msg::Student_<std::allocator<void> >&[m[K’
[3.677s]  1104 |  using [01;31m[K_UniqCompatible[m[K = typename enable_if<__and_<
[3.678s]       |        [01;31m[K^~~~~~~~~~~~~~~[m[K
[3.678s] /usr/include/c++/9/bits/shared_ptr_base.h: In instantiation of ‘[01m[Kclass std::__shared_ptr<const base_interfaces_demo::msg::Student_<std::allocator<void> >&, __gnu_cxx::_S_atomic>[m[K’:
[3.678s] [01m[K/opt/ros/foxy/include/rclcpp/message_memory_strategy.hpp:85:37:[m[K   recursively required from ‘[01m[Kstd::shared_ptr<_Tp> rclcpp::message_memory_strategy::MessageMemoryStrategy<MessageT, Alloc>::borrow_message() [with MessageT = const base_interfaces_demo::msg::Student_<std::allocator<void> >&; Alloc = std::allocator<void>][m[K’
[3.678s] [01m[K/opt/ros/foxy/include/rclcpp/message_memory_strategy.hpp:85:37:[m[K   required from here
[3.678s] [01m[K/usr/include/c++/9/bits/shared_ptr_base.h:1219:2:[m[K [01;31m[Kerror: [m[Kforming pointer to reference type ‘[01m[Kconst base_interfaces_demo::msg::Student_<std::allocator<void> >&[m[K’
[3.678s]  1219 |  [01;31m[K__shared_ptr[m[K(unique_ptr<_Tp1, _Del>&& __r, __sp_array_delete)
[3.678s]       |  [01;31m[K^~~~~~~~~~~~[m[K
[3.678s] [01m[K/usr/include/c++/9/bits/shared_ptr_base.h:1309:7:[m[K [01;31m[Kerror: [m[Kforming pointer to reference type ‘[01m[Kstd::__shared_ptr<const base_interfaces_demo::msg::Student_<std::allocator<void> >&, __gnu_cxx::_S_atomic>::element_type[m[K’ {aka ‘[01m[Kconst base_interfaces_demo::msg::Student_<std::allocator<void> >&[m[K’}
[3.678s]  1309 |       [01;31m[Kget[m[K() const noexcept
[3.678s]       |       [01;31m[K^~~[m[K
[3.678s] [01m[K/usr/include/c++/9/bits/shared_ptr_base.h:1404:24:[m[K [01;31m[Kerror: [m[Kforming pointer to reference type ‘[01m[Kstd::__shared_ptr<const base_interfaces_demo::msg::Student_<std::allocator<void> >&, __gnu_cxx::_S_atomic>::element_type[m[K’ {aka ‘[01m[Kconst base_interfaces_demo::msg::Student_<std::allocator<void> >&[m[K’}
[3.678s]  1404 |       element_type*    [01;31m[K_M_ptr[m[K;         // Contained pointer.
[3.678s]       |                        [01;31m[K^~~~~~[m[K
[3.678s] In file included from [01m[K/usr/include/c++/9/memory:81[m[K,
[3.678s]                  from [01m[K/opt/ros/foxy/include/rosidl_runtime_cpp/bounded_vector.hpp:19[m[K,
[3.679s]                  from [01m[K/home/hw_learn/ws_ros2/ws01_plumbing/install/base_interfaces_demo/include/base_interfaces_demo/msg/detail/student__struct.hpp:8[m[K,
[3.679s]                  from [01m[K/home/hw_learn/ws_ros2/ws01_plumbing/install/base_interfaces_demo/include/base_interfaces_demo/msg/student.hpp:7[m[K,
[3.679s]                  from [01m[K/home/hw_learn/ws_ros2/ws01_plumbing/src/cpp01_topic/src/demo04_listener_stu.cpp:13[m[K:
[3.679s] /usr/include/c++/9/bits/shared_ptr.h: In instantiation of ‘[01m[Kclass std::shared_ptr<const base_interfaces_demo::msg::Student_<std::allocator<void> >&>[m[K’:
[3.679s] [01m[K/opt/ros/foxy/include/rclcpp/message_memory_strategy.hpp:85:37:[m[K   recursively required from ‘[01m[Kstd::shared_ptr<_Tp> rclcpp::message_memory_strategy::MessageMemoryStrategy<MessageT, Alloc>::borrow_message() [with MessageT = const base_interfaces_demo::msg::Student_<std::allocator<void> >&; Alloc = std::allocator<void>][m[K’
[3.679s] [01m[K/opt/ros/foxy/include/rclcpp/message_memory_strategy.hpp:85:37:[m[K   required from here
[3.679s] [01m[K/usr/include/c++/9/bits/shared_ptr.h:234:2:[m[K [01;31m[Kerror: [m[Kforming pointer to reference type ‘[01m[Kstd::shared_ptr<const base_interfaces_demo::msg::Student_<std::allocator<void> >&>::element_type[m[K’ {aka ‘[01m[Kconst base_interfaces_demo::msg::Student_<std::allocator<void> >&[m[K’}
[3.679s]   234 |  [01;31m[Kshared_ptr[m[K(const shared_ptr<_Yp>& __r, element_type* __p) noexcept
[3.679s]       |  [01;31m[K^~~~~~~~~~[m[K
[3.685s] In file included from [01m[K/usr/include/c++/9/bits/shared_ptr.h:52[m[K,
[3.685s]                  from [01m[K/usr/include/c++/9/memory:81[m[K,
[3.685s]                  from [01m[K/opt/ros/foxy/include/rosidl_runtime_cpp/bounded_vector.hpp:19[m[K,
[3.685s]                  from [01m[K/home/hw_learn/ws_ros2/ws01_plumbing/install/base_interfaces_demo/include/base_interfaces_demo/msg/detail/student__struct.hpp:8[m[K,
[3.685s]                  from [01m[K/home/hw_learn/ws_ros2/ws01_plumbing/install/base_interfaces_demo/include/base_interfaces_demo/msg/student.hpp:7[m[K,
[3.685s]                  from [01m[K/home/hw_learn/ws_ros2/ws01_plumbing/src/cpp01_topic/src/demo04_listener_stu.cpp:13[m[K:
[3.686s] /usr/include/c++/9/bits/shared_ptr_base.h: In instantiation of ‘[01m[Kconstexpr std::__shared_ptr<_Tp, _Lp>::__shared_ptr() [with _Tp = const base_interfaces_demo::msg::Student_<std::allocator<void> >&; __gnu_cxx::_Lock_policy _Lp = __gnu_cxx::_S_atomic][m[K’:
[3.686s] [01m[K/usr/include/c++/9/bits/shared_ptr_base.h:1287:9:[m[K   required from ‘[01m[Kvoid std::__shared_ptr<_Tp, _Lp>::reset() [with _Tp = const base_interfaces_demo::msg::Student_<std::allocator<void> >&; __gnu_cxx::_Lock_policy _Lp = __gnu_cxx::_S_atomic][m[K’
[3.686s] [01m[K/opt/ros/foxy/include/rclcpp/message_memory_strategy.hpp:109:5:[m[K   required from ‘[01m[Kvoid rclcpp::message_memory_strategy::MessageMemoryStrategy<MessageT, Alloc>::return_message(std::shared_ptr<_Tp>&) [with MessageT = const base_interfaces_demo::msg::Student_<std::allocator<void> >&; Alloc = std::allocator<void>][m[K’
[3.686s] [01m[K/opt/ros/foxy/include/rclcpp/message_memory_strategy.hpp:107:16:[m[K   required from here
[3.686s] [01m[K/usr/include/c++/9/bits/shared_ptr_base.h:1119:32:[m[K [01;31m[Kerror: [m[Kusing invalid field ‘[01m[Kstd::__shared_ptr<_Tp, _Lp>::_M_ptr[m[K’
[3.686s]  1119 |       : _M_ptr(0), _M_refcount([01;31m[K)[m[K
[3.686s]       |                                [01;31m[K^[m[K
[3.686s] /usr/include/c++/9/bits/shared_ptr_base.h: In instantiation of ‘[01m[Kvoid std::__shared_ptr<_Tp, _Lp>::swap(std::__shared_ptr<_Tp, _Lp>&) [with _Tp = const base_interfaces_demo::msg::Student_<std::allocator<void> >&; __gnu_cxx::_Lock_policy _Lp = __gnu_cxx::_S_atomic][m[K’:
[3.686s] [01m[K/usr/include/c++/9/bits/shared_ptr_base.h:1287:24:[m[K   required from ‘[01m[Kvoid std::__shared_ptr<_Tp, _Lp>::reset() [with _Tp = const base_interfaces_demo::msg::Student_<std::allocator<void> >&; __gnu_cxx::_Lock_policy _Lp = __gnu_cxx::_S_atomic][m[K’
[3.686s] [01m[K/opt/ros/foxy/include/rclcpp/message_memory_strategy.hpp:109:5:[m[K   required from ‘[01m[Kvoid rclcpp::message_memory_strategy::MessageMemoryStrategy<MessageT, Alloc>::return_message(std::shared_ptr<_Tp>&) [with MessageT = const base_interfaces_demo::msg::Student_<std::allocator<void> >&; Alloc = std::allocator<void>][m[K’
[3.686s] [01m[K/opt/ros/foxy/include/rclcpp/message_memory_strategy.hpp:107:16:[m[K   required from here
[3.686s] [01m[K/usr/include/c++/9/bits/shared_ptr_base.h:1326:12:[m[K [01;31m[Kerror: [m[Kusing invalid field ‘[01m[Kstd::__shared_ptr<_Tp, _Lp>::_M_ptr[m[K’
[3.686s]  1326 |  std::swap([01;31m[K_M_ptr[m[K, __other._M_ptr);
[3.686s]       |            [01;31m[K^~~~~~[m[K
[3.686s] [01m[K/usr/include/c++/9/bits/shared_ptr_base.h:1326:28:[m[K [01;31m[Kerror: [m[K‘[01m[Kclass std::__shared_ptr<const base_interfaces_demo::msg::Student_<std::allocator<void> >&, __gnu_cxx::_S_atomic>[m[K’ has no member named ‘[01m[K_M_ptr[m[K’
[3.687s]  1326 |  std::swap(_M_ptr, [01;31m[K__other._M_ptr[m[K);
[3.687s]       |                    [01;31m[K~~~~~~~~^~~~~~[m[K
[3.698s] In file included from [01m[K/usr/include/c++/9/future:48[m[K,
[3.698s]                  from [01m[K/opt/ros/foxy/include/rclcpp/executors.hpp:18[m[K,
[3.698s]                  from [01m[K/opt/ros/foxy/include/rclcpp/rclcpp.hpp:146[m[K,
[3.698s]                  from [01m[K/home/hw_learn/ws_ros2/ws01_plumbing/src/cpp01_topic/src/demo04_listener_stu.cpp:14[m[K:
[3.698s] [01m[K/usr/include/c++/9/bits/std_function.h:[m[K At global scope:
[3.698s] [01m[K/usr/include/c++/9/bits/std_function.h:667:7:[m[K [01;31m[Kerror: [m[K‘[01m[Kstd::function<_Res(_ArgTypes ...)>::function(_Functor) [with _Functor = rclcpp::create_subscription_factory(CallbackT&&, const rclcpp::SubscriptionOptionsWithAllocator<AllocatorT>&, typename MessageMemoryStrategyT::SharedPtr, std::shared_ptr<rclcpp::topic_statistics::SubscriptionTopicStatistics<CallbackMessageT> >) [with MessageT = base_interfaces_demo::msg::Student_<std::allocator<void> >; CallbackT = std::_Bind<void (ListenerStu::*(ListenerStu*, std::_Placeholder<1>))(const base_interfaces_demo::msg::Student_<std::allocator<void> >&)>; AllocatorT = std::allocator<void>; CallbackMessageT = const base_interfaces_demo::msg::Student_<std::allocator<void> >&; SubscriptionT = rclcpp::Subscription<const base_interfaces_demo::msg::Student_<std::allocator<void> >&, std::allocator<void>, rclcpp::message_memory_strategy::MessageMemoryStrategy<const base_interfaces_demo::msg::Student_<std::allocator<void> >&, std::allocator<void> > >; MessageMemoryStrategyT = rclcpp::message_memory_strategy::MessageMemoryStrategy<const base_interfaces_demo::msg::Student_<std::allocator<void> >&, std::allocator<void> >; typename MessageMemoryStrategyT::SharedPtr = std::shared_ptr<rclcpp::message_memory_strategy::MessageMemoryStrategy<const base_interfaces_demo::msg::Student_<std::allocator<void> >&, std::allocator<void> > >]::<lambda(rclcpp::node_interfaces::NodeBaseInterface*, const string&, const rclcpp::QoS&)>; <template-parameter-2-2> = void; <template-parameter-2-3> = void; _Res = std::shared_ptr<rclcpp::SubscriptionBase>; _ArgTypes = {rclcpp::node_interfaces::NodeBaseInterface*, const std::__cxx11::basic_string<char, std::char_traits<char>, std::allocator<char> >&, const rclcpp::QoS&}][m[K’, declared using local type ‘[01m[Krclcpp::create_subscription_factory(CallbackT&&, const rclcpp::SubscriptionOptionsWithAllocator<AllocatorT>&, typename MessageMemoryStrategyT::SharedPtr, std::shared_ptr<rclcpp::topic_statistics::SubscriptionTopicStatistics<CallbackMessageT> >) [with MessageT = base_interfaces_demo::msg::Student_<std::allocator<void> >; CallbackT = std::_Bind<void (ListenerStu::*(ListenerStu*, std::_Placeholder<1>))(const base_interfaces_demo::msg::Student_<std::allocator<void> >&)>; AllocatorT = std::allocator<void>; CallbackMessageT = const base_interfaces_demo::msg::Student_<std::allocator<void> >&; SubscriptionT = rclcpp::Subscription<const base_interfaces_demo::msg::Student_<std::allocator<void> >&, std::allocator<void>, rclcpp::message_memory_strategy::MessageMemoryStrategy<const base_interfaces_demo::msg::Student_<std::allocator<void> >&, std::allocator<void> > >; MessageMemoryStrategyT = rclcpp::message_memory_strategy::MessageMemoryStrategy<const base_interfaces_demo::msg::Student_<std::allocator<void> >&, std::allocator<void> >; typename MessageMemoryStrategyT::SharedPtr = std::shared_ptr<rclcpp::message_memory_strategy::MessageMemoryStrategy<const base_interfaces_demo::msg::Student_<std::allocator<void> >&, std::allocator<void> > >]::<lambda(rclcpp::node_interfaces::NodeBaseInterface*, const string&, const rclcpp::QoS&)>[m[K’, is used but never defined [[01;31m[K-fpermissive[m[K]
[3.699s]   667 |       [01;31m[Kfunction<_Res(_ArgTypes...)>[m[K::
[3.699s]       |       [01;31m[K^~~~~~~~~~~~~~~~~~~~~~~~~~~~[m[K
[3.773s] make[2]: *** [CMakeFiles/demo04_listener_stu.dir/build.make:63: CMakeFiles/demo04_listener_stu.dir/src/demo04_listener_stu.cpp.o] Error 1
[3.773s] make[1]: *** [CMakeFiles/Makefile2:84: CMakeFiles/demo04_listener_stu.dir/all] Error 2
[3.773s] make[1]: *** Waiting for unfinished jobs....
[5.379s] [ 62%] [32m[1mLinking CXX executable demo01_talker_str[0m
[5.496s] [ 75%] [32m[1mLinking CXX executable demo03_talker_stu[0m
[5.648s] [ 75%] Built target demo01_talker_str
[5.702s] [ 75%] Built target demo03_talker_stu
[6.326s] [ 87%] [32m[1mLinking CXX executable demo02_listener_str[0m
[6.577s] [ 87%] Built target demo02_listener_str
[6.578s] make: *** [Makefile:141: all] Error 2
[6.581s] Invoked command in '/home/hw_learn/ws_ros2/ws01_plumbing/build/cpp01_topic' returned '2': AMENT_PREFIX_PATH=/home/hw_learn/ws_ros2/ws01_plumbing/install/base_interfaces_demo:${AMENT_PREFIX_PATH} CMAKE_PREFIX_PATH=/home/hw_learn/ws_ros2/ws01_plumbing/install/base_interfaces_demo:/home/hw_learn/dev_ws/install/learning_pkg_c:/home/hw_learn/dev_ws/install/learning_interface:/opt/ros/foxy:/home/hw_learn/dev_ws/install/learning_urdf:/home/hw_learn/dev_ws/install/learning_topic:/home/hw_learn/dev_ws/install/learning_tf:/home/hw_learn/dev_ws/install/learning_service:/home/hw_learn/dev_ws/install/learning_qos:/home/hw_learn/dev_ws/install/learning_pkg_python:/home/hw_learn/dev_ws/install/learning_parameter:/home/hw_learn/dev_ws/install/learning_node:/home/hw_learn/dev_ws/install/learning_launch:/home/hw_learn/dev_ws/install/learning_action:/home/hw_learn/dev_ws/install/learning_gazebo LD_LIBRARY_PATH=/home/hw_learn/ws_ros2/ws01_plumbing/install/base_interfaces_demo/lib:${LD_LIBRARY_PATH} PYTHONPATH=/home/hw_learn/ws_ros2/ws01_plumbing/install/base_interfaces_demo/lib/python3.8/site-packages:${PYTHONPATH} /usr/bin/cmake --build /home/hw_learn/ws_ros2/ws01_plumbing/build/cpp01_topic -- -j128 -l128
