[35m[1mScanning dependencies of target exer03_client[0m
[ 33%] Built target exer01_pub_sub
[ 66%] Built target exer02_server
[ 83%] [32mBuilding CXX object CMakeFiles/exer03_client.dir/src/exer03_client.cpp.o[0m
[100%] [32m[1mLinking CXX executable exer03_client[0m
[100%] Built target exer03_client
-- Install configuration: ""
-- Up-to-date: /home/hw_learn/ws_ros2/ws01_plumbing/install/cpp07_exercise/lib/cpp07_exercise/exer01_pub_sub
-- Up-to-date: /home/hw_learn/ws_ros2/ws01_plumbing/install/cpp07_exercise/lib/cpp07_exercise/exer02_server
-- Installing: /home/hw_learn/ws_ros2/ws01_plumbing/install/cpp07_exercise/lib/cpp07_exercise/exer03_client
-- Set runtime path of "/home/hw_learn/ws_ros2/ws01_plumbing/install/cpp07_exercise/lib/cpp07_exercise/exer03_client" to ""
-- Up-to-date: /home/hw_learn/ws_ros2/ws01_plumbing/install/cpp07_exercise/share/cpp07_exercise/launch
-- Up-to-date: /home/hw_learn/ws_ros2/ws01_plumbing/install/cpp07_exercise/share/cpp07_exercise/launch/exer01_pub_sub_launch.py
-- Up-to-date: /home/hw_learn/ws_ros2/ws01_plumbing/install/cpp07_exercise/share/cpp07_exercise/launch/exer02_server_launch.py
-- Up-to-date: /home/hw_learn/ws_ros2/ws01_plumbing/install/cpp07_exercise/share/cpp07_exercise/launch/exer03_client_launch.py
-- Up-to-date: /home/hw_learn/ws_ros2/ws01_plumbing/install/cpp07_exercise/share/ament_index/resource_index/package_run_dependencies/cpp07_exercise
-- Up-to-date: /home/hw_learn/ws_ros2/ws01_plumbing/install/cpp07_exercise/share/ament_index/resource_index/parent_prefix_path/cpp07_exercise
-- Up-to-date: /home/hw_learn/ws_ros2/ws01_plumbing/install/cpp07_exercise/share/cpp07_exercise/environment/ament_prefix_path.sh
-- Up-to-date: /home/hw_learn/ws_ros2/ws01_plumbing/install/cpp07_exercise/share/cpp07_exercise/environment/ament_prefix_path.dsv
-- Up-to-date: /home/hw_learn/ws_ros2/ws01_plumbing/install/cpp07_exercise/share/cpp07_exercise/environment/path.sh
-- Up-to-date: /home/hw_learn/ws_ros2/ws01_plumbing/install/cpp07_exercise/share/cpp07_exercise/environment/path.dsv
-- Up-to-date: /home/hw_learn/ws_ros2/ws01_plumbing/install/cpp07_exercise/share/cpp07_exercise/local_setup.bash
-- Up-to-date: /home/hw_learn/ws_ros2/ws01_plumbing/install/cpp07_exercise/share/cpp07_exercise/local_setup.sh
-- Up-to-date: /home/hw_learn/ws_ros2/ws01_plumbing/install/cpp07_exercise/share/cpp07_exercise/local_setup.zsh
-- Up-to-date: /home/hw_learn/ws_ros2/ws01_plumbing/install/cpp07_exercise/share/cpp07_exercise/local_setup.dsv
-- Installing: /home/hw_learn/ws_ros2/ws01_plumbing/install/cpp07_exercise/share/cpp07_exercise/package.dsv
-- Up-to-date: /home/hw_learn/ws_ros2/ws01_plumbing/install/cpp07_exercise/share/ament_index/resource_index/packages/cpp07_exercise
-- Up-to-date: /home/hw_learn/ws_ros2/ws01_plumbing/install/cpp07_exercise/share/cpp07_exercise/cmake/cpp07_exerciseConfig.cmake
-- Up-to-date: /home/hw_learn/ws_ros2/ws01_plumbing/install/cpp07_exercise/share/cpp07_exercise/cmake/cpp07_exerciseConfig-version.cmake
-- Up-to-date: /home/hw_learn/ws_ros2/ws01_plumbing/install/cpp07_exercise/share/cpp07_exercise/package.xml
