-- Found rosidl_default_generators: 1.0.1 (/opt/ros/foxy/share/rosidl_default_generators/cmake)
-- Found ament_cmake_core: 0.9.9 (/opt/ros/foxy/share/ament_cmake_core/cmake)
-- Found PythonInterp: /usr/bin/python3 (found suitable version "3.8.10", minimum required is "3") 
-- Using PYTHON_EXECUTABLE: /usr/bin/python3
-- Using all available rosidl_typesupport_c: rosidl_typesupport_fastrtps_c;rosidl_typesupport_introspection_c
-- Found rosidl_adapter: 1.2.1 (/opt/ros/foxy/share/rosidl_adapter/cmake)
-- Using all available rosidl_typesupport_cpp: rosidl_typesupport_fastrtps_cpp;rosidl_typesupport_introspection_cpp
-- Found PythonInterp: /usr/bin/python3 (found version "3.8.10") 
-- Found ament_cmake_ros: 0.9.2 (/opt/ros/foxy/share/ament_cmake_ros/cmake)
-- Using all available rosidl_typesupport_c: rosidl_typesupport_fastrtps_c;rosidl_typesupport_introspection_c
-- Using all available rosidl_typesupport_cpp: rosidl_typesupport_fastrtps_cpp;rosidl_typesupport_introspection_cpp
-- Found PythonInterp: /usr/bin/python3 (found suitable version "3.8.10", minimum required is "3.5") 
-- Found python_cmake_module: 0.8.1 (/opt/ros/foxy/share/python_cmake_module/cmake)
-- Using PYTHON_EXECUTABLE: /usr/bin/python3
-- Using PYTHON_INCLUDE_DIRS: /usr/include/python3.8
-- Using PYTHON_LIBRARIES: /usr/lib/x86_64-linux-gnu/libpython3.8.so
-- Found ament_lint_auto: 0.9.6 (/opt/ros/foxy/share/ament_lint_auto/cmake)
-- Configuring done
-- Generating done
-- Build files have been written to: /home/hw_learn/ws_ros2/ws01_plumbing/build/base_interfaces_demo
[35m[1mScanning dependencies of target base_interfaces_demo__cpp[0m
[  1%] [34m[1mGenerating C code for ROS interfaces[0m
[  3%] [34m[1mGenerating C++ code for ROS interfaces[0m
[35m[1mScanning dependencies of target base_interfaces_demo__rosidl_generator_c[0m
[  3%] Built target base_interfaces_demo__cpp
[  4%] [34m[1mGenerating C++ type support dispatch for ROS interfaces[0m
[  7%] [34m[1mGenerating C++ type support for eProsima Fast-RTPS[0m
[  7%] [34m[1mGenerating C++ introspection for ROS interfaces[0m
[ 12%] [32mBuilding C object CMakeFiles/base_interfaces_demo__rosidl_generator_c.dir/rosidl_generator_c/base_interfaces_demo/srv/detail/distance__functions.c.o[0m
[ 12%] [32mBuilding C object CMakeFiles/base_interfaces_demo__rosidl_generator_c.dir/rosidl_generator_c/base_interfaces_demo/msg/detail/student__functions.c.o[0m
[ 12%] [32mBuilding C object CMakeFiles/base_interfaces_demo__rosidl_generator_c.dir/rosidl_generator_c/base_interfaces_demo/srv/detail/add_ints__functions.c.o[0m
[ 14%] [32mBuilding C object CMakeFiles/base_interfaces_demo__rosidl_generator_c.dir/rosidl_generator_c/base_interfaces_demo/action/detail/progress__functions.c.o[0m
[ 15%] [32mBuilding C object CMakeFiles/base_interfaces_demo__rosidl_generator_c.dir/rosidl_generator_c/base_interfaces_demo/action/detail/nav__functions.c.o[0m
[ 17%] [32m[1mLinking C shared library libbase_interfaces_demo__rosidl_generator_c.so[0m
[ 17%] Built target base_interfaces_demo__rosidl_generator_c
[ 20%] [34m[1mGenerating C type support dispatch for ROS interfaces[0m
[ 20%] [34m[1mGenerating C introspection for ROS interfaces[0m
[35m[1mScanning dependencies of target base_interfaces_demo__rosidl_typesupport_cpp[0m
[ 22%] [32mBuilding CXX object CMakeFiles/base_interfaces_demo__rosidl_typesupport_cpp.dir/rosidl_typesupport_cpp/base_interfaces_demo/msg/student__type_support.cpp.o[0m
[ 23%] [32mBuilding CXX object CMakeFiles/base_interfaces_demo__rosidl_typesupport_cpp.dir/rosidl_typesupport_cpp/base_interfaces_demo/srv/add_ints__type_support.cpp.o[0m
[ 25%] [32mBuilding CXX object CMakeFiles/base_interfaces_demo__rosidl_typesupport_cpp.dir/rosidl_typesupport_cpp/base_interfaces_demo/srv/distance__type_support.cpp.o[0m
[ 26%] [32mBuilding CXX object CMakeFiles/base_interfaces_demo__rosidl_typesupport_cpp.dir/rosidl_typesupport_cpp/base_interfaces_demo/action/progress__type_support.cpp.o[0m
[ 28%] [32mBuilding CXX object CMakeFiles/base_interfaces_demo__rosidl_typesupport_cpp.dir/rosidl_typesupport_cpp/base_interfaces_demo/action/nav__type_support.cpp.o[0m
[35m[1mScanning dependencies of target base_interfaces_demo__rosidl_typesupport_introspection_cpp[0m
[ 36%] [32mBuilding CXX object CMakeFiles/base_interfaces_demo__rosidl_typesupport_introspection_cpp.dir/rosidl_typesupport_introspection_cpp/base_interfaces_demo/srv/detail/distance__type_support.cpp.o[0m
[ 36%] [32mBuilding CXX object CMakeFiles/base_interfaces_demo__rosidl_typesupport_introspection_cpp.dir/rosidl_typesupport_introspection_cpp/base_interfaces_demo/srv/detail/add_ints__type_support.cpp.o[0m
[ 36%] [32mBuilding CXX object CMakeFiles/base_interfaces_demo__rosidl_typesupport_introspection_cpp.dir/rosidl_typesupport_introspection_cpp/base_interfaces_demo/msg/detail/student__type_support.cpp.o[0m
[ 36%] [32mBuilding CXX object CMakeFiles/base_interfaces_demo__rosidl_typesupport_introspection_cpp.dir/rosidl_typesupport_introspection_cpp/base_interfaces_demo/action/detail/progress__type_support.cpp.o[0m
[ 36%] [32mBuilding CXX object CMakeFiles/base_interfaces_demo__rosidl_typesupport_introspection_cpp.dir/rosidl_typesupport_introspection_cpp/base_interfaces_demo/action/detail/nav__type_support.cpp.o[0m
[35m[1mScanning dependencies of target base_interfaces_demo__rosidl_typesupport_c[0m
[ 41%] [32mBuilding CXX object CMakeFiles/base_interfaces_demo__rosidl_typesupport_c.dir/rosidl_typesupport_c/base_interfaces_demo/srv/add_ints__type_support.cpp.o[0m
[ 42%] [32mBuilding CXX object CMakeFiles/base_interfaces_demo__rosidl_typesupport_c.dir/rosidl_typesupport_c/base_interfaces_demo/msg/student__type_support.cpp.o[0m
[ 42%] [32mBuilding CXX object CMakeFiles/base_interfaces_demo__rosidl_typesupport_c.dir/rosidl_typesupport_c/base_interfaces_demo/srv/distance__type_support.cpp.o[0m
[ 42%] [32mBuilding CXX object CMakeFiles/base_interfaces_demo__rosidl_typesupport_c.dir/rosidl_typesupport_c/base_interfaces_demo/action/nav__type_support.cpp.o[0m
[ 44%] [32mBuilding CXX object CMakeFiles/base_interfaces_demo__rosidl_typesupport_c.dir/rosidl_typesupport_c/base_interfaces_demo/action/progress__type_support.cpp.o[0m
[ 46%] [32m[1mLinking CXX shared library libbase_interfaces_demo__rosidl_typesupport_c.so[0m
[35m[1mScanning dependencies of target base_interfaces_demo__rosidl_typesupport_fastrtps_cpp[0m
[ 46%] Built target base_interfaces_demo__rosidl_typesupport_c
[ 47%] [32mBuilding CXX object CMakeFiles/base_interfaces_demo__rosidl_typesupport_fastrtps_cpp.dir/rosidl_typesupport_fastrtps_cpp/base_interfaces_demo/msg/detail/dds_fastrtps/student__type_support.cpp.o[0m
[ 49%] [32mBuilding CXX object CMakeFiles/base_interfaces_demo__rosidl_typesupport_fastrtps_cpp.dir/rosidl_typesupport_fastrtps_cpp/base_interfaces_demo/srv/detail/dds_fastrtps/add_ints__type_support.cpp.o[0m
[ 50%] [32mBuilding CXX object CMakeFiles/base_interfaces_demo__rosidl_typesupport_fastrtps_cpp.dir/rosidl_typesupport_fastrtps_cpp/base_interfaces_demo/srv/detail/dds_fastrtps/distance__type_support.cpp.o[0m
[ 52%] [32mBuilding CXX object CMakeFiles/base_interfaces_demo__rosidl_typesupport_fastrtps_cpp.dir/rosidl_typesupport_fastrtps_cpp/base_interfaces_demo/action/detail/dds_fastrtps/progress__type_support.cpp.o[0m
[ 53%] [32mBuilding CXX object CMakeFiles/base_interfaces_demo__rosidl_typesupport_fastrtps_cpp.dir/rosidl_typesupport_fastrtps_cpp/base_interfaces_demo/action/detail/dds_fastrtps/nav__type_support.cpp.o[0m
[35m[1mScanning dependencies of target base_interfaces_demo__rosidl_typesupport_introspection_c[0m
[ 55%] [32m[1mLinking CXX shared library libbase_interfaces_demo__rosidl_typesupport_cpp.so[0m
[ 57%] [32mBuilding C object CMakeFiles/base_interfaces_demo__rosidl_typesupport_introspection_c.dir/rosidl_typesupport_introspection_c/base_interfaces_demo/msg/detail/student__type_support.c.o[0m
[ 58%] [32mBuilding C object CMakeFiles/base_interfaces_demo__rosidl_typesupport_introspection_c.dir/rosidl_typesupport_introspection_c/base_interfaces_demo/srv/detail/add_ints__type_support.c.o[0m
[ 60%] [32mBuilding C object CMakeFiles/base_interfaces_demo__rosidl_typesupport_introspection_c.dir/rosidl_typesupport_introspection_c/base_interfaces_demo/srv/detail/distance__type_support.c.o[0m
[ 61%] [32mBuilding C object CMakeFiles/base_interfaces_demo__rosidl_typesupport_introspection_c.dir/rosidl_typesupport_introspection_c/base_interfaces_demo/action/detail/progress__type_support.c.o[0m
[ 63%] [32mBuilding C object CMakeFiles/base_interfaces_demo__rosidl_typesupport_introspection_c.dir/rosidl_typesupport_introspection_c/base_interfaces_demo/action/detail/nav__type_support.c.o[0m
[ 65%] [32m[1mLinking C shared library libbase_interfaces_demo__rosidl_typesupport_introspection_c.so[0m
[ 65%] Built target base_interfaces_demo__rosidl_typesupport_cpp
[ 65%] Built target base_interfaces_demo__rosidl_typesupport_introspection_c
[ 66%] [32m[1mLinking CXX shared library libbase_interfaces_demo__rosidl_typesupport_introspection_cpp.so[0m
[ 66%] Built target base_interfaces_demo__rosidl_typesupport_introspection_cpp
[ 68%] [32m[1mLinking CXX shared library libbase_interfaces_demo__rosidl_typesupport_fastrtps_cpp.so[0m
[ 68%] Built target base_interfaces_demo__rosidl_typesupport_fastrtps_cpp
[ 69%] [34m[1mGenerating C type support for eProsima Fast-RTPS[0m
[35m[1mScanning dependencies of target base_interfaces_demo__rosidl_typesupport_fastrtps_c[0m
[ 71%] [32mBuilding CXX object CMakeFiles/base_interfaces_demo__rosidl_typesupport_fastrtps_c.dir/rosidl_typesupport_fastrtps_c/base_interfaces_demo/msg/detail/student__type_support_c.cpp.o[0m
[ 73%] [32mBuilding CXX object CMakeFiles/base_interfaces_demo__rosidl_typesupport_fastrtps_c.dir/rosidl_typesupport_fastrtps_c/base_interfaces_demo/srv/detail/add_ints__type_support_c.cpp.o[0m
[ 74%] [32mBuilding CXX object CMakeFiles/base_interfaces_demo__rosidl_typesupport_fastrtps_c.dir/rosidl_typesupport_fastrtps_c/base_interfaces_demo/srv/detail/distance__type_support_c.cpp.o[0m
[ 76%] [32mBuilding CXX object CMakeFiles/base_interfaces_demo__rosidl_typesupport_fastrtps_c.dir/rosidl_typesupport_fastrtps_c/base_interfaces_demo/action/detail/progress__type_support_c.cpp.o[0m
[ 77%] [32mBuilding CXX object CMakeFiles/base_interfaces_demo__rosidl_typesupport_fastrtps_c.dir/rosidl_typesupport_fastrtps_c/base_interfaces_demo/action/detail/nav__type_support_c.cpp.o[0m
[ 79%] [32m[1mLinking CXX shared library libbase_interfaces_demo__rosidl_typesupport_fastrtps_c.so[0m
[ 79%] Built target base_interfaces_demo__rosidl_typesupport_fastrtps_c
[ 79%] Built target base_interfaces_demo
[35m[1mScanning dependencies of target base_interfaces_demo__py[0m
[ 80%] [34m[1mGenerating Python code for ROS interfaces[0m
[ 80%] Built target base_interfaces_demo__py
[35m[1mScanning dependencies of target base_interfaces_demo__python[0m
[ 84%] [32mBuilding C object CMakeFiles/base_interfaces_demo__python.dir/rosidl_generator_py/base_interfaces_demo/srv/_add_ints_s.c.o[0m
[ 84%] [32mBuilding C object CMakeFiles/base_interfaces_demo__python.dir/rosidl_generator_py/base_interfaces_demo/msg/_student_s.c.o[0m
[ 85%] [32mBuilding C object CMakeFiles/base_interfaces_demo__python.dir/rosidl_generator_py/base_interfaces_demo/srv/_distance_s.c.o[0m
[ 87%] [32mBuilding C object CMakeFiles/base_interfaces_demo__python.dir/rosidl_generator_py/base_interfaces_demo/action/_progress_s.c.o[0m
[ 88%] [32mBuilding C object CMakeFiles/base_interfaces_demo__python.dir/rosidl_generator_py/base_interfaces_demo/action/_nav_s.c.o[0m
[ 90%] [32m[1mLinking C shared library rosidl_generator_py/base_interfaces_demo/libbase_interfaces_demo__python.so[0m
[ 90%] Built target base_interfaces_demo__python
[35m[1mScanning dependencies of target base_interfaces_demo__rosidl_typesupport_introspection_c__pyext[0m
[35m[1mScanning dependencies of target base_interfaces_demo__rosidl_typesupport_c__pyext[0m
[35m[1mScanning dependencies of target base_interfaces_demo__rosidl_typesupport_fastrtps_c__pyext[0m
[ 93%] [32mBuilding C object CMakeFiles/base_interfaces_demo__rosidl_typesupport_c__pyext.dir/rosidl_generator_py/base_interfaces_demo/_base_interfaces_demo_s.ep.rosidl_typesupport_c.c.o[0m
[ 93%] [32mBuilding C object CMakeFiles/base_interfaces_demo__rosidl_typesupport_introspection_c__pyext.dir/rosidl_generator_py/base_interfaces_demo/_base_interfaces_demo_s.ep.rosidl_typesupport_introspection_c.c.o[0m
[ 95%] [32mBuilding C object CMakeFiles/base_interfaces_demo__rosidl_typesupport_fastrtps_c__pyext.dir/rosidl_generator_py/base_interfaces_demo/_base_interfaces_demo_s.ep.rosidl_typesupport_fastrtps_c.c.o[0m
[ 96%] [32m[1mLinking CXX shared library rosidl_generator_py/base_interfaces_demo/base_interfaces_demo_s__rosidl_typesupport_fastrtps_c.cpython-38-x86_64-linux-gnu.so[0m
[ 98%] [32m[1mLinking C shared library rosidl_generator_py/base_interfaces_demo/base_interfaces_demo_s__rosidl_typesupport_c.cpython-38-x86_64-linux-gnu.so[0m
[100%] [32m[1mLinking C shared library rosidl_generator_py/base_interfaces_demo/base_interfaces_demo_s__rosidl_typesupport_introspection_c.cpython-38-x86_64-linux-gnu.so[0m
[100%] Built target base_interfaces_demo__rosidl_typesupport_introspection_c__pyext
[100%] Built target base_interfaces_demo__rosidl_typesupport_c__pyext
[100%] Built target base_interfaces_demo__rosidl_typesupport_fastrtps_c__pyext
-- Install configuration: ""
-- Installing: /home/hw_learn/ws_ros2/ws01_plumbing/install/base_interfaces_demo/share/ament_index/resource_index/rosidl_interfaces/base_interfaces_demo
-- Up-to-date: /home/hw_learn/ws_ros2/ws01_plumbing/install/base_interfaces_demo/include/base_interfaces_demo
-- Up-to-date: /home/hw_learn/ws_ros2/ws01_plumbing/install/base_interfaces_demo/include/base_interfaces_demo/msg
-- Up-to-date: /home/hw_learn/ws_ros2/ws01_plumbing/install/base_interfaces_demo/include/base_interfaces_demo/msg/rosidl_generator_c__visibility_control.h
-- Installing: /home/hw_learn/ws_ros2/ws01_plumbing/install/base_interfaces_demo/include/base_interfaces_demo/msg/student.h
-- Up-to-date: /home/hw_learn/ws_ros2/ws01_plumbing/install/base_interfaces_demo/include/base_interfaces_demo/msg/detail
-- Installing: /home/hw_learn/ws_ros2/ws01_plumbing/install/base_interfaces_demo/include/base_interfaces_demo/msg/detail/student__functions.c
-- Installing: /home/hw_learn/ws_ros2/ws01_plumbing/install/base_interfaces_demo/include/base_interfaces_demo/msg/detail/student__functions.h
-- Installing: /home/hw_learn/ws_ros2/ws01_plumbing/install/base_interfaces_demo/include/base_interfaces_demo/msg/detail/student__struct.h
-- Installing: /home/hw_learn/ws_ros2/ws01_plumbing/install/base_interfaces_demo/include/base_interfaces_demo/msg/detail/student__type_support.h
-- Up-to-date: /home/hw_learn/ws_ros2/ws01_plumbing/install/base_interfaces_demo/include/base_interfaces_demo/srv
-- Installing: /home/hw_learn/ws_ros2/ws01_plumbing/install/base_interfaces_demo/include/base_interfaces_demo/srv/add_ints.h
-- Up-to-date: /home/hw_learn/ws_ros2/ws01_plumbing/install/base_interfaces_demo/include/base_interfaces_demo/srv/detail
-- Installing: /home/hw_learn/ws_ros2/ws01_plumbing/install/base_interfaces_demo/include/base_interfaces_demo/srv/detail/add_ints__functions.c
-- Installing: /home/hw_learn/ws_ros2/ws01_plumbing/install/base_interfaces_demo/include/base_interfaces_demo/srv/detail/add_ints__functions.h
-- Installing: /home/hw_learn/ws_ros2/ws01_plumbing/install/base_interfaces_demo/include/base_interfaces_demo/srv/detail/add_ints__struct.h
-- Installing: /home/hw_learn/ws_ros2/ws01_plumbing/install/base_interfaces_demo/include/base_interfaces_demo/srv/detail/add_ints__type_support.h
-- Installing: /home/hw_learn/ws_ros2/ws01_plumbing/install/base_interfaces_demo/include/base_interfaces_demo/srv/detail/distance__functions.c
-- Installing: /home/hw_learn/ws_ros2/ws01_plumbing/install/base_interfaces_demo/include/base_interfaces_demo/srv/detail/distance__functions.h
-- Installing: /home/hw_learn/ws_ros2/ws01_plumbing/install/base_interfaces_demo/include/base_interfaces_demo/srv/detail/distance__struct.h
-- Installing: /home/hw_learn/ws_ros2/ws01_plumbing/install/base_interfaces_demo/include/base_interfaces_demo/srv/detail/distance__type_support.h
-- Installing: /home/hw_learn/ws_ros2/ws01_plumbing/install/base_interfaces_demo/include/base_interfaces_demo/srv/distance.h
-- Up-to-date: /home/hw_learn/ws_ros2/ws01_plumbing/install/base_interfaces_demo/include/base_interfaces_demo/action
-- Installing: /home/hw_learn/ws_ros2/ws01_plumbing/install/base_interfaces_demo/include/base_interfaces_demo/action/progress.h
-- Up-to-date: /home/hw_learn/ws_ros2/ws01_plumbing/install/base_interfaces_demo/include/base_interfaces_demo/action/detail
-- Installing: /home/hw_learn/ws_ros2/ws01_plumbing/install/base_interfaces_demo/include/base_interfaces_demo/action/detail/progress__functions.c
-- Installing: /home/hw_learn/ws_ros2/ws01_plumbing/install/base_interfaces_demo/include/base_interfaces_demo/action/detail/progress__functions.h
-- Installing: /home/hw_learn/ws_ros2/ws01_plumbing/install/base_interfaces_demo/include/base_interfaces_demo/action/detail/progress__struct.h
-- Installing: /home/hw_learn/ws_ros2/ws01_plumbing/install/base_interfaces_demo/include/base_interfaces_demo/action/detail/progress__type_support.h
-- Installing: /home/hw_learn/ws_ros2/ws01_plumbing/install/base_interfaces_demo/include/base_interfaces_demo/action/detail/nav__functions.c
-- Installing: /home/hw_learn/ws_ros2/ws01_plumbing/install/base_interfaces_demo/include/base_interfaces_demo/action/detail/nav__functions.h
-- Installing: /home/hw_learn/ws_ros2/ws01_plumbing/install/base_interfaces_demo/include/base_interfaces_demo/action/detail/nav__struct.h
-- Installing: /home/hw_learn/ws_ros2/ws01_plumbing/install/base_interfaces_demo/include/base_interfaces_demo/action/detail/nav__type_support.h
-- Installing: /home/hw_learn/ws_ros2/ws01_plumbing/install/base_interfaces_demo/include/base_interfaces_demo/action/nav.h
-- Up-to-date: /home/hw_learn/ws_ros2/ws01_plumbing/install/base_interfaces_demo/share/base_interfaces_demo/environment/library_path.sh
-- Installing: /home/hw_learn/ws_ros2/ws01_plumbing/install/base_interfaces_demo/share/base_interfaces_demo/environment/library_path.dsv
-- Installing: /home/hw_learn/ws_ros2/ws01_plumbing/install/base_interfaces_demo/lib/libbase_interfaces_demo__rosidl_generator_c.so
-- Set runtime path of "/home/hw_learn/ws_ros2/ws01_plumbing/install/base_interfaces_demo/lib/libbase_interfaces_demo__rosidl_generator_c.so" to ""
-- Up-to-date: /home/hw_learn/ws_ros2/ws01_plumbing/install/base_interfaces_demo/include/base_interfaces_demo
-- Up-to-date: /home/hw_learn/ws_ros2/ws01_plumbing/install/base_interfaces_demo/include/base_interfaces_demo/msg
-- Up-to-date: /home/hw_learn/ws_ros2/ws01_plumbing/install/base_interfaces_demo/include/base_interfaces_demo/msg/rosidl_typesupport_fastrtps_c__visibility_control.h
-- Up-to-date: /home/hw_learn/ws_ros2/ws01_plumbing/install/base_interfaces_demo/include/base_interfaces_demo/msg/detail
-- Installing: /home/hw_learn/ws_ros2/ws01_plumbing/install/base_interfaces_demo/include/base_interfaces_demo/msg/detail/student__rosidl_typesupport_fastrtps_c.h
-- Up-to-date: /home/hw_learn/ws_ros2/ws01_plumbing/install/base_interfaces_demo/include/base_interfaces_demo/srv
-- Up-to-date: /home/hw_learn/ws_ros2/ws01_plumbing/install/base_interfaces_demo/include/base_interfaces_demo/srv/detail
-- Installing: /home/hw_learn/ws_ros2/ws01_plumbing/install/base_interfaces_demo/include/base_interfaces_demo/srv/detail/add_ints__rosidl_typesupport_fastrtps_c.h
-- Installing: /home/hw_learn/ws_ros2/ws01_plumbing/install/base_interfaces_demo/include/base_interfaces_demo/srv/detail/distance__rosidl_typesupport_fastrtps_c.h
-- Up-to-date: /home/hw_learn/ws_ros2/ws01_plumbing/install/base_interfaces_demo/include/base_interfaces_demo/action
-- Up-to-date: /home/hw_learn/ws_ros2/ws01_plumbing/install/base_interfaces_demo/include/base_interfaces_demo/action/detail
-- Installing: /home/hw_learn/ws_ros2/ws01_plumbing/install/base_interfaces_demo/include/base_interfaces_demo/action/detail/progress__rosidl_typesupport_fastrtps_c.h
-- Installing: /home/hw_learn/ws_ros2/ws01_plumbing/install/base_interfaces_demo/include/base_interfaces_demo/action/detail/nav__rosidl_typesupport_fastrtps_c.h
-- Installing: /home/hw_learn/ws_ros2/ws01_plumbing/install/base_interfaces_demo/lib/libbase_interfaces_demo__rosidl_typesupport_fastrtps_c.so
-- Set runtime path of "/home/hw_learn/ws_ros2/ws01_plumbing/install/base_interfaces_demo/lib/libbase_interfaces_demo__rosidl_typesupport_fastrtps_c.so" to ""
-- Up-to-date: /home/hw_learn/ws_ros2/ws01_plumbing/install/base_interfaces_demo/include/base_interfaces_demo
-- Up-to-date: /home/hw_learn/ws_ros2/ws01_plumbing/install/base_interfaces_demo/include/base_interfaces_demo/msg
-- Up-to-date: /home/hw_learn/ws_ros2/ws01_plumbing/install/base_interfaces_demo/include/base_interfaces_demo/msg/rosidl_typesupport_fastrtps_cpp__visibility_control.h
-- Up-to-date: /home/hw_learn/ws_ros2/ws01_plumbing/install/base_interfaces_demo/include/base_interfaces_demo/msg/detail
-- Installing: /home/hw_learn/ws_ros2/ws01_plumbing/install/base_interfaces_demo/include/base_interfaces_demo/msg/detail/student__rosidl_typesupport_fastrtps_cpp.hpp
-- Up-to-date: /home/hw_learn/ws_ros2/ws01_plumbing/install/base_interfaces_demo/include/base_interfaces_demo/msg/detail/dds_fastrtps
-- Up-to-date: /home/hw_learn/ws_ros2/ws01_plumbing/install/base_interfaces_demo/include/base_interfaces_demo/srv
-- Up-to-date: /home/hw_learn/ws_ros2/ws01_plumbing/install/base_interfaces_demo/include/base_interfaces_demo/srv/detail
-- Installing: /home/hw_learn/ws_ros2/ws01_plumbing/install/base_interfaces_demo/include/base_interfaces_demo/srv/detail/add_ints__rosidl_typesupport_fastrtps_cpp.hpp
-- Up-to-date: /home/hw_learn/ws_ros2/ws01_plumbing/install/base_interfaces_demo/include/base_interfaces_demo/srv/detail/dds_fastrtps
-- Installing: /home/hw_learn/ws_ros2/ws01_plumbing/install/base_interfaces_demo/include/base_interfaces_demo/srv/detail/distance__rosidl_typesupport_fastrtps_cpp.hpp
-- Up-to-date: /home/hw_learn/ws_ros2/ws01_plumbing/install/base_interfaces_demo/include/base_interfaces_demo/action
-- Up-to-date: /home/hw_learn/ws_ros2/ws01_plumbing/install/base_interfaces_demo/include/base_interfaces_demo/action/detail
-- Installing: /home/hw_learn/ws_ros2/ws01_plumbing/install/base_interfaces_demo/include/base_interfaces_demo/action/detail/progress__rosidl_typesupport_fastrtps_cpp.hpp
-- Up-to-date: /home/hw_learn/ws_ros2/ws01_plumbing/install/base_interfaces_demo/include/base_interfaces_demo/action/detail/dds_fastrtps
-- Installing: /home/hw_learn/ws_ros2/ws01_plumbing/install/base_interfaces_demo/include/base_interfaces_demo/action/detail/nav__rosidl_typesupport_fastrtps_cpp.hpp
-- Installing: /home/hw_learn/ws_ros2/ws01_plumbing/install/base_interfaces_demo/lib/libbase_interfaces_demo__rosidl_typesupport_fastrtps_cpp.so
-- Set runtime path of "/home/hw_learn/ws_ros2/ws01_plumbing/install/base_interfaces_demo/lib/libbase_interfaces_demo__rosidl_typesupport_fastrtps_cpp.so" to ""
-- Up-to-date: /home/hw_learn/ws_ros2/ws01_plumbing/install/base_interfaces_demo/include/base_interfaces_demo
-- Up-to-date: /home/hw_learn/ws_ros2/ws01_plumbing/install/base_interfaces_demo/include/base_interfaces_demo/msg
-- Up-to-date: /home/hw_learn/ws_ros2/ws01_plumbing/install/base_interfaces_demo/include/base_interfaces_demo/msg/rosidl_typesupport_introspection_c__visibility_control.h
-- Up-to-date: /home/hw_learn/ws_ros2/ws01_plumbing/install/base_interfaces_demo/include/base_interfaces_demo/msg/detail
-- Installing: /home/hw_learn/ws_ros2/ws01_plumbing/install/base_interfaces_demo/include/base_interfaces_demo/msg/detail/student__rosidl_typesupport_introspection_c.h
-- Installing: /home/hw_learn/ws_ros2/ws01_plumbing/install/base_interfaces_demo/include/base_interfaces_demo/msg/detail/student__type_support.c
-- Up-to-date: /home/hw_learn/ws_ros2/ws01_plumbing/install/base_interfaces_demo/include/base_interfaces_demo/srv
-- Up-to-date: /home/hw_learn/ws_ros2/ws01_plumbing/install/base_interfaces_demo/include/base_interfaces_demo/srv/detail
-- Installing: /home/hw_learn/ws_ros2/ws01_plumbing/install/base_interfaces_demo/include/base_interfaces_demo/srv/detail/add_ints__rosidl_typesupport_introspection_c.h
-- Installing: /home/hw_learn/ws_ros2/ws01_plumbing/install/base_interfaces_demo/include/base_interfaces_demo/srv/detail/add_ints__type_support.c
-- Installing: /home/hw_learn/ws_ros2/ws01_plumbing/install/base_interfaces_demo/include/base_interfaces_demo/srv/detail/distance__rosidl_typesupport_introspection_c.h
-- Installing: /home/hw_learn/ws_ros2/ws01_plumbing/install/base_interfaces_demo/include/base_interfaces_demo/srv/detail/distance__type_support.c
-- Up-to-date: /home/hw_learn/ws_ros2/ws01_plumbing/install/base_interfaces_demo/include/base_interfaces_demo/action
-- Up-to-date: /home/hw_learn/ws_ros2/ws01_plumbing/install/base_interfaces_demo/include/base_interfaces_demo/action/detail
-- Installing: /home/hw_learn/ws_ros2/ws01_plumbing/install/base_interfaces_demo/include/base_interfaces_demo/action/detail/progress__rosidl_typesupport_introspection_c.h
-- Installing: /home/hw_learn/ws_ros2/ws01_plumbing/install/base_interfaces_demo/include/base_interfaces_demo/action/detail/progress__type_support.c
-- Installing: /home/hw_learn/ws_ros2/ws01_plumbing/install/base_interfaces_demo/include/base_interfaces_demo/action/detail/nav__rosidl_typesupport_introspection_c.h
-- Installing: /home/hw_learn/ws_ros2/ws01_plumbing/install/base_interfaces_demo/include/base_interfaces_demo/action/detail/nav__type_support.c
-- Installing: /home/hw_learn/ws_ros2/ws01_plumbing/install/base_interfaces_demo/lib/libbase_interfaces_demo__rosidl_typesupport_introspection_c.so
-- Set runtime path of "/home/hw_learn/ws_ros2/ws01_plumbing/install/base_interfaces_demo/lib/libbase_interfaces_demo__rosidl_typesupport_introspection_c.so" to ""
-- Installing: /home/hw_learn/ws_ros2/ws01_plumbing/install/base_interfaces_demo/lib/libbase_interfaces_demo__rosidl_typesupport_c.so
-- Set runtime path of "/home/hw_learn/ws_ros2/ws01_plumbing/install/base_interfaces_demo/lib/libbase_interfaces_demo__rosidl_typesupport_c.so" to ""
-- Up-to-date: /home/hw_learn/ws_ros2/ws01_plumbing/install/base_interfaces_demo/include/base_interfaces_demo
-- Up-to-date: /home/hw_learn/ws_ros2/ws01_plumbing/install/base_interfaces_demo/include/base_interfaces_demo/msg
-- Up-to-date: /home/hw_learn/ws_ros2/ws01_plumbing/install/base_interfaces_demo/include/base_interfaces_demo/msg/detail
-- Installing: /home/hw_learn/ws_ros2/ws01_plumbing/install/base_interfaces_demo/include/base_interfaces_demo/msg/detail/student__builder.hpp
-- Installing: /home/hw_learn/ws_ros2/ws01_plumbing/install/base_interfaces_demo/include/base_interfaces_demo/msg/detail/student__struct.hpp
-- Installing: /home/hw_learn/ws_ros2/ws01_plumbing/install/base_interfaces_demo/include/base_interfaces_demo/msg/detail/student__traits.hpp
-- Installing: /home/hw_learn/ws_ros2/ws01_plumbing/install/base_interfaces_demo/include/base_interfaces_demo/msg/student.hpp
-- Up-to-date: /home/hw_learn/ws_ros2/ws01_plumbing/install/base_interfaces_demo/include/base_interfaces_demo/srv
-- Installing: /home/hw_learn/ws_ros2/ws01_plumbing/install/base_interfaces_demo/include/base_interfaces_demo/srv/add_ints.hpp
-- Up-to-date: /home/hw_learn/ws_ros2/ws01_plumbing/install/base_interfaces_demo/include/base_interfaces_demo/srv/detail
-- Installing: /home/hw_learn/ws_ros2/ws01_plumbing/install/base_interfaces_demo/include/base_interfaces_demo/srv/detail/add_ints__builder.hpp
-- Installing: /home/hw_learn/ws_ros2/ws01_plumbing/install/base_interfaces_demo/include/base_interfaces_demo/srv/detail/add_ints__struct.hpp
-- Installing: /home/hw_learn/ws_ros2/ws01_plumbing/install/base_interfaces_demo/include/base_interfaces_demo/srv/detail/add_ints__traits.hpp
-- Installing: /home/hw_learn/ws_ros2/ws01_plumbing/install/base_interfaces_demo/include/base_interfaces_demo/srv/detail/distance__builder.hpp
-- Installing: /home/hw_learn/ws_ros2/ws01_plumbing/install/base_interfaces_demo/include/base_interfaces_demo/srv/detail/distance__struct.hpp
-- Installing: /home/hw_learn/ws_ros2/ws01_plumbing/install/base_interfaces_demo/include/base_interfaces_demo/srv/detail/distance__traits.hpp
-- Installing: /home/hw_learn/ws_ros2/ws01_plumbing/install/base_interfaces_demo/include/base_interfaces_demo/srv/distance.hpp
-- Up-to-date: /home/hw_learn/ws_ros2/ws01_plumbing/install/base_interfaces_demo/include/base_interfaces_demo/action
-- Installing: /home/hw_learn/ws_ros2/ws01_plumbing/install/base_interfaces_demo/include/base_interfaces_demo/action/progress.hpp
-- Up-to-date: /home/hw_learn/ws_ros2/ws01_plumbing/install/base_interfaces_demo/include/base_interfaces_demo/action/detail
-- Installing: /home/hw_learn/ws_ros2/ws01_plumbing/install/base_interfaces_demo/include/base_interfaces_demo/action/detail/progress__builder.hpp
-- Installing: /home/hw_learn/ws_ros2/ws01_plumbing/install/base_interfaces_demo/include/base_interfaces_demo/action/detail/progress__struct.hpp
-- Installing: /home/hw_learn/ws_ros2/ws01_plumbing/install/base_interfaces_demo/include/base_interfaces_demo/action/detail/progress__traits.hpp
-- Installing: /home/hw_learn/ws_ros2/ws01_plumbing/install/base_interfaces_demo/include/base_interfaces_demo/action/detail/nav__builder.hpp
-- Installing: /home/hw_learn/ws_ros2/ws01_plumbing/install/base_interfaces_demo/include/base_interfaces_demo/action/detail/nav__struct.hpp
-- Installing: /home/hw_learn/ws_ros2/ws01_plumbing/install/base_interfaces_demo/include/base_interfaces_demo/action/detail/nav__traits.hpp
-- Installing: /home/hw_learn/ws_ros2/ws01_plumbing/install/base_interfaces_demo/include/base_interfaces_demo/action/nav.hpp
-- Up-to-date: /home/hw_learn/ws_ros2/ws01_plumbing/install/base_interfaces_demo/include/base_interfaces_demo
-- Up-to-date: /home/hw_learn/ws_ros2/ws01_plumbing/install/base_interfaces_demo/include/base_interfaces_demo/msg
-- Up-to-date: /home/hw_learn/ws_ros2/ws01_plumbing/install/base_interfaces_demo/include/base_interfaces_demo/msg/detail
-- Installing: /home/hw_learn/ws_ros2/ws01_plumbing/install/base_interfaces_demo/include/base_interfaces_demo/msg/detail/student__rosidl_typesupport_introspection_cpp.hpp
-- Installing: /home/hw_learn/ws_ros2/ws01_plumbing/install/base_interfaces_demo/include/base_interfaces_demo/msg/detail/student__type_support.cpp
-- Up-to-date: /home/hw_learn/ws_ros2/ws01_plumbing/install/base_interfaces_demo/include/base_interfaces_demo/srv
-- Up-to-date: /home/hw_learn/ws_ros2/ws01_plumbing/install/base_interfaces_demo/include/base_interfaces_demo/srv/detail
-- Installing: /home/hw_learn/ws_ros2/ws01_plumbing/install/base_interfaces_demo/include/base_interfaces_demo/srv/detail/add_ints__rosidl_typesupport_introspection_cpp.hpp
-- Installing: /home/hw_learn/ws_ros2/ws01_plumbing/install/base_interfaces_demo/include/base_interfaces_demo/srv/detail/add_ints__type_support.cpp
-- Installing: /home/hw_learn/ws_ros2/ws01_plumbing/install/base_interfaces_demo/include/base_interfaces_demo/srv/detail/distance__rosidl_typesupport_introspection_cpp.hpp
-- Installing: /home/hw_learn/ws_ros2/ws01_plumbing/install/base_interfaces_demo/include/base_interfaces_demo/srv/detail/distance__type_support.cpp
-- Up-to-date: /home/hw_learn/ws_ros2/ws01_plumbing/install/base_interfaces_demo/include/base_interfaces_demo/action
-- Up-to-date: /home/hw_learn/ws_ros2/ws01_plumbing/install/base_interfaces_demo/include/base_interfaces_demo/action/detail
-- Installing: /home/hw_learn/ws_ros2/ws01_plumbing/install/base_interfaces_demo/include/base_interfaces_demo/action/detail/progress__rosidl_typesupport_introspection_cpp.hpp
-- Installing: /home/hw_learn/ws_ros2/ws01_plumbing/install/base_interfaces_demo/include/base_interfaces_demo/action/detail/progress__type_support.cpp
-- Installing: /home/hw_learn/ws_ros2/ws01_plumbing/install/base_interfaces_demo/include/base_interfaces_demo/action/detail/nav__rosidl_typesupport_introspection_cpp.hpp
-- Installing: /home/hw_learn/ws_ros2/ws01_plumbing/install/base_interfaces_demo/include/base_interfaces_demo/action/detail/nav__type_support.cpp
-- Installing: /home/hw_learn/ws_ros2/ws01_plumbing/install/base_interfaces_demo/lib/libbase_interfaces_demo__rosidl_typesupport_introspection_cpp.so
-- Set runtime path of "/home/hw_learn/ws_ros2/ws01_plumbing/install/base_interfaces_demo/lib/libbase_interfaces_demo__rosidl_typesupport_introspection_cpp.so" to ""
-- Installing: /home/hw_learn/ws_ros2/ws01_plumbing/install/base_interfaces_demo/lib/libbase_interfaces_demo__rosidl_typesupport_cpp.so
-- Set runtime path of "/home/hw_learn/ws_ros2/ws01_plumbing/install/base_interfaces_demo/lib/libbase_interfaces_demo__rosidl_typesupport_cpp.so" to ""
-- Up-to-date: /home/hw_learn/ws_ros2/ws01_plumbing/install/base_interfaces_demo/share/base_interfaces_demo/environment/pythonpath.sh
-- Installing: /home/hw_learn/ws_ros2/ws01_plumbing/install/base_interfaces_demo/share/base_interfaces_demo/environment/pythonpath.dsv
-- Installing: /home/hw_learn/ws_ros2/ws01_plumbing/install/base_interfaces_demo/lib/python3.8/site-packages/base_interfaces_demo/__init__.py
Compiling '/home/hw_learn/ws_ros2/ws01_plumbing/install/base_interfaces_demo/lib/python3.8/site-packages/base_interfaces_demo/__init__.py'...
-- Up-to-date: /home/hw_learn/ws_ros2/ws01_plumbing/install/base_interfaces_demo/lib/python3.8/site-packages/base_interfaces_demo/msg
-- Installing: /home/hw_learn/ws_ros2/ws01_plumbing/install/base_interfaces_demo/lib/python3.8/site-packages/base_interfaces_demo/msg/_student.py
-- Installing: /home/hw_learn/ws_ros2/ws01_plumbing/install/base_interfaces_demo/lib/python3.8/site-packages/base_interfaces_demo/msg/_student_s.c
-- Installing: /home/hw_learn/ws_ros2/ws01_plumbing/install/base_interfaces_demo/lib/python3.8/site-packages/base_interfaces_demo/msg/__init__.py
-- Up-to-date: /home/hw_learn/ws_ros2/ws01_plumbing/install/base_interfaces_demo/lib/python3.8/site-packages/base_interfaces_demo/srv
-- Installing: /home/hw_learn/ws_ros2/ws01_plumbing/install/base_interfaces_demo/lib/python3.8/site-packages/base_interfaces_demo/srv/_add_ints.py
-- Installing: /home/hw_learn/ws_ros2/ws01_plumbing/install/base_interfaces_demo/lib/python3.8/site-packages/base_interfaces_demo/srv/_add_ints_s.c
-- Installing: /home/hw_learn/ws_ros2/ws01_plumbing/install/base_interfaces_demo/lib/python3.8/site-packages/base_interfaces_demo/srv/__init__.py
-- Installing: /home/hw_learn/ws_ros2/ws01_plumbing/install/base_interfaces_demo/lib/python3.8/site-packages/base_interfaces_demo/srv/_distance.py
-- Installing: /home/hw_learn/ws_ros2/ws01_plumbing/install/base_interfaces_demo/lib/python3.8/site-packages/base_interfaces_demo/srv/_distance_s.c
-- Up-to-date: /home/hw_learn/ws_ros2/ws01_plumbing/install/base_interfaces_demo/lib/python3.8/site-packages/base_interfaces_demo/action
-- Installing: /home/hw_learn/ws_ros2/ws01_plumbing/install/base_interfaces_demo/lib/python3.8/site-packages/base_interfaces_demo/action/_progress.py
-- Installing: /home/hw_learn/ws_ros2/ws01_plumbing/install/base_interfaces_demo/lib/python3.8/site-packages/base_interfaces_demo/action/_progress_s.c
-- Installing: /home/hw_learn/ws_ros2/ws01_plumbing/install/base_interfaces_demo/lib/python3.8/site-packages/base_interfaces_demo/action/__init__.py
-- Installing: /home/hw_learn/ws_ros2/ws01_plumbing/install/base_interfaces_demo/lib/python3.8/site-packages/base_interfaces_demo/action/_nav.py
-- Installing: /home/hw_learn/ws_ros2/ws01_plumbing/install/base_interfaces_demo/lib/python3.8/site-packages/base_interfaces_demo/action/_nav_s.c
-- Installing: /home/hw_learn/ws_ros2/ws01_plumbing/install/base_interfaces_demo/lib/python3.8/site-packages/base_interfaces_demo/base_interfaces_demo_s__rosidl_typesupport_fastrtps_c.cpython-38-x86_64-linux-gnu.so
-- Set runtime path of "/home/hw_learn/ws_ros2/ws01_plumbing/install/base_interfaces_demo/lib/python3.8/site-packages/base_interfaces_demo/base_interfaces_demo_s__rosidl_typesupport_fastrtps_c.cpython-38-x86_64-linux-gnu.so" to ""
-- Installing: /home/hw_learn/ws_ros2/ws01_plumbing/install/base_interfaces_demo/lib/python3.8/site-packages/base_interfaces_demo/base_interfaces_demo_s__rosidl_typesupport_introspection_c.cpython-38-x86_64-linux-gnu.so
-- Set runtime path of "/home/hw_learn/ws_ros2/ws01_plumbing/install/base_interfaces_demo/lib/python3.8/site-packages/base_interfaces_demo/base_interfaces_demo_s__rosidl_typesupport_introspection_c.cpython-38-x86_64-linux-gnu.so" to ""
-- Installing: /home/hw_learn/ws_ros2/ws01_plumbing/install/base_interfaces_demo/lib/python3.8/site-packages/base_interfaces_demo/base_interfaces_demo_s__rosidl_typesupport_c.cpython-38-x86_64-linux-gnu.so
-- Set runtime path of "/home/hw_learn/ws_ros2/ws01_plumbing/install/base_interfaces_demo/lib/python3.8/site-packages/base_interfaces_demo/base_interfaces_demo_s__rosidl_typesupport_c.cpython-38-x86_64-linux-gnu.so" to ""
-- Installing: /home/hw_learn/ws_ros2/ws01_plumbing/install/base_interfaces_demo/lib/libbase_interfaces_demo__python.so
-- Set runtime path of "/home/hw_learn/ws_ros2/ws01_plumbing/install/base_interfaces_demo/lib/libbase_interfaces_demo__python.so" to ""
-- Up-to-date: /home/hw_learn/ws_ros2/ws01_plumbing/install/base_interfaces_demo/share/base_interfaces_demo/msg/Student.idl
-- Up-to-date: /home/hw_learn/ws_ros2/ws01_plumbing/install/base_interfaces_demo/share/base_interfaces_demo/srv/AddInts.idl
-- Up-to-date: /home/hw_learn/ws_ros2/ws01_plumbing/install/base_interfaces_demo/share/base_interfaces_demo/srv/Distance.idl
-- Up-to-date: /home/hw_learn/ws_ros2/ws01_plumbing/install/base_interfaces_demo/share/base_interfaces_demo/action/Progress.idl
-- Installing: /home/hw_learn/ws_ros2/ws01_plumbing/install/base_interfaces_demo/share/base_interfaces_demo/action/Nav.idl
-- Up-to-date: /home/hw_learn/ws_ros2/ws01_plumbing/install/base_interfaces_demo/share/base_interfaces_demo/msg/Student.msg
-- Up-to-date: /home/hw_learn/ws_ros2/ws01_plumbing/install/base_interfaces_demo/share/base_interfaces_demo/srv/AddInts.srv
-- Up-to-date: /home/hw_learn/ws_ros2/ws01_plumbing/install/base_interfaces_demo/share/base_interfaces_demo/srv/AddInts_Request.msg
-- Up-to-date: /home/hw_learn/ws_ros2/ws01_plumbing/install/base_interfaces_demo/share/base_interfaces_demo/srv/AddInts_Response.msg
-- Up-to-date: /home/hw_learn/ws_ros2/ws01_plumbing/install/base_interfaces_demo/share/base_interfaces_demo/srv/Distance.srv
-- Up-to-date: /home/hw_learn/ws_ros2/ws01_plumbing/install/base_interfaces_demo/share/base_interfaces_demo/srv/Distance_Request.msg
-- Up-to-date: /home/hw_learn/ws_ros2/ws01_plumbing/install/base_interfaces_demo/share/base_interfaces_demo/srv/Distance_Response.msg
-- Up-to-date: /home/hw_learn/ws_ros2/ws01_plumbing/install/base_interfaces_demo/share/base_interfaces_demo/action/Progress.action
-- Installing: /home/hw_learn/ws_ros2/ws01_plumbing/install/base_interfaces_demo/share/base_interfaces_demo/action/Nav.action
-- Up-to-date: /home/hw_learn/ws_ros2/ws01_plumbing/install/base_interfaces_demo/share/ament_index/resource_index/package_run_dependencies/base_interfaces_demo
-- Installing: /home/hw_learn/ws_ros2/ws01_plumbing/install/base_interfaces_demo/share/ament_index/resource_index/parent_prefix_path/base_interfaces_demo
-- Up-to-date: /home/hw_learn/ws_ros2/ws01_plumbing/install/base_interfaces_demo/share/base_interfaces_demo/environment/ament_prefix_path.sh
-- Installing: /home/hw_learn/ws_ros2/ws01_plumbing/install/base_interfaces_demo/share/base_interfaces_demo/environment/ament_prefix_path.dsv
-- Up-to-date: /home/hw_learn/ws_ros2/ws01_plumbing/install/base_interfaces_demo/share/base_interfaces_demo/environment/path.sh
-- Installing: /home/hw_learn/ws_ros2/ws01_plumbing/install/base_interfaces_demo/share/base_interfaces_demo/environment/path.dsv
-- Up-to-date: /home/hw_learn/ws_ros2/ws01_plumbing/install/base_interfaces_demo/share/base_interfaces_demo/local_setup.bash
-- Up-to-date: /home/hw_learn/ws_ros2/ws01_plumbing/install/base_interfaces_demo/share/base_interfaces_demo/local_setup.sh
-- Up-to-date: /home/hw_learn/ws_ros2/ws01_plumbing/install/base_interfaces_demo/share/base_interfaces_demo/local_setup.zsh
-- Installing: /home/hw_learn/ws_ros2/ws01_plumbing/install/base_interfaces_demo/share/base_interfaces_demo/local_setup.dsv
-- Installing: /home/hw_learn/ws_ros2/ws01_plumbing/install/base_interfaces_demo/share/base_interfaces_demo/package.dsv
-- Up-to-date: /home/hw_learn/ws_ros2/ws01_plumbing/install/base_interfaces_demo/share/ament_index/resource_index/packages/base_interfaces_demo
-- Up-to-date: /home/hw_learn/ws_ros2/ws01_plumbing/install/base_interfaces_demo/share/base_interfaces_demo/cmake/base_interfaces_demo__rosidl_generator_cExport.cmake
-- Installing: /home/hw_learn/ws_ros2/ws01_plumbing/install/base_interfaces_demo/share/base_interfaces_demo/cmake/base_interfaces_demo__rosidl_generator_cExport-noconfig.cmake
-- Up-to-date: /home/hw_learn/ws_ros2/ws01_plumbing/install/base_interfaces_demo/share/base_interfaces_demo/cmake/base_interfaces_demo__rosidl_typesupport_introspection_cExport.cmake
-- Installing: /home/hw_learn/ws_ros2/ws01_plumbing/install/base_interfaces_demo/share/base_interfaces_demo/cmake/base_interfaces_demo__rosidl_typesupport_introspection_cExport-noconfig.cmake
-- Up-to-date: /home/hw_learn/ws_ros2/ws01_plumbing/install/base_interfaces_demo/share/base_interfaces_demo/cmake/base_interfaces_demo__rosidl_typesupport_cExport.cmake
-- Installing: /home/hw_learn/ws_ros2/ws01_plumbing/install/base_interfaces_demo/share/base_interfaces_demo/cmake/base_interfaces_demo__rosidl_typesupport_cExport-noconfig.cmake
-- Up-to-date: /home/hw_learn/ws_ros2/ws01_plumbing/install/base_interfaces_demo/share/base_interfaces_demo/cmake/base_interfaces_demo__rosidl_generator_cppExport.cmake
-- Up-to-date: /home/hw_learn/ws_ros2/ws01_plumbing/install/base_interfaces_demo/share/base_interfaces_demo/cmake/base_interfaces_demo__rosidl_typesupport_introspection_cppExport.cmake
-- Installing: /home/hw_learn/ws_ros2/ws01_plumbing/install/base_interfaces_demo/share/base_interfaces_demo/cmake/base_interfaces_demo__rosidl_typesupport_introspection_cppExport-noconfig.cmake
-- Up-to-date: /home/hw_learn/ws_ros2/ws01_plumbing/install/base_interfaces_demo/share/base_interfaces_demo/cmake/base_interfaces_demo__rosidl_typesupport_cppExport.cmake
-- Installing: /home/hw_learn/ws_ros2/ws01_plumbing/install/base_interfaces_demo/share/base_interfaces_demo/cmake/base_interfaces_demo__rosidl_typesupport_cppExport-noconfig.cmake
-- Installing: /home/hw_learn/ws_ros2/ws01_plumbing/install/base_interfaces_demo/share/base_interfaces_demo/cmake/rosidl_cmake-extras.cmake
-- Up-to-date: /home/hw_learn/ws_ros2/ws01_plumbing/install/base_interfaces_demo/share/base_interfaces_demo/cmake/ament_cmake_export_dependencies-extras.cmake
-- Up-to-date: /home/hw_learn/ws_ros2/ws01_plumbing/install/base_interfaces_demo/share/base_interfaces_demo/cmake/ament_cmake_export_libraries-extras.cmake
-- Up-to-date: /home/hw_learn/ws_ros2/ws01_plumbing/install/base_interfaces_demo/share/base_interfaces_demo/cmake/ament_cmake_export_targets-extras.cmake
-- Up-to-date: /home/hw_learn/ws_ros2/ws01_plumbing/install/base_interfaces_demo/share/base_interfaces_demo/cmake/ament_cmake_export_include_directories-extras.cmake
-- Up-to-date: /home/hw_learn/ws_ros2/ws01_plumbing/install/base_interfaces_demo/share/base_interfaces_demo/cmake/rosidl_cmake_export_typesupport_libraries-extras.cmake
-- Up-to-date: /home/hw_learn/ws_ros2/ws01_plumbing/install/base_interfaces_demo/share/base_interfaces_demo/cmake/rosidl_cmake_export_typesupport_targets-extras.cmake
-- Up-to-date: /home/hw_learn/ws_ros2/ws01_plumbing/install/base_interfaces_demo/share/base_interfaces_demo/cmake/base_interfaces_demoConfig.cmake
-- Up-to-date: /home/hw_learn/ws_ros2/ws01_plumbing/install/base_interfaces_demo/share/base_interfaces_demo/cmake/base_interfaces_demoConfig-version.cmake
-- Up-to-date: /home/hw_learn/ws_ros2/ws01_plumbing/install/base_interfaces_demo/share/base_interfaces_demo/package.xml
