[0.040s] Invoking command in '/home/hw_learn/ws_ros2/ws01_plumbing/build/base_interfaces_demo': CMAKE_PREFIX_PATH=${CMAKE_PREFIX_PATH}:/home/hw_learn/ws_ros2/ws01_plumbing/install/py01_topic:/home/hw_learn/dev_ws/install/learning_urdf:/home/hw_learn/dev_ws/install/learning_topic:/home/hw_learn/dev_ws/install/learning_tf:/home/hw_learn/dev_ws/install/learning_service:/home/hw_learn/dev_ws/install/learning_qos:/home/hw_learn/dev_ws/install/learning_pkg_python:/home/hw_learn/dev_ws/install/learning_parameter:/home/hw_learn/dev_ws/install/learning_node:/home/hw_learn/dev_ws/install/learning_launch:/home/hw_learn/dev_ws/install/learning_action:/home/hw_learn/dev_ws/install/learning_gazebo /usr/bin/cmake --build /home/hw_learn/ws_ros2/ws01_plumbing/build/base_interfaces_demo -- -j128 -l128
[0.078s] -- Found rosidl_default_generators: 1.0.1 (/opt/ros/foxy/share/rosidl_default_generators/cmake)
[0.078s] -- Found ament_cmake_core: 0.9.9 (/opt/ros/foxy/share/ament_cmake_core/cmake)
[0.105s] -- Found PythonInterp: /usr/bin/python3 (found suitable version "3.8.10", minimum required is "3") 
[0.105s] -- Using PYTHON_EXECUTABLE: /usr/bin/python3
[0.273s] -- Using all available rosidl_typesupport_c: rosidl_typesupport_fastrtps_c;rosidl_typesupport_introspection_c
[0.277s] -- Found rosidl_adapter: 1.2.1 (/opt/ros/foxy/share/rosidl_adapter/cmake)
[0.434s] -- Using all available rosidl_typesupport_cpp: rosidl_typesupport_fastrtps_cpp;rosidl_typesupport_introspection_cpp
[0.496s] -- Found PythonInterp: /usr/bin/python3 (found version "3.8.10") 
[0.728s] -- Found ament_cmake_ros: 0.9.2 (/opt/ros/foxy/share/ament_cmake_ros/cmake)
[0.857s] -- Using all available rosidl_typesupport_c: rosidl_typesupport_fastrtps_c;rosidl_typesupport_introspection_c
[0.887s] -- Using all available rosidl_typesupport_cpp: rosidl_typesupport_fastrtps_cpp;rosidl_typesupport_introspection_cpp
[0.921s] -- Found PythonInterp: /usr/bin/python3 (found suitable version "3.8.10", minimum required is "3.5") 
[0.922s] -- Found python_cmake_module: 0.8.1 (/opt/ros/foxy/share/python_cmake_module/cmake)
[0.948s] -- Using PYTHON_EXECUTABLE: /usr/bin/python3
[0.948s] -- Using PYTHON_INCLUDE_DIRS: /usr/include/python3.8
[0.948s] -- Using PYTHON_LIBRARIES: /usr/lib/x86_64-linux-gnu/libpython3.8.so
[0.985s] -- Found ament_lint_auto: 0.9.6 (/opt/ros/foxy/share/ament_lint_auto/cmake)
[0.999s] -- Configuring done
[1.063s] -- Generating done
[1.066s] -- Build files have been written to: /home/hw_learn/ws_ros2/ws01_plumbing/build/base_interfaces_demo
[1.094s] [35m[1mScanning dependencies of target base_interfaces_demo__cpp[0m
[1.094s] [  1%] [34m[1mGenerating C code for ROS interfaces[0m
[1.105s] [  3%] [34m[1mGenerating C++ code for ROS interfaces[0m
[1.901s] [35m[1mScanning dependencies of target base_interfaces_demo__rosidl_generator_c[0m
[1.902s] [  3%] Built target base_interfaces_demo__cpp
[1.916s] [  4%] [34m[1mGenerating C++ type support dispatch for ROS interfaces[0m
[1.919s] [  7%] [34m[1mGenerating C++ type support for eProsima Fast-RTPS[0m
[1.919s] [  7%] [34m[1mGenerating C++ introspection for ROS interfaces[0m
[1.920s] [ 12%] [32mBuilding C object CMakeFiles/base_interfaces_demo__rosidl_generator_c.dir/rosidl_generator_c/base_interfaces_demo/srv/detail/distance__functions.c.o[0m
[1.920s] [ 12%] [32mBuilding C object CMakeFiles/base_interfaces_demo__rosidl_generator_c.dir/rosidl_generator_c/base_interfaces_demo/msg/detail/student__functions.c.o[0m
[1.920s] [ 12%] [32mBuilding C object CMakeFiles/base_interfaces_demo__rosidl_generator_c.dir/rosidl_generator_c/base_interfaces_demo/srv/detail/add_ints__functions.c.o[0m
[1.920s] [ 14%] [32mBuilding C object CMakeFiles/base_interfaces_demo__rosidl_generator_c.dir/rosidl_generator_c/base_interfaces_demo/action/detail/progress__functions.c.o[0m
[1.920s] [ 15%] [32mBuilding C object CMakeFiles/base_interfaces_demo__rosidl_generator_c.dir/rosidl_generator_c/base_interfaces_demo/action/detail/nav__functions.c.o[0m
[2.090s] [ 17%] [32m[1mLinking C shared library libbase_interfaces_demo__rosidl_generator_c.so[0m
[2.136s] [ 17%] Built target base_interfaces_demo__rosidl_generator_c
[2.150s] [ 20%] [34m[1mGenerating C type support dispatch for ROS interfaces[0m
[2.150s] [ 20%] [34m[1mGenerating C introspection for ROS interfaces[0m
[2.499s] [35m[1mScanning dependencies of target base_interfaces_demo__rosidl_typesupport_cpp[0m
[2.516s] [ 22%] [32mBuilding CXX object CMakeFiles/base_interfaces_demo__rosidl_typesupport_cpp.dir/rosidl_typesupport_cpp/base_interfaces_demo/msg/student__type_support.cpp.o[0m
[2.517s] [ 23%] [32mBuilding CXX object CMakeFiles/base_interfaces_demo__rosidl_typesupport_cpp.dir/rosidl_typesupport_cpp/base_interfaces_demo/srv/add_ints__type_support.cpp.o[0m
[2.517s] [ 25%] [32mBuilding CXX object CMakeFiles/base_interfaces_demo__rosidl_typesupport_cpp.dir/rosidl_typesupport_cpp/base_interfaces_demo/srv/distance__type_support.cpp.o[0m
[2.517s] [ 26%] [32mBuilding CXX object CMakeFiles/base_interfaces_demo__rosidl_typesupport_cpp.dir/rosidl_typesupport_cpp/base_interfaces_demo/action/progress__type_support.cpp.o[0m
[2.518s] [ 28%] [32mBuilding CXX object CMakeFiles/base_interfaces_demo__rosidl_typesupport_cpp.dir/rosidl_typesupport_cpp/base_interfaces_demo/action/nav__type_support.cpp.o[0m
[2.621s] [35m[1mScanning dependencies of target base_interfaces_demo__rosidl_typesupport_introspection_cpp[0m
[2.688s] [ 36%] [32mBuilding CXX object CMakeFiles/base_interfaces_demo__rosidl_typesupport_introspection_cpp.dir/rosidl_typesupport_introspection_cpp/base_interfaces_demo/srv/detail/distance__type_support.cpp.o[0m
[2.688s] [ 36%] [32mBuilding CXX object CMakeFiles/base_interfaces_demo__rosidl_typesupport_introspection_cpp.dir/rosidl_typesupport_introspection_cpp/base_interfaces_demo/srv/detail/add_ints__type_support.cpp.o[0m
[2.688s] [ 36%] [32mBuilding CXX object CMakeFiles/base_interfaces_demo__rosidl_typesupport_introspection_cpp.dir/rosidl_typesupport_introspection_cpp/base_interfaces_demo/msg/detail/student__type_support.cpp.o[0m
[2.688s] [ 36%] [32mBuilding CXX object CMakeFiles/base_interfaces_demo__rosidl_typesupport_introspection_cpp.dir/rosidl_typesupport_introspection_cpp/base_interfaces_demo/action/detail/progress__type_support.cpp.o[0m
[2.688s] [ 36%] [32mBuilding CXX object CMakeFiles/base_interfaces_demo__rosidl_typesupport_introspection_cpp.dir/rosidl_typesupport_introspection_cpp/base_interfaces_demo/action/detail/nav__type_support.cpp.o[0m
[2.797s] [35m[1mScanning dependencies of target base_interfaces_demo__rosidl_typesupport_c[0m
[2.816s] [ 41%] [32mBuilding CXX object CMakeFiles/base_interfaces_demo__rosidl_typesupport_c.dir/rosidl_typesupport_c/base_interfaces_demo/srv/add_ints__type_support.cpp.o[0m
[2.817s] [ 42%] [32mBuilding CXX object CMakeFiles/base_interfaces_demo__rosidl_typesupport_c.dir/rosidl_typesupport_c/base_interfaces_demo/msg/student__type_support.cpp.o[0m
[2.817s] [ 42%] [32mBuilding CXX object CMakeFiles/base_interfaces_demo__rosidl_typesupport_c.dir/rosidl_typesupport_c/base_interfaces_demo/srv/distance__type_support.cpp.o[0m
[2.817s] [ 42%] [32mBuilding CXX object CMakeFiles/base_interfaces_demo__rosidl_typesupport_c.dir/rosidl_typesupport_c/base_interfaces_demo/action/nav__type_support.cpp.o[0m
[2.817s] [ 44%] [32mBuilding CXX object CMakeFiles/base_interfaces_demo__rosidl_typesupport_c.dir/rosidl_typesupport_c/base_interfaces_demo/action/progress__type_support.cpp.o[0m
[2.987s] [ 46%] [32m[1mLinking CXX shared library libbase_interfaces_demo__rosidl_typesupport_c.so[0m
[3.080s] [35m[1mScanning dependencies of target base_interfaces_demo__rosidl_typesupport_fastrtps_cpp[0m
[3.099s] [ 46%] Built target base_interfaces_demo__rosidl_typesupport_c
[3.102s] [ 47%] [32mBuilding CXX object CMakeFiles/base_interfaces_demo__rosidl_typesupport_fastrtps_cpp.dir/rosidl_typesupport_fastrtps_cpp/base_interfaces_demo/msg/detail/dds_fastrtps/student__type_support.cpp.o[0m
[3.102s] [ 49%] [32mBuilding CXX object CMakeFiles/base_interfaces_demo__rosidl_typesupport_fastrtps_cpp.dir/rosidl_typesupport_fastrtps_cpp/base_interfaces_demo/srv/detail/dds_fastrtps/add_ints__type_support.cpp.o[0m
[3.103s] [ 50%] [32mBuilding CXX object CMakeFiles/base_interfaces_demo__rosidl_typesupport_fastrtps_cpp.dir/rosidl_typesupport_fastrtps_cpp/base_interfaces_demo/srv/detail/dds_fastrtps/distance__type_support.cpp.o[0m
[3.103s] [ 52%] [32mBuilding CXX object CMakeFiles/base_interfaces_demo__rosidl_typesupport_fastrtps_cpp.dir/rosidl_typesupport_fastrtps_cpp/base_interfaces_demo/action/detail/dds_fastrtps/progress__type_support.cpp.o[0m
[3.103s] [ 53%] [32mBuilding CXX object CMakeFiles/base_interfaces_demo__rosidl_typesupport_fastrtps_cpp.dir/rosidl_typesupport_fastrtps_cpp/base_interfaces_demo/action/detail/dds_fastrtps/nav__type_support.cpp.o[0m
[3.285s] [35m[1mScanning dependencies of target base_interfaces_demo__rosidl_typesupport_introspection_c[0m
[3.304s] [ 55%] [32m[1mLinking CXX shared library libbase_interfaces_demo__rosidl_typesupport_cpp.so[0m
[3.380s] [ 57%] [32mBuilding C object CMakeFiles/base_interfaces_demo__rosidl_typesupport_introspection_c.dir/rosidl_typesupport_introspection_c/base_interfaces_demo/msg/detail/student__type_support.c.o[0m
[3.380s] [ 58%] [32mBuilding C object CMakeFiles/base_interfaces_demo__rosidl_typesupport_introspection_c.dir/rosidl_typesupport_introspection_c/base_interfaces_demo/srv/detail/add_ints__type_support.c.o[0m
[3.380s] [ 60%] [32mBuilding C object CMakeFiles/base_interfaces_demo__rosidl_typesupport_introspection_c.dir/rosidl_typesupport_introspection_c/base_interfaces_demo/srv/detail/distance__type_support.c.o[0m
[3.380s] [ 61%] [32mBuilding C object CMakeFiles/base_interfaces_demo__rosidl_typesupport_introspection_c.dir/rosidl_typesupport_introspection_c/base_interfaces_demo/action/detail/progress__type_support.c.o[0m
[3.380s] [ 63%] [32mBuilding C object CMakeFiles/base_interfaces_demo__rosidl_typesupport_introspection_c.dir/rosidl_typesupport_introspection_c/base_interfaces_demo/action/detail/nav__type_support.c.o[0m
[3.497s] [ 65%] [32m[1mLinking C shared library libbase_interfaces_demo__rosidl_typesupport_introspection_c.so[0m
[3.497s] [ 65%] Built target base_interfaces_demo__rosidl_typesupport_cpp
[3.531s] [ 65%] Built target base_interfaces_demo__rosidl_typesupport_introspection_c
[3.588s] [ 66%] [32m[1mLinking CXX shared library libbase_interfaces_demo__rosidl_typesupport_introspection_cpp.so[0m
[3.664s] [ 66%] Built target base_interfaces_demo__rosidl_typesupport_introspection_cpp
[3.892s] [ 68%] [32m[1mLinking CXX shared library libbase_interfaces_demo__rosidl_typesupport_fastrtps_cpp.so[0m
[3.972s] [ 68%] Built target base_interfaces_demo__rosidl_typesupport_fastrtps_cpp
[3.983s] [ 69%] [34m[1mGenerating C type support for eProsima Fast-RTPS[0m
[4.692s] [35m[1mScanning dependencies of target base_interfaces_demo__rosidl_typesupport_fastrtps_c[0m
[4.715s] [ 71%] [32mBuilding CXX object CMakeFiles/base_interfaces_demo__rosidl_typesupport_fastrtps_c.dir/rosidl_typesupport_fastrtps_c/base_interfaces_demo/msg/detail/student__type_support_c.cpp.o[0m
[4.716s] [ 73%] [32mBuilding CXX object CMakeFiles/base_interfaces_demo__rosidl_typesupport_fastrtps_c.dir/rosidl_typesupport_fastrtps_c/base_interfaces_demo/srv/detail/add_ints__type_support_c.cpp.o[0m
[4.716s] [ 74%] [32mBuilding CXX object CMakeFiles/base_interfaces_demo__rosidl_typesupport_fastrtps_c.dir/rosidl_typesupport_fastrtps_c/base_interfaces_demo/srv/detail/distance__type_support_c.cpp.o[0m
[4.716s] [ 76%] [32mBuilding CXX object CMakeFiles/base_interfaces_demo__rosidl_typesupport_fastrtps_c.dir/rosidl_typesupport_fastrtps_c/base_interfaces_demo/action/detail/progress__type_support_c.cpp.o[0m
[4.717s] [ 77%] [32mBuilding CXX object CMakeFiles/base_interfaces_demo__rosidl_typesupport_fastrtps_c.dir/rosidl_typesupport_fastrtps_c/base_interfaces_demo/action/detail/nav__type_support_c.cpp.o[0m
[5.082s] [ 79%] [32m[1mLinking CXX shared library libbase_interfaces_demo__rosidl_typesupport_fastrtps_c.so[0m
[5.162s] [ 79%] Built target base_interfaces_demo__rosidl_typesupport_fastrtps_c
[5.181s] [ 79%] Built target base_interfaces_demo
[5.191s] [35m[1mScanning dependencies of target base_interfaces_demo__py[0m
[5.201s] [ 80%] [34m[1mGenerating Python code for ROS interfaces[0m
[7.019s] [ 80%] Built target base_interfaces_demo__py
[7.032s] [35m[1mScanning dependencies of target base_interfaces_demo__python[0m
[7.058s] [ 84%] [32mBuilding C object CMakeFiles/base_interfaces_demo__python.dir/rosidl_generator_py/base_interfaces_demo/srv/_add_ints_s.c.o[0m
[7.058s] [ 84%] [32mBuilding C object CMakeFiles/base_interfaces_demo__python.dir/rosidl_generator_py/base_interfaces_demo/msg/_student_s.c.o[0m
[7.058s] [ 85%] [32mBuilding C object CMakeFiles/base_interfaces_demo__python.dir/rosidl_generator_py/base_interfaces_demo/srv/_distance_s.c.o[0m
[7.058s] [ 87%] [32mBuilding C object CMakeFiles/base_interfaces_demo__python.dir/rosidl_generator_py/base_interfaces_demo/action/_progress_s.c.o[0m
[7.058s] [ 88%] [32mBuilding C object CMakeFiles/base_interfaces_demo__python.dir/rosidl_generator_py/base_interfaces_demo/action/_nav_s.c.o[0m
[7.200s] [ 90%] [32m[1mLinking C shared library rosidl_generator_py/base_interfaces_demo/libbase_interfaces_demo__python.so[0m
[7.248s] [ 90%] Built target base_interfaces_demo__python
[7.260s] [35m[1mScanning dependencies of target base_interfaces_demo__rosidl_typesupport_introspection_c__pyext[0m
[7.260s] [35m[1mScanning dependencies of target base_interfaces_demo__rosidl_typesupport_c__pyext[0m
[7.260s] [35m[1mScanning dependencies of target base_interfaces_demo__rosidl_typesupport_fastrtps_c__pyext[0m
[7.279s] [ 93%] [32mBuilding C object CMakeFiles/base_interfaces_demo__rosidl_typesupport_c__pyext.dir/rosidl_generator_py/base_interfaces_demo/_base_interfaces_demo_s.ep.rosidl_typesupport_c.c.o[0m
[7.279s] [ 93%] [32mBuilding C object CMakeFiles/base_interfaces_demo__rosidl_typesupport_introspection_c__pyext.dir/rosidl_generator_py/base_interfaces_demo/_base_interfaces_demo_s.ep.rosidl_typesupport_introspection_c.c.o[0m
[7.280s] [ 95%] [32mBuilding C object CMakeFiles/base_interfaces_demo__rosidl_typesupport_fastrtps_c__pyext.dir/rosidl_generator_py/base_interfaces_demo/_base_interfaces_demo_s.ep.rosidl_typesupport_fastrtps_c.c.o[0m
[7.427s] [ 96%] [32m[1mLinking CXX shared library rosidl_generator_py/base_interfaces_demo/base_interfaces_demo_s__rosidl_typesupport_fastrtps_c.cpython-38-x86_64-linux-gnu.so[0m
[7.428s] [ 98%] [32m[1mLinking C shared library rosidl_generator_py/base_interfaces_demo/base_interfaces_demo_s__rosidl_typesupport_c.cpython-38-x86_64-linux-gnu.so[0m
[7.429s] [100%] [32m[1mLinking C shared library rosidl_generator_py/base_interfaces_demo/base_interfaces_demo_s__rosidl_typesupport_introspection_c.cpython-38-x86_64-linux-gnu.so[0m
[7.493s] [100%] Built target base_interfaces_demo__rosidl_typesupport_introspection_c__pyext
[7.493s] [100%] Built target base_interfaces_demo__rosidl_typesupport_c__pyext
[7.510s] [100%] Built target base_interfaces_demo__rosidl_typesupport_fastrtps_c__pyext
[7.522s] Invoked command in '/home/hw_learn/ws_ros2/ws01_plumbing/build/base_interfaces_demo' returned '0': CMAKE_PREFIX_PATH=${CMAKE_PREFIX_PATH}:/home/hw_learn/ws_ros2/ws01_plumbing/install/py01_topic:/home/hw_learn/dev_ws/install/learning_urdf:/home/hw_learn/dev_ws/install/learning_topic:/home/hw_learn/dev_ws/install/learning_tf:/home/hw_learn/dev_ws/install/learning_service:/home/hw_learn/dev_ws/install/learning_qos:/home/hw_learn/dev_ws/install/learning_pkg_python:/home/hw_learn/dev_ws/install/learning_parameter:/home/hw_learn/dev_ws/install/learning_node:/home/hw_learn/dev_ws/install/learning_launch:/home/hw_learn/dev_ws/install/learning_action:/home/hw_learn/dev_ws/install/learning_gazebo /usr/bin/cmake --build /home/hw_learn/ws_ros2/ws01_plumbing/build/base_interfaces_demo -- -j128 -l128
[7.658s] Invoking command in '/home/hw_learn/ws_ros2/ws01_plumbing/build/base_interfaces_demo': CMAKE_PREFIX_PATH=${CMAKE_PREFIX_PATH}:/home/hw_learn/ws_ros2/ws01_plumbing/install/py01_topic:/home/hw_learn/dev_ws/install/learning_urdf:/home/hw_learn/dev_ws/install/learning_topic:/home/hw_learn/dev_ws/install/learning_tf:/home/hw_learn/dev_ws/install/learning_service:/home/hw_learn/dev_ws/install/learning_qos:/home/hw_learn/dev_ws/install/learning_pkg_python:/home/hw_learn/dev_ws/install/learning_parameter:/home/hw_learn/dev_ws/install/learning_node:/home/hw_learn/dev_ws/install/learning_launch:/home/hw_learn/dev_ws/install/learning_action:/home/hw_learn/dev_ws/install/learning_gazebo /usr/bin/cmake --install /home/hw_learn/ws_ros2/ws01_plumbing/build/base_interfaces_demo
[7.667s] -- Install configuration: ""
[7.667s] -- Installing: /home/hw_learn/ws_ros2/ws01_plumbing/install/base_interfaces_demo/share/ament_index/resource_index/rosidl_interfaces/base_interfaces_demo
[7.670s] -- Up-to-date: /home/hw_learn/ws_ros2/ws01_plumbing/install/base_interfaces_demo/include/base_interfaces_demo
[7.670s] -- Up-to-date: /home/hw_learn/ws_ros2/ws01_plumbing/install/base_interfaces_demo/include/base_interfaces_demo/msg
[7.670s] -- Up-to-date: /home/hw_learn/ws_ros2/ws01_plumbing/install/base_interfaces_demo/include/base_interfaces_demo/msg/rosidl_generator_c__visibility_control.h
[7.670s] -- Installing: /home/hw_learn/ws_ros2/ws01_plumbing/install/base_interfaces_demo/include/base_interfaces_demo/msg/student.h
[7.670s] -- Up-to-date: /home/hw_learn/ws_ros2/ws01_plumbing/install/base_interfaces_demo/include/base_interfaces_demo/msg/detail
[7.671s] -- Installing: /home/hw_learn/ws_ros2/ws01_plumbing/install/base_interfaces_demo/include/base_interfaces_demo/msg/detail/student__functions.c
[7.671s] -- Installing: /home/hw_learn/ws_ros2/ws01_plumbing/install/base_interfaces_demo/include/base_interfaces_demo/msg/detail/student__functions.h
[7.671s] -- Installing: /home/hw_learn/ws_ros2/ws01_plumbing/install/base_interfaces_demo/include/base_interfaces_demo/msg/detail/student__struct.h
[7.671s] -- Installing: /home/hw_learn/ws_ros2/ws01_plumbing/install/base_interfaces_demo/include/base_interfaces_demo/msg/detail/student__type_support.h
[7.671s] -- Up-to-date: /home/hw_learn/ws_ros2/ws01_plumbing/install/base_interfaces_demo/include/base_interfaces_demo/srv
[7.671s] -- Installing: /home/hw_learn/ws_ros2/ws01_plumbing/install/base_interfaces_demo/include/base_interfaces_demo/srv/add_ints.h
[7.671s] -- Up-to-date: /home/hw_learn/ws_ros2/ws01_plumbing/install/base_interfaces_demo/include/base_interfaces_demo/srv/detail
[7.672s] -- Installing: /home/hw_learn/ws_ros2/ws01_plumbing/install/base_interfaces_demo/include/base_interfaces_demo/srv/detail/add_ints__functions.c
[7.672s] -- Installing: /home/hw_learn/ws_ros2/ws01_plumbing/install/base_interfaces_demo/include/base_interfaces_demo/srv/detail/add_ints__functions.h
[7.672s] -- Installing: /home/hw_learn/ws_ros2/ws01_plumbing/install/base_interfaces_demo/include/base_interfaces_demo/srv/detail/add_ints__struct.h
[7.672s] -- Installing: /home/hw_learn/ws_ros2/ws01_plumbing/install/base_interfaces_demo/include/base_interfaces_demo/srv/detail/add_ints__type_support.h
[7.672s] -- Installing: /home/hw_learn/ws_ros2/ws01_plumbing/install/base_interfaces_demo/include/base_interfaces_demo/srv/detail/distance__functions.c
[7.672s] -- Installing: /home/hw_learn/ws_ros2/ws01_plumbing/install/base_interfaces_demo/include/base_interfaces_demo/srv/detail/distance__functions.h
[7.672s] -- Installing: /home/hw_learn/ws_ros2/ws01_plumbing/install/base_interfaces_demo/include/base_interfaces_demo/srv/detail/distance__struct.h
[7.672s] -- Installing: /home/hw_learn/ws_ros2/ws01_plumbing/install/base_interfaces_demo/include/base_interfaces_demo/srv/detail/distance__type_support.h
[7.672s] -- Installing: /home/hw_learn/ws_ros2/ws01_plumbing/install/base_interfaces_demo/include/base_interfaces_demo/srv/distance.h
[7.673s] -- Up-to-date: /home/hw_learn/ws_ros2/ws01_plumbing/install/base_interfaces_demo/include/base_interfaces_demo/action
[7.673s] -- Installing: /home/hw_learn/ws_ros2/ws01_plumbing/install/base_interfaces_demo/include/base_interfaces_demo/action/progress.h
[7.673s] -- Up-to-date: /home/hw_learn/ws_ros2/ws01_plumbing/install/base_interfaces_demo/include/base_interfaces_demo/action/detail
[7.673s] -- Installing: /home/hw_learn/ws_ros2/ws01_plumbing/install/base_interfaces_demo/include/base_interfaces_demo/action/detail/progress__functions.c
[7.673s] -- Installing: /home/hw_learn/ws_ros2/ws01_plumbing/install/base_interfaces_demo/include/base_interfaces_demo/action/detail/progress__functions.h
[7.673s] -- Installing: /home/hw_learn/ws_ros2/ws01_plumbing/install/base_interfaces_demo/include/base_interfaces_demo/action/detail/progress__struct.h
[7.673s] -- Installing: /home/hw_learn/ws_ros2/ws01_plumbing/install/base_interfaces_demo/include/base_interfaces_demo/action/detail/progress__type_support.h
[7.673s] -- Installing: /home/hw_learn/ws_ros2/ws01_plumbing/install/base_interfaces_demo/include/base_interfaces_demo/action/detail/nav__functions.c
[7.674s] -- Installing: /home/hw_learn/ws_ros2/ws01_plumbing/install/base_interfaces_demo/include/base_interfaces_demo/action/detail/nav__functions.h
[7.674s] -- Installing: /home/hw_learn/ws_ros2/ws01_plumbing/install/base_interfaces_demo/include/base_interfaces_demo/action/detail/nav__struct.h
[7.674s] -- Installing: /home/hw_learn/ws_ros2/ws01_plumbing/install/base_interfaces_demo/include/base_interfaces_demo/action/detail/nav__type_support.h
[7.674s] -- Installing: /home/hw_learn/ws_ros2/ws01_plumbing/install/base_interfaces_demo/include/base_interfaces_demo/action/nav.h
[7.674s] -- Up-to-date: /home/hw_learn/ws_ros2/ws01_plumbing/install/base_interfaces_demo/share/base_interfaces_demo/environment/library_path.sh
[7.674s] -- Installing: /home/hw_learn/ws_ros2/ws01_plumbing/install/base_interfaces_demo/share/base_interfaces_demo/environment/library_path.dsv
[7.675s] -- Installing: /home/hw_learn/ws_ros2/ws01_plumbing/install/base_interfaces_demo/lib/libbase_interfaces_demo__rosidl_generator_c.so
[7.676s] -- Set runtime path of "/home/hw_learn/ws_ros2/ws01_plumbing/install/base_interfaces_demo/lib/libbase_interfaces_demo__rosidl_generator_c.so" to ""
[7.676s] -- Up-to-date: /home/hw_learn/ws_ros2/ws01_plumbing/install/base_interfaces_demo/include/base_interfaces_demo
[7.676s] -- Up-to-date: /home/hw_learn/ws_ros2/ws01_plumbing/install/base_interfaces_demo/include/base_interfaces_demo/msg
[7.676s] -- Up-to-date: /home/hw_learn/ws_ros2/ws01_plumbing/install/base_interfaces_demo/include/base_interfaces_demo/msg/rosidl_typesupport_fastrtps_c__visibility_control.h
[7.676s] -- Up-to-date: /home/hw_learn/ws_ros2/ws01_plumbing/install/base_interfaces_demo/include/base_interfaces_demo/msg/detail
[7.676s] -- Installing: /home/hw_learn/ws_ros2/ws01_plumbing/install/base_interfaces_demo/include/base_interfaces_demo/msg/detail/student__rosidl_typesupport_fastrtps_c.h
[7.676s] -- Up-to-date: /home/hw_learn/ws_ros2/ws01_plumbing/install/base_interfaces_demo/include/base_interfaces_demo/srv
[7.676s] -- Up-to-date: /home/hw_learn/ws_ros2/ws01_plumbing/install/base_interfaces_demo/include/base_interfaces_demo/srv/detail
[7.676s] -- Installing: /home/hw_learn/ws_ros2/ws01_plumbing/install/base_interfaces_demo/include/base_interfaces_demo/srv/detail/add_ints__rosidl_typesupport_fastrtps_c.h
[7.676s] -- Installing: /home/hw_learn/ws_ros2/ws01_plumbing/install/base_interfaces_demo/include/base_interfaces_demo/srv/detail/distance__rosidl_typesupport_fastrtps_c.h
[7.677s] -- Up-to-date: /home/hw_learn/ws_ros2/ws01_plumbing/install/base_interfaces_demo/include/base_interfaces_demo/action
[7.677s] -- Up-to-date: /home/hw_learn/ws_ros2/ws01_plumbing/install/base_interfaces_demo/include/base_interfaces_demo/action/detail
[7.677s] -- Installing: /home/hw_learn/ws_ros2/ws01_plumbing/install/base_interfaces_demo/include/base_interfaces_demo/action/detail/progress__rosidl_typesupport_fastrtps_c.h
[7.677s] -- Installing: /home/hw_learn/ws_ros2/ws01_plumbing/install/base_interfaces_demo/include/base_interfaces_demo/action/detail/nav__rosidl_typesupport_fastrtps_c.h
[7.677s] -- Installing: /home/hw_learn/ws_ros2/ws01_plumbing/install/base_interfaces_demo/lib/libbase_interfaces_demo__rosidl_typesupport_fastrtps_c.so
[7.678s] -- Set runtime path of "/home/hw_learn/ws_ros2/ws01_plumbing/install/base_interfaces_demo/lib/libbase_interfaces_demo__rosidl_typesupport_fastrtps_c.so" to ""
[7.678s] -- Up-to-date: /home/hw_learn/ws_ros2/ws01_plumbing/install/base_interfaces_demo/include/base_interfaces_demo
[7.678s] -- Up-to-date: /home/hw_learn/ws_ros2/ws01_plumbing/install/base_interfaces_demo/include/base_interfaces_demo/msg
[7.678s] -- Up-to-date: /home/hw_learn/ws_ros2/ws01_plumbing/install/base_interfaces_demo/include/base_interfaces_demo/msg/rosidl_typesupport_fastrtps_cpp__visibility_control.h
[7.679s] -- Up-to-date: /home/hw_learn/ws_ros2/ws01_plumbing/install/base_interfaces_demo/include/base_interfaces_demo/msg/detail
[7.679s] -- Installing: /home/hw_learn/ws_ros2/ws01_plumbing/install/base_interfaces_demo/include/base_interfaces_demo/msg/detail/student__rosidl_typesupport_fastrtps_cpp.hpp
[7.679s] -- Up-to-date: /home/hw_learn/ws_ros2/ws01_plumbing/install/base_interfaces_demo/include/base_interfaces_demo/msg/detail/dds_fastrtps
[7.679s] -- Up-to-date: /home/hw_learn/ws_ros2/ws01_plumbing/install/base_interfaces_demo/include/base_interfaces_demo/srv
[7.679s] -- Up-to-date: /home/hw_learn/ws_ros2/ws01_plumbing/install/base_interfaces_demo/include/base_interfaces_demo/srv/detail
[7.679s] -- Installing: /home/hw_learn/ws_ros2/ws01_plumbing/install/base_interfaces_demo/include/base_interfaces_demo/srv/detail/add_ints__rosidl_typesupport_fastrtps_cpp.hpp
[7.679s] -- Up-to-date: /home/hw_learn/ws_ros2/ws01_plumbing/install/base_interfaces_demo/include/base_interfaces_demo/srv/detail/dds_fastrtps
[7.679s] -- Installing: /home/hw_learn/ws_ros2/ws01_plumbing/install/base_interfaces_demo/include/base_interfaces_demo/srv/detail/distance__rosidl_typesupport_fastrtps_cpp.hpp
[7.679s] -- Up-to-date: /home/hw_learn/ws_ros2/ws01_plumbing/install/base_interfaces_demo/include/base_interfaces_demo/action
[7.679s] -- Up-to-date: /home/hw_learn/ws_ros2/ws01_plumbing/install/base_interfaces_demo/include/base_interfaces_demo/action/detail
[7.679s] -- Installing: /home/hw_learn/ws_ros2/ws01_plumbing/install/base_interfaces_demo/include/base_interfaces_demo/action/detail/progress__rosidl_typesupport_fastrtps_cpp.hpp
[7.679s] -- Up-to-date: /home/hw_learn/ws_ros2/ws01_plumbing/install/base_interfaces_demo/include/base_interfaces_demo/action/detail/dds_fastrtps
[7.679s] -- Installing: /home/hw_learn/ws_ros2/ws01_plumbing/install/base_interfaces_demo/include/base_interfaces_demo/action/detail/nav__rosidl_typesupport_fastrtps_cpp.hpp
[7.680s] -- Installing: /home/hw_learn/ws_ros2/ws01_plumbing/install/base_interfaces_demo/lib/libbase_interfaces_demo__rosidl_typesupport_fastrtps_cpp.so
[7.681s] -- Set runtime path of "/home/hw_learn/ws_ros2/ws01_plumbing/install/base_interfaces_demo/lib/libbase_interfaces_demo__rosidl_typesupport_fastrtps_cpp.so" to ""
[7.681s] -- Up-to-date: /home/hw_learn/ws_ros2/ws01_plumbing/install/base_interfaces_demo/include/base_interfaces_demo
[7.681s] -- Up-to-date: /home/hw_learn/ws_ros2/ws01_plumbing/install/base_interfaces_demo/include/base_interfaces_demo/msg
[7.681s] -- Up-to-date: /home/hw_learn/ws_ros2/ws01_plumbing/install/base_interfaces_demo/include/base_interfaces_demo/msg/rosidl_typesupport_introspection_c__visibility_control.h
[7.681s] -- Up-to-date: /home/hw_learn/ws_ros2/ws01_plumbing/install/base_interfaces_demo/include/base_interfaces_demo/msg/detail
[7.681s] -- Installing: /home/hw_learn/ws_ros2/ws01_plumbing/install/base_interfaces_demo/include/base_interfaces_demo/msg/detail/student__rosidl_typesupport_introspection_c.h
[7.681s] -- Installing: /home/hw_learn/ws_ros2/ws01_plumbing/install/base_interfaces_demo/include/base_interfaces_demo/msg/detail/student__type_support.c
[7.681s] -- Up-to-date: /home/hw_learn/ws_ros2/ws01_plumbing/install/base_interfaces_demo/include/base_interfaces_demo/srv
[7.681s] -- Up-to-date: /home/hw_learn/ws_ros2/ws01_plumbing/install/base_interfaces_demo/include/base_interfaces_demo/srv/detail
[7.681s] -- Installing: /home/hw_learn/ws_ros2/ws01_plumbing/install/base_interfaces_demo/include/base_interfaces_demo/srv/detail/add_ints__rosidl_typesupport_introspection_c.h
[7.682s] -- Installing: /home/hw_learn/ws_ros2/ws01_plumbing/install/base_interfaces_demo/include/base_interfaces_demo/srv/detail/add_ints__type_support.c
[7.682s] -- Installing: /home/hw_learn/ws_ros2/ws01_plumbing/install/base_interfaces_demo/include/base_interfaces_demo/srv/detail/distance__rosidl_typesupport_introspection_c.h
[7.682s] -- Installing: /home/hw_learn/ws_ros2/ws01_plumbing/install/base_interfaces_demo/include/base_interfaces_demo/srv/detail/distance__type_support.c
[7.682s] -- Up-to-date: /home/hw_learn/ws_ros2/ws01_plumbing/install/base_interfaces_demo/include/base_interfaces_demo/action
[7.682s] -- Up-to-date: /home/hw_learn/ws_ros2/ws01_plumbing/install/base_interfaces_demo/include/base_interfaces_demo/action/detail
[7.682s] -- Installing: /home/hw_learn/ws_ros2/ws01_plumbing/install/base_interfaces_demo/include/base_interfaces_demo/action/detail/progress__rosidl_typesupport_introspection_c.h
[7.682s] -- Installing: /home/hw_learn/ws_ros2/ws01_plumbing/install/base_interfaces_demo/include/base_interfaces_demo/action/detail/progress__type_support.c
[7.682s] -- Installing: /home/hw_learn/ws_ros2/ws01_plumbing/install/base_interfaces_demo/include/base_interfaces_demo/action/detail/nav__rosidl_typesupport_introspection_c.h
[7.682s] -- Installing: /home/hw_learn/ws_ros2/ws01_plumbing/install/base_interfaces_demo/include/base_interfaces_demo/action/detail/nav__type_support.c
[7.683s] -- Installing: /home/hw_learn/ws_ros2/ws01_plumbing/install/base_interfaces_demo/lib/libbase_interfaces_demo__rosidl_typesupport_introspection_c.so
[7.684s] -- Set runtime path of "/home/hw_learn/ws_ros2/ws01_plumbing/install/base_interfaces_demo/lib/libbase_interfaces_demo__rosidl_typesupport_introspection_c.so" to ""
[7.685s] -- Installing: /home/hw_learn/ws_ros2/ws01_plumbing/install/base_interfaces_demo/lib/libbase_interfaces_demo__rosidl_typesupport_c.so
[7.685s] -- Set runtime path of "/home/hw_learn/ws_ros2/ws01_plumbing/install/base_interfaces_demo/lib/libbase_interfaces_demo__rosidl_typesupport_c.so" to ""
[7.685s] -- Up-to-date: /home/hw_learn/ws_ros2/ws01_plumbing/install/base_interfaces_demo/include/base_interfaces_demo
[7.685s] -- Up-to-date: /home/hw_learn/ws_ros2/ws01_plumbing/install/base_interfaces_demo/include/base_interfaces_demo/msg
[7.685s] -- Up-to-date: /home/hw_learn/ws_ros2/ws01_plumbing/install/base_interfaces_demo/include/base_interfaces_demo/msg/detail
[7.686s] -- Installing: /home/hw_learn/ws_ros2/ws01_plumbing/install/base_interfaces_demo/include/base_interfaces_demo/msg/detail/student__builder.hpp
[7.686s] -- Installing: /home/hw_learn/ws_ros2/ws01_plumbing/install/base_interfaces_demo/include/base_interfaces_demo/msg/detail/student__struct.hpp
[7.686s] -- Installing: /home/hw_learn/ws_ros2/ws01_plumbing/install/base_interfaces_demo/include/base_interfaces_demo/msg/detail/student__traits.hpp
[7.686s] -- Installing: /home/hw_learn/ws_ros2/ws01_plumbing/install/base_interfaces_demo/include/base_interfaces_demo/msg/student.hpp
[7.686s] -- Up-to-date: /home/hw_learn/ws_ros2/ws01_plumbing/install/base_interfaces_demo/include/base_interfaces_demo/srv
[7.686s] -- Installing: /home/hw_learn/ws_ros2/ws01_plumbing/install/base_interfaces_demo/include/base_interfaces_demo/srv/add_ints.hpp
[7.686s] -- Up-to-date: /home/hw_learn/ws_ros2/ws01_plumbing/install/base_interfaces_demo/include/base_interfaces_demo/srv/detail
[7.686s] -- Installing: /home/hw_learn/ws_ros2/ws01_plumbing/install/base_interfaces_demo/include/base_interfaces_demo/srv/detail/add_ints__builder.hpp
[7.686s] -- Installing: /home/hw_learn/ws_ros2/ws01_plumbing/install/base_interfaces_demo/include/base_interfaces_demo/srv/detail/add_ints__struct.hpp
[7.687s] -- Installing: /home/hw_learn/ws_ros2/ws01_plumbing/install/base_interfaces_demo/include/base_interfaces_demo/srv/detail/add_ints__traits.hpp
[7.687s] -- Installing: /home/hw_learn/ws_ros2/ws01_plumbing/install/base_interfaces_demo/include/base_interfaces_demo/srv/detail/distance__builder.hpp
[7.687s] -- Installing: /home/hw_learn/ws_ros2/ws01_plumbing/install/base_interfaces_demo/include/base_interfaces_demo/srv/detail/distance__struct.hpp
[7.687s] -- Installing: /home/hw_learn/ws_ros2/ws01_plumbing/install/base_interfaces_demo/include/base_interfaces_demo/srv/detail/distance__traits.hpp
[7.687s] -- Installing: /home/hw_learn/ws_ros2/ws01_plumbing/install/base_interfaces_demo/include/base_interfaces_demo/srv/distance.hpp
[7.687s] -- Up-to-date: /home/hw_learn/ws_ros2/ws01_plumbing/install/base_interfaces_demo/include/base_interfaces_demo/action
[7.687s] -- Installing: /home/hw_learn/ws_ros2/ws01_plumbing/install/base_interfaces_demo/include/base_interfaces_demo/action/progress.hpp
[7.687s] -- Up-to-date: /home/hw_learn/ws_ros2/ws01_plumbing/install/base_interfaces_demo/include/base_interfaces_demo/action/detail
[7.688s] -- Installing: /home/hw_learn/ws_ros2/ws01_plumbing/install/base_interfaces_demo/include/base_interfaces_demo/action/detail/progress__builder.hpp
[7.688s] -- Installing: /home/hw_learn/ws_ros2/ws01_plumbing/install/base_interfaces_demo/include/base_interfaces_demo/action/detail/progress__struct.hpp
[7.688s] -- Installing: /home/hw_learn/ws_ros2/ws01_plumbing/install/base_interfaces_demo/include/base_interfaces_demo/action/detail/progress__traits.hpp
[7.688s] -- Installing: /home/hw_learn/ws_ros2/ws01_plumbing/install/base_interfaces_demo/include/base_interfaces_demo/action/detail/nav__builder.hpp
[7.688s] -- Installing: /home/hw_learn/ws_ros2/ws01_plumbing/install/base_interfaces_demo/include/base_interfaces_demo/action/detail/nav__struct.hpp
[7.688s] -- Installing: /home/hw_learn/ws_ros2/ws01_plumbing/install/base_interfaces_demo/include/base_interfaces_demo/action/detail/nav__traits.hpp
[7.688s] -- Installing: /home/hw_learn/ws_ros2/ws01_plumbing/install/base_interfaces_demo/include/base_interfaces_demo/action/nav.hpp
[7.689s] -- Up-to-date: /home/hw_learn/ws_ros2/ws01_plumbing/install/base_interfaces_demo/include/base_interfaces_demo
[7.689s] -- Up-to-date: /home/hw_learn/ws_ros2/ws01_plumbing/install/base_interfaces_demo/include/base_interfaces_demo/msg
[7.689s] -- Up-to-date: /home/hw_learn/ws_ros2/ws01_plumbing/install/base_interfaces_demo/include/base_interfaces_demo/msg/detail
[7.689s] -- Installing: /home/hw_learn/ws_ros2/ws01_plumbing/install/base_interfaces_demo/include/base_interfaces_demo/msg/detail/student__rosidl_typesupport_introspection_cpp.hpp
[7.689s] -- Installing: /home/hw_learn/ws_ros2/ws01_plumbing/install/base_interfaces_demo/include/base_interfaces_demo/msg/detail/student__type_support.cpp
[7.689s] -- Up-to-date: /home/hw_learn/ws_ros2/ws01_plumbing/install/base_interfaces_demo/include/base_interfaces_demo/srv
[7.689s] -- Up-to-date: /home/hw_learn/ws_ros2/ws01_plumbing/install/base_interfaces_demo/include/base_interfaces_demo/srv/detail
[7.689s] -- Installing: /home/hw_learn/ws_ros2/ws01_plumbing/install/base_interfaces_demo/include/base_interfaces_demo/srv/detail/add_ints__rosidl_typesupport_introspection_cpp.hpp
[7.689s] -- Installing: /home/hw_learn/ws_ros2/ws01_plumbing/install/base_interfaces_demo/include/base_interfaces_demo/srv/detail/add_ints__type_support.cpp
[7.690s] -- Installing: /home/hw_learn/ws_ros2/ws01_plumbing/install/base_interfaces_demo/include/base_interfaces_demo/srv/detail/distance__rosidl_typesupport_introspection_cpp.hpp
[7.690s] -- Installing: /home/hw_learn/ws_ros2/ws01_plumbing/install/base_interfaces_demo/include/base_interfaces_demo/srv/detail/distance__type_support.cpp
[7.690s] -- Up-to-date: /home/hw_learn/ws_ros2/ws01_plumbing/install/base_interfaces_demo/include/base_interfaces_demo/action
[7.690s] -- Up-to-date: /home/hw_learn/ws_ros2/ws01_plumbing/install/base_interfaces_demo/include/base_interfaces_demo/action/detail
[7.690s] -- Installing: /home/hw_learn/ws_ros2/ws01_plumbing/install/base_interfaces_demo/include/base_interfaces_demo/action/detail/progress__rosidl_typesupport_introspection_cpp.hpp
[7.690s] -- Installing: /home/hw_learn/ws_ros2/ws01_plumbing/install/base_interfaces_demo/include/base_interfaces_demo/action/detail/progress__type_support.cpp
[7.690s] -- Installing: /home/hw_learn/ws_ros2/ws01_plumbing/install/base_interfaces_demo/include/base_interfaces_demo/action/detail/nav__rosidl_typesupport_introspection_cpp.hpp
[7.690s] -- Installing: /home/hw_learn/ws_ros2/ws01_plumbing/install/base_interfaces_demo/include/base_interfaces_demo/action/detail/nav__type_support.cpp
[7.691s] -- Installing: /home/hw_learn/ws_ros2/ws01_plumbing/install/base_interfaces_demo/lib/libbase_interfaces_demo__rosidl_typesupport_introspection_cpp.so
[7.692s] -- Set runtime path of "/home/hw_learn/ws_ros2/ws01_plumbing/install/base_interfaces_demo/lib/libbase_interfaces_demo__rosidl_typesupport_introspection_cpp.so" to ""
[7.693s] -- Installing: /home/hw_learn/ws_ros2/ws01_plumbing/install/base_interfaces_demo/lib/libbase_interfaces_demo__rosidl_typesupport_cpp.so
[7.693s] -- Set runtime path of "/home/hw_learn/ws_ros2/ws01_plumbing/install/base_interfaces_demo/lib/libbase_interfaces_demo__rosidl_typesupport_cpp.so" to ""
[7.693s] -- Up-to-date: /home/hw_learn/ws_ros2/ws01_plumbing/install/base_interfaces_demo/share/base_interfaces_demo/environment/pythonpath.sh
[7.694s] -- Installing: /home/hw_learn/ws_ros2/ws01_plumbing/install/base_interfaces_demo/share/base_interfaces_demo/environment/pythonpath.dsv
[7.694s] -- Installing: /home/hw_learn/ws_ros2/ws01_plumbing/install/base_interfaces_demo/lib/python3.8/site-packages/base_interfaces_demo/__init__.py
[7.733s] Compiling '/home/hw_learn/ws_ros2/ws01_plumbing/install/base_interfaces_demo/lib/python3.8/site-packages/base_interfaces_demo/__init__.py'...
[7.736s] -- Up-to-date: /home/hw_learn/ws_ros2/ws01_plumbing/install/base_interfaces_demo/lib/python3.8/site-packages/base_interfaces_demo/msg
[7.737s] -- Installing: /home/hw_learn/ws_ros2/ws01_plumbing/install/base_interfaces_demo/lib/python3.8/site-packages/base_interfaces_demo/msg/_student.py
[7.737s] -- Installing: /home/hw_learn/ws_ros2/ws01_plumbing/install/base_interfaces_demo/lib/python3.8/site-packages/base_interfaces_demo/msg/_student_s.c
[7.737s] -- Installing: /home/hw_learn/ws_ros2/ws01_plumbing/install/base_interfaces_demo/lib/python3.8/site-packages/base_interfaces_demo/msg/__init__.py
[7.737s] -- Up-to-date: /home/hw_learn/ws_ros2/ws01_plumbing/install/base_interfaces_demo/lib/python3.8/site-packages/base_interfaces_demo/srv
[7.737s] -- Installing: /home/hw_learn/ws_ros2/ws01_plumbing/install/base_interfaces_demo/lib/python3.8/site-packages/base_interfaces_demo/srv/_add_ints.py
[7.737s] -- Installing: /home/hw_learn/ws_ros2/ws01_plumbing/install/base_interfaces_demo/lib/python3.8/site-packages/base_interfaces_demo/srv/_add_ints_s.c
[7.737s] -- Installing: /home/hw_learn/ws_ros2/ws01_plumbing/install/base_interfaces_demo/lib/python3.8/site-packages/base_interfaces_demo/srv/__init__.py
[7.738s] -- Installing: /home/hw_learn/ws_ros2/ws01_plumbing/install/base_interfaces_demo/lib/python3.8/site-packages/base_interfaces_demo/srv/_distance.py
[7.738s] -- Installing: /home/hw_learn/ws_ros2/ws01_plumbing/install/base_interfaces_demo/lib/python3.8/site-packages/base_interfaces_demo/srv/_distance_s.c
[7.738s] -- Up-to-date: /home/hw_learn/ws_ros2/ws01_plumbing/install/base_interfaces_demo/lib/python3.8/site-packages/base_interfaces_demo/action
[7.738s] -- Installing: /home/hw_learn/ws_ros2/ws01_plumbing/install/base_interfaces_demo/lib/python3.8/site-packages/base_interfaces_demo/action/_progress.py
[7.738s] -- Installing: /home/hw_learn/ws_ros2/ws01_plumbing/install/base_interfaces_demo/lib/python3.8/site-packages/base_interfaces_demo/action/_progress_s.c
[7.738s] -- Installing: /home/hw_learn/ws_ros2/ws01_plumbing/install/base_interfaces_demo/lib/python3.8/site-packages/base_interfaces_demo/action/__init__.py
[7.738s] -- Installing: /home/hw_learn/ws_ros2/ws01_plumbing/install/base_interfaces_demo/lib/python3.8/site-packages/base_interfaces_demo/action/_nav.py
[7.739s] -- Installing: /home/hw_learn/ws_ros2/ws01_plumbing/install/base_interfaces_demo/lib/python3.8/site-packages/base_interfaces_demo/action/_nav_s.c
[7.740s] -- Installing: /home/hw_learn/ws_ros2/ws01_plumbing/install/base_interfaces_demo/lib/python3.8/site-packages/base_interfaces_demo/base_interfaces_demo_s__rosidl_typesupport_fastrtps_c.cpython-38-x86_64-linux-gnu.so
[7.741s] -- Set runtime path of "/home/hw_learn/ws_ros2/ws01_plumbing/install/base_interfaces_demo/lib/python3.8/site-packages/base_interfaces_demo/base_interfaces_demo_s__rosidl_typesupport_fastrtps_c.cpython-38-x86_64-linux-gnu.so" to ""
[7.741s] -- Installing: /home/hw_learn/ws_ros2/ws01_plumbing/install/base_interfaces_demo/lib/python3.8/site-packages/base_interfaces_demo/base_interfaces_demo_s__rosidl_typesupport_introspection_c.cpython-38-x86_64-linux-gnu.so
[7.742s] -- Set runtime path of "/home/hw_learn/ws_ros2/ws01_plumbing/install/base_interfaces_demo/lib/python3.8/site-packages/base_interfaces_demo/base_interfaces_demo_s__rosidl_typesupport_introspection_c.cpython-38-x86_64-linux-gnu.so" to ""
[7.743s] -- Installing: /home/hw_learn/ws_ros2/ws01_plumbing/install/base_interfaces_demo/lib/python3.8/site-packages/base_interfaces_demo/base_interfaces_demo_s__rosidl_typesupport_c.cpython-38-x86_64-linux-gnu.so
[7.744s] -- Set runtime path of "/home/hw_learn/ws_ros2/ws01_plumbing/install/base_interfaces_demo/lib/python3.8/site-packages/base_interfaces_demo/base_interfaces_demo_s__rosidl_typesupport_c.cpython-38-x86_64-linux-gnu.so" to ""
[7.744s] -- Installing: /home/hw_learn/ws_ros2/ws01_plumbing/install/base_interfaces_demo/lib/libbase_interfaces_demo__python.so
[7.745s] -- Set runtime path of "/home/hw_learn/ws_ros2/ws01_plumbing/install/base_interfaces_demo/lib/libbase_interfaces_demo__python.so" to ""
[7.745s] -- Up-to-date: /home/hw_learn/ws_ros2/ws01_plumbing/install/base_interfaces_demo/share/base_interfaces_demo/msg/Student.idl
[7.745s] -- Up-to-date: /home/hw_learn/ws_ros2/ws01_plumbing/install/base_interfaces_demo/share/base_interfaces_demo/srv/AddInts.idl
[7.745s] -- Up-to-date: /home/hw_learn/ws_ros2/ws01_plumbing/install/base_interfaces_demo/share/base_interfaces_demo/srv/Distance.idl
[7.745s] -- Up-to-date: /home/hw_learn/ws_ros2/ws01_plumbing/install/base_interfaces_demo/share/base_interfaces_demo/action/Progress.idl
[7.745s] -- Installing: /home/hw_learn/ws_ros2/ws01_plumbing/install/base_interfaces_demo/share/base_interfaces_demo/action/Nav.idl
[7.745s] -- Up-to-date: /home/hw_learn/ws_ros2/ws01_plumbing/install/base_interfaces_demo/share/base_interfaces_demo/msg/Student.msg
[7.746s] -- Up-to-date: /home/hw_learn/ws_ros2/ws01_plumbing/install/base_interfaces_demo/share/base_interfaces_demo/srv/AddInts.srv
[7.746s] -- Up-to-date: /home/hw_learn/ws_ros2/ws01_plumbing/install/base_interfaces_demo/share/base_interfaces_demo/srv/AddInts_Request.msg
[7.746s] -- Up-to-date: /home/hw_learn/ws_ros2/ws01_plumbing/install/base_interfaces_demo/share/base_interfaces_demo/srv/AddInts_Response.msg
[7.746s] -- Up-to-date: /home/hw_learn/ws_ros2/ws01_plumbing/install/base_interfaces_demo/share/base_interfaces_demo/srv/Distance.srv
[7.746s] -- Up-to-date: /home/hw_learn/ws_ros2/ws01_plumbing/install/base_interfaces_demo/share/base_interfaces_demo/srv/Distance_Request.msg
[7.746s] -- Up-to-date: /home/hw_learn/ws_ros2/ws01_plumbing/install/base_interfaces_demo/share/base_interfaces_demo/srv/Distance_Response.msg
[7.746s] -- Up-to-date: /home/hw_learn/ws_ros2/ws01_plumbing/install/base_interfaces_demo/share/base_interfaces_demo/action/Progress.action
[7.746s] -- Installing: /home/hw_learn/ws_ros2/ws01_plumbing/install/base_interfaces_demo/share/base_interfaces_demo/action/Nav.action
[7.746s] -- Up-to-date: /home/hw_learn/ws_ros2/ws01_plumbing/install/base_interfaces_demo/share/ament_index/resource_index/package_run_dependencies/base_interfaces_demo
[7.746s] -- Installing: /home/hw_learn/ws_ros2/ws01_plumbing/install/base_interfaces_demo/share/ament_index/resource_index/parent_prefix_path/base_interfaces_demo
[7.747s] -- Up-to-date: /home/hw_learn/ws_ros2/ws01_plumbing/install/base_interfaces_demo/share/base_interfaces_demo/environment/ament_prefix_path.sh
[7.747s] -- Installing: /home/hw_learn/ws_ros2/ws01_plumbing/install/base_interfaces_demo/share/base_interfaces_demo/environment/ament_prefix_path.dsv
[7.747s] -- Up-to-date: /home/hw_learn/ws_ros2/ws01_plumbing/install/base_interfaces_demo/share/base_interfaces_demo/environment/path.sh
[7.747s] -- Installing: /home/hw_learn/ws_ros2/ws01_plumbing/install/base_interfaces_demo/share/base_interfaces_demo/environment/path.dsv
[7.747s] -- Up-to-date: /home/hw_learn/ws_ros2/ws01_plumbing/install/base_interfaces_demo/share/base_interfaces_demo/local_setup.bash
[7.747s] -- Up-to-date: /home/hw_learn/ws_ros2/ws01_plumbing/install/base_interfaces_demo/share/base_interfaces_demo/local_setup.sh
[7.747s] -- Up-to-date: /home/hw_learn/ws_ros2/ws01_plumbing/install/base_interfaces_demo/share/base_interfaces_demo/local_setup.zsh
[7.747s] -- Installing: /home/hw_learn/ws_ros2/ws01_plumbing/install/base_interfaces_demo/share/base_interfaces_demo/local_setup.dsv
[7.747s] -- Installing: /home/hw_learn/ws_ros2/ws01_plumbing/install/base_interfaces_demo/share/base_interfaces_demo/package.dsv
[7.748s] -- Up-to-date: /home/hw_learn/ws_ros2/ws01_plumbing/install/base_interfaces_demo/share/ament_index/resource_index/packages/base_interfaces_demo
[7.748s] -- Up-to-date: /home/hw_learn/ws_ros2/ws01_plumbing/install/base_interfaces_demo/share/base_interfaces_demo/cmake/base_interfaces_demo__rosidl_generator_cExport.cmake
[7.748s] -- Installing: /home/hw_learn/ws_ros2/ws01_plumbing/install/base_interfaces_demo/share/base_interfaces_demo/cmake/base_interfaces_demo__rosidl_generator_cExport-noconfig.cmake
[7.749s] -- Up-to-date: /home/hw_learn/ws_ros2/ws01_plumbing/install/base_interfaces_demo/share/base_interfaces_demo/cmake/base_interfaces_demo__rosidl_typesupport_introspection_cExport.cmake
[7.749s] -- Installing: /home/hw_learn/ws_ros2/ws01_plumbing/install/base_interfaces_demo/share/base_interfaces_demo/cmake/base_interfaces_demo__rosidl_typesupport_introspection_cExport-noconfig.cmake
[7.749s] -- Up-to-date: /home/hw_learn/ws_ros2/ws01_plumbing/install/base_interfaces_demo/share/base_interfaces_demo/cmake/base_interfaces_demo__rosidl_typesupport_cExport.cmake
[7.749s] -- Installing: /home/hw_learn/ws_ros2/ws01_plumbing/install/base_interfaces_demo/share/base_interfaces_demo/cmake/base_interfaces_demo__rosidl_typesupport_cExport-noconfig.cmake
[7.750s] -- Up-to-date: /home/hw_learn/ws_ros2/ws01_plumbing/install/base_interfaces_demo/share/base_interfaces_demo/cmake/base_interfaces_demo__rosidl_generator_cppExport.cmake
[7.750s] -- Up-to-date: /home/hw_learn/ws_ros2/ws01_plumbing/install/base_interfaces_demo/share/base_interfaces_demo/cmake/base_interfaces_demo__rosidl_typesupport_introspection_cppExport.cmake
[7.750s] -- Installing: /home/hw_learn/ws_ros2/ws01_plumbing/install/base_interfaces_demo/share/base_interfaces_demo/cmake/base_interfaces_demo__rosidl_typesupport_introspection_cppExport-noconfig.cmake
[7.751s] -- Up-to-date: /home/hw_learn/ws_ros2/ws01_plumbing/install/base_interfaces_demo/share/base_interfaces_demo/cmake/base_interfaces_demo__rosidl_typesupport_cppExport.cmake
[7.751s] -- Installing: /home/hw_learn/ws_ros2/ws01_plumbing/install/base_interfaces_demo/share/base_interfaces_demo/cmake/base_interfaces_demo__rosidl_typesupport_cppExport-noconfig.cmake
[7.751s] -- Installing: /home/hw_learn/ws_ros2/ws01_plumbing/install/base_interfaces_demo/share/base_interfaces_demo/cmake/rosidl_cmake-extras.cmake
[7.751s] -- Up-to-date: /home/hw_learn/ws_ros2/ws01_plumbing/install/base_interfaces_demo/share/base_interfaces_demo/cmake/ament_cmake_export_dependencies-extras.cmake
[7.751s] -- Up-to-date: /home/hw_learn/ws_ros2/ws01_plumbing/install/base_interfaces_demo/share/base_interfaces_demo/cmake/ament_cmake_export_libraries-extras.cmake
[7.751s] -- Up-to-date: /home/hw_learn/ws_ros2/ws01_plumbing/install/base_interfaces_demo/share/base_interfaces_demo/cmake/ament_cmake_export_targets-extras.cmake
[7.751s] -- Up-to-date: /home/hw_learn/ws_ros2/ws01_plumbing/install/base_interfaces_demo/share/base_interfaces_demo/cmake/ament_cmake_export_include_directories-extras.cmake
[7.751s] -- Up-to-date: /home/hw_learn/ws_ros2/ws01_plumbing/install/base_interfaces_demo/share/base_interfaces_demo/cmake/rosidl_cmake_export_typesupport_libraries-extras.cmake
[7.752s] -- Up-to-date: /home/hw_learn/ws_ros2/ws01_plumbing/install/base_interfaces_demo/share/base_interfaces_demo/cmake/rosidl_cmake_export_typesupport_targets-extras.cmake
[7.752s] -- Up-to-date: /home/hw_learn/ws_ros2/ws01_plumbing/install/base_interfaces_demo/share/base_interfaces_demo/cmake/base_interfaces_demoConfig.cmake
[7.752s] -- Up-to-date: /home/hw_learn/ws_ros2/ws01_plumbing/install/base_interfaces_demo/share/base_interfaces_demo/cmake/base_interfaces_demoConfig-version.cmake
[7.752s] -- Up-to-date: /home/hw_learn/ws_ros2/ws01_plumbing/install/base_interfaces_demo/share/base_interfaces_demo/package.xml
[7.756s] Invoked command in '/home/hw_learn/ws_ros2/ws01_plumbing/build/base_interfaces_demo' returned '0': CMAKE_PREFIX_PATH=${CMAKE_PREFIX_PATH}:/home/hw_learn/ws_ros2/ws01_plumbing/install/py01_topic:/home/hw_learn/dev_ws/install/learning_urdf:/home/hw_learn/dev_ws/install/learning_topic:/home/hw_learn/dev_ws/install/learning_tf:/home/hw_learn/dev_ws/install/learning_service:/home/hw_learn/dev_ws/install/learning_qos:/home/hw_learn/dev_ws/install/learning_pkg_python:/home/hw_learn/dev_ws/install/learning_parameter:/home/hw_learn/dev_ws/install/learning_node:/home/hw_learn/dev_ws/install/learning_launch:/home/hw_learn/dev_ws/install/learning_action:/home/hw_learn/dev_ws/install/learning_gazebo /usr/bin/cmake --install /home/hw_learn/ws_ros2/ws01_plumbing/build/base_interfaces_demo
