[0.037s] Invoking command in '/home/hw_learn/ws_ros2/ws01_plumbing/build/turtlesim': CMAKE_PREFIX_PATH=${CMAKE_PREFIX_PATH}:/home/hw_learn/ws_ros2/ws01_plumbing/install/py01_topic:/home/hw_learn/dev_ws/install/learning_urdf:/home/hw_learn/dev_ws/install/learning_topic:/home/hw_learn/dev_ws/install/learning_tf:/home/hw_learn/dev_ws/install/learning_service:/home/hw_learn/dev_ws/install/learning_qos:/home/hw_learn/dev_ws/install/learning_pkg_python:/home/hw_learn/dev_ws/install/learning_parameter:/home/hw_learn/dev_ws/install/learning_node:/home/hw_learn/dev_ws/install/learning_launch:/home/hw_learn/dev_ws/install/learning_action:/home/hw_learn/dev_ws/install/learning_gazebo /usr/bin/cmake --build /home/hw_learn/ws_ros2/ws01_plumbing/build/turtlesim -- -j128 -l128
[0.095s] [  1%] Built target turtlesim__cpp
[0.097s] [ 11%] Built target turtlesim__rosidl_generator_c
[0.122s] [ 32%] Built target turtlesim__rosidl_typesupport_cpp
[0.122s] [ 32%] Built target turtlesim__rosidl_typesupport_introspection_cpp
[0.122s] [ 41%] Built target turtlesim__rosidl_typesupport_c
[0.123s] [ 53%] Built target turtlesim__rosidl_typesupport_fastrtps_cpp
[0.124s] [ 61%] Built target turtlesim__rosidl_typesupport_introspection_c
[0.151s] [ 71%] Built target turtlesim__rosidl_typesupport_fastrtps_c
[0.169s] [ 71%] Built target turtlesim
[0.187s] [35m[1mScanning dependencies of target turtlesim_node[0m
[0.190s] [ 72%] Built target turtlesim__py
[0.196s] [ 74%] Built target mimic
[0.196s] [ 76%] Built target draw_square
[0.199s] [ 78%] Built target turtle_teleop_key
[0.223s] [ 87%] Built target turtlesim__python
[0.244s] [ 88%] [32mBuilding CXX object CMakeFiles/turtlesim_node.dir/src/turtle.cpp.o[0m
[0.251s] [ 90%] Built target turtlesim__rosidl_typesupport_introspection_c__pyext
[0.251s] [ 92%] Built target turtlesim__rosidl_typesupport_c__pyext
[0.252s] [ 94%] Built target turtlesim__rosidl_typesupport_fastrtps_c__pyext
[9.243s] [ 95%] [32m[1mLinking CXX executable turtlesim_node[0m
[10.206s] [100%] Built target turtlesim_node
[10.218s] Invoked command in '/home/hw_learn/ws_ros2/ws01_plumbing/build/turtlesim' returned '0': CMAKE_PREFIX_PATH=${CMAKE_PREFIX_PATH}:/home/hw_learn/ws_ros2/ws01_plumbing/install/py01_topic:/home/hw_learn/dev_ws/install/learning_urdf:/home/hw_learn/dev_ws/install/learning_topic:/home/hw_learn/dev_ws/install/learning_tf:/home/hw_learn/dev_ws/install/learning_service:/home/hw_learn/dev_ws/install/learning_qos:/home/hw_learn/dev_ws/install/learning_pkg_python:/home/hw_learn/dev_ws/install/learning_parameter:/home/hw_learn/dev_ws/install/learning_node:/home/hw_learn/dev_ws/install/learning_launch:/home/hw_learn/dev_ws/install/learning_action:/home/hw_learn/dev_ws/install/learning_gazebo /usr/bin/cmake --build /home/hw_learn/ws_ros2/ws01_plumbing/build/turtlesim -- -j128 -l128
[10.402s] Invoking command in '/home/hw_learn/ws_ros2/ws01_plumbing/build/turtlesim': CMAKE_PREFIX_PATH=${CMAKE_PREFIX_PATH}:/home/hw_learn/ws_ros2/ws01_plumbing/install/py01_topic:/home/hw_learn/dev_ws/install/learning_urdf:/home/hw_learn/dev_ws/install/learning_topic:/home/hw_learn/dev_ws/install/learning_tf:/home/hw_learn/dev_ws/install/learning_service:/home/hw_learn/dev_ws/install/learning_qos:/home/hw_learn/dev_ws/install/learning_pkg_python:/home/hw_learn/dev_ws/install/learning_parameter:/home/hw_learn/dev_ws/install/learning_node:/home/hw_learn/dev_ws/install/learning_launch:/home/hw_learn/dev_ws/install/learning_action:/home/hw_learn/dev_ws/install/learning_gazebo /usr/bin/cmake --install /home/hw_learn/ws_ros2/ws01_plumbing/build/turtlesim
[10.413s] -- Install configuration: ""
[10.414s] -- Installing: /home/hw_learn/ws_ros2/ws01_plumbing/install/turtlesim/share/ament_index/resource_index/rosidl_interfaces/turtlesim
[10.414s] -- Installing: /home/hw_learn/ws_ros2/ws01_plumbing/install/turtlesim/include/turtlesim
[10.414s] -- Installing: /home/hw_learn/ws_ros2/ws01_plumbing/install/turtlesim/include/turtlesim/msg
[10.414s] -- Installing: /home/hw_learn/ws_ros2/ws01_plumbing/install/turtlesim/include/turtlesim/msg/rosidl_generator_c__visibility_control.h
[10.414s] -- Installing: /home/hw_learn/ws_ros2/ws01_plumbing/install/turtlesim/include/turtlesim/msg/color.h
[10.414s] -- Installing: /home/hw_learn/ws_ros2/ws01_plumbing/install/turtlesim/include/turtlesim/msg/detail
[10.414s] -- Installing: /home/hw_learn/ws_ros2/ws01_plumbing/install/turtlesim/include/turtlesim/msg/detail/color__functions.c
[10.414s] -- Installing: /home/hw_learn/ws_ros2/ws01_plumbing/install/turtlesim/include/turtlesim/msg/detail/color__functions.h
[10.414s] -- Installing: /home/hw_learn/ws_ros2/ws01_plumbing/install/turtlesim/include/turtlesim/msg/detail/color__struct.h
[10.414s] -- Installing: /home/hw_learn/ws_ros2/ws01_plumbing/install/turtlesim/include/turtlesim/msg/detail/color__type_support.h
[10.415s] -- Installing: /home/hw_learn/ws_ros2/ws01_plumbing/install/turtlesim/include/turtlesim/msg/detail/pose__functions.c
[10.415s] -- Installing: /home/hw_learn/ws_ros2/ws01_plumbing/install/turtlesim/include/turtlesim/msg/detail/pose__functions.h
[10.415s] -- Installing: /home/hw_learn/ws_ros2/ws01_plumbing/install/turtlesim/include/turtlesim/msg/detail/pose__struct.h
[10.415s] -- Installing: /home/hw_learn/ws_ros2/ws01_plumbing/install/turtlesim/include/turtlesim/msg/detail/pose__type_support.h
[10.415s] -- Installing: /home/hw_learn/ws_ros2/ws01_plumbing/install/turtlesim/include/turtlesim/msg/pose.h
[10.415s] -- Installing: /home/hw_learn/ws_ros2/ws01_plumbing/install/turtlesim/include/turtlesim/action
[10.415s] -- Installing: /home/hw_learn/ws_ros2/ws01_plumbing/install/turtlesim/include/turtlesim/action/rotate_absolute.h
[10.415s] -- Installing: /home/hw_learn/ws_ros2/ws01_plumbing/install/turtlesim/include/turtlesim/action/detail
[10.415s] -- Installing: /home/hw_learn/ws_ros2/ws01_plumbing/install/turtlesim/include/turtlesim/action/detail/rotate_absolute__functions.c
[10.415s] -- Installing: /home/hw_learn/ws_ros2/ws01_plumbing/install/turtlesim/include/turtlesim/action/detail/rotate_absolute__functions.h
[10.416s] -- Installing: /home/hw_learn/ws_ros2/ws01_plumbing/install/turtlesim/include/turtlesim/action/detail/rotate_absolute__struct.h
[10.416s] -- Installing: /home/hw_learn/ws_ros2/ws01_plumbing/install/turtlesim/include/turtlesim/action/detail/rotate_absolute__type_support.h
[10.416s] -- Installing: /home/hw_learn/ws_ros2/ws01_plumbing/install/turtlesim/include/turtlesim/srv
[10.416s] -- Installing: /home/hw_learn/ws_ros2/ws01_plumbing/install/turtlesim/include/turtlesim/srv/kill.h
[10.416s] -- Installing: /home/hw_learn/ws_ros2/ws01_plumbing/install/turtlesim/include/turtlesim/srv/detail
[10.416s] -- Installing: /home/hw_learn/ws_ros2/ws01_plumbing/install/turtlesim/include/turtlesim/srv/detail/kill__functions.c
[10.416s] -- Installing: /home/hw_learn/ws_ros2/ws01_plumbing/install/turtlesim/include/turtlesim/srv/detail/kill__functions.h
[10.416s] -- Installing: /home/hw_learn/ws_ros2/ws01_plumbing/install/turtlesim/include/turtlesim/srv/detail/kill__struct.h
[10.416s] -- Installing: /home/hw_learn/ws_ros2/ws01_plumbing/install/turtlesim/include/turtlesim/srv/detail/kill__type_support.h
[10.416s] -- Installing: /home/hw_learn/ws_ros2/ws01_plumbing/install/turtlesim/include/turtlesim/srv/detail/set_pen__functions.c
[10.416s] -- Installing: /home/hw_learn/ws_ros2/ws01_plumbing/install/turtlesim/include/turtlesim/srv/detail/set_pen__functions.h
[10.416s] -- Installing: /home/hw_learn/ws_ros2/ws01_plumbing/install/turtlesim/include/turtlesim/srv/detail/set_pen__struct.h
[10.416s] -- Installing: /home/hw_learn/ws_ros2/ws01_plumbing/install/turtlesim/include/turtlesim/srv/detail/set_pen__type_support.h
[10.417s] -- Installing: /home/hw_learn/ws_ros2/ws01_plumbing/install/turtlesim/include/turtlesim/srv/detail/spawn__functions.c
[10.417s] -- Installing: /home/hw_learn/ws_ros2/ws01_plumbing/install/turtlesim/include/turtlesim/srv/detail/spawn__functions.h
[10.417s] -- Installing: /home/hw_learn/ws_ros2/ws01_plumbing/install/turtlesim/include/turtlesim/srv/detail/spawn__struct.h
[10.417s] -- Installing: /home/hw_learn/ws_ros2/ws01_plumbing/install/turtlesim/include/turtlesim/srv/detail/spawn__type_support.h
[10.417s] -- Installing: /home/hw_learn/ws_ros2/ws01_plumbing/install/turtlesim/include/turtlesim/srv/detail/teleport_absolute__functions.c
[10.417s] -- Installing: /home/hw_learn/ws_ros2/ws01_plumbing/install/turtlesim/include/turtlesim/srv/detail/teleport_absolute__functions.h
[10.417s] -- Installing: /home/hw_learn/ws_ros2/ws01_plumbing/install/turtlesim/include/turtlesim/srv/detail/teleport_absolute__struct.h
[10.417s] -- Installing: /home/hw_learn/ws_ros2/ws01_plumbing/install/turtlesim/include/turtlesim/srv/detail/teleport_absolute__type_support.h
[10.417s] -- Installing: /home/hw_learn/ws_ros2/ws01_plumbing/install/turtlesim/include/turtlesim/srv/detail/teleport_relative__functions.c
[10.417s] -- Installing: /home/hw_learn/ws_ros2/ws01_plumbing/install/turtlesim/include/turtlesim/srv/detail/teleport_relative__functions.h
[10.417s] -- Installing: /home/hw_learn/ws_ros2/ws01_plumbing/install/turtlesim/include/turtlesim/srv/detail/teleport_relative__struct.h
[10.417s] -- Installing: /home/hw_learn/ws_ros2/ws01_plumbing/install/turtlesim/include/turtlesim/srv/detail/teleport_relative__type_support.h
[10.418s] -- Installing: /home/hw_learn/ws_ros2/ws01_plumbing/install/turtlesim/include/turtlesim/srv/set_pen.h
[10.418s] -- Installing: /home/hw_learn/ws_ros2/ws01_plumbing/install/turtlesim/include/turtlesim/srv/spawn.h
[10.418s] -- Installing: /home/hw_learn/ws_ros2/ws01_plumbing/install/turtlesim/include/turtlesim/srv/teleport_absolute.h
[10.418s] -- Installing: /home/hw_learn/ws_ros2/ws01_plumbing/install/turtlesim/include/turtlesim/srv/teleport_relative.h
[10.418s] -- Installing: /home/hw_learn/ws_ros2/ws01_plumbing/install/turtlesim/share/turtlesim/environment/library_path.sh
[10.418s] -- Installing: /home/hw_learn/ws_ros2/ws01_plumbing/install/turtlesim/share/turtlesim/environment/library_path.dsv
[10.418s] -- Installing: /home/hw_learn/ws_ros2/ws01_plumbing/install/turtlesim/lib/libturtlesim__rosidl_generator_c.so
[10.419s] -- Set runtime path of "/home/hw_learn/ws_ros2/ws01_plumbing/install/turtlesim/lib/libturtlesim__rosidl_generator_c.so" to ""
[10.419s] -- Up-to-date: /home/hw_learn/ws_ros2/ws01_plumbing/install/turtlesim/include/turtlesim
[10.419s] -- Up-to-date: /home/hw_learn/ws_ros2/ws01_plumbing/install/turtlesim/include/turtlesim/msg
[10.419s] -- Installing: /home/hw_learn/ws_ros2/ws01_plumbing/install/turtlesim/include/turtlesim/msg/rosidl_typesupport_fastrtps_c__visibility_control.h
[10.419s] -- Up-to-date: /home/hw_learn/ws_ros2/ws01_plumbing/install/turtlesim/include/turtlesim/msg/detail
[10.419s] -- Installing: /home/hw_learn/ws_ros2/ws01_plumbing/install/turtlesim/include/turtlesim/msg/detail/color__rosidl_typesupport_fastrtps_c.h
[10.419s] -- Installing: /home/hw_learn/ws_ros2/ws01_plumbing/install/turtlesim/include/turtlesim/msg/detail/pose__rosidl_typesupport_fastrtps_c.h
[10.420s] -- Up-to-date: /home/hw_learn/ws_ros2/ws01_plumbing/install/turtlesim/include/turtlesim/action
[10.420s] -- Up-to-date: /home/hw_learn/ws_ros2/ws01_plumbing/install/turtlesim/include/turtlesim/action/detail
[10.420s] -- Installing: /home/hw_learn/ws_ros2/ws01_plumbing/install/turtlesim/include/turtlesim/action/detail/rotate_absolute__rosidl_typesupport_fastrtps_c.h
[10.420s] -- Up-to-date: /home/hw_learn/ws_ros2/ws01_plumbing/install/turtlesim/include/turtlesim/srv
[10.420s] -- Up-to-date: /home/hw_learn/ws_ros2/ws01_plumbing/install/turtlesim/include/turtlesim/srv/detail
[10.420s] -- Installing: /home/hw_learn/ws_ros2/ws01_plumbing/install/turtlesim/include/turtlesim/srv/detail/kill__rosidl_typesupport_fastrtps_c.h
[10.420s] -- Installing: /home/hw_learn/ws_ros2/ws01_plumbing/install/turtlesim/include/turtlesim/srv/detail/set_pen__rosidl_typesupport_fastrtps_c.h
[10.420s] -- Installing: /home/hw_learn/ws_ros2/ws01_plumbing/install/turtlesim/include/turtlesim/srv/detail/spawn__rosidl_typesupport_fastrtps_c.h
[10.420s] -- Installing: /home/hw_learn/ws_ros2/ws01_plumbing/install/turtlesim/include/turtlesim/srv/detail/teleport_absolute__rosidl_typesupport_fastrtps_c.h
[10.420s] -- Installing: /home/hw_learn/ws_ros2/ws01_plumbing/install/turtlesim/include/turtlesim/srv/detail/teleport_relative__rosidl_typesupport_fastrtps_c.h
[10.420s] -- Installing: /home/hw_learn/ws_ros2/ws01_plumbing/install/turtlesim/lib/libturtlesim__rosidl_typesupport_fastrtps_c.so
[10.421s] -- Set runtime path of "/home/hw_learn/ws_ros2/ws01_plumbing/install/turtlesim/lib/libturtlesim__rosidl_typesupport_fastrtps_c.so" to ""
[10.421s] -- Up-to-date: /home/hw_learn/ws_ros2/ws01_plumbing/install/turtlesim/include/turtlesim
[10.421s] -- Up-to-date: /home/hw_learn/ws_ros2/ws01_plumbing/install/turtlesim/include/turtlesim/msg
[10.421s] -- Installing: /home/hw_learn/ws_ros2/ws01_plumbing/install/turtlesim/include/turtlesim/msg/rosidl_typesupport_fastrtps_cpp__visibility_control.h
[10.421s] -- Up-to-date: /home/hw_learn/ws_ros2/ws01_plumbing/install/turtlesim/include/turtlesim/msg/detail
[10.421s] -- Installing: /home/hw_learn/ws_ros2/ws01_plumbing/install/turtlesim/include/turtlesim/msg/detail/color__rosidl_typesupport_fastrtps_cpp.hpp
[10.421s] -- Installing: /home/hw_learn/ws_ros2/ws01_plumbing/install/turtlesim/include/turtlesim/msg/detail/dds_fastrtps
[10.422s] -- Installing: /home/hw_learn/ws_ros2/ws01_plumbing/install/turtlesim/include/turtlesim/msg/detail/pose__rosidl_typesupport_fastrtps_cpp.hpp
[10.422s] -- Up-to-date: /home/hw_learn/ws_ros2/ws01_plumbing/install/turtlesim/include/turtlesim/action
[10.422s] -- Up-to-date: /home/hw_learn/ws_ros2/ws01_plumbing/install/turtlesim/include/turtlesim/action/detail
[10.422s] -- Installing: /home/hw_learn/ws_ros2/ws01_plumbing/install/turtlesim/include/turtlesim/action/detail/rotate_absolute__rosidl_typesupport_fastrtps_cpp.hpp
[10.422s] -- Installing: /home/hw_learn/ws_ros2/ws01_plumbing/install/turtlesim/include/turtlesim/action/detail/dds_fastrtps
[10.422s] -- Up-to-date: /home/hw_learn/ws_ros2/ws01_plumbing/install/turtlesim/include/turtlesim/srv
[10.422s] -- Up-to-date: /home/hw_learn/ws_ros2/ws01_plumbing/install/turtlesim/include/turtlesim/srv/detail
[10.422s] -- Installing: /home/hw_learn/ws_ros2/ws01_plumbing/install/turtlesim/include/turtlesim/srv/detail/kill__rosidl_typesupport_fastrtps_cpp.hpp
[10.422s] -- Installing: /home/hw_learn/ws_ros2/ws01_plumbing/install/turtlesim/include/turtlesim/srv/detail/dds_fastrtps
[10.422s] -- Installing: /home/hw_learn/ws_ros2/ws01_plumbing/install/turtlesim/include/turtlesim/srv/detail/set_pen__rosidl_typesupport_fastrtps_cpp.hpp
[10.422s] -- Installing: /home/hw_learn/ws_ros2/ws01_plumbing/install/turtlesim/include/turtlesim/srv/detail/spawn__rosidl_typesupport_fastrtps_cpp.hpp
[10.422s] -- Installing: /home/hw_learn/ws_ros2/ws01_plumbing/install/turtlesim/include/turtlesim/srv/detail/teleport_absolute__rosidl_typesupport_fastrtps_cpp.hpp
[10.422s] -- Installing: /home/hw_learn/ws_ros2/ws01_plumbing/install/turtlesim/include/turtlesim/srv/detail/teleport_relative__rosidl_typesupport_fastrtps_cpp.hpp
[10.423s] -- Installing: /home/hw_learn/ws_ros2/ws01_plumbing/install/turtlesim/lib/libturtlesim__rosidl_typesupport_fastrtps_cpp.so
[10.423s] -- Set runtime path of "/home/hw_learn/ws_ros2/ws01_plumbing/install/turtlesim/lib/libturtlesim__rosidl_typesupport_fastrtps_cpp.so" to ""
[10.423s] -- Up-to-date: /home/hw_learn/ws_ros2/ws01_plumbing/install/turtlesim/include/turtlesim
[10.423s] -- Up-to-date: /home/hw_learn/ws_ros2/ws01_plumbing/install/turtlesim/include/turtlesim/msg
[10.423s] -- Installing: /home/hw_learn/ws_ros2/ws01_plumbing/install/turtlesim/include/turtlesim/msg/rosidl_typesupport_introspection_c__visibility_control.h
[10.423s] -- Up-to-date: /home/hw_learn/ws_ros2/ws01_plumbing/install/turtlesim/include/turtlesim/msg/detail
[10.423s] -- Installing: /home/hw_learn/ws_ros2/ws01_plumbing/install/turtlesim/include/turtlesim/msg/detail/color__rosidl_typesupport_introspection_c.h
[10.424s] -- Installing: /home/hw_learn/ws_ros2/ws01_plumbing/install/turtlesim/include/turtlesim/msg/detail/color__type_support.c
[10.424s] -- Installing: /home/hw_learn/ws_ros2/ws01_plumbing/install/turtlesim/include/turtlesim/msg/detail/pose__rosidl_typesupport_introspection_c.h
[10.424s] -- Installing: /home/hw_learn/ws_ros2/ws01_plumbing/install/turtlesim/include/turtlesim/msg/detail/pose__type_support.c
[10.424s] -- Up-to-date: /home/hw_learn/ws_ros2/ws01_plumbing/install/turtlesim/include/turtlesim/action
[10.424s] -- Up-to-date: /home/hw_learn/ws_ros2/ws01_plumbing/install/turtlesim/include/turtlesim/action/detail
[10.424s] -- Installing: /home/hw_learn/ws_ros2/ws01_plumbing/install/turtlesim/include/turtlesim/action/detail/rotate_absolute__rosidl_typesupport_introspection_c.h
[10.424s] -- Installing: /home/hw_learn/ws_ros2/ws01_plumbing/install/turtlesim/include/turtlesim/action/detail/rotate_absolute__type_support.c
[10.424s] -- Up-to-date: /home/hw_learn/ws_ros2/ws01_plumbing/install/turtlesim/include/turtlesim/srv
[10.424s] -- Up-to-date: /home/hw_learn/ws_ros2/ws01_plumbing/install/turtlesim/include/turtlesim/srv/detail
[10.424s] -- Installing: /home/hw_learn/ws_ros2/ws01_plumbing/install/turtlesim/include/turtlesim/srv/detail/kill__rosidl_typesupport_introspection_c.h
[10.424s] -- Installing: /home/hw_learn/ws_ros2/ws01_plumbing/install/turtlesim/include/turtlesim/srv/detail/kill__type_support.c
[10.424s] -- Installing: /home/hw_learn/ws_ros2/ws01_plumbing/install/turtlesim/include/turtlesim/srv/detail/set_pen__rosidl_typesupport_introspection_c.h
[10.425s] -- Installing: /home/hw_learn/ws_ros2/ws01_plumbing/install/turtlesim/include/turtlesim/srv/detail/set_pen__type_support.c
[10.425s] -- Installing: /home/hw_learn/ws_ros2/ws01_plumbing/install/turtlesim/include/turtlesim/srv/detail/spawn__rosidl_typesupport_introspection_c.h
[10.425s] -- Installing: /home/hw_learn/ws_ros2/ws01_plumbing/install/turtlesim/include/turtlesim/srv/detail/spawn__type_support.c
[10.425s] -- Installing: /home/hw_learn/ws_ros2/ws01_plumbing/install/turtlesim/include/turtlesim/srv/detail/teleport_absolute__rosidl_typesupport_introspection_c.h
[10.425s] -- Installing: /home/hw_learn/ws_ros2/ws01_plumbing/install/turtlesim/include/turtlesim/srv/detail/teleport_absolute__type_support.c
[10.425s] -- Installing: /home/hw_learn/ws_ros2/ws01_plumbing/install/turtlesim/include/turtlesim/srv/detail/teleport_relative__rosidl_typesupport_introspection_c.h
[10.425s] -- Installing: /home/hw_learn/ws_ros2/ws01_plumbing/install/turtlesim/include/turtlesim/srv/detail/teleport_relative__type_support.c
[10.425s] -- Installing: /home/hw_learn/ws_ros2/ws01_plumbing/install/turtlesim/lib/libturtlesim__rosidl_typesupport_introspection_c.so
[10.426s] -- Set runtime path of "/home/hw_learn/ws_ros2/ws01_plumbing/install/turtlesim/lib/libturtlesim__rosidl_typesupport_introspection_c.so" to ""
[10.426s] -- Installing: /home/hw_learn/ws_ros2/ws01_plumbing/install/turtlesim/lib/libturtlesim__rosidl_typesupport_c.so
[10.426s] -- Set runtime path of "/home/hw_learn/ws_ros2/ws01_plumbing/install/turtlesim/lib/libturtlesim__rosidl_typesupport_c.so" to ""
[10.427s] -- Up-to-date: /home/hw_learn/ws_ros2/ws01_plumbing/install/turtlesim/include/turtlesim
[10.427s] -- Up-to-date: /home/hw_learn/ws_ros2/ws01_plumbing/install/turtlesim/include/turtlesim/action
[10.427s] -- Installing: /home/hw_learn/ws_ros2/ws01_plumbing/install/turtlesim/include/turtlesim/action/rotate_absolute.hpp
[10.427s] -- Up-to-date: /home/hw_learn/ws_ros2/ws01_plumbing/install/turtlesim/include/turtlesim/action/detail
[10.427s] -- Installing: /home/hw_learn/ws_ros2/ws01_plumbing/install/turtlesim/include/turtlesim/action/detail/rotate_absolute__builder.hpp
[10.427s] -- Installing: /home/hw_learn/ws_ros2/ws01_plumbing/install/turtlesim/include/turtlesim/action/detail/rotate_absolute__struct.hpp
[10.427s] -- Installing: /home/hw_learn/ws_ros2/ws01_plumbing/install/turtlesim/include/turtlesim/action/detail/rotate_absolute__traits.hpp
[10.427s] -- Up-to-date: /home/hw_learn/ws_ros2/ws01_plumbing/install/turtlesim/include/turtlesim/msg
[10.427s] -- Installing: /home/hw_learn/ws_ros2/ws01_plumbing/install/turtlesim/include/turtlesim/msg/color.hpp
[10.427s] -- Up-to-date: /home/hw_learn/ws_ros2/ws01_plumbing/install/turtlesim/include/turtlesim/msg/detail
[10.427s] -- Installing: /home/hw_learn/ws_ros2/ws01_plumbing/install/turtlesim/include/turtlesim/msg/detail/color__builder.hpp
[10.427s] -- Installing: /home/hw_learn/ws_ros2/ws01_plumbing/install/turtlesim/include/turtlesim/msg/detail/color__struct.hpp
[10.427s] -- Installing: /home/hw_learn/ws_ros2/ws01_plumbing/install/turtlesim/include/turtlesim/msg/detail/color__traits.hpp
[10.428s] -- Installing: /home/hw_learn/ws_ros2/ws01_plumbing/install/turtlesim/include/turtlesim/msg/detail/pose__builder.hpp
[10.428s] -- Installing: /home/hw_learn/ws_ros2/ws01_plumbing/install/turtlesim/include/turtlesim/msg/detail/pose__struct.hpp
[10.428s] -- Installing: /home/hw_learn/ws_ros2/ws01_plumbing/install/turtlesim/include/turtlesim/msg/detail/pose__traits.hpp
[10.428s] -- Installing: /home/hw_learn/ws_ros2/ws01_plumbing/install/turtlesim/include/turtlesim/msg/pose.hpp
[10.428s] -- Up-to-date: /home/hw_learn/ws_ros2/ws01_plumbing/install/turtlesim/include/turtlesim/srv
[10.428s] -- Installing: /home/hw_learn/ws_ros2/ws01_plumbing/install/turtlesim/include/turtlesim/srv/kill.hpp
[10.428s] -- Up-to-date: /home/hw_learn/ws_ros2/ws01_plumbing/install/turtlesim/include/turtlesim/srv/detail
[10.428s] -- Installing: /home/hw_learn/ws_ros2/ws01_plumbing/install/turtlesim/include/turtlesim/srv/detail/kill__builder.hpp
[10.428s] -- Installing: /home/hw_learn/ws_ros2/ws01_plumbing/install/turtlesim/include/turtlesim/srv/detail/kill__struct.hpp
[10.428s] -- Installing: /home/hw_learn/ws_ros2/ws01_plumbing/install/turtlesim/include/turtlesim/srv/detail/kill__traits.hpp
[10.428s] -- Installing: /home/hw_learn/ws_ros2/ws01_plumbing/install/turtlesim/include/turtlesim/srv/detail/set_pen__builder.hpp
[10.428s] -- Installing: /home/hw_learn/ws_ros2/ws01_plumbing/install/turtlesim/include/turtlesim/srv/detail/set_pen__struct.hpp
[10.428s] -- Installing: /home/hw_learn/ws_ros2/ws01_plumbing/install/turtlesim/include/turtlesim/srv/detail/set_pen__traits.hpp
[10.429s] -- Installing: /home/hw_learn/ws_ros2/ws01_plumbing/install/turtlesim/include/turtlesim/srv/detail/spawn__builder.hpp
[10.429s] -- Installing: /home/hw_learn/ws_ros2/ws01_plumbing/install/turtlesim/include/turtlesim/srv/detail/spawn__struct.hpp
[10.429s] -- Installing: /home/hw_learn/ws_ros2/ws01_plumbing/install/turtlesim/include/turtlesim/srv/detail/spawn__traits.hpp
[10.429s] -- Installing: /home/hw_learn/ws_ros2/ws01_plumbing/install/turtlesim/include/turtlesim/srv/detail/teleport_absolute__builder.hpp
[10.429s] -- Installing: /home/hw_learn/ws_ros2/ws01_plumbing/install/turtlesim/include/turtlesim/srv/detail/teleport_absolute__struct.hpp
[10.429s] -- Installing: /home/hw_learn/ws_ros2/ws01_plumbing/install/turtlesim/include/turtlesim/srv/detail/teleport_absolute__traits.hpp
[10.429s] -- Installing: /home/hw_learn/ws_ros2/ws01_plumbing/install/turtlesim/include/turtlesim/srv/detail/teleport_relative__builder.hpp
[10.429s] -- Installing: /home/hw_learn/ws_ros2/ws01_plumbing/install/turtlesim/include/turtlesim/srv/detail/teleport_relative__struct.hpp
[10.429s] -- Installing: /home/hw_learn/ws_ros2/ws01_plumbing/install/turtlesim/include/turtlesim/srv/detail/teleport_relative__traits.hpp
[10.429s] -- Installing: /home/hw_learn/ws_ros2/ws01_plumbing/install/turtlesim/include/turtlesim/srv/set_pen.hpp
[10.429s] -- Installing: /home/hw_learn/ws_ros2/ws01_plumbing/install/turtlesim/include/turtlesim/srv/spawn.hpp
[10.429s] -- Installing: /home/hw_learn/ws_ros2/ws01_plumbing/install/turtlesim/include/turtlesim/srv/teleport_absolute.hpp
[10.429s] -- Installing: /home/hw_learn/ws_ros2/ws01_plumbing/install/turtlesim/include/turtlesim/srv/teleport_relative.hpp
[10.430s] -- Up-to-date: /home/hw_learn/ws_ros2/ws01_plumbing/install/turtlesim/include/turtlesim
[10.430s] -- Up-to-date: /home/hw_learn/ws_ros2/ws01_plumbing/install/turtlesim/include/turtlesim/action
[10.430s] -- Up-to-date: /home/hw_learn/ws_ros2/ws01_plumbing/install/turtlesim/include/turtlesim/action/detail
[10.430s] -- Installing: /home/hw_learn/ws_ros2/ws01_plumbing/install/turtlesim/include/turtlesim/action/detail/rotate_absolute__rosidl_typesupport_introspection_cpp.hpp
[10.430s] -- Installing: /home/hw_learn/ws_ros2/ws01_plumbing/install/turtlesim/include/turtlesim/action/detail/rotate_absolute__type_support.cpp
[10.430s] -- Up-to-date: /home/hw_learn/ws_ros2/ws01_plumbing/install/turtlesim/include/turtlesim/msg
[10.430s] -- Up-to-date: /home/hw_learn/ws_ros2/ws01_plumbing/install/turtlesim/include/turtlesim/msg/detail
[10.430s] -- Installing: /home/hw_learn/ws_ros2/ws01_plumbing/install/turtlesim/include/turtlesim/msg/detail/color__rosidl_typesupport_introspection_cpp.hpp
[10.430s] -- Installing: /home/hw_learn/ws_ros2/ws01_plumbing/install/turtlesim/include/turtlesim/msg/detail/color__type_support.cpp
[10.430s] -- Installing: /home/hw_learn/ws_ros2/ws01_plumbing/install/turtlesim/include/turtlesim/msg/detail/pose__rosidl_typesupport_introspection_cpp.hpp
[10.430s] -- Installing: /home/hw_learn/ws_ros2/ws01_plumbing/install/turtlesim/include/turtlesim/msg/detail/pose__type_support.cpp
[10.430s] -- Up-to-date: /home/hw_learn/ws_ros2/ws01_plumbing/install/turtlesim/include/turtlesim/srv
[10.430s] -- Up-to-date: /home/hw_learn/ws_ros2/ws01_plumbing/install/turtlesim/include/turtlesim/srv/detail
[10.430s] -- Installing: /home/hw_learn/ws_ros2/ws01_plumbing/install/turtlesim/include/turtlesim/srv/detail/kill__rosidl_typesupport_introspection_cpp.hpp
[10.431s] -- Installing: /home/hw_learn/ws_ros2/ws01_plumbing/install/turtlesim/include/turtlesim/srv/detail/kill__type_support.cpp
[10.431s] -- Installing: /home/hw_learn/ws_ros2/ws01_plumbing/install/turtlesim/include/turtlesim/srv/detail/set_pen__rosidl_typesupport_introspection_cpp.hpp
[10.431s] -- Installing: /home/hw_learn/ws_ros2/ws01_plumbing/install/turtlesim/include/turtlesim/srv/detail/set_pen__type_support.cpp
[10.431s] -- Installing: /home/hw_learn/ws_ros2/ws01_plumbing/install/turtlesim/include/turtlesim/srv/detail/spawn__rosidl_typesupport_introspection_cpp.hpp
[10.431s] -- Installing: /home/hw_learn/ws_ros2/ws01_plumbing/install/turtlesim/include/turtlesim/srv/detail/spawn__type_support.cpp
[10.431s] -- Installing: /home/hw_learn/ws_ros2/ws01_plumbing/install/turtlesim/include/turtlesim/srv/detail/teleport_absolute__rosidl_typesupport_introspection_cpp.hpp
[10.431s] -- Installing: /home/hw_learn/ws_ros2/ws01_plumbing/install/turtlesim/include/turtlesim/srv/detail/teleport_absolute__type_support.cpp
[10.431s] -- Installing: /home/hw_learn/ws_ros2/ws01_plumbing/install/turtlesim/include/turtlesim/srv/detail/teleport_relative__rosidl_typesupport_introspection_cpp.hpp
[10.431s] -- Installing: /home/hw_learn/ws_ros2/ws01_plumbing/install/turtlesim/include/turtlesim/srv/detail/teleport_relative__type_support.cpp
[10.431s] -- Installing: /home/hw_learn/ws_ros2/ws01_plumbing/install/turtlesim/lib/libturtlesim__rosidl_typesupport_introspection_cpp.so
[10.432s] -- Set runtime path of "/home/hw_learn/ws_ros2/ws01_plumbing/install/turtlesim/lib/libturtlesim__rosidl_typesupport_introspection_cpp.so" to ""
[10.432s] -- Installing: /home/hw_learn/ws_ros2/ws01_plumbing/install/turtlesim/lib/libturtlesim__rosidl_typesupport_cpp.so
[10.433s] -- Set runtime path of "/home/hw_learn/ws_ros2/ws01_plumbing/install/turtlesim/lib/libturtlesim__rosidl_typesupport_cpp.so" to ""
[10.433s] -- Installing: /home/hw_learn/ws_ros2/ws01_plumbing/install/turtlesim/share/turtlesim/environment/pythonpath.sh
[10.433s] -- Installing: /home/hw_learn/ws_ros2/ws01_plumbing/install/turtlesim/share/turtlesim/environment/pythonpath.dsv
[10.433s] -- Installing: /home/hw_learn/ws_ros2/ws01_plumbing/install/turtlesim/lib/python3.8/site-packages/turtlesim/__init__.py
[10.479s] Compiling '/home/hw_learn/ws_ros2/ws01_plumbing/install/turtlesim/lib/python3.8/site-packages/turtlesim/__init__.py'...
[10.482s] -- Installing: /home/hw_learn/ws_ros2/ws01_plumbing/install/turtlesim/lib/python3.8/site-packages/turtlesim/action
[10.482s] -- Installing: /home/hw_learn/ws_ros2/ws01_plumbing/install/turtlesim/lib/python3.8/site-packages/turtlesim/action/_rotate_absolute.py
[10.482s] -- Installing: /home/hw_learn/ws_ros2/ws01_plumbing/install/turtlesim/lib/python3.8/site-packages/turtlesim/action/_rotate_absolute_s.c
[10.483s] -- Installing: /home/hw_learn/ws_ros2/ws01_plumbing/install/turtlesim/lib/python3.8/site-packages/turtlesim/action/__init__.py
[10.483s] -- Installing: /home/hw_learn/ws_ros2/ws01_plumbing/install/turtlesim/lib/python3.8/site-packages/turtlesim/msg
[10.483s] -- Installing: /home/hw_learn/ws_ros2/ws01_plumbing/install/turtlesim/lib/python3.8/site-packages/turtlesim/msg/_color.py
[10.483s] -- Installing: /home/hw_learn/ws_ros2/ws01_plumbing/install/turtlesim/lib/python3.8/site-packages/turtlesim/msg/_color_s.c
[10.483s] -- Installing: /home/hw_learn/ws_ros2/ws01_plumbing/install/turtlesim/lib/python3.8/site-packages/turtlesim/msg/_pose.py
[10.483s] -- Installing: /home/hw_learn/ws_ros2/ws01_plumbing/install/turtlesim/lib/python3.8/site-packages/turtlesim/msg/_pose_s.c
[10.483s] -- Installing: /home/hw_learn/ws_ros2/ws01_plumbing/install/turtlesim/lib/python3.8/site-packages/turtlesim/msg/__init__.py
[10.483s] -- Installing: /home/hw_learn/ws_ros2/ws01_plumbing/install/turtlesim/lib/python3.8/site-packages/turtlesim/srv
[10.483s] -- Installing: /home/hw_learn/ws_ros2/ws01_plumbing/install/turtlesim/lib/python3.8/site-packages/turtlesim/srv/_kill.py
[10.483s] -- Installing: /home/hw_learn/ws_ros2/ws01_plumbing/install/turtlesim/lib/python3.8/site-packages/turtlesim/srv/_kill_s.c
[10.484s] -- Installing: /home/hw_learn/ws_ros2/ws01_plumbing/install/turtlesim/lib/python3.8/site-packages/turtlesim/srv/_set_pen.py
[10.484s] -- Installing: /home/hw_learn/ws_ros2/ws01_plumbing/install/turtlesim/lib/python3.8/site-packages/turtlesim/srv/_set_pen_s.c
[10.484s] -- Installing: /home/hw_learn/ws_ros2/ws01_plumbing/install/turtlesim/lib/python3.8/site-packages/turtlesim/srv/_spawn.py
[10.484s] -- Installing: /home/hw_learn/ws_ros2/ws01_plumbing/install/turtlesim/lib/python3.8/site-packages/turtlesim/srv/_spawn_s.c
[10.484s] -- Installing: /home/hw_learn/ws_ros2/ws01_plumbing/install/turtlesim/lib/python3.8/site-packages/turtlesim/srv/_teleport_absolute.py
[10.484s] -- Installing: /home/hw_learn/ws_ros2/ws01_plumbing/install/turtlesim/lib/python3.8/site-packages/turtlesim/srv/_teleport_absolute_s.c
[10.484s] -- Installing: /home/hw_learn/ws_ros2/ws01_plumbing/install/turtlesim/lib/python3.8/site-packages/turtlesim/srv/_teleport_relative.py
[10.484s] -- Installing: /home/hw_learn/ws_ros2/ws01_plumbing/install/turtlesim/lib/python3.8/site-packages/turtlesim/srv/_teleport_relative_s.c
[10.484s] -- Installing: /home/hw_learn/ws_ros2/ws01_plumbing/install/turtlesim/lib/python3.8/site-packages/turtlesim/srv/__init__.py
[10.484s] -- Installing: /home/hw_learn/ws_ros2/ws01_plumbing/install/turtlesim/lib/python3.8/site-packages/turtlesim/turtlesim_s__rosidl_typesupport_fastrtps_c.cpython-38-x86_64-linux-gnu.so
[10.485s] -- Set runtime path of "/home/hw_learn/ws_ros2/ws01_plumbing/install/turtlesim/lib/python3.8/site-packages/turtlesim/turtlesim_s__rosidl_typesupport_fastrtps_c.cpython-38-x86_64-linux-gnu.so" to ""
[10.486s] -- Installing: /home/hw_learn/ws_ros2/ws01_plumbing/install/turtlesim/lib/python3.8/site-packages/turtlesim/turtlesim_s__rosidl_typesupport_introspection_c.cpython-38-x86_64-linux-gnu.so
[10.486s] -- Set runtime path of "/home/hw_learn/ws_ros2/ws01_plumbing/install/turtlesim/lib/python3.8/site-packages/turtlesim/turtlesim_s__rosidl_typesupport_introspection_c.cpython-38-x86_64-linux-gnu.so" to ""
[10.487s] -- Installing: /home/hw_learn/ws_ros2/ws01_plumbing/install/turtlesim/lib/python3.8/site-packages/turtlesim/turtlesim_s__rosidl_typesupport_c.cpython-38-x86_64-linux-gnu.so
[10.487s] -- Set runtime path of "/home/hw_learn/ws_ros2/ws01_plumbing/install/turtlesim/lib/python3.8/site-packages/turtlesim/turtlesim_s__rosidl_typesupport_c.cpython-38-x86_64-linux-gnu.so" to ""
[10.488s] -- Installing: /home/hw_learn/ws_ros2/ws01_plumbing/install/turtlesim/lib/libturtlesim__python.so
[10.488s] -- Set runtime path of "/home/hw_learn/ws_ros2/ws01_plumbing/install/turtlesim/lib/libturtlesim__python.so" to ""
[10.488s] -- Installing: /home/hw_learn/ws_ros2/ws01_plumbing/install/turtlesim/share/turtlesim/action/RotateAbsolute.idl
[10.488s] -- Installing: /home/hw_learn/ws_ros2/ws01_plumbing/install/turtlesim/share/turtlesim/msg/Color.idl
[10.489s] -- Installing: /home/hw_learn/ws_ros2/ws01_plumbing/install/turtlesim/share/turtlesim/msg/Pose.idl
[10.489s] -- Installing: /home/hw_learn/ws_ros2/ws01_plumbing/install/turtlesim/share/turtlesim/srv/Kill.idl
[10.489s] -- Installing: /home/hw_learn/ws_ros2/ws01_plumbing/install/turtlesim/share/turtlesim/srv/SetPen.idl
[10.489s] -- Installing: /home/hw_learn/ws_ros2/ws01_plumbing/install/turtlesim/share/turtlesim/srv/Spawn.idl
[10.489s] -- Installing: /home/hw_learn/ws_ros2/ws01_plumbing/install/turtlesim/share/turtlesim/srv/TeleportAbsolute.idl
[10.489s] -- Installing: /home/hw_learn/ws_ros2/ws01_plumbing/install/turtlesim/share/turtlesim/srv/TeleportRelative.idl
[10.489s] -- Installing: /home/hw_learn/ws_ros2/ws01_plumbing/install/turtlesim/share/turtlesim/action/RotateAbsolute.action
[10.489s] -- Installing: /home/hw_learn/ws_ros2/ws01_plumbing/install/turtlesim/share/turtlesim/msg/Color.msg
[10.490s] -- Installing: /home/hw_learn/ws_ros2/ws01_plumbing/install/turtlesim/share/turtlesim/msg/Pose.msg
[10.490s] -- Installing: /home/hw_learn/ws_ros2/ws01_plumbing/install/turtlesim/share/turtlesim/srv/Kill.srv
[10.490s] -- Installing: /home/hw_learn/ws_ros2/ws01_plumbing/install/turtlesim/share/turtlesim/srv/Kill_Request.msg
[10.490s] -- Installing: /home/hw_learn/ws_ros2/ws01_plumbing/install/turtlesim/share/turtlesim/srv/Kill_Response.msg
[10.490s] -- Installing: /home/hw_learn/ws_ros2/ws01_plumbing/install/turtlesim/share/turtlesim/srv/SetPen.srv
[10.490s] -- Installing: /home/hw_learn/ws_ros2/ws01_plumbing/install/turtlesim/share/turtlesim/srv/SetPen_Request.msg
[10.490s] -- Installing: /home/hw_learn/ws_ros2/ws01_plumbing/install/turtlesim/share/turtlesim/srv/SetPen_Response.msg
[10.490s] -- Installing: /home/hw_learn/ws_ros2/ws01_plumbing/install/turtlesim/share/turtlesim/srv/Spawn.srv
[10.490s] -- Installing: /home/hw_learn/ws_ros2/ws01_plumbing/install/turtlesim/share/turtlesim/srv/Spawn_Request.msg
[10.491s] -- Installing: /home/hw_learn/ws_ros2/ws01_plumbing/install/turtlesim/share/turtlesim/srv/Spawn_Response.msg
[10.491s] -- Installing: /home/hw_learn/ws_ros2/ws01_plumbing/install/turtlesim/share/turtlesim/srv/TeleportAbsolute.srv
[10.491s] -- Installing: /home/hw_learn/ws_ros2/ws01_plumbing/install/turtlesim/share/turtlesim/srv/TeleportAbsolute_Request.msg
[10.491s] -- Installing: /home/hw_learn/ws_ros2/ws01_plumbing/install/turtlesim/share/turtlesim/srv/TeleportAbsolute_Response.msg
[10.491s] -- Installing: /home/hw_learn/ws_ros2/ws01_plumbing/install/turtlesim/share/turtlesim/srv/TeleportRelative.srv
[10.491s] -- Installing: /home/hw_learn/ws_ros2/ws01_plumbing/install/turtlesim/share/turtlesim/srv/TeleportRelative_Request.msg
[10.491s] -- Installing: /home/hw_learn/ws_ros2/ws01_plumbing/install/turtlesim/share/turtlesim/srv/TeleportRelative_Response.msg
[10.491s] -- Installing: /home/hw_learn/ws_ros2/ws01_plumbing/install/turtlesim/lib/turtlesim/turtlesim_node
[10.494s] -- Set runtime path of "/home/hw_learn/ws_ros2/ws01_plumbing/install/turtlesim/lib/turtlesim/turtlesim_node" to ""
[10.494s] -- Installing: /home/hw_learn/ws_ros2/ws01_plumbing/install/turtlesim/lib/turtlesim/turtle_teleop_key
[10.494s] -- Set runtime path of "/home/hw_learn/ws_ros2/ws01_plumbing/install/turtlesim/lib/turtlesim/turtle_teleop_key" to ""
[10.495s] -- Installing: /home/hw_learn/ws_ros2/ws01_plumbing/install/turtlesim/lib/turtlesim/draw_square
[10.495s] -- Set runtime path of "/home/hw_learn/ws_ros2/ws01_plumbing/install/turtlesim/lib/turtlesim/draw_square" to ""
[10.495s] -- Installing: /home/hw_learn/ws_ros2/ws01_plumbing/install/turtlesim/lib/turtlesim/mimic
[10.496s] -- Set runtime path of "/home/hw_learn/ws_ros2/ws01_plumbing/install/turtlesim/lib/turtlesim/mimic" to ""
[10.496s] -- Installing: /home/hw_learn/ws_ros2/ws01_plumbing/install/turtlesim/share/turtlesim/images
[10.496s] -- Installing: /home/hw_learn/ws_ros2/ws01_plumbing/install/turtlesim/share/turtlesim/images/ardent.png
[10.496s] -- Installing: /home/hw_learn/ws_ros2/ws01_plumbing/install/turtlesim/share/turtlesim/images/bouncy.png
[10.496s] -- Installing: /home/hw_learn/ws_ros2/ws01_plumbing/install/turtlesim/share/turtlesim/images/crystal.png
[10.496s] -- Installing: /home/hw_learn/ws_ros2/ws01_plumbing/install/turtlesim/share/turtlesim/images/dashing.png
[10.497s] -- Installing: /home/hw_learn/ws_ros2/ws01_plumbing/install/turtlesim/share/turtlesim/images/eloquent.png
[10.497s] -- Installing: /home/hw_learn/ws_ros2/ws01_plumbing/install/turtlesim/share/turtlesim/images/foxy.png
[10.497s] -- Installing: /home/hw_learn/ws_ros2/ws01_plumbing/install/turtlesim/share/turtlesim/launch
[10.497s] -- Installing: /home/hw_learn/ws_ros2/ws01_plumbing/install/turtlesim/share/turtlesim/launch/multisim.launch.py
[10.497s] -- Installing: /home/hw_learn/ws_ros2/ws01_plumbing/install/turtlesim/share/ament_index/resource_index/package_run_dependencies/turtlesim
[10.497s] -- Installing: /home/hw_learn/ws_ros2/ws01_plumbing/install/turtlesim/share/ament_index/resource_index/parent_prefix_path/turtlesim
[10.497s] -- Installing: /home/hw_learn/ws_ros2/ws01_plumbing/install/turtlesim/share/turtlesim/environment/ament_prefix_path.sh
[10.497s] -- Installing: /home/hw_learn/ws_ros2/ws01_plumbing/install/turtlesim/share/turtlesim/environment/ament_prefix_path.dsv
[10.497s] -- Installing: /home/hw_learn/ws_ros2/ws01_plumbing/install/turtlesim/share/turtlesim/environment/path.sh
[10.498s] -- Installing: /home/hw_learn/ws_ros2/ws01_plumbing/install/turtlesim/share/turtlesim/environment/path.dsv
[10.498s] -- Installing: /home/hw_learn/ws_ros2/ws01_plumbing/install/turtlesim/share/turtlesim/local_setup.bash
[10.498s] -- Installing: /home/hw_learn/ws_ros2/ws01_plumbing/install/turtlesim/share/turtlesim/local_setup.sh
[10.498s] -- Installing: /home/hw_learn/ws_ros2/ws01_plumbing/install/turtlesim/share/turtlesim/local_setup.zsh
[10.498s] -- Installing: /home/hw_learn/ws_ros2/ws01_plumbing/install/turtlesim/share/turtlesim/local_setup.dsv
[10.498s] -- Installing: /home/hw_learn/ws_ros2/ws01_plumbing/install/turtlesim/share/turtlesim/package.dsv
[10.498s] -- Installing: /home/hw_learn/ws_ros2/ws01_plumbing/install/turtlesim/share/ament_index/resource_index/packages/turtlesim
[10.499s] -- Installing: /home/hw_learn/ws_ros2/ws01_plumbing/install/turtlesim/share/turtlesim/cmake/turtlesim__rosidl_generator_cExport.cmake
[10.499s] -- Installing: /home/hw_learn/ws_ros2/ws01_plumbing/install/turtlesim/share/turtlesim/cmake/turtlesim__rosidl_generator_cExport-noconfig.cmake
[10.499s] -- Installing: /home/hw_learn/ws_ros2/ws01_plumbing/install/turtlesim/share/turtlesim/cmake/turtlesim__rosidl_typesupport_introspection_cExport.cmake
[10.499s] -- Installing: /home/hw_learn/ws_ros2/ws01_plumbing/install/turtlesim/share/turtlesim/cmake/turtlesim__rosidl_typesupport_introspection_cExport-noconfig.cmake
[10.499s] -- Installing: /home/hw_learn/ws_ros2/ws01_plumbing/install/turtlesim/share/turtlesim/cmake/turtlesim__rosidl_typesupport_cExport.cmake
[10.499s] -- Installing: /home/hw_learn/ws_ros2/ws01_plumbing/install/turtlesim/share/turtlesim/cmake/turtlesim__rosidl_typesupport_cExport-noconfig.cmake
[10.500s] -- Installing: /home/hw_learn/ws_ros2/ws01_plumbing/install/turtlesim/share/turtlesim/cmake/turtlesim__rosidl_generator_cppExport.cmake
[10.500s] -- Installing: /home/hw_learn/ws_ros2/ws01_plumbing/install/turtlesim/share/turtlesim/cmake/turtlesim__rosidl_typesupport_introspection_cppExport.cmake
[10.500s] -- Installing: /home/hw_learn/ws_ros2/ws01_plumbing/install/turtlesim/share/turtlesim/cmake/turtlesim__rosidl_typesupport_introspection_cppExport-noconfig.cmake
[10.500s] -- Installing: /home/hw_learn/ws_ros2/ws01_plumbing/install/turtlesim/share/turtlesim/cmake/turtlesim__rosidl_typesupport_cppExport.cmake
[10.500s] -- Installing: /home/hw_learn/ws_ros2/ws01_plumbing/install/turtlesim/share/turtlesim/cmake/turtlesim__rosidl_typesupport_cppExport-noconfig.cmake
[10.500s] -- Installing: /home/hw_learn/ws_ros2/ws01_plumbing/install/turtlesim/share/turtlesim/cmake/rosidl_cmake-extras.cmake
[10.500s] -- Installing: /home/hw_learn/ws_ros2/ws01_plumbing/install/turtlesim/share/turtlesim/cmake/ament_cmake_export_dependencies-extras.cmake
[10.500s] -- Installing: /home/hw_learn/ws_ros2/ws01_plumbing/install/turtlesim/share/turtlesim/cmake/ament_cmake_export_libraries-extras.cmake
[10.501s] -- Installing: /home/hw_learn/ws_ros2/ws01_plumbing/install/turtlesim/share/turtlesim/cmake/ament_cmake_export_targets-extras.cmake
[10.501s] -- Installing: /home/hw_learn/ws_ros2/ws01_plumbing/install/turtlesim/share/turtlesim/cmake/ament_cmake_export_include_directories-extras.cmake
[10.501s] -- Installing: /home/hw_learn/ws_ros2/ws01_plumbing/install/turtlesim/share/turtlesim/cmake/rosidl_cmake_export_typesupport_libraries-extras.cmake
[10.501s] -- Installing: /home/hw_learn/ws_ros2/ws01_plumbing/install/turtlesim/share/turtlesim/cmake/rosidl_cmake_export_typesupport_targets-extras.cmake
[10.501s] -- Installing: /home/hw_learn/ws_ros2/ws01_plumbing/install/turtlesim/share/turtlesim/cmake/turtlesimConfig.cmake
[10.501s] -- Installing: /home/hw_learn/ws_ros2/ws01_plumbing/install/turtlesim/share/turtlesim/cmake/turtlesimConfig-version.cmake
[10.501s] -- Installing: /home/hw_learn/ws_ros2/ws01_plumbing/install/turtlesim/share/turtlesim/package.xml
[10.506s] Invoked command in '/home/hw_learn/ws_ros2/ws01_plumbing/build/turtlesim' returned '0': CMAKE_PREFIX_PATH=${CMAKE_PREFIX_PATH}:/home/hw_learn/ws_ros2/ws01_plumbing/install/py01_topic:/home/hw_learn/dev_ws/install/learning_urdf:/home/hw_learn/dev_ws/install/learning_topic:/home/hw_learn/dev_ws/install/learning_tf:/home/hw_learn/dev_ws/install/learning_service:/home/hw_learn/dev_ws/install/learning_qos:/home/hw_learn/dev_ws/install/learning_pkg_python:/home/hw_learn/dev_ws/install/learning_parameter:/home/hw_learn/dev_ws/install/learning_node:/home/hw_learn/dev_ws/install/learning_launch:/home/hw_learn/dev_ws/install/learning_action:/home/hw_learn/dev_ws/install/learning_gazebo /usr/bin/cmake --install /home/hw_learn/ws_ros2/ws01_plumbing/build/turtlesim
