[0.040s] Invoking command in '/home/hw_learn/ws_ros2/ws02_tools/build/cpp05_exercise': CMAKE_PREFIX_PATH=${CMAKE_PREFIX_PATH}:/home/hw_learn/dev_ws/install/learning_urdf:/home/hw_learn/dev_ws/install/learning_topic:/home/hw_learn/dev_ws/install/learning_tf:/home/hw_learn/dev_ws/install/learning_service:/home/hw_learn/dev_ws/install/learning_qos:/home/hw_learn/dev_ws/install/learning_pkg_python:/home/hw_learn/dev_ws/install/learning_parameter:/home/hw_learn/dev_ws/install/learning_node:/home/hw_learn/dev_ws/install/learning_launch:/home/hw_learn/dev_ws/install/learning_action:/home/hw_learn/dev_ws/install/learning_gazebo /usr/bin/cmake --build /home/hw_learn/ws_ros2/ws02_tools/build/cpp05_exercise -- -j128 -l128
[0.110s] [ 66%] Built target exer02_tf_broadcaster
[0.111s] [ 66%] Built target exer01_spawn
[0.111s] [100%] Built target exer03_tf_listener
[0.121s] Invoked command in '/home/hw_learn/ws_ros2/ws02_tools/build/cpp05_exercise' returned '0': CMAKE_PREFIX_PATH=${CMAKE_PREFIX_PATH}:/home/hw_learn/dev_ws/install/learning_urdf:/home/hw_learn/dev_ws/install/learning_topic:/home/hw_learn/dev_ws/install/learning_tf:/home/hw_learn/dev_ws/install/learning_service:/home/hw_learn/dev_ws/install/learning_qos:/home/hw_learn/dev_ws/install/learning_pkg_python:/home/hw_learn/dev_ws/install/learning_parameter:/home/hw_learn/dev_ws/install/learning_node:/home/hw_learn/dev_ws/install/learning_launch:/home/hw_learn/dev_ws/install/learning_action:/home/hw_learn/dev_ws/install/learning_gazebo /usr/bin/cmake --build /home/hw_learn/ws_ros2/ws02_tools/build/cpp05_exercise -- -j128 -l128
[0.159s] Invoking command in '/home/hw_learn/ws_ros2/ws02_tools/build/cpp05_exercise': CMAKE_PREFIX_PATH=${CMAKE_PREFIX_PATH}:/home/hw_learn/dev_ws/install/learning_urdf:/home/hw_learn/dev_ws/install/learning_topic:/home/hw_learn/dev_ws/install/learning_tf:/home/hw_learn/dev_ws/install/learning_service:/home/hw_learn/dev_ws/install/learning_qos:/home/hw_learn/dev_ws/install/learning_pkg_python:/home/hw_learn/dev_ws/install/learning_parameter:/home/hw_learn/dev_ws/install/learning_node:/home/hw_learn/dev_ws/install/learning_launch:/home/hw_learn/dev_ws/install/learning_action:/home/hw_learn/dev_ws/install/learning_gazebo /usr/bin/cmake --install /home/hw_learn/ws_ros2/ws02_tools/build/cpp05_exercise
[0.166s] -- Install configuration: ""
[0.166s] -- Up-to-date: /home/hw_learn/ws_ros2/ws02_tools/install/cpp05_exercise/lib/cpp05_exercise/exer01_spawn
[0.167s] -- Up-to-date: /home/hw_learn/ws_ros2/ws02_tools/install/cpp05_exercise/lib/cpp05_exercise/exer02_tf_broadcaster
[0.167s] -- Up-to-date: /home/hw_learn/ws_ros2/ws02_tools/install/cpp05_exercise/lib/cpp05_exercise/exer03_tf_listener
[0.167s] -- Up-to-date: /home/hw_learn/ws_ros2/ws02_tools/install/cpp05_exercise/share/cpp05_exercise/launch
[0.167s] -- Installing: /home/hw_learn/ws_ros2/ws02_tools/install/cpp05_exercise/share/cpp05_exercise/launch/follow.launch.py
[0.167s] -- Up-to-date: /home/hw_learn/ws_ros2/ws02_tools/install/cpp05_exercise/share/ament_index/resource_index/package_run_dependencies/cpp05_exercise
[0.167s] -- Up-to-date: /home/hw_learn/ws_ros2/ws02_tools/install/cpp05_exercise/share/ament_index/resource_index/parent_prefix_path/cpp05_exercise
[0.167s] -- Up-to-date: /home/hw_learn/ws_ros2/ws02_tools/install/cpp05_exercise/share/cpp05_exercise/environment/ament_prefix_path.sh
[0.168s] -- Up-to-date: /home/hw_learn/ws_ros2/ws02_tools/install/cpp05_exercise/share/cpp05_exercise/environment/ament_prefix_path.dsv
[0.168s] -- Up-to-date: /home/hw_learn/ws_ros2/ws02_tools/install/cpp05_exercise/share/cpp05_exercise/environment/path.sh
[0.168s] -- Up-to-date: /home/hw_learn/ws_ros2/ws02_tools/install/cpp05_exercise/share/cpp05_exercise/environment/path.dsv
[0.168s] -- Up-to-date: /home/hw_learn/ws_ros2/ws02_tools/install/cpp05_exercise/share/cpp05_exercise/local_setup.bash
[0.168s] -- Up-to-date: /home/hw_learn/ws_ros2/ws02_tools/install/cpp05_exercise/share/cpp05_exercise/local_setup.sh
[0.168s] -- Up-to-date: /home/hw_learn/ws_ros2/ws02_tools/install/cpp05_exercise/share/cpp05_exercise/local_setup.zsh
[0.168s] -- Up-to-date: /home/hw_learn/ws_ros2/ws02_tools/install/cpp05_exercise/share/cpp05_exercise/local_setup.dsv
[0.168s] -- Installing: /home/hw_learn/ws_ros2/ws02_tools/install/cpp05_exercise/share/cpp05_exercise/package.dsv
[0.168s] -- Up-to-date: /home/hw_learn/ws_ros2/ws02_tools/install/cpp05_exercise/share/ament_index/resource_index/packages/cpp05_exercise
[0.168s] -- Up-to-date: /home/hw_learn/ws_ros2/ws02_tools/install/cpp05_exercise/share/cpp05_exercise/cmake/cpp05_exerciseConfig.cmake
[0.168s] -- Up-to-date: /home/hw_learn/ws_ros2/ws02_tools/install/cpp05_exercise/share/cpp05_exercise/cmake/cpp05_exerciseConfig-version.cmake
[0.169s] -- Up-to-date: /home/hw_learn/ws_ros2/ws02_tools/install/cpp05_exercise/share/cpp05_exercise/package.xml
[0.172s] Invoked command in '/home/hw_learn/ws_ros2/ws02_tools/build/cpp05_exercise' returned '0': CMAKE_PREFIX_PATH=${CMAKE_PREFIX_PATH}:/home/hw_learn/dev_ws/install/learning_urdf:/home/hw_learn/dev_ws/install/learning_topic:/home/hw_learn/dev_ws/install/learning_tf:/home/hw_learn/dev_ws/install/learning_service:/home/hw_learn/dev_ws/install/learning_qos:/home/hw_learn/dev_ws/install/learning_pkg_python:/home/hw_learn/dev_ws/install/learning_parameter:/home/hw_learn/dev_ws/install/learning_node:/home/hw_learn/dev_ws/install/learning_launch:/home/hw_learn/dev_ws/install/learning_action:/home/hw_learn/dev_ws/install/learning_gazebo /usr/bin/cmake --install /home/hw_learn/ws_ros2/ws02_tools/build/cpp05_exercise
