[0.033s] Invoking command in '/home/hw_learn/ws_ros2/ws01_plumbing/build/cpp04_param': CMAKE_PREFIX_PATH=${CMAKE_PREFIX_PATH}:/home/hw_learn/ws_ros2/ws01_plumbing/install/py01_topic:/home/hw_learn/dev_ws/install/learning_urdf:/home/hw_learn/dev_ws/install/learning_topic:/home/hw_learn/dev_ws/install/learning_tf:/home/hw_learn/dev_ws/install/learning_service:/home/hw_learn/dev_ws/install/learning_qos:/home/hw_learn/dev_ws/install/learning_pkg_python:/home/hw_learn/dev_ws/install/learning_parameter:/home/hw_learn/dev_ws/install/learning_node:/home/hw_learn/dev_ws/install/learning_launch:/home/hw_learn/dev_ws/install/learning_action:/home/hw_learn/dev_ws/install/learning_gazebo /usr/bin/cmake /home/hw_learn/ws_ros2/ws01_plumbing/src/cpp04_param -DCMAKE_INSTALL_PREFIX=/home/hw_learn/ws_ros2/ws01_plumbing/install/cpp04_param
[0.091s] -- The C compiler identification is GNU 9.4.0
[0.142s] -- The CXX compiler identification is GNU 9.4.0
[0.147s] -- Check for working C compiler: /usr/bin/cc
[0.207s] -- Check for working C compiler: /usr/bin/cc -- works
[0.208s] -- Detecting C compiler ABI info
[0.270s] -- Detecting C compiler ABI info - done
[0.281s] -- Detecting C compile features
[0.281s] -- Detecting C compile features - done
[0.283s] -- Check for working CXX compiler: /usr/bin/c++
[0.357s] -- Check for working CXX compiler: /usr/bin/c++ -- works
[0.358s] -- Detecting CXX compiler ABI info
[0.436s] -- Detecting CXX compiler ABI info - done
[0.446s] -- Detecting CXX compile features
[0.446s] -- Detecting CXX compile features - done
[0.449s] -- Found ament_cmake: 0.9.9 (/opt/ros/foxy/share/ament_cmake/cmake)
[0.476s] -- Found PythonInterp: /usr/bin/python3 (found suitable version "3.8.10", minimum required is "3") 
[0.476s] -- Using PYTHON_EXECUTABLE: /usr/bin/python3
[0.658s] -- Found rclcpp: 2.4.1 (/opt/ros/foxy/share/rclcpp/cmake)
[0.699s] -- Using all available rosidl_typesupport_c: rosidl_typesupport_fastrtps_c;rosidl_typesupport_introspection_c
[0.706s] -- Found rosidl_adapter: 1.2.1 (/opt/ros/foxy/share/rosidl_adapter/cmake)
[0.756s] -- Found FastRTPS: /opt/ros/foxy/include  
[0.826s] -- Using all available rosidl_typesupport_cpp: rosidl_typesupport_fastrtps_cpp;rosidl_typesupport_introspection_cpp
[0.875s] -- Found rmw_implementation_cmake: 1.0.3 (/opt/ros/foxy/share/rmw_implementation_cmake/cmake)
[0.877s] -- Using RMW implementation 'rmw_fastrtps_cpp' as default
[0.881s] -- Looking for pthread.h
[0.948s] -- Looking for pthread.h - found
[0.948s] -- Performing Test CMAKE_HAVE_LIBC_PTHREAD
[1.018s] -- Performing Test CMAKE_HAVE_LIBC_PTHREAD - Failed
[1.018s] -- Looking for pthread_create in pthreads
[1.076s] -- Looking for pthread_create in pthreads - not found
[1.076s] -- Looking for pthread_create in pthread
[1.145s] -- Looking for pthread_create in pthread - found
[1.146s] -- Found Threads: TRUE  
[1.243s] -- Found ament_lint_auto: 0.9.6 (/opt/ros/foxy/share/ament_lint_auto/cmake)
[1.325s] -- Added test 'copyright' to check source files copyright and LICENSE
[1.326s] -- Added test 'cppcheck' to perform static code analysis on C / C++ code
[1.327s] -- Configured cppcheck include dirs: $<BUILD_INTERFACE:/home/hw_learn/ws_ros2/ws01_plumbing/src/cpp04_param/include>
[1.327s] -- Configured cppcheck exclude dirs and/or files: 
[1.328s] -- Added test 'cpplint' to check C / C++ code against the Google style
[1.328s] -- Configured cpplint exclude dirs and/or files: 
[1.328s] -- Added test 'lint_cmake' to check CMake code style
[1.330s] -- Added test 'uncrustify' to check C / C++ code style
[1.330s] -- Configured uncrustify additional arguments: 
[1.330s] -- Added test 'xmllint' to check XML markup files
[1.334s] -- Configuring done
[1.344s] -- Generating done
[1.346s] -- Build files have been written to: /home/hw_learn/ws_ros2/ws01_plumbing/build/cpp04_param
[1.353s] Invoked command in '/home/hw_learn/ws_ros2/ws01_plumbing/build/cpp04_param' returned '0': CMAKE_PREFIX_PATH=${CMAKE_PREFIX_PATH}:/home/hw_learn/ws_ros2/ws01_plumbing/install/py01_topic:/home/hw_learn/dev_ws/install/learning_urdf:/home/hw_learn/dev_ws/install/learning_topic:/home/hw_learn/dev_ws/install/learning_tf:/home/hw_learn/dev_ws/install/learning_service:/home/hw_learn/dev_ws/install/learning_qos:/home/hw_learn/dev_ws/install/learning_pkg_python:/home/hw_learn/dev_ws/install/learning_parameter:/home/hw_learn/dev_ws/install/learning_node:/home/hw_learn/dev_ws/install/learning_launch:/home/hw_learn/dev_ws/install/learning_action:/home/hw_learn/dev_ws/install/learning_gazebo /usr/bin/cmake /home/hw_learn/ws_ros2/ws01_plumbing/src/cpp04_param -DCMAKE_INSTALL_PREFIX=/home/hw_learn/ws_ros2/ws01_plumbing/install/cpp04_param
[1.356s] Invoking command in '/home/hw_learn/ws_ros2/ws01_plumbing/build/cpp04_param': CMAKE_PREFIX_PATH=${CMAKE_PREFIX_PATH}:/home/hw_learn/ws_ros2/ws01_plumbing/install/py01_topic:/home/hw_learn/dev_ws/install/learning_urdf:/home/hw_learn/dev_ws/install/learning_topic:/home/hw_learn/dev_ws/install/learning_tf:/home/hw_learn/dev_ws/install/learning_service:/home/hw_learn/dev_ws/install/learning_qos:/home/hw_learn/dev_ws/install/learning_pkg_python:/home/hw_learn/dev_ws/install/learning_parameter:/home/hw_learn/dev_ws/install/learning_node:/home/hw_learn/dev_ws/install/learning_launch:/home/hw_learn/dev_ws/install/learning_action:/home/hw_learn/dev_ws/install/learning_gazebo /usr/bin/cmake --build /home/hw_learn/ws_ros2/ws01_plumbing/build/cpp04_param -- -j128 -l128
[1.395s] [35m[1mScanning dependencies of target demo01_param_server[0m
[1.396s] [35m[1mScanning dependencies of target demo00_param[0m
[1.396s] [35m[1mScanning dependencies of target demo02_param_client[0m
[1.430s] [ 50%] [32mBuilding CXX object CMakeFiles/demo02_param_client.dir/src/demo02_param_client.cpp.o[0m
[1.430s] [ 50%] [32mBuilding CXX object CMakeFiles/demo01_param_server.dir/src/demo01_param_server.cpp.o[0m
[1.430s] [ 50%] [32mBuilding CXX object CMakeFiles/demo00_param.dir/src/demo00_param.cpp.o[0m
[2.998s] [ 66%] [32m[1mLinking CXX executable demo00_param[0m
[3.024s] [ 83%] [32m[1mLinking CXX executable demo02_param_client[0m
[3.107s] [ 83%] Built target demo00_param
[3.117s] [100%] [32m[1mLinking CXX executable demo01_param_server[0m
[3.128s] [100%] Built target demo02_param_client
[3.228s] [100%] Built target demo01_param_server
[3.230s] Invoked command in '/home/hw_learn/ws_ros2/ws01_plumbing/build/cpp04_param' returned '0': CMAKE_PREFIX_PATH=${CMAKE_PREFIX_PATH}:/home/hw_learn/ws_ros2/ws01_plumbing/install/py01_topic:/home/hw_learn/dev_ws/install/learning_urdf:/home/hw_learn/dev_ws/install/learning_topic:/home/hw_learn/dev_ws/install/learning_tf:/home/hw_learn/dev_ws/install/learning_service:/home/hw_learn/dev_ws/install/learning_qos:/home/hw_learn/dev_ws/install/learning_pkg_python:/home/hw_learn/dev_ws/install/learning_parameter:/home/hw_learn/dev_ws/install/learning_node:/home/hw_learn/dev_ws/install/learning_launch:/home/hw_learn/dev_ws/install/learning_action:/home/hw_learn/dev_ws/install/learning_gazebo /usr/bin/cmake --build /home/hw_learn/ws_ros2/ws01_plumbing/build/cpp04_param -- -j128 -l128
[3.268s] Invoking command in '/home/hw_learn/ws_ros2/ws01_plumbing/build/cpp04_param': CMAKE_PREFIX_PATH=${CMAKE_PREFIX_PATH}:/home/hw_learn/ws_ros2/ws01_plumbing/install/py01_topic:/home/hw_learn/dev_ws/install/learning_urdf:/home/hw_learn/dev_ws/install/learning_topic:/home/hw_learn/dev_ws/install/learning_tf:/home/hw_learn/dev_ws/install/learning_service:/home/hw_learn/dev_ws/install/learning_qos:/home/hw_learn/dev_ws/install/learning_pkg_python:/home/hw_learn/dev_ws/install/learning_parameter:/home/hw_learn/dev_ws/install/learning_node:/home/hw_learn/dev_ws/install/learning_launch:/home/hw_learn/dev_ws/install/learning_action:/home/hw_learn/dev_ws/install/learning_gazebo /usr/bin/cmake --install /home/hw_learn/ws_ros2/ws01_plumbing/build/cpp04_param
[3.275s] -- Install configuration: ""
[3.275s] -- Installing: /home/hw_learn/ws_ros2/ws01_plumbing/install/cpp04_param/lib/cpp04_param/demo00_param
[3.276s] -- Set runtime path of "/home/hw_learn/ws_ros2/ws01_plumbing/install/cpp04_param/lib/cpp04_param/demo00_param" to ""
[3.276s] -- Installing: /home/hw_learn/ws_ros2/ws01_plumbing/install/cpp04_param/lib/cpp04_param/demo01_param_server
[3.277s] -- Set runtime path of "/home/hw_learn/ws_ros2/ws01_plumbing/install/cpp04_param/lib/cpp04_param/demo01_param_server" to ""
[3.277s] -- Installing: /home/hw_learn/ws_ros2/ws01_plumbing/install/cpp04_param/lib/cpp04_param/demo02_param_client
[3.277s] -- Set runtime path of "/home/hw_learn/ws_ros2/ws01_plumbing/install/cpp04_param/lib/cpp04_param/demo02_param_client" to ""
[3.277s] -- Installing: /home/hw_learn/ws_ros2/ws01_plumbing/install/cpp04_param/share/ament_index/resource_index/package_run_dependencies/cpp04_param
[3.278s] -- Installing: /home/hw_learn/ws_ros2/ws01_plumbing/install/cpp04_param/share/ament_index/resource_index/parent_prefix_path/cpp04_param
[3.278s] -- Installing: /home/hw_learn/ws_ros2/ws01_plumbing/install/cpp04_param/share/cpp04_param/environment/ament_prefix_path.sh
[3.278s] -- Installing: /home/hw_learn/ws_ros2/ws01_plumbing/install/cpp04_param/share/cpp04_param/environment/ament_prefix_path.dsv
[3.278s] -- Installing: /home/hw_learn/ws_ros2/ws01_plumbing/install/cpp04_param/share/cpp04_param/environment/path.sh
[3.278s] -- Installing: /home/hw_learn/ws_ros2/ws01_plumbing/install/cpp04_param/share/cpp04_param/environment/path.dsv
[3.278s] -- Installing: /home/hw_learn/ws_ros2/ws01_plumbing/install/cpp04_param/share/cpp04_param/local_setup.bash
[3.279s] -- Installing: /home/hw_learn/ws_ros2/ws01_plumbing/install/cpp04_param/share/cpp04_param/local_setup.sh
[3.279s] -- Installing: /home/hw_learn/ws_ros2/ws01_plumbing/install/cpp04_param/share/cpp04_param/local_setup.zsh
[3.279s] -- Installing: /home/hw_learn/ws_ros2/ws01_plumbing/install/cpp04_param/share/cpp04_param/local_setup.dsv
[3.279s] -- Installing: /home/hw_learn/ws_ros2/ws01_plumbing/install/cpp04_param/share/cpp04_param/package.dsv
[3.279s] -- Installing: /home/hw_learn/ws_ros2/ws01_plumbing/install/cpp04_param/share/ament_index/resource_index/packages/cpp04_param
[3.279s] -- Installing: /home/hw_learn/ws_ros2/ws01_plumbing/install/cpp04_param/share/cpp04_param/cmake/cpp04_paramConfig.cmake
[3.279s] -- Installing: /home/hw_learn/ws_ros2/ws01_plumbing/install/cpp04_param/share/cpp04_param/cmake/cpp04_paramConfig-version.cmake
[3.279s] -- Installing: /home/hw_learn/ws_ros2/ws01_plumbing/install/cpp04_param/share/cpp04_param/package.xml
[3.283s] Invoked command in '/home/hw_learn/ws_ros2/ws01_plumbing/build/cpp04_param' returned '0': CMAKE_PREFIX_PATH=${CMAKE_PREFIX_PATH}:/home/hw_learn/ws_ros2/ws01_plumbing/install/py01_topic:/home/hw_learn/dev_ws/install/learning_urdf:/home/hw_learn/dev_ws/install/learning_topic:/home/hw_learn/dev_ws/install/learning_tf:/home/hw_learn/dev_ws/install/learning_service:/home/hw_learn/dev_ws/install/learning_qos:/home/hw_learn/dev_ws/install/learning_pkg_python:/home/hw_learn/dev_ws/install/learning_parameter:/home/hw_learn/dev_ws/install/learning_node:/home/hw_learn/dev_ws/install/learning_launch:/home/hw_learn/dev_ws/install/learning_action:/home/hw_learn/dev_ws/install/learning_gazebo /usr/bin/cmake --install /home/hw_learn/ws_ros2/ws01_plumbing/build/cpp04_param
