[0.455s] DEBUG:colcon:Command line arguments: ['/usr/local/bin/colcon', 'build', '--packages-select', 'cpp03_action']
[0.455s] DEBUG:colcon:Parsed command line arguments: Namespace(ament_cmake_args=None, base_paths=['.'], build_base='build', catkin_cmake_args=None, catkin_skip_building_tests=False, cmake_args=None, cmake_clean_cache=False, cmake_clean_first=False, cmake_force_configure=False, cmake_target=None, cmake_target_skip_unavailable=False, continue_on_error=False, event_handlers=None, executor='parallel', ignore_user_meta=False, install_base='install', log_base=None, log_level=None, main=<bound method BuildVerb.main of <colcon_core.verb.build.BuildVerb object at 0x7fe4d0340940>>, merge_install=False, metas=['./colcon.meta'], packages_above=None, packages_above_and_dependencies=None, packages_above_depth=None, packages_end=None, packages_ignore=None, packages_ignore_regex=None, packages_select=['cpp03_action'], packages_select_build_failed=False, packages_select_by_dep=None, packages_select_regex=None, packages_select_test_failures=False, packages_skip=None, packages_skip_build_finished=False, packages_skip_by_dep=None, packages_skip_regex=None, packages_skip_test_passed=False, packages_skip_up_to=None, packages_start=None, packages_up_to=None, packages_up_to_regex=None, parallel_workers=128, paths=None, symlink_install=False, test_result_base=None, verb_extension=<colcon_core.verb.build.BuildVerb object at 0x7fe4d0340940>, verb_name='build', verb_parser=<colcon_defaults.argument_parser.defaults.DefaultArgumentsDecorator object at 0x7fe4d0340eb0>)
[0.485s] Level 1:colcon.colcon_core.package_discovery:discover_packages(colcon_meta) check parameters
[0.485s] Level 1:colcon.colcon_core.package_discovery:discover_packages(recursive) check parameters
[0.485s] Level 1:colcon.colcon_core.package_discovery:discover_packages(ignore) check parameters
[0.485s] Level 1:colcon.colcon_core.package_discovery:discover_packages(path) check parameters
[0.485s] Level 1:colcon.colcon_core.package_discovery:discover_packages(colcon_meta) discover
[0.485s] Level 1:colcon.colcon_core.package_discovery:discover_packages(recursive) discover
[0.485s] INFO:colcon.colcon_core.package_discovery:Crawling recursively for packages in '/home/hw_learn/ws_ros2/ws01_plumbing'
[0.485s] Level 1:colcon.colcon_core.package_identification:_identify(.) by extensions ['ignore', 'ignore_ament_install']
[0.485s] Level 1:colcon.colcon_core.package_identification:_identify(.) by extension 'ignore'
[0.485s] Level 1:colcon.colcon_core.package_identification:_identify(.) by extension 'ignore_ament_install'
[0.485s] Level 1:colcon.colcon_core.package_identification:_identify(.) by extensions ['colcon_pkg']
[0.485s] Level 1:colcon.colcon_core.package_identification:_identify(.) by extension 'colcon_pkg'
[0.485s] Level 1:colcon.colcon_core.package_identification:_identify(.) by extensions ['colcon_meta']
[0.485s] Level 1:colcon.colcon_core.package_identification:_identify(.) by extension 'colcon_meta'
[0.486s] Level 1:colcon.colcon_core.package_identification:_identify(.) by extensions ['ros']
[0.486s] Level 1:colcon.colcon_core.package_identification:_identify(.) by extension 'ros'
[0.496s] Level 1:colcon.colcon_core.package_identification:_identify(.) by extensions ['cmake', 'python']
[0.496s] Level 1:colcon.colcon_core.package_identification:_identify(.) by extension 'cmake'
[0.496s] Level 1:colcon.colcon_core.package_identification:_identify(.) by extension 'python'
[0.496s] Level 1:colcon.colcon_core.package_identification:_identify(.) by extensions ['python_setup_py']
[0.496s] Level 1:colcon.colcon_core.package_identification:_identify(.) by extension 'python_setup_py'
[0.496s] Level 1:colcon.colcon_core.package_identification:_identify(build) by extensions ['ignore', 'ignore_ament_install']
[0.496s] Level 1:colcon.colcon_core.package_identification:_identify(build) by extension 'ignore'
[0.496s] Level 1:colcon.colcon_core.package_identification:_identify(build) ignored
[0.497s] Level 1:colcon.colcon_core.package_identification:_identify(install) by extensions ['ignore', 'ignore_ament_install']
[0.497s] Level 1:colcon.colcon_core.package_identification:_identify(install) by extension 'ignore'
[0.497s] Level 1:colcon.colcon_core.package_identification:_identify(install) ignored
[0.497s] Level 1:colcon.colcon_core.package_identification:_identify(log) by extensions ['ignore', 'ignore_ament_install']
[0.497s] Level 1:colcon.colcon_core.package_identification:_identify(log) by extension 'ignore'
[0.497s] Level 1:colcon.colcon_core.package_identification:_identify(log) ignored
[0.497s] Level 1:colcon.colcon_core.package_identification:_identify(src) by extensions ['ignore', 'ignore_ament_install']
[0.497s] Level 1:colcon.colcon_core.package_identification:_identify(src) by extension 'ignore'
[0.497s] Level 1:colcon.colcon_core.package_identification:_identify(src) by extension 'ignore_ament_install'
[0.497s] Level 1:colcon.colcon_core.package_identification:_identify(src) by extensions ['colcon_pkg']
[0.497s] Level 1:colcon.colcon_core.package_identification:_identify(src) by extension 'colcon_pkg'
[0.497s] Level 1:colcon.colcon_core.package_identification:_identify(src) by extensions ['colcon_meta']
[0.497s] Level 1:colcon.colcon_core.package_identification:_identify(src) by extension 'colcon_meta'
[0.497s] Level 1:colcon.colcon_core.package_identification:_identify(src) by extensions ['ros']
[0.497s] Level 1:colcon.colcon_core.package_identification:_identify(src) by extension 'ros'
[0.497s] Level 1:colcon.colcon_core.package_identification:_identify(src) by extensions ['cmake', 'python']
[0.497s] Level 1:colcon.colcon_core.package_identification:_identify(src) by extension 'cmake'
[0.497s] Level 1:colcon.colcon_core.package_identification:_identify(src) by extension 'python'
[0.497s] Level 1:colcon.colcon_core.package_identification:_identify(src) by extensions ['python_setup_py']
[0.497s] Level 1:colcon.colcon_core.package_identification:_identify(src) by extension 'python_setup_py'
[0.498s] Level 1:colcon.colcon_core.package_identification:_identify(src/base_interfaces_demo) by extensions ['ignore', 'ignore_ament_install']
[0.498s] Level 1:colcon.colcon_core.package_identification:_identify(src/base_interfaces_demo) by extension 'ignore'
[0.498s] Level 1:colcon.colcon_core.package_identification:_identify(src/base_interfaces_demo) by extension 'ignore_ament_install'
[0.498s] Level 1:colcon.colcon_core.package_identification:_identify(src/base_interfaces_demo) by extensions ['colcon_pkg']
[0.498s] Level 1:colcon.colcon_core.package_identification:_identify(src/base_interfaces_demo) by extension 'colcon_pkg'
[0.498s] Level 1:colcon.colcon_core.package_identification:_identify(src/base_interfaces_demo) by extensions ['colcon_meta']
[0.498s] Level 1:colcon.colcon_core.package_identification:_identify(src/base_interfaces_demo) by extension 'colcon_meta'
[0.498s] Level 1:colcon.colcon_core.package_identification:_identify(src/base_interfaces_demo) by extensions ['ros']
[0.498s] Level 1:colcon.colcon_core.package_identification:_identify(src/base_interfaces_demo) by extension 'ros'
[0.500s] DEBUG:colcon.colcon_core.package_identification:Package 'src/base_interfaces_demo' with type 'ros.ament_cmake' and name 'base_interfaces_demo'
[0.500s] Level 1:colcon.colcon_core.package_identification:_identify(src/cpp01_topic) by extensions ['ignore', 'ignore_ament_install']
[0.500s] Level 1:colcon.colcon_core.package_identification:_identify(src/cpp01_topic) by extension 'ignore'
[0.500s] Level 1:colcon.colcon_core.package_identification:_identify(src/cpp01_topic) by extension 'ignore_ament_install'
[0.500s] Level 1:colcon.colcon_core.package_identification:_identify(src/cpp01_topic) by extensions ['colcon_pkg']
[0.500s] Level 1:colcon.colcon_core.package_identification:_identify(src/cpp01_topic) by extension 'colcon_pkg'
[0.500s] Level 1:colcon.colcon_core.package_identification:_identify(src/cpp01_topic) by extensions ['colcon_meta']
[0.501s] Level 1:colcon.colcon_core.package_identification:_identify(src/cpp01_topic) by extension 'colcon_meta'
[0.501s] Level 1:colcon.colcon_core.package_identification:_identify(src/cpp01_topic) by extensions ['ros']
[0.501s] Level 1:colcon.colcon_core.package_identification:_identify(src/cpp01_topic) by extension 'ros'
[0.501s] DEBUG:colcon.colcon_core.package_identification:Package 'src/cpp01_topic' with type 'ros.ament_cmake' and name 'cpp01_topic'
[0.501s] Level 1:colcon.colcon_core.package_identification:_identify(src/cpp02_service) by extensions ['ignore', 'ignore_ament_install']
[0.501s] Level 1:colcon.colcon_core.package_identification:_identify(src/cpp02_service) by extension 'ignore'
[0.501s] Level 1:colcon.colcon_core.package_identification:_identify(src/cpp02_service) by extension 'ignore_ament_install'
[0.501s] Level 1:colcon.colcon_core.package_identification:_identify(src/cpp02_service) by extensions ['colcon_pkg']
[0.502s] Level 1:colcon.colcon_core.package_identification:_identify(src/cpp02_service) by extension 'colcon_pkg'
[0.502s] Level 1:colcon.colcon_core.package_identification:_identify(src/cpp02_service) by extensions ['colcon_meta']
[0.502s] Level 1:colcon.colcon_core.package_identification:_identify(src/cpp02_service) by extension 'colcon_meta'
[0.502s] Level 1:colcon.colcon_core.package_identification:_identify(src/cpp02_service) by extensions ['ros']
[0.502s] Level 1:colcon.colcon_core.package_identification:_identify(src/cpp02_service) by extension 'ros'
[0.502s] DEBUG:colcon.colcon_core.package_identification:Package 'src/cpp02_service' with type 'ros.ament_cmake' and name 'cpp02_service'
[0.502s] Level 1:colcon.colcon_core.package_identification:_identify(src/cpp03_action) by extensions ['ignore', 'ignore_ament_install']
[0.502s] Level 1:colcon.colcon_core.package_identification:_identify(src/cpp03_action) by extension 'ignore'
[0.502s] Level 1:colcon.colcon_core.package_identification:_identify(src/cpp03_action) by extension 'ignore_ament_install'
[0.502s] Level 1:colcon.colcon_core.package_identification:_identify(src/cpp03_action) by extensions ['colcon_pkg']
[0.502s] Level 1:colcon.colcon_core.package_identification:_identify(src/cpp03_action) by extension 'colcon_pkg'
[0.502s] Level 1:colcon.colcon_core.package_identification:_identify(src/cpp03_action) by extensions ['colcon_meta']
[0.503s] Level 1:colcon.colcon_core.package_identification:_identify(src/cpp03_action) by extension 'colcon_meta'
[0.503s] Level 1:colcon.colcon_core.package_identification:_identify(src/cpp03_action) by extensions ['ros']
[0.503s] Level 1:colcon.colcon_core.package_identification:_identify(src/cpp03_action) by extension 'ros'
[0.503s] DEBUG:colcon.colcon_core.package_identification:Package 'src/cpp03_action' with type 'ros.ament_cmake' and name 'cpp03_action'
[0.503s] Level 1:colcon.colcon_core.package_identification:_identify(src/py01_topic) by extensions ['ignore', 'ignore_ament_install']
[0.503s] Level 1:colcon.colcon_core.package_identification:_identify(src/py01_topic) by extension 'ignore'
[0.503s] Level 1:colcon.colcon_core.package_identification:_identify(src/py01_topic) by extension 'ignore_ament_install'
[0.503s] Level 1:colcon.colcon_core.package_identification:_identify(src/py01_topic) by extensions ['colcon_pkg']
[0.503s] Level 1:colcon.colcon_core.package_identification:_identify(src/py01_topic) by extension 'colcon_pkg'
[0.503s] Level 1:colcon.colcon_core.package_identification:_identify(src/py01_topic) by extensions ['colcon_meta']
[0.503s] Level 1:colcon.colcon_core.package_identification:_identify(src/py01_topic) by extension 'colcon_meta'
[0.504s] Level 1:colcon.colcon_core.package_identification:_identify(src/py01_topic) by extensions ['ros']
[0.504s] Level 1:colcon.colcon_core.package_identification:_identify(src/py01_topic) by extension 'ros'
[0.504s] DEBUG:colcon.colcon_core.package_identification:Package 'src/py01_topic' with type 'ros.ament_python' and name 'py01_topic'
[0.504s] Level 1:colcon.colcon_core.package_identification:_identify(src/py02_service) by extensions ['ignore', 'ignore_ament_install']
[0.504s] Level 1:colcon.colcon_core.package_identification:_identify(src/py02_service) by extension 'ignore'
[0.504s] Level 1:colcon.colcon_core.package_identification:_identify(src/py02_service) by extension 'ignore_ament_install'
[0.504s] Level 1:colcon.colcon_core.package_identification:_identify(src/py02_service) by extensions ['colcon_pkg']
[0.504s] Level 1:colcon.colcon_core.package_identification:_identify(src/py02_service) by extension 'colcon_pkg'
[0.504s] Level 1:colcon.colcon_core.package_identification:_identify(src/py02_service) by extensions ['colcon_meta']
[0.504s] Level 1:colcon.colcon_core.package_identification:_identify(src/py02_service) by extension 'colcon_meta'
[0.505s] Level 1:colcon.colcon_core.package_identification:_identify(src/py02_service) by extensions ['ros']
[0.505s] Level 1:colcon.colcon_core.package_identification:_identify(src/py02_service) by extension 'ros'
[0.505s] DEBUG:colcon.colcon_core.package_identification:Package 'src/py02_service' with type 'ros.ament_python' and name 'py02_service'
[0.505s] Level 1:colcon.colcon_core.package_identification:_identify(src/py03_action) by extensions ['ignore', 'ignore_ament_install']
[0.505s] Level 1:colcon.colcon_core.package_identification:_identify(src/py03_action) by extension 'ignore'
[0.505s] Level 1:colcon.colcon_core.package_identification:_identify(src/py03_action) by extension 'ignore_ament_install'
[0.505s] Level 1:colcon.colcon_core.package_identification:_identify(src/py03_action) by extensions ['colcon_pkg']
[0.505s] Level 1:colcon.colcon_core.package_identification:_identify(src/py03_action) by extension 'colcon_pkg'
[0.505s] Level 1:colcon.colcon_core.package_identification:_identify(src/py03_action) by extensions ['colcon_meta']
[0.505s] Level 1:colcon.colcon_core.package_identification:_identify(src/py03_action) by extension 'colcon_meta'
[0.506s] Level 1:colcon.colcon_core.package_identification:_identify(src/py03_action) by extensions ['ros']
[0.506s] Level 1:colcon.colcon_core.package_identification:_identify(src/py03_action) by extension 'ros'
[0.506s] DEBUG:colcon.colcon_core.package_identification:Package 'src/py03_action' with type 'ros.ament_python' and name 'py03_action'
[0.506s] Level 1:colcon.colcon_core.package_discovery:discover_packages(recursive) using defaults
[0.506s] Level 1:colcon.colcon_core.package_discovery:discover_packages(ignore) discover
[0.506s] Level 1:colcon.colcon_core.package_discovery:discover_packages(ignore) using defaults
[0.506s] Level 1:colcon.colcon_core.package_discovery:discover_packages(path) discover
[0.506s] Level 1:colcon.colcon_core.package_discovery:discover_packages(path) using defaults
[0.534s] INFO:colcon.colcon_core.package_selection:Skipping not selected package 'base_interfaces_demo' in 'src/base_interfaces_demo'
[0.534s] INFO:colcon.colcon_core.package_selection:Skipping not selected package 'cpp01_topic' in 'src/cpp01_topic'
[0.535s] INFO:colcon.colcon_core.package_selection:Skipping not selected package 'cpp02_service' in 'src/cpp02_service'
[0.535s] INFO:colcon.colcon_core.package_selection:Skipping not selected package 'py01_topic' in 'src/py01_topic'
[0.535s] INFO:colcon.colcon_core.package_selection:Skipping not selected package 'py02_service' in 'src/py02_service'
[0.535s] INFO:colcon.colcon_core.package_selection:Skipping not selected package 'py03_action' in 'src/py03_action'
[0.541s] Level 5:colcon.colcon_core.verb:set package 'cpp03_action' build argument 'cmake_args' from command line to 'None'
[0.541s] Level 5:colcon.colcon_core.verb:set package 'cpp03_action' build argument 'cmake_target' from command line to 'None'
[0.541s] Level 5:colcon.colcon_core.verb:set package 'cpp03_action' build argument 'cmake_target_skip_unavailable' from command line to 'False'
[0.541s] Level 5:colcon.colcon_core.verb:set package 'cpp03_action' build argument 'cmake_clean_cache' from command line to 'False'
[0.541s] Level 5:colcon.colcon_core.verb:set package 'cpp03_action' build argument 'cmake_clean_first' from command line to 'False'
[0.541s] Level 5:colcon.colcon_core.verb:set package 'cpp03_action' build argument 'cmake_force_configure' from command line to 'False'
[0.541s] Level 5:colcon.colcon_core.verb:set package 'cpp03_action' build argument 'ament_cmake_args' from command line to 'None'
[0.541s] Level 5:colcon.colcon_core.verb:set package 'cpp03_action' build argument 'catkin_cmake_args' from command line to 'None'
[0.541s] Level 5:colcon.colcon_core.verb:set package 'cpp03_action' build argument 'catkin_skip_building_tests' from command line to 'False'
[0.541s] DEBUG:colcon.colcon_core.verb:Building package 'cpp03_action' with the following arguments: {'ament_cmake_args': None, 'build_base': '/home/hw_learn/ws_ros2/ws01_plumbing/build/cpp03_action', 'catkin_cmake_args': None, 'catkin_skip_building_tests': False, 'cmake_args': None, 'cmake_clean_cache': False, 'cmake_clean_first': False, 'cmake_force_configure': False, 'cmake_target': None, 'cmake_target_skip_unavailable': False, 'install_base': '/home/hw_learn/ws_ros2/ws01_plumbing/install/cpp03_action', 'merge_install': False, 'path': '/home/hw_learn/ws_ros2/ws01_plumbing/src/cpp03_action', 'symlink_install': False, 'test_result_base': None}
[0.543s] INFO:colcon.colcon_core.executor:Executing jobs using 'parallel' executor
[0.555s] DEBUG:colcon.colcon_parallel_executor.executor.parallel:run_until_complete
[0.555s] INFO:colcon.colcon_ros.task.ament_cmake.build:Building ROS package in '/home/hw_learn/ws_ros2/ws01_plumbing/src/cpp03_action' with build type 'ament_cmake'
[0.555s] INFO:colcon.colcon_cmake.task.cmake.build:Building CMake package in '/home/hw_learn/ws_ros2/ws01_plumbing/src/cpp03_action'
[0.564s] INFO:colcon.colcon_core.plugin_system:Skipping extension 'colcon_core.shell.bat': Not used on non-Windows systems
[0.564s] INFO:colcon.colcon_core.shell:Skip shell extension 'powershell' for command environment: Not usable outside of PowerShell
[0.564s] DEBUG:colcon.colcon_core.shell:Skip shell extension 'dsv' for command environment
[0.592s] DEBUG:colcon.colcon_core.event_handler.log_command:Invoking command in '/home/hw_learn/ws_ros2/ws01_plumbing/build/cpp03_action': CMAKE_PREFIX_PATH=/home/hw_learn/ws_ros2/ws01_plumbing/install/base_interfaces_demo:/home/hw_learn/ws_ros2/ws01_plumbing/install/cpp03_action:/home/hw_learn/ws_ros2/ws01_plumbing/install/cpp02_service:/home/hw_learn/ws_ros2/ws01_plumbing/install/cpp01_topic:/home/hw_learn/dev_ws/install/learning_pkg_c:/home/hw_learn/dev_ws/install/learning_interface:/opt/ros/foxy:/home/hw_learn/ws_ros2/ws01_plumbing/install/py01_topic:/home/hw_learn/dev_ws/install/learning_urdf:/home/hw_learn/dev_ws/install/learning_topic:/home/hw_learn/dev_ws/install/learning_tf:/home/hw_learn/dev_ws/install/learning_service:/home/hw_learn/dev_ws/install/learning_qos:/home/hw_learn/dev_ws/install/learning_pkg_python:/home/hw_learn/dev_ws/install/learning_parameter:/home/hw_learn/dev_ws/install/learning_node:/home/hw_learn/dev_ws/install/learning_launch:/home/hw_learn/dev_ws/install/learning_action:/home/hw_learn/dev_ws/install/learning_gazebo PYTHONPATH=/home/hw_learn/ws_ros2/ws01_plumbing/install/base_interfaces_demo/lib/python3.8/site-packages:/home/hw_learn/ws_ros2/ws01_plumbing/install/py01_topic/lib/python3.8/site-packages:/home/hw_learn/dev_ws/install/learning_urdf/lib/python3.8/site-packages:/home/hw_learn/dev_ws/install/learning_topic/lib/python3.8/site-packages:/home/hw_learn/dev_ws/install/learning_tf/lib/python3.8/site-packages:/home/hw_learn/dev_ws/install/learning_service/lib/python3.8/site-packages:/home/hw_learn/dev_ws/install/learning_qos/lib/python3.8/site-packages:/home/hw_learn/dev_ws/install/learning_pkg_python/lib/python3.8/site-packages:/home/hw_learn/dev_ws/install/learning_parameter/lib/python3.8/site-packages:/home/hw_learn/dev_ws/install/learning_node/lib/python3.8/site-packages:/home/hw_learn/dev_ws/install/learning_launch/lib/python3.8/site-packages:/home/hw_learn/dev_ws/install/learning_action/lib/python3.8/site-packages:/home/hw_learn/dev_ws/install/learning_interface/lib/python3.8/site-packages:/home/hw_learn/dev_ws/install/learning_gazebo/lib/python3.8/site-packages:/opt/ros/foxy/lib/python3.8/site-packages /usr/bin/cmake --build /home/hw_learn/ws_ros2/ws01_plumbing/build/cpp03_action -- -j128 -l128
[3.081s] DEBUG:colcon.colcon_core.event_handler.log_command:Invoked command in '/home/hw_learn/ws_ros2/ws01_plumbing/build/cpp03_action' returned '0': CMAKE_PREFIX_PATH=/home/hw_learn/ws_ros2/ws01_plumbing/install/base_interfaces_demo:/home/hw_learn/ws_ros2/ws01_plumbing/install/cpp03_action:/home/hw_learn/ws_ros2/ws01_plumbing/install/cpp02_service:/home/hw_learn/ws_ros2/ws01_plumbing/install/cpp01_topic:/home/hw_learn/dev_ws/install/learning_pkg_c:/home/hw_learn/dev_ws/install/learning_interface:/opt/ros/foxy:/home/hw_learn/ws_ros2/ws01_plumbing/install/py01_topic:/home/hw_learn/dev_ws/install/learning_urdf:/home/hw_learn/dev_ws/install/learning_topic:/home/hw_learn/dev_ws/install/learning_tf:/home/hw_learn/dev_ws/install/learning_service:/home/hw_learn/dev_ws/install/learning_qos:/home/hw_learn/dev_ws/install/learning_pkg_python:/home/hw_learn/dev_ws/install/learning_parameter:/home/hw_learn/dev_ws/install/learning_node:/home/hw_learn/dev_ws/install/learning_launch:/home/hw_learn/dev_ws/install/learning_action:/home/hw_learn/dev_ws/install/learning_gazebo PYTHONPATH=/home/hw_learn/ws_ros2/ws01_plumbing/install/base_interfaces_demo/lib/python3.8/site-packages:/home/hw_learn/ws_ros2/ws01_plumbing/install/py01_topic/lib/python3.8/site-packages:/home/hw_learn/dev_ws/install/learning_urdf/lib/python3.8/site-packages:/home/hw_learn/dev_ws/install/learning_topic/lib/python3.8/site-packages:/home/hw_learn/dev_ws/install/learning_tf/lib/python3.8/site-packages:/home/hw_learn/dev_ws/install/learning_service/lib/python3.8/site-packages:/home/hw_learn/dev_ws/install/learning_qos/lib/python3.8/site-packages:/home/hw_learn/dev_ws/install/learning_pkg_python/lib/python3.8/site-packages:/home/hw_learn/dev_ws/install/learning_parameter/lib/python3.8/site-packages:/home/hw_learn/dev_ws/install/learning_node/lib/python3.8/site-packages:/home/hw_learn/dev_ws/install/learning_launch/lib/python3.8/site-packages:/home/hw_learn/dev_ws/install/learning_action/lib/python3.8/site-packages:/home/hw_learn/dev_ws/install/learning_interface/lib/python3.8/site-packages:/home/hw_learn/dev_ws/install/learning_gazebo/lib/python3.8/site-packages:/opt/ros/foxy/lib/python3.8/site-packages /usr/bin/cmake --build /home/hw_learn/ws_ros2/ws01_plumbing/build/cpp03_action -- -j128 -l128
[3.115s] DEBUG:colcon.colcon_core.event_handler.log_command:Invoking command in '/home/hw_learn/ws_ros2/ws01_plumbing/build/cpp03_action': CMAKE_PREFIX_PATH=/home/hw_learn/ws_ros2/ws01_plumbing/install/base_interfaces_demo:/home/hw_learn/ws_ros2/ws01_plumbing/install/cpp03_action:/home/hw_learn/ws_ros2/ws01_plumbing/install/cpp02_service:/home/hw_learn/ws_ros2/ws01_plumbing/install/cpp01_topic:/home/hw_learn/dev_ws/install/learning_pkg_c:/home/hw_learn/dev_ws/install/learning_interface:/opt/ros/foxy:/home/hw_learn/ws_ros2/ws01_plumbing/install/py01_topic:/home/hw_learn/dev_ws/install/learning_urdf:/home/hw_learn/dev_ws/install/learning_topic:/home/hw_learn/dev_ws/install/learning_tf:/home/hw_learn/dev_ws/install/learning_service:/home/hw_learn/dev_ws/install/learning_qos:/home/hw_learn/dev_ws/install/learning_pkg_python:/home/hw_learn/dev_ws/install/learning_parameter:/home/hw_learn/dev_ws/install/learning_node:/home/hw_learn/dev_ws/install/learning_launch:/home/hw_learn/dev_ws/install/learning_action:/home/hw_learn/dev_ws/install/learning_gazebo PYTHONPATH=/home/hw_learn/ws_ros2/ws01_plumbing/install/base_interfaces_demo/lib/python3.8/site-packages:/home/hw_learn/ws_ros2/ws01_plumbing/install/py01_topic/lib/python3.8/site-packages:/home/hw_learn/dev_ws/install/learning_urdf/lib/python3.8/site-packages:/home/hw_learn/dev_ws/install/learning_topic/lib/python3.8/site-packages:/home/hw_learn/dev_ws/install/learning_tf/lib/python3.8/site-packages:/home/hw_learn/dev_ws/install/learning_service/lib/python3.8/site-packages:/home/hw_learn/dev_ws/install/learning_qos/lib/python3.8/site-packages:/home/hw_learn/dev_ws/install/learning_pkg_python/lib/python3.8/site-packages:/home/hw_learn/dev_ws/install/learning_parameter/lib/python3.8/site-packages:/home/hw_learn/dev_ws/install/learning_node/lib/python3.8/site-packages:/home/hw_learn/dev_ws/install/learning_launch/lib/python3.8/site-packages:/home/hw_learn/dev_ws/install/learning_action/lib/python3.8/site-packages:/home/hw_learn/dev_ws/install/learning_interface/lib/python3.8/site-packages:/home/hw_learn/dev_ws/install/learning_gazebo/lib/python3.8/site-packages:/opt/ros/foxy/lib/python3.8/site-packages /usr/bin/cmake --install /home/hw_learn/ws_ros2/ws01_plumbing/build/cpp03_action
[3.127s] Level 1:colcon.colcon_core.environment:create_environment_scripts_only(cpp03_action)
[3.129s] DEBUG:colcon.colcon_core.event_handler.log_command:Invoked command in '/home/hw_learn/ws_ros2/ws01_plumbing/build/cpp03_action' returned '0': CMAKE_PREFIX_PATH=/home/hw_learn/ws_ros2/ws01_plumbing/install/base_interfaces_demo:/home/hw_learn/ws_ros2/ws01_plumbing/install/cpp03_action:/home/hw_learn/ws_ros2/ws01_plumbing/install/cpp02_service:/home/hw_learn/ws_ros2/ws01_plumbing/install/cpp01_topic:/home/hw_learn/dev_ws/install/learning_pkg_c:/home/hw_learn/dev_ws/install/learning_interface:/opt/ros/foxy:/home/hw_learn/ws_ros2/ws01_plumbing/install/py01_topic:/home/hw_learn/dev_ws/install/learning_urdf:/home/hw_learn/dev_ws/install/learning_topic:/home/hw_learn/dev_ws/install/learning_tf:/home/hw_learn/dev_ws/install/learning_service:/home/hw_learn/dev_ws/install/learning_qos:/home/hw_learn/dev_ws/install/learning_pkg_python:/home/hw_learn/dev_ws/install/learning_parameter:/home/hw_learn/dev_ws/install/learning_node:/home/hw_learn/dev_ws/install/learning_launch:/home/hw_learn/dev_ws/install/learning_action:/home/hw_learn/dev_ws/install/learning_gazebo PYTHONPATH=/home/hw_learn/ws_ros2/ws01_plumbing/install/base_interfaces_demo/lib/python3.8/site-packages:/home/hw_learn/ws_ros2/ws01_plumbing/install/py01_topic/lib/python3.8/site-packages:/home/hw_learn/dev_ws/install/learning_urdf/lib/python3.8/site-packages:/home/hw_learn/dev_ws/install/learning_topic/lib/python3.8/site-packages:/home/hw_learn/dev_ws/install/learning_tf/lib/python3.8/site-packages:/home/hw_learn/dev_ws/install/learning_service/lib/python3.8/site-packages:/home/hw_learn/dev_ws/install/learning_qos/lib/python3.8/site-packages:/home/hw_learn/dev_ws/install/learning_pkg_python/lib/python3.8/site-packages:/home/hw_learn/dev_ws/install/learning_parameter/lib/python3.8/site-packages:/home/hw_learn/dev_ws/install/learning_node/lib/python3.8/site-packages:/home/hw_learn/dev_ws/install/learning_launch/lib/python3.8/site-packages:/home/hw_learn/dev_ws/install/learning_action/lib/python3.8/site-packages:/home/hw_learn/dev_ws/install/learning_interface/lib/python3.8/site-packages:/home/hw_learn/dev_ws/install/learning_gazebo/lib/python3.8/site-packages:/opt/ros/foxy/lib/python3.8/site-packages /usr/bin/cmake --install /home/hw_learn/ws_ros2/ws01_plumbing/build/cpp03_action
[3.137s] Level 1:colcon.colcon_core.environment:checking '/home/hw_learn/ws_ros2/ws01_plumbing/install/cpp03_action' for CMake module files
[3.137s] Level 1:colcon.colcon_core.environment:checking '/home/hw_learn/ws_ros2/ws01_plumbing/install/cpp03_action' for CMake config files
[3.137s] Level 1:colcon.colcon_core.shell:create_environment_hook('cpp03_action', 'cmake_prefix_path')
[3.142s] INFO:colcon.colcon_core.shell:Creating environment hook '/home/hw_learn/ws_ros2/ws01_plumbing/install/cpp03_action/share/cpp03_action/hook/cmake_prefix_path.ps1'
[3.143s] INFO:colcon.colcon_core.shell:Creating environment descriptor '/home/hw_learn/ws_ros2/ws01_plumbing/install/cpp03_action/share/cpp03_action/hook/cmake_prefix_path.dsv'
[3.143s] INFO:colcon.colcon_core.shell:Creating environment hook '/home/hw_learn/ws_ros2/ws01_plumbing/install/cpp03_action/share/cpp03_action/hook/cmake_prefix_path.sh'
[3.144s] Level 1:colcon.colcon_core.environment:checking '/home/hw_learn/ws_ros2/ws01_plumbing/install/cpp03_action/lib'
[3.144s] Level 1:colcon.colcon_core.environment:checking '/home/hw_learn/ws_ros2/ws01_plumbing/install/cpp03_action/bin'
[3.144s] Level 1:colcon.colcon_core.environment:checking '/home/hw_learn/ws_ros2/ws01_plumbing/install/cpp03_action/lib/pkgconfig/cpp03_action.pc'
[3.145s] Level 1:colcon.colcon_core.environment:checking '/home/hw_learn/ws_ros2/ws01_plumbing/install/cpp03_action/lib/python3.8/site-packages'
[3.145s] Level 1:colcon.colcon_core.environment:checking '/home/hw_learn/ws_ros2/ws01_plumbing/install/cpp03_action/bin'
[3.150s] INFO:colcon.colcon_core.shell:Creating package script '/home/hw_learn/ws_ros2/ws01_plumbing/install/cpp03_action/share/cpp03_action/package.ps1'
[3.151s] INFO:colcon.colcon_core.shell:Creating package descriptor '/home/hw_learn/ws_ros2/ws01_plumbing/install/cpp03_action/share/cpp03_action/package.dsv'
[3.151s] INFO:colcon.colcon_core.shell:Creating package script '/home/hw_learn/ws_ros2/ws01_plumbing/install/cpp03_action/share/cpp03_action/package.sh'
[3.152s] INFO:colcon.colcon_core.shell:Creating package script '/home/hw_learn/ws_ros2/ws01_plumbing/install/cpp03_action/share/cpp03_action/package.bash'
[3.152s] INFO:colcon.colcon_core.shell:Creating package script '/home/hw_learn/ws_ros2/ws01_plumbing/install/cpp03_action/share/cpp03_action/package.zsh'
[3.153s] Level 1:colcon.colcon_core.environment:create_file_with_runtime_dependencies(/home/hw_learn/ws_ros2/ws01_plumbing/install/cpp03_action/share/colcon-core/packages/cpp03_action)
[3.184s] Level 1:colcon.colcon_core.environment:create_environment_scripts_only(cpp03_action)
[3.192s] Level 1:colcon.colcon_core.environment:checking '/home/hw_learn/ws_ros2/ws01_plumbing/install/cpp03_action' for CMake module files
[3.192s] Level 1:colcon.colcon_core.environment:checking '/home/hw_learn/ws_ros2/ws01_plumbing/install/cpp03_action' for CMake config files
[3.193s] Level 1:colcon.colcon_core.shell:create_environment_hook('cpp03_action', 'cmake_prefix_path')
[3.198s] INFO:colcon.colcon_core.shell:Creating environment hook '/home/hw_learn/ws_ros2/ws01_plumbing/install/cpp03_action/share/cpp03_action/hook/cmake_prefix_path.ps1'
[3.199s] INFO:colcon.colcon_core.shell:Creating environment descriptor '/home/hw_learn/ws_ros2/ws01_plumbing/install/cpp03_action/share/cpp03_action/hook/cmake_prefix_path.dsv'
[3.199s] INFO:colcon.colcon_core.shell:Creating environment hook '/home/hw_learn/ws_ros2/ws01_plumbing/install/cpp03_action/share/cpp03_action/hook/cmake_prefix_path.sh'
[3.199s] Level 1:colcon.colcon_core.environment:checking '/home/hw_learn/ws_ros2/ws01_plumbing/install/cpp03_action/lib'
[3.200s] Level 1:colcon.colcon_core.environment:checking '/home/hw_learn/ws_ros2/ws01_plumbing/install/cpp03_action/bin'
[3.200s] Level 1:colcon.colcon_core.environment:checking '/home/hw_learn/ws_ros2/ws01_plumbing/install/cpp03_action/lib/pkgconfig/cpp03_action.pc'
[3.200s] Level 1:colcon.colcon_core.environment:checking '/home/hw_learn/ws_ros2/ws01_plumbing/install/cpp03_action/lib/python3.8/site-packages'
[3.200s] Level 1:colcon.colcon_core.environment:checking '/home/hw_learn/ws_ros2/ws01_plumbing/install/cpp03_action/bin'
[3.205s] INFO:colcon.colcon_core.shell:Creating package script '/home/hw_learn/ws_ros2/ws01_plumbing/install/cpp03_action/share/cpp03_action/package.ps1'
[3.206s] INFO:colcon.colcon_core.shell:Creating package descriptor '/home/hw_learn/ws_ros2/ws01_plumbing/install/cpp03_action/share/cpp03_action/package.dsv'
[3.206s] INFO:colcon.colcon_core.shell:Creating package script '/home/hw_learn/ws_ros2/ws01_plumbing/install/cpp03_action/share/cpp03_action/package.sh'
[3.206s] INFO:colcon.colcon_core.shell:Creating package script '/home/hw_learn/ws_ros2/ws01_plumbing/install/cpp03_action/share/cpp03_action/package.bash'
[3.207s] INFO:colcon.colcon_core.shell:Creating package script '/home/hw_learn/ws_ros2/ws01_plumbing/install/cpp03_action/share/cpp03_action/package.zsh'
[3.207s] Level 1:colcon.colcon_core.environment:create_file_with_runtime_dependencies(/home/hw_learn/ws_ros2/ws01_plumbing/install/cpp03_action/share/colcon-core/packages/cpp03_action)
[3.207s] DEBUG:colcon.colcon_parallel_executor.executor.parallel:closing loop
[3.208s] DEBUG:colcon.colcon_parallel_executor.executor.parallel:loop closed
[3.208s] DEBUG:colcon.colcon_parallel_executor.executor.parallel:run_until_complete finished with '0'
[3.208s] DEBUG:colcon.colcon_core.event_reactor:joining thread
[3.218s] INFO:colcon.colcon_core.plugin_system:Skipping extension 'colcon_notification.desktop_notification.notify_send': Could not find 'notify-send'
[3.218s] INFO:colcon.colcon_core.plugin_system:Skipping extension 'colcon_notification.desktop_notification.terminal_notifier': Not used on non-Darwin systems
[3.218s] INFO:colcon.colcon_core.plugin_system:Skipping extension 'colcon_notification.desktop_notification.win32': Not used on non-Windows systems
[3.218s] INFO:colcon.colcon_notification.desktop_notification:Sending desktop notification using 'notify2'
[3.223s] DEBUG:colcon.colcon_notification.desktop_notification.notify2:Failed to initialize notify2: org.freedesktop.DBus.Error.ServiceUnknown: The name org.freedesktop.Notifications was not provided by any .service files
[3.223s] DEBUG:colcon.colcon_core.event_reactor:joined thread
[3.230s] INFO:colcon.colcon_core.shell:Creating prefix script '/home/hw_learn/ws_ros2/ws01_plumbing/install/local_setup.ps1'
[3.231s] INFO:colcon.colcon_core.shell:Creating prefix util module '/home/hw_learn/ws_ros2/ws01_plumbing/install/_local_setup_util_ps1.py'
[3.232s] INFO:colcon.colcon_core.shell:Creating prefix chain script '/home/hw_learn/ws_ros2/ws01_plumbing/install/setup.ps1'
[3.237s] INFO:colcon.colcon_core.shell:Creating prefix script '/home/hw_learn/ws_ros2/ws01_plumbing/install/local_setup.sh'
[3.238s] INFO:colcon.colcon_core.shell:Creating prefix util module '/home/hw_learn/ws_ros2/ws01_plumbing/install/_local_setup_util_sh.py'
[3.238s] INFO:colcon.colcon_core.shell:Creating prefix chain script '/home/hw_learn/ws_ros2/ws01_plumbing/install/setup.sh'
[3.243s] INFO:colcon.colcon_core.shell:Creating prefix script '/home/hw_learn/ws_ros2/ws01_plumbing/install/local_setup.bash'
[3.244s] INFO:colcon.colcon_core.shell:Creating prefix chain script '/home/hw_learn/ws_ros2/ws01_plumbing/install/setup.bash'
[3.249s] INFO:colcon.colcon_core.shell:Creating prefix script '/home/hw_learn/ws_ros2/ws01_plumbing/install/local_setup.zsh'
[3.249s] INFO:colcon.colcon_core.shell:Creating prefix chain script '/home/hw_learn/ws_ros2/ws01_plumbing/install/setup.zsh'
