[0.036s] Invoking command in '/home/hw_learn/ws_ros2/ws01_plumbing/build/cpp02_service': CMAKE_PREFIX_PATH=/home/hw_learn/ws_ros2/ws01_plumbing/install/base_interfaces_demo:/home/hw_learn/ws_ros2/ws01_plumbing/install/cpp02_service:/home/hw_learn/ws_ros2/ws01_plumbing/install/cpp01_topic:/home/hw_learn/dev_ws/install/learning_pkg_c:/home/hw_learn/dev_ws/install/learning_interface:/opt/ros/foxy:/home/hw_learn/ws_ros2/ws01_plumbing/install/py01_topic:/home/hw_learn/dev_ws/install/learning_urdf:/home/hw_learn/dev_ws/install/learning_topic:/home/hw_learn/dev_ws/install/learning_tf:/home/hw_learn/dev_ws/install/learning_service:/home/hw_learn/dev_ws/install/learning_qos:/home/hw_learn/dev_ws/install/learning_pkg_python:/home/hw_learn/dev_ws/install/learning_parameter:/home/hw_learn/dev_ws/install/learning_node:/home/hw_learn/dev_ws/install/learning_launch:/home/hw_learn/dev_ws/install/learning_action:/home/hw_learn/dev_ws/install/learning_gazebo /usr/bin/cmake --build /home/hw_learn/ws_ros2/ws01_plumbing/build/cpp02_service -- -j128 -l128
[0.077s] [35m[1mScanning dependencies of target demo01_server[0m
[0.090s] [ 50%] Built target demo02_client
[0.101s] [ 75%] [32mBuilding CXX object CMakeFiles/demo01_server.dir/src/demo01_server.cpp.o[0m
[1.831s] [100%] [32m[1mLinking CXX executable demo01_server[0m
[1.938s] [100%] Built target demo01_server
[1.948s] Invoked command in '/home/hw_learn/ws_ros2/ws01_plumbing/build/cpp02_service' returned '0': CMAKE_PREFIX_PATH=/home/hw_learn/ws_ros2/ws01_plumbing/install/base_interfaces_demo:/home/hw_learn/ws_ros2/ws01_plumbing/install/cpp02_service:/home/hw_learn/ws_ros2/ws01_plumbing/install/cpp01_topic:/home/hw_learn/dev_ws/install/learning_pkg_c:/home/hw_learn/dev_ws/install/learning_interface:/opt/ros/foxy:/home/hw_learn/ws_ros2/ws01_plumbing/install/py01_topic:/home/hw_learn/dev_ws/install/learning_urdf:/home/hw_learn/dev_ws/install/learning_topic:/home/hw_learn/dev_ws/install/learning_tf:/home/hw_learn/dev_ws/install/learning_service:/home/hw_learn/dev_ws/install/learning_qos:/home/hw_learn/dev_ws/install/learning_pkg_python:/home/hw_learn/dev_ws/install/learning_parameter:/home/hw_learn/dev_ws/install/learning_node:/home/hw_learn/dev_ws/install/learning_launch:/home/hw_learn/dev_ws/install/learning_action:/home/hw_learn/dev_ws/install/learning_gazebo /usr/bin/cmake --build /home/hw_learn/ws_ros2/ws01_plumbing/build/cpp02_service -- -j128 -l128
[1.984s] Invoking command in '/home/hw_learn/ws_ros2/ws01_plumbing/build/cpp02_service': CMAKE_PREFIX_PATH=/home/hw_learn/ws_ros2/ws01_plumbing/install/base_interfaces_demo:/home/hw_learn/ws_ros2/ws01_plumbing/install/cpp02_service:/home/hw_learn/ws_ros2/ws01_plumbing/install/cpp01_topic:/home/hw_learn/dev_ws/install/learning_pkg_c:/home/hw_learn/dev_ws/install/learning_interface:/opt/ros/foxy:/home/hw_learn/ws_ros2/ws01_plumbing/install/py01_topic:/home/hw_learn/dev_ws/install/learning_urdf:/home/hw_learn/dev_ws/install/learning_topic:/home/hw_learn/dev_ws/install/learning_tf:/home/hw_learn/dev_ws/install/learning_service:/home/hw_learn/dev_ws/install/learning_qos:/home/hw_learn/dev_ws/install/learning_pkg_python:/home/hw_learn/dev_ws/install/learning_parameter:/home/hw_learn/dev_ws/install/learning_node:/home/hw_learn/dev_ws/install/learning_launch:/home/hw_learn/dev_ws/install/learning_action:/home/hw_learn/dev_ws/install/learning_gazebo /usr/bin/cmake --install /home/hw_learn/ws_ros2/ws01_plumbing/build/cpp02_service
[1.992s] -- Install configuration: ""
[1.992s] -- Installing: /home/hw_learn/ws_ros2/ws01_plumbing/install/cpp02_service/lib/cpp02_service/demo01_server
[1.992s] -- Set runtime path of "/home/hw_learn/ws_ros2/ws01_plumbing/install/cpp02_service/lib/cpp02_service/demo01_server" to ""
[1.993s] -- Up-to-date: /home/hw_learn/ws_ros2/ws01_plumbing/install/cpp02_service/lib/cpp02_service/demo02_client
[1.993s] -- Up-to-date: /home/hw_learn/ws_ros2/ws01_plumbing/install/cpp02_service/share/ament_index/resource_index/package_run_dependencies/cpp02_service
[1.993s] -- Up-to-date: /home/hw_learn/ws_ros2/ws01_plumbing/install/cpp02_service/share/ament_index/resource_index/parent_prefix_path/cpp02_service
[1.993s] -- Up-to-date: /home/hw_learn/ws_ros2/ws01_plumbing/install/cpp02_service/share/cpp02_service/environment/ament_prefix_path.sh
[1.993s] -- Up-to-date: /home/hw_learn/ws_ros2/ws01_plumbing/install/cpp02_service/share/cpp02_service/environment/ament_prefix_path.dsv
[1.993s] -- Up-to-date: /home/hw_learn/ws_ros2/ws01_plumbing/install/cpp02_service/share/cpp02_service/environment/path.sh
[1.993s] -- Up-to-date: /home/hw_learn/ws_ros2/ws01_plumbing/install/cpp02_service/share/cpp02_service/environment/path.dsv
[1.994s] -- Up-to-date: /home/hw_learn/ws_ros2/ws01_plumbing/install/cpp02_service/share/cpp02_service/local_setup.bash
[1.994s] -- Up-to-date: /home/hw_learn/ws_ros2/ws01_plumbing/install/cpp02_service/share/cpp02_service/local_setup.sh
[1.994s] -- Up-to-date: /home/hw_learn/ws_ros2/ws01_plumbing/install/cpp02_service/share/cpp02_service/local_setup.zsh
[1.994s] -- Up-to-date: /home/hw_learn/ws_ros2/ws01_plumbing/install/cpp02_service/share/cpp02_service/local_setup.dsv
[1.994s] -- Installing: /home/hw_learn/ws_ros2/ws01_plumbing/install/cpp02_service/share/cpp02_service/package.dsv
[1.994s] -- Up-to-date: /home/hw_learn/ws_ros2/ws01_plumbing/install/cpp02_service/share/ament_index/resource_index/packages/cpp02_service
[1.994s] -- Up-to-date: /home/hw_learn/ws_ros2/ws01_plumbing/install/cpp02_service/share/cpp02_service/cmake/cpp02_serviceConfig.cmake
[1.994s] -- Up-to-date: /home/hw_learn/ws_ros2/ws01_plumbing/install/cpp02_service/share/cpp02_service/cmake/cpp02_serviceConfig-version.cmake
[1.994s] -- Up-to-date: /home/hw_learn/ws_ros2/ws01_plumbing/install/cpp02_service/share/cpp02_service/package.xml
[1.997s] Invoked command in '/home/hw_learn/ws_ros2/ws01_plumbing/build/cpp02_service' returned '0': CMAKE_PREFIX_PATH=/home/hw_learn/ws_ros2/ws01_plumbing/install/base_interfaces_demo:/home/hw_learn/ws_ros2/ws01_plumbing/install/cpp02_service:/home/hw_learn/ws_ros2/ws01_plumbing/install/cpp01_topic:/home/hw_learn/dev_ws/install/learning_pkg_c:/home/hw_learn/dev_ws/install/learning_interface:/opt/ros/foxy:/home/hw_learn/ws_ros2/ws01_plumbing/install/py01_topic:/home/hw_learn/dev_ws/install/learning_urdf:/home/hw_learn/dev_ws/install/learning_topic:/home/hw_learn/dev_ws/install/learning_tf:/home/hw_learn/dev_ws/install/learning_service:/home/hw_learn/dev_ws/install/learning_qos:/home/hw_learn/dev_ws/install/learning_pkg_python:/home/hw_learn/dev_ws/install/learning_parameter:/home/hw_learn/dev_ws/install/learning_node:/home/hw_learn/dev_ws/install/learning_launch:/home/hw_learn/dev_ws/install/learning_action:/home/hw_learn/dev_ws/install/learning_gazebo /usr/bin/cmake --install /home/hw_learn/ws_ros2/ws01_plumbing/build/cpp02_service
