-- The C compiler identification is GNU 9.4.0
-- The CXX compiler identification is GNU 9.4.0
-- Check for working C compiler: /usr/bin/cc
-- Check for working C compiler: /usr/bin/cc -- works
-- Detecting C compiler ABI info
-- Detecting C compiler ABI info - done
-- Detecting C compile features
-- Detecting C compile features - done
-- Check for working CXX compiler: /usr/bin/c++
-- Check for working CXX compiler: /usr/bin/c++ -- works
-- Detecting CXX compiler ABI info
-- Detecting CXX compiler ABI info - done
-- Detecting CXX compile features
-- Detecting CXX compile features - done
-- Found ament_cmake: 0.9.9 (/opt/ros/foxy/share/ament_cmake/cmake)
-- Found PythonInterp: /usr/bin/python3 (found suitable version "3.8.10", minimum required is "3") 
-- Using PYTHON_EXECUTABLE: /usr/bin/python3
-- Found rclcpp: 2.4.1 (/opt/ros/foxy/share/rclcpp/cmake)
-- Using all available rosidl_typesupport_c: rosidl_typesupport_fastrtps_c;rosidl_typesupport_introspection_c
-- Found rosidl_adapter: 1.2.1 (/opt/ros/foxy/share/rosidl_adapter/cmake)
-- Found FastRTPS: /opt/ros/foxy/include  
-- Using all available rosidl_typesupport_cpp: rosidl_typesupport_fastrtps_cpp;rosidl_typesupport_introspection_cpp
-- Found rmw_implementation_cmake: 1.0.3 (/opt/ros/foxy/share/rmw_implementation_cmake/cmake)
-- Using RMW implementation 'rmw_fastrtps_cpp' as default
-- Looking for pthread.h
-- Looking for pthread.h - found
-- Performing Test CMAKE_HAVE_LIBC_PTHREAD
-- Performing Test CMAKE_HAVE_LIBC_PTHREAD - Failed
-- Looking for pthread_create in pthreads
-- Looking for pthread_create in pthreads - not found
-- Looking for pthread_create in pthread
-- Looking for pthread_create in pthread - found
-- Found Threads: TRUE  
-- Found ament_lint_auto: 0.9.6 (/opt/ros/foxy/share/ament_lint_auto/cmake)
-- Added test 'copyright' to check source files copyright and LICENSE
-- Added test 'cppcheck' to perform static code analysis on C / C++ code
-- Configured cppcheck include dirs: $<BUILD_INTERFACE:/home/hw_learn/ws_ros2/ws01_plumbing/src/cpp05_names/include>
-- Configured cppcheck exclude dirs and/or files: 
-- Added test 'cpplint' to check C / C++ code against the Google style
-- Configured cpplint exclude dirs and/or files: 
-- Added test 'flake8' to check Python code syntax and style conventions
-- Added test 'lint_cmake' to check CMake code style
-- Added test 'pep257' to check Python code against some of the style conventions in PEP 257
-- Added test 'uncrustify' to check C / C++ code style
-- Configured uncrustify additional arguments: 
-- Added test 'xmllint' to check XML markup files
-- Configuring done
-- Generating done
-- Build files have been written to: /home/hw_learn/ws_ros2/ws01_plumbing/build/cpp05_names
[35m[1mScanning dependencies of target demo01_names[0m
[ 50%] [32mBuilding CXX object CMakeFiles/demo01_names.dir/src/demo01_names.cpp.o[0m
[100%] [32m[1mLinking CXX executable demo01_names[0m
[100%] Built target demo01_names
-- Install configuration: ""
-- Installing: /home/hw_learn/ws_ros2/ws01_plumbing/install/cpp05_names/lib/cpp05_names/demo01_names
-- Set runtime path of "/home/hw_learn/ws_ros2/ws01_plumbing/install/cpp05_names/lib/cpp05_names/demo01_names" to ""
-- Installing: /home/hw_learn/ws_ros2/ws01_plumbing/install/cpp05_names/share/cpp05_names/launch
-- Installing: /home/hw_learn/ws_ros2/ws01_plumbing/install/cpp05_names/share/cpp05_names/launch/demo01_names_launch.py
-- Installing: /home/hw_learn/ws_ros2/ws01_plumbing/install/cpp05_names/share/ament_index/resource_index/package_run_dependencies/cpp05_names
-- Installing: /home/hw_learn/ws_ros2/ws01_plumbing/install/cpp05_names/share/ament_index/resource_index/parent_prefix_path/cpp05_names
-- Installing: /home/hw_learn/ws_ros2/ws01_plumbing/install/cpp05_names/share/cpp05_names/environment/ament_prefix_path.sh
-- Installing: /home/hw_learn/ws_ros2/ws01_plumbing/install/cpp05_names/share/cpp05_names/environment/ament_prefix_path.dsv
-- Installing: /home/hw_learn/ws_ros2/ws01_plumbing/install/cpp05_names/share/cpp05_names/environment/path.sh
-- Installing: /home/hw_learn/ws_ros2/ws01_plumbing/install/cpp05_names/share/cpp05_names/environment/path.dsv
-- Installing: /home/hw_learn/ws_ros2/ws01_plumbing/install/cpp05_names/share/cpp05_names/local_setup.bash
-- Installing: /home/hw_learn/ws_ros2/ws01_plumbing/install/cpp05_names/share/cpp05_names/local_setup.sh
-- Installing: /home/hw_learn/ws_ros2/ws01_plumbing/install/cpp05_names/share/cpp05_names/local_setup.zsh
-- Installing: /home/hw_learn/ws_ros2/ws01_plumbing/install/cpp05_names/share/cpp05_names/local_setup.dsv
-- Installing: /home/hw_learn/ws_ros2/ws01_plumbing/install/cpp05_names/share/cpp05_names/package.dsv
-- Installing: /home/hw_learn/ws_ros2/ws01_plumbing/install/cpp05_names/share/ament_index/resource_index/packages/cpp05_names
-- Installing: /home/hw_learn/ws_ros2/ws01_plumbing/install/cpp05_names/share/cpp05_names/cmake/cpp05_namesConfig.cmake
-- Installing: /home/hw_learn/ws_ros2/ws01_plumbing/install/cpp05_names/share/cpp05_names/cmake/cpp05_namesConfig-version.cmake
-- Installing: /home/hw_learn/ws_ros2/ws01_plumbing/install/cpp05_names/share/cpp05_names/package.xml
