-- The C compiler identification is GNU 9.4.0
-- The CXX compiler identification is GNU 9.4.0
-- Check for working C compiler: /usr/bin/cc
-- Check for working C compiler: /usr/bin/cc -- works
-- Detecting C compiler ABI info
-- Detecting C compiler ABI info - done
-- Detecting C compile features
-- Detecting C compile features - done
-- Check for working CXX compiler: /usr/bin/c++
-- Check for working CXX compiler: /usr/bin/c++ -- works
-- Detecting CXX compiler ABI info
-- Detecting CXX compiler ABI info - done
-- Detecting CXX compile features
-- Detecting CXX compile features - done
-- Found ament_cmake: 0.9.9 (/opt/ros/foxy/share/ament_cmake/cmake)
-- Found PythonInterp: /usr/bin/python3 (found suitable version "3.8.10", minimum required is "3") 
-- Using PYTHON_EXECUTABLE: /usr/bin/python3
-- Found ament_lint_auto: 0.9.6 (/opt/ros/foxy/share/ament_lint_auto/cmake)
-- Added test 'copyright' to check source files copyright and LICENSE
-- Added test 'cppcheck' to perform static code analysis on C / C++ code
-- Configured cppcheck include dirs: $<BUILD_INTERFACE:/home/hw_learn/ws_ros2/ws01_plumbing/src/turtlesim/include>
-- Configured cppcheck exclude dirs and/or files: 
-- Added test 'cpplint' to check C / C++ code against the Google style
-- Configured cpplint exclude dirs and/or files: 
-- Added test 'lint_cmake' to check CMake code style
-- Added test 'uncrustify' to check C / C++ code style
-- Configured uncrustify additional arguments: 
-- Added test 'xmllint' to check XML markup files
-- Configuring done
-- Generating done
-- Build files have been written to: /home/hw_learn/ws_ros2/ws01_plumbing/build/turtlesim
[35m[1mScanning dependencies of target turtlesim_node[0m
[ 50%] [32mBuilding CXX object CMakeFiles/turtlesim_node.dir/src/turtlesim_node.cpp.o[0m
[100%] [32m[1mLinking CXX executable turtlesim_node[0m
[100%] Built target turtlesim_node
-- Install configuration: ""
-- Installing: /home/hw_learn/ws_ros2/ws01_plumbing/install/turtlesim/lib/turtlesim/turtlesim_node
-- Installing: /home/hw_learn/ws_ros2/ws01_plumbing/install/turtlesim/share/ament_index/resource_index/package_run_dependencies/turtlesim
-- Installing: /home/hw_learn/ws_ros2/ws01_plumbing/install/turtlesim/share/ament_index/resource_index/parent_prefix_path/turtlesim
-- Installing: /home/hw_learn/ws_ros2/ws01_plumbing/install/turtlesim/share/turtlesim/environment/ament_prefix_path.sh
-- Installing: /home/hw_learn/ws_ros2/ws01_plumbing/install/turtlesim/share/turtlesim/environment/ament_prefix_path.dsv
-- Installing: /home/hw_learn/ws_ros2/ws01_plumbing/install/turtlesim/share/turtlesim/environment/path.sh
-- Installing: /home/hw_learn/ws_ros2/ws01_plumbing/install/turtlesim/share/turtlesim/environment/path.dsv
-- Installing: /home/hw_learn/ws_ros2/ws01_plumbing/install/turtlesim/share/turtlesim/local_setup.bash
-- Installing: /home/hw_learn/ws_ros2/ws01_plumbing/install/turtlesim/share/turtlesim/local_setup.sh
-- Installing: /home/hw_learn/ws_ros2/ws01_plumbing/install/turtlesim/share/turtlesim/local_setup.zsh
-- Installing: /home/hw_learn/ws_ros2/ws01_plumbing/install/turtlesim/share/turtlesim/local_setup.dsv
-- Installing: /home/hw_learn/ws_ros2/ws01_plumbing/install/turtlesim/share/turtlesim/package.dsv
-- Installing: /home/hw_learn/ws_ros2/ws01_plumbing/install/turtlesim/share/ament_index/resource_index/packages/turtlesim
-- Installing: /home/hw_learn/ws_ros2/ws01_plumbing/install/turtlesim/share/turtlesim/cmake/turtlesimConfig.cmake
-- Installing: /home/hw_learn/ws_ros2/ws01_plumbing/install/turtlesim/share/turtlesim/cmake/turtlesimConfig-version.cmake
-- Installing: /home/hw_learn/ws_ros2/ws01_plumbing/install/turtlesim/share/turtlesim/package.xml
