[0.043s] Invoking command in '/home/hw_learn/ws_ros2/ws02_tools/build/cpp04_tf_listener': CMAKE_PREFIX_PATH=${CMAKE_PREFIX_PATH}:/home/hw_learn/dev_ws/install/learning_urdf:/home/hw_learn/dev_ws/install/learning_topic:/home/hw_learn/dev_ws/install/learning_tf:/home/hw_learn/dev_ws/install/learning_service:/home/hw_learn/dev_ws/install/learning_qos:/home/hw_learn/dev_ws/install/learning_pkg_python:/home/hw_learn/dev_ws/install/learning_parameter:/home/hw_learn/dev_ws/install/learning_node:/home/hw_learn/dev_ws/install/learning_launch:/home/hw_learn/dev_ws/install/learning_action:/home/hw_learn/dev_ws/install/learning_gazebo /usr/bin/cmake --build /home/hw_learn/ws_ros2/ws02_tools/build/cpp04_tf_listener -- -j128 -l128
[0.097s] [100%] Built target demo01_tf_listener
[0.107s] Invoked command in '/home/hw_learn/ws_ros2/ws02_tools/build/cpp04_tf_listener' returned '0': CMAKE_PREFIX_PATH=${CMAKE_PREFIX_PATH}:/home/hw_learn/dev_ws/install/learning_urdf:/home/hw_learn/dev_ws/install/learning_topic:/home/hw_learn/dev_ws/install/learning_tf:/home/hw_learn/dev_ws/install/learning_service:/home/hw_learn/dev_ws/install/learning_qos:/home/hw_learn/dev_ws/install/learning_pkg_python:/home/hw_learn/dev_ws/install/learning_parameter:/home/hw_learn/dev_ws/install/learning_node:/home/hw_learn/dev_ws/install/learning_launch:/home/hw_learn/dev_ws/install/learning_action:/home/hw_learn/dev_ws/install/learning_gazebo /usr/bin/cmake --build /home/hw_learn/ws_ros2/ws02_tools/build/cpp04_tf_listener -- -j128 -l128
[0.141s] Invoking command in '/home/hw_learn/ws_ros2/ws02_tools/build/cpp04_tf_listener': CMAKE_PREFIX_PATH=${CMAKE_PREFIX_PATH}:/home/hw_learn/dev_ws/install/learning_urdf:/home/hw_learn/dev_ws/install/learning_topic:/home/hw_learn/dev_ws/install/learning_tf:/home/hw_learn/dev_ws/install/learning_service:/home/hw_learn/dev_ws/install/learning_qos:/home/hw_learn/dev_ws/install/learning_pkg_python:/home/hw_learn/dev_ws/install/learning_parameter:/home/hw_learn/dev_ws/install/learning_node:/home/hw_learn/dev_ws/install/learning_launch:/home/hw_learn/dev_ws/install/learning_action:/home/hw_learn/dev_ws/install/learning_gazebo /usr/bin/cmake --install /home/hw_learn/ws_ros2/ws02_tools/build/cpp04_tf_listener
[0.149s] -- Install configuration: ""
[0.149s] -- Up-to-date: /home/hw_learn/ws_ros2/ws02_tools/install/cpp04_tf_listener/lib/cpp04_tf_listener/demo01_tf_listener
[0.149s] -- Up-to-date: /home/hw_learn/ws_ros2/ws02_tools/install/cpp04_tf_listener/share/ament_index/resource_index/package_run_dependencies/cpp04_tf_listener
[0.150s] -- Up-to-date: /home/hw_learn/ws_ros2/ws02_tools/install/cpp04_tf_listener/share/ament_index/resource_index/parent_prefix_path/cpp04_tf_listener
[0.150s] -- Up-to-date: /home/hw_learn/ws_ros2/ws02_tools/install/cpp04_tf_listener/share/cpp04_tf_listener/environment/ament_prefix_path.sh
[0.150s] -- Up-to-date: /home/hw_learn/ws_ros2/ws02_tools/install/cpp04_tf_listener/share/cpp04_tf_listener/environment/ament_prefix_path.dsv
[0.150s] -- Up-to-date: /home/hw_learn/ws_ros2/ws02_tools/install/cpp04_tf_listener/share/cpp04_tf_listener/environment/path.sh
[0.150s] -- Up-to-date: /home/hw_learn/ws_ros2/ws02_tools/install/cpp04_tf_listener/share/cpp04_tf_listener/environment/path.dsv
[0.150s] -- Up-to-date: /home/hw_learn/ws_ros2/ws02_tools/install/cpp04_tf_listener/share/cpp04_tf_listener/local_setup.bash
[0.150s] -- Up-to-date: /home/hw_learn/ws_ros2/ws02_tools/install/cpp04_tf_listener/share/cpp04_tf_listener/local_setup.sh
[0.150s] -- Up-to-date: /home/hw_learn/ws_ros2/ws02_tools/install/cpp04_tf_listener/share/cpp04_tf_listener/local_setup.zsh
[0.150s] -- Up-to-date: /home/hw_learn/ws_ros2/ws02_tools/install/cpp04_tf_listener/share/cpp04_tf_listener/local_setup.dsv
[0.150s] -- Installing: /home/hw_learn/ws_ros2/ws02_tools/install/cpp04_tf_listener/share/cpp04_tf_listener/package.dsv
[0.150s] -- Up-to-date: /home/hw_learn/ws_ros2/ws02_tools/install/cpp04_tf_listener/share/ament_index/resource_index/packages/cpp04_tf_listener
[0.150s] -- Up-to-date: /home/hw_learn/ws_ros2/ws02_tools/install/cpp04_tf_listener/share/cpp04_tf_listener/cmake/cpp04_tf_listenerConfig.cmake
[0.151s] -- Up-to-date: /home/hw_learn/ws_ros2/ws02_tools/install/cpp04_tf_listener/share/cpp04_tf_listener/cmake/cpp04_tf_listenerConfig-version.cmake
[0.151s] -- Up-to-date: /home/hw_learn/ws_ros2/ws02_tools/install/cpp04_tf_listener/share/cpp04_tf_listener/package.xml
[0.154s] Invoked command in '/home/hw_learn/ws_ros2/ws02_tools/build/cpp04_tf_listener' returned '0': CMAKE_PREFIX_PATH=${CMAKE_PREFIX_PATH}:/home/hw_learn/dev_ws/install/learning_urdf:/home/hw_learn/dev_ws/install/learning_topic:/home/hw_learn/dev_ws/install/learning_tf:/home/hw_learn/dev_ws/install/learning_service:/home/hw_learn/dev_ws/install/learning_qos:/home/hw_learn/dev_ws/install/learning_pkg_python:/home/hw_learn/dev_ws/install/learning_parameter:/home/hw_learn/dev_ws/install/learning_node:/home/hw_learn/dev_ws/install/learning_launch:/home/hw_learn/dev_ws/install/learning_action:/home/hw_learn/dev_ws/install/learning_gazebo /usr/bin/cmake --install /home/hw_learn/ws_ros2/ws02_tools/build/cpp04_tf_listener
