[0.434s] DEBUG:colcon:Command line arguments: ['/usr/local/bin/colcon', 'list', '-p', '--base-paths', '/home/hw_learn/ws_ros2/ws00_helloworld']
[0.434s] DEBUG:colcon:Parsed command line arguments: Namespace(base_paths=['/home/hw_learn/ws_ros2/ws00_helloworld'], build_base='build', ignore_user_meta=False, log_base=None, log_level=None, main=<bound method ListVerb.main of <colcon_package_information.verb.list.ListVerb object at 0x7fca8f848ca0>>, metas=['./colcon.meta'], names_only=False, packages_above=None, packages_above_and_dependencies=None, packages_above_depth=None, packages_end=None, packages_ignore=None, packages_ignore_regex=None, packages_select=None, packages_select_build_failed=False, packages_select_by_dep=None, packages_select_regex=None, packages_select_test_failures=False, packages_skip=None, packages_skip_build_finished=False, packages_skip_by_dep=None, packages_skip_regex=None, packages_skip_test_passed=False, packages_skip_up_to=None, packages_start=None, packages_up_to=None, packages_up_to_regex=None, paths=None, paths_only=True, topological_graph=False, topological_graph_density=False, topological_graph_dot=False, topological_graph_dot_cluster=False, topological_graph_dot_include_skipped=False, topological_graph_legend=False, topological_order=False, verb_extension=<colcon_package_information.verb.list.ListVerb object at 0x7fca8f848ca0>, verb_name='list', verb_parser=<colcon_defaults.argument_parser.defaults.DefaultArgumentsDecorator object at 0x7fca8f771460>)
[0.471s] Level 1:colcon.colcon_core.package_discovery:discover_packages(colcon_meta) check parameters
[0.471s] Level 1:colcon.colcon_core.package_discovery:discover_packages(recursive) check parameters
[0.471s] Level 1:colcon.colcon_core.package_discovery:discover_packages(ignore) check parameters
[0.471s] Level 1:colcon.colcon_core.package_discovery:discover_packages(path) check parameters
[0.471s] Level 1:colcon.colcon_core.package_discovery:discover_packages(recursive) discover
[0.471s] INFO:colcon.colcon_core.package_discovery:Crawling recursively for packages in '/home/hw_learn/ws_ros2/ws00_helloworld'
[0.472s] Level 1:colcon.colcon_core.package_identification:_identify(/home/hw_learn/ws_ros2/ws00_helloworld) by extensions ['ignore', 'ignore_ament_install']
[0.472s] Level 1:colcon.colcon_core.package_identification:_identify(/home/hw_learn/ws_ros2/ws00_helloworld) by extension 'ignore'
[0.472s] Level 1:colcon.colcon_core.package_identification:_identify(/home/hw_learn/ws_ros2/ws00_helloworld) by extension 'ignore_ament_install'
[0.472s] Level 1:colcon.colcon_core.package_identification:_identify(/home/hw_learn/ws_ros2/ws00_helloworld) by extensions ['colcon_pkg']
[0.472s] Level 1:colcon.colcon_core.package_identification:_identify(/home/hw_learn/ws_ros2/ws00_helloworld) by extension 'colcon_pkg'
[0.472s] Level 1:colcon.colcon_core.package_identification:_identify(/home/hw_learn/ws_ros2/ws00_helloworld) by extensions ['colcon_meta']
[0.472s] Level 1:colcon.colcon_core.package_identification:_identify(/home/hw_learn/ws_ros2/ws00_helloworld) by extension 'colcon_meta'
[0.472s] Level 1:colcon.colcon_core.package_identification:_identify(/home/hw_learn/ws_ros2/ws00_helloworld) by extensions ['ros']
[0.472s] Level 1:colcon.colcon_core.package_identification:_identify(/home/hw_learn/ws_ros2/ws00_helloworld) by extension 'ros'
[0.482s] Level 1:colcon.colcon_core.package_identification:_identify(/home/hw_learn/ws_ros2/ws00_helloworld) by extensions ['cmake', 'python']
[0.483s] Level 1:colcon.colcon_core.package_identification:_identify(/home/hw_learn/ws_ros2/ws00_helloworld) by extension 'cmake'
[0.483s] Level 1:colcon.colcon_core.package_identification:_identify(/home/hw_learn/ws_ros2/ws00_helloworld) by extension 'python'
[0.483s] Level 1:colcon.colcon_core.package_identification:_identify(/home/hw_learn/ws_ros2/ws00_helloworld) by extensions ['python_setup_py']
[0.483s] Level 1:colcon.colcon_core.package_identification:_identify(/home/hw_learn/ws_ros2/ws00_helloworld) by extension 'python_setup_py'
[0.483s] Level 1:colcon.colcon_core.package_identification:_identify(/home/hw_learn/ws_ros2/ws00_helloworld/build) by extensions ['ignore', 'ignore_ament_install']
[0.483s] Level 1:colcon.colcon_core.package_identification:_identify(/home/hw_learn/ws_ros2/ws00_helloworld/build) by extension 'ignore'
[0.483s] Level 1:colcon.colcon_core.package_identification:_identify(/home/hw_learn/ws_ros2/ws00_helloworld/build) ignored
[0.483s] Level 1:colcon.colcon_core.package_identification:_identify(/home/hw_learn/ws_ros2/ws00_helloworld/install) by extensions ['ignore', 'ignore_ament_install']
[0.483s] Level 1:colcon.colcon_core.package_identification:_identify(/home/hw_learn/ws_ros2/ws00_helloworld/install) by extension 'ignore'
[0.483s] Level 1:colcon.colcon_core.package_identification:_identify(/home/hw_learn/ws_ros2/ws00_helloworld/install) ignored
[0.483s] Level 1:colcon.colcon_core.package_identification:_identify(/home/hw_learn/ws_ros2/ws00_helloworld/log) by extensions ['ignore', 'ignore_ament_install']
[0.483s] Level 1:colcon.colcon_core.package_identification:_identify(/home/hw_learn/ws_ros2/ws00_helloworld/log) by extension 'ignore'
[0.483s] Level 1:colcon.colcon_core.package_identification:_identify(/home/hw_learn/ws_ros2/ws00_helloworld/log) ignored
[0.484s] Level 1:colcon.colcon_core.package_identification:_identify(/home/hw_learn/ws_ros2/ws00_helloworld/src) by extensions ['ignore', 'ignore_ament_install']
[0.484s] Level 1:colcon.colcon_core.package_identification:_identify(/home/hw_learn/ws_ros2/ws00_helloworld/src) by extension 'ignore'
[0.484s] Level 1:colcon.colcon_core.package_identification:_identify(/home/hw_learn/ws_ros2/ws00_helloworld/src) by extension 'ignore_ament_install'
[0.484s] Level 1:colcon.colcon_core.package_identification:_identify(/home/hw_learn/ws_ros2/ws00_helloworld/src) by extensions ['colcon_pkg']
[0.484s] Level 1:colcon.colcon_core.package_identification:_identify(/home/hw_learn/ws_ros2/ws00_helloworld/src) by extension 'colcon_pkg'
[0.484s] Level 1:colcon.colcon_core.package_identification:_identify(/home/hw_learn/ws_ros2/ws00_helloworld/src) by extensions ['colcon_meta']
[0.484s] Level 1:colcon.colcon_core.package_identification:_identify(/home/hw_learn/ws_ros2/ws00_helloworld/src) by extension 'colcon_meta'
[0.484s] Level 1:colcon.colcon_core.package_identification:_identify(/home/hw_learn/ws_ros2/ws00_helloworld/src) by extensions ['ros']
[0.484s] Level 1:colcon.colcon_core.package_identification:_identify(/home/hw_learn/ws_ros2/ws00_helloworld/src) by extension 'ros'
[0.484s] Level 1:colcon.colcon_core.package_identification:_identify(/home/hw_learn/ws_ros2/ws00_helloworld/src) by extensions ['cmake', 'python']
[0.484s] Level 1:colcon.colcon_core.package_identification:_identify(/home/hw_learn/ws_ros2/ws00_helloworld/src) by extension 'cmake'
[0.484s] Level 1:colcon.colcon_core.package_identification:_identify(/home/hw_learn/ws_ros2/ws00_helloworld/src) by extension 'python'
[0.484s] Level 1:colcon.colcon_core.package_identification:_identify(/home/hw_learn/ws_ros2/ws00_helloworld/src) by extensions ['python_setup_py']
[0.484s] Level 1:colcon.colcon_core.package_identification:_identify(/home/hw_learn/ws_ros2/ws00_helloworld/src) by extension 'python_setup_py'
[0.484s] Level 1:colcon.colcon_core.package_identification:_identify(/home/hw_learn/ws_ros2/ws00_helloworld/src/turtlesim) by extensions ['ignore', 'ignore_ament_install']
[0.484s] Level 1:colcon.colcon_core.package_identification:_identify(/home/hw_learn/ws_ros2/ws00_helloworld/src/turtlesim) by extension 'ignore'
[0.484s] Level 1:colcon.colcon_core.package_identification:_identify(/home/hw_learn/ws_ros2/ws00_helloworld/src/turtlesim) by extension 'ignore_ament_install'
[0.484s] Level 1:colcon.colcon_core.package_identification:_identify(/home/hw_learn/ws_ros2/ws00_helloworld/src/turtlesim) by extensions ['colcon_pkg']
[0.484s] Level 1:colcon.colcon_core.package_identification:_identify(/home/hw_learn/ws_ros2/ws00_helloworld/src/turtlesim) by extension 'colcon_pkg'
[0.484s] Level 1:colcon.colcon_core.package_identification:_identify(/home/hw_learn/ws_ros2/ws00_helloworld/src/turtlesim) by extensions ['colcon_meta']
[0.485s] Level 1:colcon.colcon_core.package_identification:_identify(/home/hw_learn/ws_ros2/ws00_helloworld/src/turtlesim) by extension 'colcon_meta'
[0.485s] Level 1:colcon.colcon_core.package_identification:_identify(/home/hw_learn/ws_ros2/ws00_helloworld/src/turtlesim) by extensions ['ros']
[0.485s] Level 1:colcon.colcon_core.package_identification:_identify(/home/hw_learn/ws_ros2/ws00_helloworld/src/turtlesim) by extension 'ros'
[0.487s] DEBUG:colcon.colcon_core.package_identification:Package '/home/hw_learn/ws_ros2/ws00_helloworld/src/turtlesim' with type 'ros.ament_cmake' and name 'turtlesim'
[0.487s] Level 1:colcon.colcon_core.package_discovery:discover_packages(recursive) using defaults
