[0.440s] DEBUG:colcon:Command line arguments: ['/usr/local/bin/colcon', 'build', '--packages-select', 'cpp01_topic']
[0.440s] DEBUG:colcon:Parsed command line arguments: Namespace(ament_cmake_args=None, base_paths=['.'], build_base='build', catkin_cmake_args=None, catkin_skip_building_tests=False, cmake_args=None, cmake_clean_cache=False, cmake_clean_first=False, cmake_force_configure=False, cmake_target=None, cmake_target_skip_unavailable=False, continue_on_error=False, event_handlers=None, executor='parallel', ignore_user_meta=False, install_base='install', log_base=None, log_level=None, main=<bound method BuildVerb.main of <colcon_core.verb.build.BuildVerb object at 0x7efc2d78fd30>>, merge_install=False, metas=['./colcon.meta'], packages_above=None, packages_above_and_dependencies=None, packages_above_depth=None, packages_end=None, packages_ignore=None, packages_ignore_regex=None, packages_select=['cpp01_topic'], packages_select_build_failed=False, packages_select_by_dep=None, packages_select_regex=None, packages_select_test_failures=False, packages_skip=None, packages_skip_build_finished=False, packages_skip_by_dep=None, packages_skip_regex=None, packages_skip_test_passed=False, packages_skip_up_to=None, packages_start=None, packages_up_to=None, packages_up_to_regex=None, parallel_workers=128, paths=None, symlink_install=False, test_result_base=None, verb_extension=<colcon_core.verb.build.BuildVerb object at 0x7efc2d78fd30>, verb_name='build', verb_parser=<colcon_defaults.argument_parser.defaults.DefaultArgumentsDecorator object at 0x7efc2d70f2e0>)
[0.471s] Level 1:colcon.colcon_core.package_discovery:discover_packages(colcon_meta) check parameters
[0.471s] Level 1:colcon.colcon_core.package_discovery:discover_packages(recursive) check parameters
[0.471s] Level 1:colcon.colcon_core.package_discovery:discover_packages(ignore) check parameters
[0.471s] Level 1:colcon.colcon_core.package_discovery:discover_packages(path) check parameters
[0.471s] Level 1:colcon.colcon_core.package_discovery:discover_packages(colcon_meta) discover
[0.471s] Level 1:colcon.colcon_core.package_discovery:discover_packages(recursive) discover
[0.472s] INFO:colcon.colcon_core.package_discovery:Crawling recursively for packages in '/home/hw_learn/ws_ros2/ws01_plumbing'
[0.472s] Level 1:colcon.colcon_core.package_identification:_identify(.) by extensions ['ignore', 'ignore_ament_install']
[0.472s] Level 1:colcon.colcon_core.package_identification:_identify(.) by extension 'ignore'
[0.472s] Level 1:colcon.colcon_core.package_identification:_identify(.) by extension 'ignore_ament_install'
[0.472s] Level 1:colcon.colcon_core.package_identification:_identify(.) by extensions ['colcon_pkg']
[0.472s] Level 1:colcon.colcon_core.package_identification:_identify(.) by extension 'colcon_pkg'
[0.472s] Level 1:colcon.colcon_core.package_identification:_identify(.) by extensions ['colcon_meta']
[0.472s] Level 1:colcon.colcon_core.package_identification:_identify(.) by extension 'colcon_meta'
[0.472s] Level 1:colcon.colcon_core.package_identification:_identify(.) by extensions ['ros']
[0.472s] Level 1:colcon.colcon_core.package_identification:_identify(.) by extension 'ros'
[0.483s] Level 1:colcon.colcon_core.package_identification:_identify(.) by extensions ['cmake', 'python']
[0.483s] Level 1:colcon.colcon_core.package_identification:_identify(.) by extension 'cmake'
[0.483s] Level 1:colcon.colcon_core.package_identification:_identify(.) by extension 'python'
[0.483s] Level 1:colcon.colcon_core.package_identification:_identify(.) by extensions ['python_setup_py']
[0.483s] Level 1:colcon.colcon_core.package_identification:_identify(.) by extension 'python_setup_py'
[0.483s] Level 1:colcon.colcon_core.package_identification:_identify(build) by extensions ['ignore', 'ignore_ament_install']
[0.483s] Level 1:colcon.colcon_core.package_identification:_identify(build) by extension 'ignore'
[0.484s] Level 1:colcon.colcon_core.package_identification:_identify(build) ignored
[0.484s] Level 1:colcon.colcon_core.package_identification:_identify(install) by extensions ['ignore', 'ignore_ament_install']
[0.484s] Level 1:colcon.colcon_core.package_identification:_identify(install) by extension 'ignore'
[0.484s] Level 1:colcon.colcon_core.package_identification:_identify(install) ignored
[0.484s] Level 1:colcon.colcon_core.package_identification:_identify(log) by extensions ['ignore', 'ignore_ament_install']
[0.484s] Level 1:colcon.colcon_core.package_identification:_identify(log) by extension 'ignore'
[0.484s] Level 1:colcon.colcon_core.package_identification:_identify(log) ignored
[0.484s] Level 1:colcon.colcon_core.package_identification:_identify(src) by extensions ['ignore', 'ignore_ament_install']
[0.484s] Level 1:colcon.colcon_core.package_identification:_identify(src) by extension 'ignore'
[0.484s] Level 1:colcon.colcon_core.package_identification:_identify(src) by extension 'ignore_ament_install'
[0.484s] Level 1:colcon.colcon_core.package_identification:_identify(src) by extensions ['colcon_pkg']
[0.484s] Level 1:colcon.colcon_core.package_identification:_identify(src) by extension 'colcon_pkg'
[0.484s] Level 1:colcon.colcon_core.package_identification:_identify(src) by extensions ['colcon_meta']
[0.484s] Level 1:colcon.colcon_core.package_identification:_identify(src) by extension 'colcon_meta'
[0.484s] Level 1:colcon.colcon_core.package_identification:_identify(src) by extensions ['ros']
[0.484s] Level 1:colcon.colcon_core.package_identification:_identify(src) by extension 'ros'
[0.484s] Level 1:colcon.colcon_core.package_identification:_identify(src) by extensions ['cmake', 'python']
[0.484s] Level 1:colcon.colcon_core.package_identification:_identify(src) by extension 'cmake'
[0.485s] Level 1:colcon.colcon_core.package_identification:_identify(src) by extension 'python'
[0.485s] Level 1:colcon.colcon_core.package_identification:_identify(src) by extensions ['python_setup_py']
[0.485s] Level 1:colcon.colcon_core.package_identification:_identify(src) by extension 'python_setup_py'
[0.485s] Level 1:colcon.colcon_core.package_identification:_identify(src/base_interfaces_demo) by extensions ['ignore', 'ignore_ament_install']
[0.485s] Level 1:colcon.colcon_core.package_identification:_identify(src/base_interfaces_demo) by extension 'ignore'
[0.485s] Level 1:colcon.colcon_core.package_identification:_identify(src/base_interfaces_demo) by extension 'ignore_ament_install'
[0.485s] Level 1:colcon.colcon_core.package_identification:_identify(src/base_interfaces_demo) by extensions ['colcon_pkg']
[0.485s] Level 1:colcon.colcon_core.package_identification:_identify(src/base_interfaces_demo) by extension 'colcon_pkg'
[0.485s] Level 1:colcon.colcon_core.package_identification:_identify(src/base_interfaces_demo) by extensions ['colcon_meta']
[0.485s] Level 1:colcon.colcon_core.package_identification:_identify(src/base_interfaces_demo) by extension 'colcon_meta'
[0.485s] Level 1:colcon.colcon_core.package_identification:_identify(src/base_interfaces_demo) by extensions ['ros']
[0.485s] Level 1:colcon.colcon_core.package_identification:_identify(src/base_interfaces_demo) by extension 'ros'
[0.487s] DEBUG:colcon.colcon_core.package_identification:Package 'src/base_interfaces_demo' with type 'ros.ament_cmake' and name 'base_interfaces_demo'
[0.487s] Level 1:colcon.colcon_core.package_identification:_identify(src/cpp01_topic) by extensions ['ignore', 'ignore_ament_install']
[0.487s] Level 1:colcon.colcon_core.package_identification:_identify(src/cpp01_topic) by extension 'ignore'
[0.487s] Level 1:colcon.colcon_core.package_identification:_identify(src/cpp01_topic) by extension 'ignore_ament_install'
[0.487s] Level 1:colcon.colcon_core.package_identification:_identify(src/cpp01_topic) by extensions ['colcon_pkg']
[0.487s] Level 1:colcon.colcon_core.package_identification:_identify(src/cpp01_topic) by extension 'colcon_pkg'
[0.487s] Level 1:colcon.colcon_core.package_identification:_identify(src/cpp01_topic) by extensions ['colcon_meta']
[0.487s] Level 1:colcon.colcon_core.package_identification:_identify(src/cpp01_topic) by extension 'colcon_meta'
[0.488s] Level 1:colcon.colcon_core.package_identification:_identify(src/cpp01_topic) by extensions ['ros']
[0.488s] Level 1:colcon.colcon_core.package_identification:_identify(src/cpp01_topic) by extension 'ros'
[0.488s] DEBUG:colcon.colcon_core.package_identification:Package 'src/cpp01_topic' with type 'ros.ament_cmake' and name 'cpp01_topic'
[0.488s] Level 1:colcon.colcon_core.package_identification:_identify(src/py01_topic) by extensions ['ignore', 'ignore_ament_install']
[0.489s] Level 1:colcon.colcon_core.package_identification:_identify(src/py01_topic) by extension 'ignore'
[0.489s] Level 1:colcon.colcon_core.package_identification:_identify(src/py01_topic) by extension 'ignore_ament_install'
[0.489s] Level 1:colcon.colcon_core.package_identification:_identify(src/py01_topic) by extensions ['colcon_pkg']
[0.489s] Level 1:colcon.colcon_core.package_identification:_identify(src/py01_topic) by extension 'colcon_pkg'
[0.489s] Level 1:colcon.colcon_core.package_identification:_identify(src/py01_topic) by extensions ['colcon_meta']
[0.489s] Level 1:colcon.colcon_core.package_identification:_identify(src/py01_topic) by extension 'colcon_meta'
[0.489s] Level 1:colcon.colcon_core.package_identification:_identify(src/py01_topic) by extensions ['ros']
[0.489s] Level 1:colcon.colcon_core.package_identification:_identify(src/py01_topic) by extension 'ros'
[0.489s] DEBUG:colcon.colcon_core.package_identification:Package 'src/py01_topic' with type 'ros.ament_python' and name 'py01_topic'
[0.489s] Level 1:colcon.colcon_core.package_discovery:discover_packages(recursive) using defaults
[0.489s] Level 1:colcon.colcon_core.package_discovery:discover_packages(ignore) discover
[0.489s] Level 1:colcon.colcon_core.package_discovery:discover_packages(ignore) using defaults
[0.490s] Level 1:colcon.colcon_core.package_discovery:discover_packages(path) discover
[0.490s] Level 1:colcon.colcon_core.package_discovery:discover_packages(path) using defaults
[0.520s] INFO:colcon.colcon_core.package_selection:Skipping not selected package 'base_interfaces_demo' in 'src/base_interfaces_demo'
[0.520s] INFO:colcon.colcon_core.package_selection:Skipping not selected package 'py01_topic' in 'src/py01_topic'
[0.527s] Level 5:colcon.colcon_core.verb:set package 'cpp01_topic' build argument 'cmake_args' from command line to 'None'
[0.527s] Level 5:colcon.colcon_core.verb:set package 'cpp01_topic' build argument 'cmake_target' from command line to 'None'
[0.527s] Level 5:colcon.colcon_core.verb:set package 'cpp01_topic' build argument 'cmake_target_skip_unavailable' from command line to 'False'
[0.527s] Level 5:colcon.colcon_core.verb:set package 'cpp01_topic' build argument 'cmake_clean_cache' from command line to 'False'
[0.527s] Level 5:colcon.colcon_core.verb:set package 'cpp01_topic' build argument 'cmake_clean_first' from command line to 'False'
[0.527s] Level 5:colcon.colcon_core.verb:set package 'cpp01_topic' build argument 'cmake_force_configure' from command line to 'False'
[0.527s] Level 5:colcon.colcon_core.verb:set package 'cpp01_topic' build argument 'ament_cmake_args' from command line to 'None'
[0.527s] Level 5:colcon.colcon_core.verb:set package 'cpp01_topic' build argument 'catkin_cmake_args' from command line to 'None'
[0.527s] Level 5:colcon.colcon_core.verb:set package 'cpp01_topic' build argument 'catkin_skip_building_tests' from command line to 'False'
[0.527s] DEBUG:colcon.colcon_core.verb:Building package 'cpp01_topic' with the following arguments: {'ament_cmake_args': None, 'build_base': '/home/hw_learn/ws_ros2/ws01_plumbing/build/cpp01_topic', 'catkin_cmake_args': None, 'catkin_skip_building_tests': False, 'cmake_args': None, 'cmake_clean_cache': False, 'cmake_clean_first': False, 'cmake_force_configure': False, 'cmake_target': None, 'cmake_target_skip_unavailable': False, 'install_base': '/home/hw_learn/ws_ros2/ws01_plumbing/install/cpp01_topic', 'merge_install': False, 'path': '/home/hw_learn/ws_ros2/ws01_plumbing/src/cpp01_topic', 'symlink_install': False, 'test_result_base': None}
[0.529s] INFO:colcon.colcon_core.executor:Executing jobs using 'parallel' executor
[0.541s] DEBUG:colcon.colcon_parallel_executor.executor.parallel:run_until_complete
[0.541s] INFO:colcon.colcon_ros.task.ament_cmake.build:Building ROS package in '/home/hw_learn/ws_ros2/ws01_plumbing/src/cpp01_topic' with build type 'ament_cmake'
[0.541s] INFO:colcon.colcon_cmake.task.cmake.build:Building CMake package in '/home/hw_learn/ws_ros2/ws01_plumbing/src/cpp01_topic'
[0.550s] INFO:colcon.colcon_core.plugin_system:Skipping extension 'colcon_core.shell.bat': Not used on non-Windows systems
[0.550s] INFO:colcon.colcon_core.shell:Skip shell extension 'powershell' for command environment: Not usable outside of PowerShell
[0.550s] DEBUG:colcon.colcon_core.shell:Skip shell extension 'dsv' for command environment
[0.580s] DEBUG:colcon.colcon_core.event_handler.log_command:Invoking command in '/home/hw_learn/ws_ros2/ws01_plumbing/build/cpp01_topic': CMAKE_PREFIX_PATH=/home/hw_learn/ws_ros2/ws01_plumbing/install/base_interfaces_demo:/home/hw_learn/ws_ros2/ws01_plumbing/install/cpp01_topic:/home/hw_learn/dev_ws/install/learning_pkg_c:/home/hw_learn/dev_ws/install/learning_interface:/opt/ros/foxy:/home/hw_learn/ws_ros2/ws01_plumbing/install/py01_topic:/home/hw_learn/dev_ws/install/learning_urdf:/home/hw_learn/dev_ws/install/learning_topic:/home/hw_learn/dev_ws/install/learning_tf:/home/hw_learn/dev_ws/install/learning_service:/home/hw_learn/dev_ws/install/learning_qos:/home/hw_learn/dev_ws/install/learning_pkg_python:/home/hw_learn/dev_ws/install/learning_parameter:/home/hw_learn/dev_ws/install/learning_node:/home/hw_learn/dev_ws/install/learning_launch:/home/hw_learn/dev_ws/install/learning_action:/home/hw_learn/dev_ws/install/learning_gazebo /usr/bin/cmake --build /home/hw_learn/ws_ros2/ws01_plumbing/build/cpp01_topic -- -j128 -l128
[4.751s] DEBUG:colcon.colcon_core.event_handler.log_command:Invoked command in '/home/hw_learn/ws_ros2/ws01_plumbing/build/cpp01_topic' returned '0': CMAKE_PREFIX_PATH=/home/hw_learn/ws_ros2/ws01_plumbing/install/base_interfaces_demo:/home/hw_learn/ws_ros2/ws01_plumbing/install/cpp01_topic:/home/hw_learn/dev_ws/install/learning_pkg_c:/home/hw_learn/dev_ws/install/learning_interface:/opt/ros/foxy:/home/hw_learn/ws_ros2/ws01_plumbing/install/py01_topic:/home/hw_learn/dev_ws/install/learning_urdf:/home/hw_learn/dev_ws/install/learning_topic:/home/hw_learn/dev_ws/install/learning_tf:/home/hw_learn/dev_ws/install/learning_service:/home/hw_learn/dev_ws/install/learning_qos:/home/hw_learn/dev_ws/install/learning_pkg_python:/home/hw_learn/dev_ws/install/learning_parameter:/home/hw_learn/dev_ws/install/learning_node:/home/hw_learn/dev_ws/install/learning_launch:/home/hw_learn/dev_ws/install/learning_action:/home/hw_learn/dev_ws/install/learning_gazebo /usr/bin/cmake --build /home/hw_learn/ws_ros2/ws01_plumbing/build/cpp01_topic -- -j128 -l128
[4.788s] DEBUG:colcon.colcon_core.event_handler.log_command:Invoking command in '/home/hw_learn/ws_ros2/ws01_plumbing/build/cpp01_topic': CMAKE_PREFIX_PATH=/home/hw_learn/ws_ros2/ws01_plumbing/install/base_interfaces_demo:/home/hw_learn/ws_ros2/ws01_plumbing/install/cpp01_topic:/home/hw_learn/dev_ws/install/learning_pkg_c:/home/hw_learn/dev_ws/install/learning_interface:/opt/ros/foxy:/home/hw_learn/ws_ros2/ws01_plumbing/install/py01_topic:/home/hw_learn/dev_ws/install/learning_urdf:/home/hw_learn/dev_ws/install/learning_topic:/home/hw_learn/dev_ws/install/learning_tf:/home/hw_learn/dev_ws/install/learning_service:/home/hw_learn/dev_ws/install/learning_qos:/home/hw_learn/dev_ws/install/learning_pkg_python:/home/hw_learn/dev_ws/install/learning_parameter:/home/hw_learn/dev_ws/install/learning_node:/home/hw_learn/dev_ws/install/learning_launch:/home/hw_learn/dev_ws/install/learning_action:/home/hw_learn/dev_ws/install/learning_gazebo /usr/bin/cmake --install /home/hw_learn/ws_ros2/ws01_plumbing/build/cpp01_topic
[4.799s] Level 1:colcon.colcon_core.environment:create_environment_scripts_only(cpp01_topic)
[4.801s] DEBUG:colcon.colcon_core.event_handler.log_command:Invoked command in '/home/hw_learn/ws_ros2/ws01_plumbing/build/cpp01_topic' returned '0': CMAKE_PREFIX_PATH=/home/hw_learn/ws_ros2/ws01_plumbing/install/base_interfaces_demo:/home/hw_learn/ws_ros2/ws01_plumbing/install/cpp01_topic:/home/hw_learn/dev_ws/install/learning_pkg_c:/home/hw_learn/dev_ws/install/learning_interface:/opt/ros/foxy:/home/hw_learn/ws_ros2/ws01_plumbing/install/py01_topic:/home/hw_learn/dev_ws/install/learning_urdf:/home/hw_learn/dev_ws/install/learning_topic:/home/hw_learn/dev_ws/install/learning_tf:/home/hw_learn/dev_ws/install/learning_service:/home/hw_learn/dev_ws/install/learning_qos:/home/hw_learn/dev_ws/install/learning_pkg_python:/home/hw_learn/dev_ws/install/learning_parameter:/home/hw_learn/dev_ws/install/learning_node:/home/hw_learn/dev_ws/install/learning_launch:/home/hw_learn/dev_ws/install/learning_action:/home/hw_learn/dev_ws/install/learning_gazebo /usr/bin/cmake --install /home/hw_learn/ws_ros2/ws01_plumbing/build/cpp01_topic
[4.809s] Level 1:colcon.colcon_core.environment:checking '/home/hw_learn/ws_ros2/ws01_plumbing/install/cpp01_topic' for CMake module files
[4.809s] Level 1:colcon.colcon_core.environment:checking '/home/hw_learn/ws_ros2/ws01_plumbing/install/cpp01_topic' for CMake config files
[4.810s] Level 1:colcon.colcon_core.shell:create_environment_hook('cpp01_topic', 'cmake_prefix_path')
[4.815s] INFO:colcon.colcon_core.shell:Creating environment hook '/home/hw_learn/ws_ros2/ws01_plumbing/install/cpp01_topic/share/cpp01_topic/hook/cmake_prefix_path.ps1'
[4.815s] INFO:colcon.colcon_core.shell:Creating environment descriptor '/home/hw_learn/ws_ros2/ws01_plumbing/install/cpp01_topic/share/cpp01_topic/hook/cmake_prefix_path.dsv'
[4.816s] INFO:colcon.colcon_core.shell:Creating environment hook '/home/hw_learn/ws_ros2/ws01_plumbing/install/cpp01_topic/share/cpp01_topic/hook/cmake_prefix_path.sh'
[4.817s] Level 1:colcon.colcon_core.environment:checking '/home/hw_learn/ws_ros2/ws01_plumbing/install/cpp01_topic/lib'
[4.817s] Level 1:colcon.colcon_core.environment:checking '/home/hw_learn/ws_ros2/ws01_plumbing/install/cpp01_topic/bin'
[4.817s] Level 1:colcon.colcon_core.environment:checking '/home/hw_learn/ws_ros2/ws01_plumbing/install/cpp01_topic/lib/pkgconfig/cpp01_topic.pc'
[4.818s] Level 1:colcon.colcon_core.environment:checking '/home/hw_learn/ws_ros2/ws01_plumbing/install/cpp01_topic/lib/python3.8/site-packages'
[4.818s] Level 1:colcon.colcon_core.environment:checking '/home/hw_learn/ws_ros2/ws01_plumbing/install/cpp01_topic/bin'
[4.823s] INFO:colcon.colcon_core.shell:Creating package script '/home/hw_learn/ws_ros2/ws01_plumbing/install/cpp01_topic/share/cpp01_topic/package.ps1'
[4.824s] INFO:colcon.colcon_core.shell:Creating package descriptor '/home/hw_learn/ws_ros2/ws01_plumbing/install/cpp01_topic/share/cpp01_topic/package.dsv'
[4.825s] INFO:colcon.colcon_core.shell:Creating package script '/home/hw_learn/ws_ros2/ws01_plumbing/install/cpp01_topic/share/cpp01_topic/package.sh'
[4.825s] INFO:colcon.colcon_core.shell:Creating package script '/home/hw_learn/ws_ros2/ws01_plumbing/install/cpp01_topic/share/cpp01_topic/package.bash'
[4.826s] INFO:colcon.colcon_core.shell:Creating package script '/home/hw_learn/ws_ros2/ws01_plumbing/install/cpp01_topic/share/cpp01_topic/package.zsh'
[4.827s] Level 1:colcon.colcon_core.environment:create_file_with_runtime_dependencies(/home/hw_learn/ws_ros2/ws01_plumbing/install/cpp01_topic/share/colcon-core/packages/cpp01_topic)
[4.858s] Level 1:colcon.colcon_core.environment:create_environment_scripts_only(cpp01_topic)
[4.865s] Level 1:colcon.colcon_core.environment:checking '/home/hw_learn/ws_ros2/ws01_plumbing/install/cpp01_topic' for CMake module files
[4.865s] Level 1:colcon.colcon_core.environment:checking '/home/hw_learn/ws_ros2/ws01_plumbing/install/cpp01_topic' for CMake config files
[4.865s] Level 1:colcon.colcon_core.shell:create_environment_hook('cpp01_topic', 'cmake_prefix_path')
[4.871s] INFO:colcon.colcon_core.shell:Creating environment hook '/home/hw_learn/ws_ros2/ws01_plumbing/install/cpp01_topic/share/cpp01_topic/hook/cmake_prefix_path.ps1'
[4.872s] INFO:colcon.colcon_core.shell:Creating environment descriptor '/home/hw_learn/ws_ros2/ws01_plumbing/install/cpp01_topic/share/cpp01_topic/hook/cmake_prefix_path.dsv'
[4.872s] INFO:colcon.colcon_core.shell:Creating environment hook '/home/hw_learn/ws_ros2/ws01_plumbing/install/cpp01_topic/share/cpp01_topic/hook/cmake_prefix_path.sh'
[4.873s] Level 1:colcon.colcon_core.environment:checking '/home/hw_learn/ws_ros2/ws01_plumbing/install/cpp01_topic/lib'
[4.873s] Level 1:colcon.colcon_core.environment:checking '/home/hw_learn/ws_ros2/ws01_plumbing/install/cpp01_topic/bin'
[4.873s] Level 1:colcon.colcon_core.environment:checking '/home/hw_learn/ws_ros2/ws01_plumbing/install/cpp01_topic/lib/pkgconfig/cpp01_topic.pc'
[4.873s] Level 1:colcon.colcon_core.environment:checking '/home/hw_learn/ws_ros2/ws01_plumbing/install/cpp01_topic/lib/python3.8/site-packages'
[4.873s] Level 1:colcon.colcon_core.environment:checking '/home/hw_learn/ws_ros2/ws01_plumbing/install/cpp01_topic/bin'
[4.879s] INFO:colcon.colcon_core.shell:Creating package script '/home/hw_learn/ws_ros2/ws01_plumbing/install/cpp01_topic/share/cpp01_topic/package.ps1'
[4.879s] INFO:colcon.colcon_core.shell:Creating package descriptor '/home/hw_learn/ws_ros2/ws01_plumbing/install/cpp01_topic/share/cpp01_topic/package.dsv'
[4.880s] INFO:colcon.colcon_core.shell:Creating package script '/home/hw_learn/ws_ros2/ws01_plumbing/install/cpp01_topic/share/cpp01_topic/package.sh'
[4.880s] INFO:colcon.colcon_core.shell:Creating package script '/home/hw_learn/ws_ros2/ws01_plumbing/install/cpp01_topic/share/cpp01_topic/package.bash'
[4.881s] INFO:colcon.colcon_core.shell:Creating package script '/home/hw_learn/ws_ros2/ws01_plumbing/install/cpp01_topic/share/cpp01_topic/package.zsh'
[4.881s] Level 1:colcon.colcon_core.environment:create_file_with_runtime_dependencies(/home/hw_learn/ws_ros2/ws01_plumbing/install/cpp01_topic/share/colcon-core/packages/cpp01_topic)
[4.881s] DEBUG:colcon.colcon_parallel_executor.executor.parallel:closing loop
[4.882s] DEBUG:colcon.colcon_parallel_executor.executor.parallel:loop closed
[4.882s] DEBUG:colcon.colcon_parallel_executor.executor.parallel:run_until_complete finished with '0'
[4.882s] DEBUG:colcon.colcon_core.event_reactor:joining thread
[4.892s] INFO:colcon.colcon_core.plugin_system:Skipping extension 'colcon_notification.desktop_notification.notify_send': Could not find 'notify-send'
[4.892s] INFO:colcon.colcon_core.plugin_system:Skipping extension 'colcon_notification.desktop_notification.terminal_notifier': Not used on non-Darwin systems
[4.892s] INFO:colcon.colcon_core.plugin_system:Skipping extension 'colcon_notification.desktop_notification.win32': Not used on non-Windows systems
[4.892s] INFO:colcon.colcon_notification.desktop_notification:Sending desktop notification using 'notify2'
[4.897s] DEBUG:colcon.colcon_notification.desktop_notification.notify2:Failed to initialize notify2: org.freedesktop.DBus.Error.ServiceUnknown: The name org.freedesktop.Notifications was not provided by any .service files
[4.897s] DEBUG:colcon.colcon_core.event_reactor:joined thread
[4.903s] INFO:colcon.colcon_core.shell:Creating prefix script '/home/hw_learn/ws_ros2/ws01_plumbing/install/local_setup.ps1'
[4.905s] INFO:colcon.colcon_core.shell:Creating prefix util module '/home/hw_learn/ws_ros2/ws01_plumbing/install/_local_setup_util_ps1.py'
[4.906s] INFO:colcon.colcon_core.shell:Creating prefix chain script '/home/hw_learn/ws_ros2/ws01_plumbing/install/setup.ps1'
[4.911s] INFO:colcon.colcon_core.shell:Creating prefix script '/home/hw_learn/ws_ros2/ws01_plumbing/install/local_setup.sh'
[4.912s] INFO:colcon.colcon_core.shell:Creating prefix util module '/home/hw_learn/ws_ros2/ws01_plumbing/install/_local_setup_util_sh.py'
[4.912s] INFO:colcon.colcon_core.shell:Creating prefix chain script '/home/hw_learn/ws_ros2/ws01_plumbing/install/setup.sh'
[4.917s] INFO:colcon.colcon_core.shell:Creating prefix script '/home/hw_learn/ws_ros2/ws01_plumbing/install/local_setup.bash'
[4.917s] INFO:colcon.colcon_core.shell:Creating prefix chain script '/home/hw_learn/ws_ros2/ws01_plumbing/install/setup.bash'
[4.922s] INFO:colcon.colcon_core.shell:Creating prefix script '/home/hw_learn/ws_ros2/ws01_plumbing/install/local_setup.zsh'
[4.923s] INFO:colcon.colcon_core.shell:Creating prefix chain script '/home/hw_learn/ws_ros2/ws01_plumbing/install/setup.zsh'
