[0.036s] Invoking command in '/home/hw_learn/ws_ros2/ws01_plumbing/build/cpp03_action': CMAKE_PREFIX_PATH=/home/hw_learn/ws_ros2/ws01_plumbing/install/base_interfaces_demo:/home/hw_learn/ws_ros2/ws01_plumbing/install/cpp02_service:/home/hw_learn/ws_ros2/ws01_plumbing/install/cpp01_topic:/home/hw_learn/dev_ws/install/learning_pkg_c:/home/hw_learn/dev_ws/install/learning_interface:/opt/ros/foxy:/home/hw_learn/ws_ros2/ws01_plumbing/install/py01_topic:/home/hw_learn/dev_ws/install/learning_urdf:/home/hw_learn/dev_ws/install/learning_topic:/home/hw_learn/dev_ws/install/learning_tf:/home/hw_learn/dev_ws/install/learning_service:/home/hw_learn/dev_ws/install/learning_qos:/home/hw_learn/dev_ws/install/learning_pkg_python:/home/hw_learn/dev_ws/install/learning_parameter:/home/hw_learn/dev_ws/install/learning_node:/home/hw_learn/dev_ws/install/learning_launch:/home/hw_learn/dev_ws/install/learning_action:/home/hw_learn/dev_ws/install/learning_gazebo PYTHONPATH=/home/hw_learn/ws_ros2/ws01_plumbing/install/base_interfaces_demo/lib/python3.8/site-packages:/home/hw_learn/ws_ros2/ws01_plumbing/install/py01_topic/lib/python3.8/site-packages:/home/hw_learn/dev_ws/install/learning_urdf/lib/python3.8/site-packages:/home/hw_learn/dev_ws/install/learning_topic/lib/python3.8/site-packages:/home/hw_learn/dev_ws/install/learning_tf/lib/python3.8/site-packages:/home/hw_learn/dev_ws/install/learning_service/lib/python3.8/site-packages:/home/hw_learn/dev_ws/install/learning_qos/lib/python3.8/site-packages:/home/hw_learn/dev_ws/install/learning_pkg_python/lib/python3.8/site-packages:/home/hw_learn/dev_ws/install/learning_parameter/lib/python3.8/site-packages:/home/hw_learn/dev_ws/install/learning_node/lib/python3.8/site-packages:/home/hw_learn/dev_ws/install/learning_launch/lib/python3.8/site-packages:/home/hw_learn/dev_ws/install/learning_action/lib/python3.8/site-packages:/home/hw_learn/dev_ws/install/learning_interface/lib/python3.8/site-packages:/home/hw_learn/dev_ws/install/learning_gazebo/lib/python3.8/site-packages:/opt/ros/foxy/lib/python3.8/site-packages /usr/bin/cmake /home/hw_learn/ws_ros2/ws01_plumbing/src/cpp03_action -DCMAKE_INSTALL_PREFIX=/home/hw_learn/ws_ros2/ws01_plumbing/install/cpp03_action
[0.098s] -- The C compiler identification is GNU 9.4.0
[0.155s] -- The CXX compiler identification is GNU 9.4.0
[0.160s] -- Check for working C compiler: /usr/bin/cc
[0.226s] -- Check for working C compiler: /usr/bin/cc -- works
[0.227s] -- Detecting C compiler ABI info
[0.287s] -- Detecting C compiler ABI info - done
[0.298s] -- Detecting C compile features
[0.298s] -- Detecting C compile features - done
[0.301s] -- Check for working CXX compiler: /usr/bin/c++
[0.372s] -- Check for working CXX compiler: /usr/bin/c++ -- works
[0.373s] -- Detecting CXX compiler ABI info
[0.445s] -- Detecting CXX compiler ABI info - done
[0.455s] -- Detecting CXX compile features
[0.456s] -- Detecting CXX compile features - done
[0.458s] -- Found ament_cmake: 0.9.9 (/opt/ros/foxy/share/ament_cmake/cmake)
[0.483s] -- Found PythonInterp: /usr/bin/python3 (found suitable version "3.8.10", minimum required is "3") 
[0.484s] -- Using PYTHON_EXECUTABLE: /usr/bin/python3
[0.665s] -- Found rclcpp: 2.4.1 (/opt/ros/foxy/share/rclcpp/cmake)
[0.707s] -- Using all available rosidl_typesupport_c: rosidl_typesupport_fastrtps_c;rosidl_typesupport_introspection_c
[0.714s] -- Found rosidl_adapter: 1.2.1 (/opt/ros/foxy/share/rosidl_adapter/cmake)
[0.765s] -- Found FastRTPS: /opt/ros/foxy/include  
[0.834s] -- Using all available rosidl_typesupport_cpp: rosidl_typesupport_fastrtps_cpp;rosidl_typesupport_introspection_cpp
[0.889s] -- Found rmw_implementation_cmake: 1.0.3 (/opt/ros/foxy/share/rmw_implementation_cmake/cmake)
[0.892s] -- Using RMW implementation 'rmw_fastrtps_cpp' as default
[0.893s] -- Looking for pthread.h
[0.962s] -- Looking for pthread.h - found
[0.962s] -- Performing Test CMAKE_HAVE_LIBC_PTHREAD
[1.033s] -- Performing Test CMAKE_HAVE_LIBC_PTHREAD - Failed
[1.033s] -- Looking for pthread_create in pthreads
[1.087s] -- Looking for pthread_create in pthreads - not found
[1.087s] -- Looking for pthread_create in pthread
[1.150s] -- Looking for pthread_create in pthread - found
[1.151s] -- Found Threads: TRUE  
[1.250s] -- Found rclcpp_action: 2.4.1 (/opt/ros/foxy/share/rclcpp_action/cmake)
[1.323s] -- Found base_interfaces_demo: 0.0.0 (/home/hw_learn/ws_ros2/ws01_plumbing/install/base_interfaces_demo/share/base_interfaces_demo/cmake)
[1.380s] -- Found ament_lint_auto: 0.9.6 (/opt/ros/foxy/share/ament_lint_auto/cmake)
[1.464s] -- Added test 'copyright' to check source files copyright and LICENSE
[1.465s] -- Added test 'cppcheck' to perform static code analysis on C / C++ code
[1.465s] -- Configured cppcheck include dirs: $<BUILD_INTERFACE:/home/hw_learn/ws_ros2/ws01_plumbing/src/cpp03_action/include>
[1.465s] -- Configured cppcheck exclude dirs and/or files: 
[1.466s] -- Added test 'cpplint' to check C / C++ code against the Google style
[1.466s] -- Configured cpplint exclude dirs and/or files: 
[1.467s] -- Added test 'lint_cmake' to check CMake code style
[1.468s] -- Added test 'uncrustify' to check C / C++ code style
[1.468s] -- Configured uncrustify additional arguments: 
[1.468s] -- Added test 'xmllint' to check XML markup files
[1.472s] -- Configuring done
[1.483s] -- Generating done
[1.484s] -- Build files have been written to: /home/hw_learn/ws_ros2/ws01_plumbing/build/cpp03_action
[1.492s] Invoked command in '/home/hw_learn/ws_ros2/ws01_plumbing/build/cpp03_action' returned '0': CMAKE_PREFIX_PATH=/home/hw_learn/ws_ros2/ws01_plumbing/install/base_interfaces_demo:/home/hw_learn/ws_ros2/ws01_plumbing/install/cpp02_service:/home/hw_learn/ws_ros2/ws01_plumbing/install/cpp01_topic:/home/hw_learn/dev_ws/install/learning_pkg_c:/home/hw_learn/dev_ws/install/learning_interface:/opt/ros/foxy:/home/hw_learn/ws_ros2/ws01_plumbing/install/py01_topic:/home/hw_learn/dev_ws/install/learning_urdf:/home/hw_learn/dev_ws/install/learning_topic:/home/hw_learn/dev_ws/install/learning_tf:/home/hw_learn/dev_ws/install/learning_service:/home/hw_learn/dev_ws/install/learning_qos:/home/hw_learn/dev_ws/install/learning_pkg_python:/home/hw_learn/dev_ws/install/learning_parameter:/home/hw_learn/dev_ws/install/learning_node:/home/hw_learn/dev_ws/install/learning_launch:/home/hw_learn/dev_ws/install/learning_action:/home/hw_learn/dev_ws/install/learning_gazebo PYTHONPATH=/home/hw_learn/ws_ros2/ws01_plumbing/install/base_interfaces_demo/lib/python3.8/site-packages:/home/hw_learn/ws_ros2/ws01_plumbing/install/py01_topic/lib/python3.8/site-packages:/home/hw_learn/dev_ws/install/learning_urdf/lib/python3.8/site-packages:/home/hw_learn/dev_ws/install/learning_topic/lib/python3.8/site-packages:/home/hw_learn/dev_ws/install/learning_tf/lib/python3.8/site-packages:/home/hw_learn/dev_ws/install/learning_service/lib/python3.8/site-packages:/home/hw_learn/dev_ws/install/learning_qos/lib/python3.8/site-packages:/home/hw_learn/dev_ws/install/learning_pkg_python/lib/python3.8/site-packages:/home/hw_learn/dev_ws/install/learning_parameter/lib/python3.8/site-packages:/home/hw_learn/dev_ws/install/learning_node/lib/python3.8/site-packages:/home/hw_learn/dev_ws/install/learning_launch/lib/python3.8/site-packages:/home/hw_learn/dev_ws/install/learning_action/lib/python3.8/site-packages:/home/hw_learn/dev_ws/install/learning_interface/lib/python3.8/site-packages:/home/hw_learn/dev_ws/install/learning_gazebo/lib/python3.8/site-packages:/opt/ros/foxy/lib/python3.8/site-packages /usr/bin/cmake /home/hw_learn/ws_ros2/ws01_plumbing/src/cpp03_action -DCMAKE_INSTALL_PREFIX=/home/hw_learn/ws_ros2/ws01_plumbing/install/cpp03_action
[1.495s] Invoking command in '/home/hw_learn/ws_ros2/ws01_plumbing/build/cpp03_action': CMAKE_PREFIX_PATH=/home/hw_learn/ws_ros2/ws01_plumbing/install/base_interfaces_demo:/home/hw_learn/ws_ros2/ws01_plumbing/install/cpp02_service:/home/hw_learn/ws_ros2/ws01_plumbing/install/cpp01_topic:/home/hw_learn/dev_ws/install/learning_pkg_c:/home/hw_learn/dev_ws/install/learning_interface:/opt/ros/foxy:/home/hw_learn/ws_ros2/ws01_plumbing/install/py01_topic:/home/hw_learn/dev_ws/install/learning_urdf:/home/hw_learn/dev_ws/install/learning_topic:/home/hw_learn/dev_ws/install/learning_tf:/home/hw_learn/dev_ws/install/learning_service:/home/hw_learn/dev_ws/install/learning_qos:/home/hw_learn/dev_ws/install/learning_pkg_python:/home/hw_learn/dev_ws/install/learning_parameter:/home/hw_learn/dev_ws/install/learning_node:/home/hw_learn/dev_ws/install/learning_launch:/home/hw_learn/dev_ws/install/learning_action:/home/hw_learn/dev_ws/install/learning_gazebo PYTHONPATH=/home/hw_learn/ws_ros2/ws01_plumbing/install/base_interfaces_demo/lib/python3.8/site-packages:/home/hw_learn/ws_ros2/ws01_plumbing/install/py01_topic/lib/python3.8/site-packages:/home/hw_learn/dev_ws/install/learning_urdf/lib/python3.8/site-packages:/home/hw_learn/dev_ws/install/learning_topic/lib/python3.8/site-packages:/home/hw_learn/dev_ws/install/learning_tf/lib/python3.8/site-packages:/home/hw_learn/dev_ws/install/learning_service/lib/python3.8/site-packages:/home/hw_learn/dev_ws/install/learning_qos/lib/python3.8/site-packages:/home/hw_learn/dev_ws/install/learning_pkg_python/lib/python3.8/site-packages:/home/hw_learn/dev_ws/install/learning_parameter/lib/python3.8/site-packages:/home/hw_learn/dev_ws/install/learning_node/lib/python3.8/site-packages:/home/hw_learn/dev_ws/install/learning_launch/lib/python3.8/site-packages:/home/hw_learn/dev_ws/install/learning_action/lib/python3.8/site-packages:/home/hw_learn/dev_ws/install/learning_interface/lib/python3.8/site-packages:/home/hw_learn/dev_ws/install/learning_gazebo/lib/python3.8/site-packages:/opt/ros/foxy/lib/python3.8/site-packages /usr/bin/cmake --build /home/hw_learn/ws_ros2/ws01_plumbing/build/cpp03_action -- -j128 -l128
[1.533s] [35m[1mScanning dependencies of target demo02_action_client[0m
[1.533s] [35m[1mScanning dependencies of target demo01_action_server[0m
[1.564s] [ 50%] [32mBuilding CXX object CMakeFiles/demo01_action_server.dir/src/demo01_action_server.cpp.o[0m
[1.565s] [ 50%] [32mBuilding CXX object CMakeFiles/demo02_action_client.dir/src/demo02_action_client.cpp.o[0m
[3.255s] [ 75%] [32m[1mLinking CXX executable demo01_action_server[0m
[3.264s] [100%] [32m[1mLinking CXX executable demo02_action_client[0m
[3.365s] [100%] Built target demo02_action_client
[3.365s] [100%] Built target demo01_action_server
[3.376s] Invoked command in '/home/hw_learn/ws_ros2/ws01_plumbing/build/cpp03_action' returned '0': CMAKE_PREFIX_PATH=/home/hw_learn/ws_ros2/ws01_plumbing/install/base_interfaces_demo:/home/hw_learn/ws_ros2/ws01_plumbing/install/cpp02_service:/home/hw_learn/ws_ros2/ws01_plumbing/install/cpp01_topic:/home/hw_learn/dev_ws/install/learning_pkg_c:/home/hw_learn/dev_ws/install/learning_interface:/opt/ros/foxy:/home/hw_learn/ws_ros2/ws01_plumbing/install/py01_topic:/home/hw_learn/dev_ws/install/learning_urdf:/home/hw_learn/dev_ws/install/learning_topic:/home/hw_learn/dev_ws/install/learning_tf:/home/hw_learn/dev_ws/install/learning_service:/home/hw_learn/dev_ws/install/learning_qos:/home/hw_learn/dev_ws/install/learning_pkg_python:/home/hw_learn/dev_ws/install/learning_parameter:/home/hw_learn/dev_ws/install/learning_node:/home/hw_learn/dev_ws/install/learning_launch:/home/hw_learn/dev_ws/install/learning_action:/home/hw_learn/dev_ws/install/learning_gazebo PYTHONPATH=/home/hw_learn/ws_ros2/ws01_plumbing/install/base_interfaces_demo/lib/python3.8/site-packages:/home/hw_learn/ws_ros2/ws01_plumbing/install/py01_topic/lib/python3.8/site-packages:/home/hw_learn/dev_ws/install/learning_urdf/lib/python3.8/site-packages:/home/hw_learn/dev_ws/install/learning_topic/lib/python3.8/site-packages:/home/hw_learn/dev_ws/install/learning_tf/lib/python3.8/site-packages:/home/hw_learn/dev_ws/install/learning_service/lib/python3.8/site-packages:/home/hw_learn/dev_ws/install/learning_qos/lib/python3.8/site-packages:/home/hw_learn/dev_ws/install/learning_pkg_python/lib/python3.8/site-packages:/home/hw_learn/dev_ws/install/learning_parameter/lib/python3.8/site-packages:/home/hw_learn/dev_ws/install/learning_node/lib/python3.8/site-packages:/home/hw_learn/dev_ws/install/learning_launch/lib/python3.8/site-packages:/home/hw_learn/dev_ws/install/learning_action/lib/python3.8/site-packages:/home/hw_learn/dev_ws/install/learning_interface/lib/python3.8/site-packages:/home/hw_learn/dev_ws/install/learning_gazebo/lib/python3.8/site-packages:/opt/ros/foxy/lib/python3.8/site-packages /usr/bin/cmake --build /home/hw_learn/ws_ros2/ws01_plumbing/build/cpp03_action -- -j128 -l128
[3.409s] Invoking command in '/home/hw_learn/ws_ros2/ws01_plumbing/build/cpp03_action': CMAKE_PREFIX_PATH=/home/hw_learn/ws_ros2/ws01_plumbing/install/base_interfaces_demo:/home/hw_learn/ws_ros2/ws01_plumbing/install/cpp02_service:/home/hw_learn/ws_ros2/ws01_plumbing/install/cpp01_topic:/home/hw_learn/dev_ws/install/learning_pkg_c:/home/hw_learn/dev_ws/install/learning_interface:/opt/ros/foxy:/home/hw_learn/ws_ros2/ws01_plumbing/install/py01_topic:/home/hw_learn/dev_ws/install/learning_urdf:/home/hw_learn/dev_ws/install/learning_topic:/home/hw_learn/dev_ws/install/learning_tf:/home/hw_learn/dev_ws/install/learning_service:/home/hw_learn/dev_ws/install/learning_qos:/home/hw_learn/dev_ws/install/learning_pkg_python:/home/hw_learn/dev_ws/install/learning_parameter:/home/hw_learn/dev_ws/install/learning_node:/home/hw_learn/dev_ws/install/learning_launch:/home/hw_learn/dev_ws/install/learning_action:/home/hw_learn/dev_ws/install/learning_gazebo PYTHONPATH=/home/hw_learn/ws_ros2/ws01_plumbing/install/base_interfaces_demo/lib/python3.8/site-packages:/home/hw_learn/ws_ros2/ws01_plumbing/install/py01_topic/lib/python3.8/site-packages:/home/hw_learn/dev_ws/install/learning_urdf/lib/python3.8/site-packages:/home/hw_learn/dev_ws/install/learning_topic/lib/python3.8/site-packages:/home/hw_learn/dev_ws/install/learning_tf/lib/python3.8/site-packages:/home/hw_learn/dev_ws/install/learning_service/lib/python3.8/site-packages:/home/hw_learn/dev_ws/install/learning_qos/lib/python3.8/site-packages:/home/hw_learn/dev_ws/install/learning_pkg_python/lib/python3.8/site-packages:/home/hw_learn/dev_ws/install/learning_parameter/lib/python3.8/site-packages:/home/hw_learn/dev_ws/install/learning_node/lib/python3.8/site-packages:/home/hw_learn/dev_ws/install/learning_launch/lib/python3.8/site-packages:/home/hw_learn/dev_ws/install/learning_action/lib/python3.8/site-packages:/home/hw_learn/dev_ws/install/learning_interface/lib/python3.8/site-packages:/home/hw_learn/dev_ws/install/learning_gazebo/lib/python3.8/site-packages:/opt/ros/foxy/lib/python3.8/site-packages /usr/bin/cmake --install /home/hw_learn/ws_ros2/ws01_plumbing/build/cpp03_action
[3.416s] -- Install configuration: ""
[3.416s] -- Installing: /home/hw_learn/ws_ros2/ws01_plumbing/install/cpp03_action/lib/cpp03_action/demo01_action_server
[3.416s] -- Set runtime path of "/home/hw_learn/ws_ros2/ws01_plumbing/install/cpp03_action/lib/cpp03_action/demo01_action_server" to ""
[3.417s] -- Installing: /home/hw_learn/ws_ros2/ws01_plumbing/install/cpp03_action/lib/cpp03_action/demo02_action_client
[3.417s] -- Set runtime path of "/home/hw_learn/ws_ros2/ws01_plumbing/install/cpp03_action/lib/cpp03_action/demo02_action_client" to ""
[3.417s] -- Installing: /home/hw_learn/ws_ros2/ws01_plumbing/install/cpp03_action/share/ament_index/resource_index/package_run_dependencies/cpp03_action
[3.417s] -- Installing: /home/hw_learn/ws_ros2/ws01_plumbing/install/cpp03_action/share/ament_index/resource_index/parent_prefix_path/cpp03_action
[3.418s] -- Installing: /home/hw_learn/ws_ros2/ws01_plumbing/install/cpp03_action/share/cpp03_action/environment/ament_prefix_path.sh
[3.418s] -- Installing: /home/hw_learn/ws_ros2/ws01_plumbing/install/cpp03_action/share/cpp03_action/environment/ament_prefix_path.dsv
[3.418s] -- Installing: /home/hw_learn/ws_ros2/ws01_plumbing/install/cpp03_action/share/cpp03_action/environment/path.sh
[3.418s] -- Installing: /home/hw_learn/ws_ros2/ws01_plumbing/install/cpp03_action/share/cpp03_action/environment/path.dsv
[3.418s] -- Installing: /home/hw_learn/ws_ros2/ws01_plumbing/install/cpp03_action/share/cpp03_action/local_setup.bash
[3.418s] -- Installing: /home/hw_learn/ws_ros2/ws01_plumbing/install/cpp03_action/share/cpp03_action/local_setup.sh
[3.418s] -- Installing: /home/hw_learn/ws_ros2/ws01_plumbing/install/cpp03_action/share/cpp03_action/local_setup.zsh
[3.419s] -- Installing: /home/hw_learn/ws_ros2/ws01_plumbing/install/cpp03_action/share/cpp03_action/local_setup.dsv
[3.419s] -- Installing: /home/hw_learn/ws_ros2/ws01_plumbing/install/cpp03_action/share/cpp03_action/package.dsv
[3.419s] -- Installing: /home/hw_learn/ws_ros2/ws01_plumbing/install/cpp03_action/share/ament_index/resource_index/packages/cpp03_action
[3.419s] -- Installing: /home/hw_learn/ws_ros2/ws01_plumbing/install/cpp03_action/share/cpp03_action/cmake/cpp03_actionConfig.cmake
[3.419s] -- Installing: /home/hw_learn/ws_ros2/ws01_plumbing/install/cpp03_action/share/cpp03_action/cmake/cpp03_actionConfig-version.cmake
[3.419s] -- Installing: /home/hw_learn/ws_ros2/ws01_plumbing/install/cpp03_action/share/cpp03_action/package.xml
[3.423s] Invoked command in '/home/hw_learn/ws_ros2/ws01_plumbing/build/cpp03_action' returned '0': CMAKE_PREFIX_PATH=/home/hw_learn/ws_ros2/ws01_plumbing/install/base_interfaces_demo:/home/hw_learn/ws_ros2/ws01_plumbing/install/cpp02_service:/home/hw_learn/ws_ros2/ws01_plumbing/install/cpp01_topic:/home/hw_learn/dev_ws/install/learning_pkg_c:/home/hw_learn/dev_ws/install/learning_interface:/opt/ros/foxy:/home/hw_learn/ws_ros2/ws01_plumbing/install/py01_topic:/home/hw_learn/dev_ws/install/learning_urdf:/home/hw_learn/dev_ws/install/learning_topic:/home/hw_learn/dev_ws/install/learning_tf:/home/hw_learn/dev_ws/install/learning_service:/home/hw_learn/dev_ws/install/learning_qos:/home/hw_learn/dev_ws/install/learning_pkg_python:/home/hw_learn/dev_ws/install/learning_parameter:/home/hw_learn/dev_ws/install/learning_node:/home/hw_learn/dev_ws/install/learning_launch:/home/hw_learn/dev_ws/install/learning_action:/home/hw_learn/dev_ws/install/learning_gazebo PYTHONPATH=/home/hw_learn/ws_ros2/ws01_plumbing/install/base_interfaces_demo/lib/python3.8/site-packages:/home/hw_learn/ws_ros2/ws01_plumbing/install/py01_topic/lib/python3.8/site-packages:/home/hw_learn/dev_ws/install/learning_urdf/lib/python3.8/site-packages:/home/hw_learn/dev_ws/install/learning_topic/lib/python3.8/site-packages:/home/hw_learn/dev_ws/install/learning_tf/lib/python3.8/site-packages:/home/hw_learn/dev_ws/install/learning_service/lib/python3.8/site-packages:/home/hw_learn/dev_ws/install/learning_qos/lib/python3.8/site-packages:/home/hw_learn/dev_ws/install/learning_pkg_python/lib/python3.8/site-packages:/home/hw_learn/dev_ws/install/learning_parameter/lib/python3.8/site-packages:/home/hw_learn/dev_ws/install/learning_node/lib/python3.8/site-packages:/home/hw_learn/dev_ws/install/learning_launch/lib/python3.8/site-packages:/home/hw_learn/dev_ws/install/learning_action/lib/python3.8/site-packages:/home/hw_learn/dev_ws/install/learning_interface/lib/python3.8/site-packages:/home/hw_learn/dev_ws/install/learning_gazebo/lib/python3.8/site-packages:/opt/ros/foxy/lib/python3.8/site-packages /usr/bin/cmake --install /home/hw_learn/ws_ros2/ws01_plumbing/build/cpp03_action
