[0.051s] Invoking command in '/home/hw_learn/ws_ros2/ws01_plumbing/build/cpp01_topic': CMAKE_PREFIX_PATH=/home/hw_learn/ws_ros2/ws01_plumbing/install/base_interfaces_demo:/home/hw_learn/ws_ros2/ws01_plumbing/install/cpp01_topic:/home/hw_learn/dev_ws/install/learning_pkg_c:/home/hw_learn/dev_ws/install/learning_interface:/opt/ros/foxy:/home/hw_learn/ws_ros2/ws01_plumbing/install/py01_topic:/home/hw_learn/dev_ws/install/learning_urdf:/home/hw_learn/dev_ws/install/learning_topic:/home/hw_learn/dev_ws/install/learning_tf:/home/hw_learn/dev_ws/install/learning_service:/home/hw_learn/dev_ws/install/learning_qos:/home/hw_learn/dev_ws/install/learning_pkg_python:/home/hw_learn/dev_ws/install/learning_parameter:/home/hw_learn/dev_ws/install/learning_node:/home/hw_learn/dev_ws/install/learning_launch:/home/hw_learn/dev_ws/install/learning_action:/home/hw_learn/dev_ws/install/learning_gazebo /usr/bin/cmake --build /home/hw_learn/ws_ros2/ws01_plumbing/build/cpp01_topic -- -j128 -l128
[0.088s] [35m[1mScanning dependencies of target demo01_talker_str[0m
[0.108s] [ 50%] [32mBuilding CXX object CMakeFiles/demo01_talker_str.dir/src/demo01_talker_str.cpp.o[0m
[1.595s] [100%] [32m[1mLinking CXX executable demo01_talker_str[0m
[1.693s] [100%] Built target demo01_talker_str
[1.702s] Invoked command in '/home/hw_learn/ws_ros2/ws01_plumbing/build/cpp01_topic' returned '0': CMAKE_PREFIX_PATH=/home/hw_learn/ws_ros2/ws01_plumbing/install/base_interfaces_demo:/home/hw_learn/ws_ros2/ws01_plumbing/install/cpp01_topic:/home/hw_learn/dev_ws/install/learning_pkg_c:/home/hw_learn/dev_ws/install/learning_interface:/opt/ros/foxy:/home/hw_learn/ws_ros2/ws01_plumbing/install/py01_topic:/home/hw_learn/dev_ws/install/learning_urdf:/home/hw_learn/dev_ws/install/learning_topic:/home/hw_learn/dev_ws/install/learning_tf:/home/hw_learn/dev_ws/install/learning_service:/home/hw_learn/dev_ws/install/learning_qos:/home/hw_learn/dev_ws/install/learning_pkg_python:/home/hw_learn/dev_ws/install/learning_parameter:/home/hw_learn/dev_ws/install/learning_node:/home/hw_learn/dev_ws/install/learning_launch:/home/hw_learn/dev_ws/install/learning_action:/home/hw_learn/dev_ws/install/learning_gazebo /usr/bin/cmake --build /home/hw_learn/ws_ros2/ws01_plumbing/build/cpp01_topic -- -j128 -l128
[1.728s] Invoking command in '/home/hw_learn/ws_ros2/ws01_plumbing/build/cpp01_topic': CMAKE_PREFIX_PATH=/home/hw_learn/ws_ros2/ws01_plumbing/install/base_interfaces_demo:/home/hw_learn/ws_ros2/ws01_plumbing/install/cpp01_topic:/home/hw_learn/dev_ws/install/learning_pkg_c:/home/hw_learn/dev_ws/install/learning_interface:/opt/ros/foxy:/home/hw_learn/ws_ros2/ws01_plumbing/install/py01_topic:/home/hw_learn/dev_ws/install/learning_urdf:/home/hw_learn/dev_ws/install/learning_topic:/home/hw_learn/dev_ws/install/learning_tf:/home/hw_learn/dev_ws/install/learning_service:/home/hw_learn/dev_ws/install/learning_qos:/home/hw_learn/dev_ws/install/learning_pkg_python:/home/hw_learn/dev_ws/install/learning_parameter:/home/hw_learn/dev_ws/install/learning_node:/home/hw_learn/dev_ws/install/learning_launch:/home/hw_learn/dev_ws/install/learning_action:/home/hw_learn/dev_ws/install/learning_gazebo /usr/bin/cmake --install /home/hw_learn/ws_ros2/ws01_plumbing/build/cpp01_topic
[1.735s] -- Install configuration: ""
[1.735s] -- Installing: /home/hw_learn/ws_ros2/ws01_plumbing/install/cpp01_topic/lib/cpp01_topic/demo01_talker_str
[1.735s] -- Set runtime path of "/home/hw_learn/ws_ros2/ws01_plumbing/install/cpp01_topic/lib/cpp01_topic/demo01_talker_str" to ""
[1.735s] -- Up-to-date: /home/hw_learn/ws_ros2/ws01_plumbing/install/cpp01_topic/share/ament_index/resource_index/package_run_dependencies/cpp01_topic
[1.736s] -- Up-to-date: /home/hw_learn/ws_ros2/ws01_plumbing/install/cpp01_topic/share/ament_index/resource_index/parent_prefix_path/cpp01_topic
[1.736s] -- Up-to-date: /home/hw_learn/ws_ros2/ws01_plumbing/install/cpp01_topic/share/cpp01_topic/environment/ament_prefix_path.sh
[1.736s] -- Up-to-date: /home/hw_learn/ws_ros2/ws01_plumbing/install/cpp01_topic/share/cpp01_topic/environment/ament_prefix_path.dsv
[1.736s] -- Up-to-date: /home/hw_learn/ws_ros2/ws01_plumbing/install/cpp01_topic/share/cpp01_topic/environment/path.sh
[1.736s] -- Up-to-date: /home/hw_learn/ws_ros2/ws01_plumbing/install/cpp01_topic/share/cpp01_topic/environment/path.dsv
[1.736s] -- Up-to-date: /home/hw_learn/ws_ros2/ws01_plumbing/install/cpp01_topic/share/cpp01_topic/local_setup.bash
[1.736s] -- Up-to-date: /home/hw_learn/ws_ros2/ws01_plumbing/install/cpp01_topic/share/cpp01_topic/local_setup.sh
[1.736s] -- Up-to-date: /home/hw_learn/ws_ros2/ws01_plumbing/install/cpp01_topic/share/cpp01_topic/local_setup.zsh
[1.736s] -- Up-to-date: /home/hw_learn/ws_ros2/ws01_plumbing/install/cpp01_topic/share/cpp01_topic/local_setup.dsv
[1.736s] -- Installing: /home/hw_learn/ws_ros2/ws01_plumbing/install/cpp01_topic/share/cpp01_topic/package.dsv
[1.736s] -- Up-to-date: /home/hw_learn/ws_ros2/ws01_plumbing/install/cpp01_topic/share/ament_index/resource_index/packages/cpp01_topic
[1.736s] -- Up-to-date: /home/hw_learn/ws_ros2/ws01_plumbing/install/cpp01_topic/share/cpp01_topic/cmake/cpp01_topicConfig.cmake
[1.736s] -- Up-to-date: /home/hw_learn/ws_ros2/ws01_plumbing/install/cpp01_topic/share/cpp01_topic/cmake/cpp01_topicConfig-version.cmake
[1.737s] -- Up-to-date: /home/hw_learn/ws_ros2/ws01_plumbing/install/cpp01_topic/share/cpp01_topic/package.xml
[1.745s] Invoked command in '/home/hw_learn/ws_ros2/ws01_plumbing/build/cpp01_topic' returned '0': CMAKE_PREFIX_PATH=/home/hw_learn/ws_ros2/ws01_plumbing/install/base_interfaces_demo:/home/hw_learn/ws_ros2/ws01_plumbing/install/cpp01_topic:/home/hw_learn/dev_ws/install/learning_pkg_c:/home/hw_learn/dev_ws/install/learning_interface:/opt/ros/foxy:/home/hw_learn/ws_ros2/ws01_plumbing/install/py01_topic:/home/hw_learn/dev_ws/install/learning_urdf:/home/hw_learn/dev_ws/install/learning_topic:/home/hw_learn/dev_ws/install/learning_tf:/home/hw_learn/dev_ws/install/learning_service:/home/hw_learn/dev_ws/install/learning_qos:/home/hw_learn/dev_ws/install/learning_pkg_python:/home/hw_learn/dev_ws/install/learning_parameter:/home/hw_learn/dev_ws/install/learning_node:/home/hw_learn/dev_ws/install/learning_launch:/home/hw_learn/dev_ws/install/learning_action:/home/hw_learn/dev_ws/install/learning_gazebo /usr/bin/cmake --install /home/hw_learn/ws_ros2/ws01_plumbing/build/cpp01_topic
