[0.400s] DEBUG:colcon:Command line arguments: ['/usr/local/bin/colcon', 'list', '-p', '--base-paths', '/home/hw_learn/ws_ros2/ws01_plumbing']
[0.400s] DEBUG:colcon:Parsed command line arguments: Namespace(base_paths=['/home/hw_learn/ws_ros2/ws01_plumbing'], build_base='build', ignore_user_meta=False, log_base=None, log_level=None, main=<bound method ListVerb.main of <colcon_package_information.verb.list.ListVerb object at 0x7f37d342c9d0>>, metas=['./colcon.meta'], names_only=False, packages_above=None, packages_above_and_dependencies=None, packages_above_depth=None, packages_end=None, packages_ignore=None, packages_ignore_regex=None, packages_select=None, packages_select_build_failed=False, packages_select_by_dep=None, packages_select_regex=None, packages_select_test_failures=False, packages_skip=None, packages_skip_build_finished=False, packages_skip_by_dep=None, packages_skip_regex=None, packages_skip_test_passed=False, packages_skip_up_to=None, packages_start=None, packages_up_to=None, packages_up_to_regex=None, paths=None, paths_only=True, topological_graph=False, topological_graph_density=False, topological_graph_dot=False, topological_graph_dot_cluster=False, topological_graph_dot_include_skipped=False, topological_graph_legend=False, topological_order=False, verb_extension=<colcon_package_information.verb.list.ListVerb object at 0x7f37d342c9d0>, verb_name='list', verb_parser=<colcon_defaults.argument_parser.defaults.DefaultArgumentsDecorator object at 0x7f37d3374df0>)
[0.435s] Level 1:colcon.colcon_core.package_discovery:discover_packages(colcon_meta) check parameters
[0.435s] Level 1:colcon.colcon_core.package_discovery:discover_packages(recursive) check parameters
[0.435s] Level 1:colcon.colcon_core.package_discovery:discover_packages(ignore) check parameters
[0.435s] Level 1:colcon.colcon_core.package_discovery:discover_packages(path) check parameters
[0.435s] Level 1:colcon.colcon_core.package_discovery:discover_packages(recursive) discover
[0.435s] INFO:colcon.colcon_core.package_discovery:Crawling recursively for packages in '/home/hw_learn/ws_ros2/ws01_plumbing'
[0.435s] Level 1:colcon.colcon_core.package_identification:_identify(/home/hw_learn/ws_ros2/ws01_plumbing) by extensions ['ignore', 'ignore_ament_install']
[0.435s] Level 1:colcon.colcon_core.package_identification:_identify(/home/hw_learn/ws_ros2/ws01_plumbing) by extension 'ignore'
[0.435s] Level 1:colcon.colcon_core.package_identification:_identify(/home/hw_learn/ws_ros2/ws01_plumbing) by extension 'ignore_ament_install'
[0.435s] Level 1:colcon.colcon_core.package_identification:_identify(/home/hw_learn/ws_ros2/ws01_plumbing) by extensions ['colcon_pkg']
[0.435s] Level 1:colcon.colcon_core.package_identification:_identify(/home/hw_learn/ws_ros2/ws01_plumbing) by extension 'colcon_pkg'
[0.435s] Level 1:colcon.colcon_core.package_identification:_identify(/home/hw_learn/ws_ros2/ws01_plumbing) by extensions ['colcon_meta']
[0.435s] Level 1:colcon.colcon_core.package_identification:_identify(/home/hw_learn/ws_ros2/ws01_plumbing) by extension 'colcon_meta'
[0.435s] Level 1:colcon.colcon_core.package_identification:_identify(/home/hw_learn/ws_ros2/ws01_plumbing) by extensions ['ros']
[0.435s] Level 1:colcon.colcon_core.package_identification:_identify(/home/hw_learn/ws_ros2/ws01_plumbing) by extension 'ros'
[0.446s] Level 1:colcon.colcon_core.package_identification:_identify(/home/hw_learn/ws_ros2/ws01_plumbing) by extensions ['cmake', 'python']
[0.446s] Level 1:colcon.colcon_core.package_identification:_identify(/home/hw_learn/ws_ros2/ws01_plumbing) by extension 'cmake'
[0.446s] Level 1:colcon.colcon_core.package_identification:_identify(/home/hw_learn/ws_ros2/ws01_plumbing) by extension 'python'
[0.446s] Level 1:colcon.colcon_core.package_identification:_identify(/home/hw_learn/ws_ros2/ws01_plumbing) by extensions ['python_setup_py']
[0.446s] Level 1:colcon.colcon_core.package_identification:_identify(/home/hw_learn/ws_ros2/ws01_plumbing) by extension 'python_setup_py'
[0.446s] Level 1:colcon.colcon_core.package_identification:_identify(/home/hw_learn/ws_ros2/ws01_plumbing/build) by extensions ['ignore', 'ignore_ament_install']
[0.446s] Level 1:colcon.colcon_core.package_identification:_identify(/home/hw_learn/ws_ros2/ws01_plumbing/build) by extension 'ignore'
[0.446s] Level 1:colcon.colcon_core.package_identification:_identify(/home/hw_learn/ws_ros2/ws01_plumbing/build) ignored
[0.446s] Level 1:colcon.colcon_core.package_identification:_identify(/home/hw_learn/ws_ros2/ws01_plumbing/install) by extensions ['ignore', 'ignore_ament_install']
[0.446s] Level 1:colcon.colcon_core.package_identification:_identify(/home/hw_learn/ws_ros2/ws01_plumbing/install) by extension 'ignore'
[0.447s] Level 1:colcon.colcon_core.package_identification:_identify(/home/hw_learn/ws_ros2/ws01_plumbing/install) ignored
[0.447s] Level 1:colcon.colcon_core.package_identification:_identify(/home/hw_learn/ws_ros2/ws01_plumbing/log) by extensions ['ignore', 'ignore_ament_install']
[0.447s] Level 1:colcon.colcon_core.package_identification:_identify(/home/hw_learn/ws_ros2/ws01_plumbing/log) by extension 'ignore'
[0.447s] Level 1:colcon.colcon_core.package_identification:_identify(/home/hw_learn/ws_ros2/ws01_plumbing/log) ignored
[0.447s] Level 1:colcon.colcon_core.package_identification:_identify(/home/hw_learn/ws_ros2/ws01_plumbing/src) by extensions ['ignore', 'ignore_ament_install']
[0.447s] Level 1:colcon.colcon_core.package_identification:_identify(/home/hw_learn/ws_ros2/ws01_plumbing/src) by extension 'ignore'
[0.447s] Level 1:colcon.colcon_core.package_identification:_identify(/home/hw_learn/ws_ros2/ws01_plumbing/src) by extension 'ignore_ament_install'
[0.447s] Level 1:colcon.colcon_core.package_identification:_identify(/home/hw_learn/ws_ros2/ws01_plumbing/src) by extensions ['colcon_pkg']
[0.447s] Level 1:colcon.colcon_core.package_identification:_identify(/home/hw_learn/ws_ros2/ws01_plumbing/src) by extension 'colcon_pkg'
[0.447s] Level 1:colcon.colcon_core.package_identification:_identify(/home/hw_learn/ws_ros2/ws01_plumbing/src) by extensions ['colcon_meta']
[0.447s] Level 1:colcon.colcon_core.package_identification:_identify(/home/hw_learn/ws_ros2/ws01_plumbing/src) by extension 'colcon_meta'
[0.447s] Level 1:colcon.colcon_core.package_identification:_identify(/home/hw_learn/ws_ros2/ws01_plumbing/src) by extensions ['ros']
[0.447s] Level 1:colcon.colcon_core.package_identification:_identify(/home/hw_learn/ws_ros2/ws01_plumbing/src) by extension 'ros'
[0.447s] Level 1:colcon.colcon_core.package_identification:_identify(/home/hw_learn/ws_ros2/ws01_plumbing/src) by extensions ['cmake', 'python']
[0.447s] Level 1:colcon.colcon_core.package_identification:_identify(/home/hw_learn/ws_ros2/ws01_plumbing/src) by extension 'cmake'
[0.447s] Level 1:colcon.colcon_core.package_identification:_identify(/home/hw_learn/ws_ros2/ws01_plumbing/src) by extension 'python'
[0.447s] Level 1:colcon.colcon_core.package_identification:_identify(/home/hw_learn/ws_ros2/ws01_plumbing/src) by extensions ['python_setup_py']
[0.447s] Level 1:colcon.colcon_core.package_identification:_identify(/home/hw_learn/ws_ros2/ws01_plumbing/src) by extension 'python_setup_py'
[0.448s] Level 1:colcon.colcon_core.package_identification:_identify(/home/hw_learn/ws_ros2/ws01_plumbing/src/base_interfaces_demo) by extensions ['ignore', 'ignore_ament_install']
[0.448s] Level 1:colcon.colcon_core.package_identification:_identify(/home/hw_learn/ws_ros2/ws01_plumbing/src/base_interfaces_demo) by extension 'ignore'
[0.448s] Level 1:colcon.colcon_core.package_identification:_identify(/home/hw_learn/ws_ros2/ws01_plumbing/src/base_interfaces_demo) by extension 'ignore_ament_install'
[0.448s] Level 1:colcon.colcon_core.package_identification:_identify(/home/hw_learn/ws_ros2/ws01_plumbing/src/base_interfaces_demo) by extensions ['colcon_pkg']
[0.448s] Level 1:colcon.colcon_core.package_identification:_identify(/home/hw_learn/ws_ros2/ws01_plumbing/src/base_interfaces_demo) by extension 'colcon_pkg'
[0.448s] Level 1:colcon.colcon_core.package_identification:_identify(/home/hw_learn/ws_ros2/ws01_plumbing/src/base_interfaces_demo) by extensions ['colcon_meta']
[0.448s] Level 1:colcon.colcon_core.package_identification:_identify(/home/hw_learn/ws_ros2/ws01_plumbing/src/base_interfaces_demo) by extension 'colcon_meta'
[0.448s] Level 1:colcon.colcon_core.package_identification:_identify(/home/hw_learn/ws_ros2/ws01_plumbing/src/base_interfaces_demo) by extensions ['ros']
[0.448s] Level 1:colcon.colcon_core.package_identification:_identify(/home/hw_learn/ws_ros2/ws01_plumbing/src/base_interfaces_demo) by extension 'ros'
[0.450s] DEBUG:colcon.colcon_core.package_identification:Package '/home/hw_learn/ws_ros2/ws01_plumbing/src/base_interfaces_demo' with type 'ros.ament_cmake' and name 'base_interfaces_demo'
[0.450s] Level 1:colcon.colcon_core.package_identification:_identify(/home/hw_learn/ws_ros2/ws01_plumbing/src/cpp01_topic) by extensions ['ignore', 'ignore_ament_install']
[0.450s] Level 1:colcon.colcon_core.package_identification:_identify(/home/hw_learn/ws_ros2/ws01_plumbing/src/cpp01_topic) by extension 'ignore'
[0.450s] Level 1:colcon.colcon_core.package_identification:_identify(/home/hw_learn/ws_ros2/ws01_plumbing/src/cpp01_topic) by extension 'ignore_ament_install'
[0.450s] Level 1:colcon.colcon_core.package_identification:_identify(/home/hw_learn/ws_ros2/ws01_plumbing/src/cpp01_topic) by extensions ['colcon_pkg']
[0.450s] Level 1:colcon.colcon_core.package_identification:_identify(/home/hw_learn/ws_ros2/ws01_plumbing/src/cpp01_topic) by extension 'colcon_pkg'
[0.450s] Level 1:colcon.colcon_core.package_identification:_identify(/home/hw_learn/ws_ros2/ws01_plumbing/src/cpp01_topic) by extensions ['colcon_meta']
[0.450s] Level 1:colcon.colcon_core.package_identification:_identify(/home/hw_learn/ws_ros2/ws01_plumbing/src/cpp01_topic) by extension 'colcon_meta'
[0.451s] Level 1:colcon.colcon_core.package_identification:_identify(/home/hw_learn/ws_ros2/ws01_plumbing/src/cpp01_topic) by extensions ['ros']
[0.451s] Level 1:colcon.colcon_core.package_identification:_identify(/home/hw_learn/ws_ros2/ws01_plumbing/src/cpp01_topic) by extension 'ros'
[0.451s] DEBUG:colcon.colcon_core.package_identification:Package '/home/hw_learn/ws_ros2/ws01_plumbing/src/cpp01_topic' with type 'ros.ament_cmake' and name 'cpp01_topic'
[0.451s] Level 1:colcon.colcon_core.package_identification:_identify(/home/hw_learn/ws_ros2/ws01_plumbing/src/py01_topic) by extensions ['ignore', 'ignore_ament_install']
[0.452s] Level 1:colcon.colcon_core.package_identification:_identify(/home/hw_learn/ws_ros2/ws01_plumbing/src/py01_topic) by extension 'ignore'
[0.452s] Level 1:colcon.colcon_core.package_identification:_identify(/home/hw_learn/ws_ros2/ws01_plumbing/src/py01_topic) by extension 'ignore_ament_install'
[0.452s] Level 1:colcon.colcon_core.package_identification:_identify(/home/hw_learn/ws_ros2/ws01_plumbing/src/py01_topic) by extensions ['colcon_pkg']
[0.452s] Level 1:colcon.colcon_core.package_identification:_identify(/home/hw_learn/ws_ros2/ws01_plumbing/src/py01_topic) by extension 'colcon_pkg'
[0.452s] Level 1:colcon.colcon_core.package_identification:_identify(/home/hw_learn/ws_ros2/ws01_plumbing/src/py01_topic) by extensions ['colcon_meta']
[0.452s] Level 1:colcon.colcon_core.package_identification:_identify(/home/hw_learn/ws_ros2/ws01_plumbing/src/py01_topic) by extension 'colcon_meta'
[0.452s] Level 1:colcon.colcon_core.package_identification:_identify(/home/hw_learn/ws_ros2/ws01_plumbing/src/py01_topic) by extensions ['ros']
[0.452s] Level 1:colcon.colcon_core.package_identification:_identify(/home/hw_learn/ws_ros2/ws01_plumbing/src/py01_topic) by extension 'ros'
[0.452s] DEBUG:colcon.colcon_core.package_identification:Package '/home/hw_learn/ws_ros2/ws01_plumbing/src/py01_topic' with type 'ros.ament_python' and name 'py01_topic'
[0.453s] Level 1:colcon.colcon_core.package_discovery:discover_packages(recursive) using defaults
