[0.470s] DEBUG:colcon:Command line arguments: ['/usr/local/bin/colcon', 'list', '-p', '--base-paths', '/home/hw_learn/ws_ros2/ws02_tools']
[0.470s] DEBUG:colcon:Parsed command line arguments: Namespace(base_paths=['/home/hw_learn/ws_ros2/ws02_tools'], build_base='build', ignore_user_meta=False, log_base=None, log_level=None, main=<bound method ListVerb.main of <colcon_package_information.verb.list.ListVerb object at 0x7fe264a192e0>>, metas=['./colcon.meta'], names_only=False, packages_above=None, packages_above_and_dependencies=None, packages_above_depth=None, packages_end=None, packages_ignore=None, packages_ignore_regex=None, packages_select=None, packages_select_build_failed=False, packages_select_by_dep=None, packages_select_regex=None, packages_select_test_failures=False, packages_skip=None, packages_skip_build_finished=False, packages_skip_by_dep=None, packages_skip_regex=None, packages_skip_test_passed=False, packages_skip_up_to=None, packages_start=None, packages_up_to=None, packages_up_to_regex=None, paths=None, paths_only=True, topological_graph=False, topological_graph_density=False, topological_graph_dot=False, topological_graph_dot_cluster=False, topological_graph_dot_include_skipped=False, topological_graph_legend=False, topological_order=False, verb_extension=<colcon_package_information.verb.list.ListVerb object at 0x7fe264a192e0>, verb_name='list', verb_parser=<colcon_defaults.argument_parser.defaults.DefaultArgumentsDecorator object at 0x7fe26496fdf0>)
[0.509s] Level 1:colcon.colcon_core.package_discovery:discover_packages(colcon_meta) check parameters
[0.509s] Level 1:colcon.colcon_core.package_discovery:discover_packages(recursive) check parameters
[0.509s] Level 1:colcon.colcon_core.package_discovery:discover_packages(ignore) check parameters
[0.509s] Level 1:colcon.colcon_core.package_discovery:discover_packages(path) check parameters
[0.509s] Level 1:colcon.colcon_core.package_discovery:discover_packages(recursive) discover
[0.510s] INFO:colcon.colcon_core.package_discovery:Crawling recursively for packages in '/home/hw_learn/ws_ros2/ws02_tools'
[0.510s] Level 1:colcon.colcon_core.package_identification:_identify(/home/hw_learn/ws_ros2/ws02_tools) by extensions ['ignore', 'ignore_ament_install']
[0.510s] Level 1:colcon.colcon_core.package_identification:_identify(/home/hw_learn/ws_ros2/ws02_tools) by extension 'ignore'
[0.510s] Level 1:colcon.colcon_core.package_identification:_identify(/home/hw_learn/ws_ros2/ws02_tools) by extension 'ignore_ament_install'
[0.510s] Level 1:colcon.colcon_core.package_identification:_identify(/home/hw_learn/ws_ros2/ws02_tools) by extensions ['colcon_pkg']
[0.510s] Level 1:colcon.colcon_core.package_identification:_identify(/home/hw_learn/ws_ros2/ws02_tools) by extension 'colcon_pkg'
[0.510s] Level 1:colcon.colcon_core.package_identification:_identify(/home/hw_learn/ws_ros2/ws02_tools) by extensions ['colcon_meta']
[0.510s] Level 1:colcon.colcon_core.package_identification:_identify(/home/hw_learn/ws_ros2/ws02_tools) by extension 'colcon_meta'
[0.510s] Level 1:colcon.colcon_core.package_identification:_identify(/home/hw_learn/ws_ros2/ws02_tools) by extensions ['ros']
[0.510s] Level 1:colcon.colcon_core.package_identification:_identify(/home/hw_learn/ws_ros2/ws02_tools) by extension 'ros'
[0.522s] Level 1:colcon.colcon_core.package_identification:_identify(/home/hw_learn/ws_ros2/ws02_tools) by extensions ['cmake', 'python']
[0.522s] Level 1:colcon.colcon_core.package_identification:_identify(/home/hw_learn/ws_ros2/ws02_tools) by extension 'cmake'
[0.522s] Level 1:colcon.colcon_core.package_identification:_identify(/home/hw_learn/ws_ros2/ws02_tools) by extension 'python'
[0.522s] Level 1:colcon.colcon_core.package_identification:_identify(/home/hw_learn/ws_ros2/ws02_tools) by extensions ['python_setup_py']
[0.522s] Level 1:colcon.colcon_core.package_identification:_identify(/home/hw_learn/ws_ros2/ws02_tools) by extension 'python_setup_py'
[0.522s] Level 1:colcon.colcon_core.package_identification:_identify(/home/hw_learn/ws_ros2/ws02_tools/log) by extensions ['ignore', 'ignore_ament_install']
[0.522s] Level 1:colcon.colcon_core.package_identification:_identify(/home/hw_learn/ws_ros2/ws02_tools/log) by extension 'ignore'
[0.522s] Level 1:colcon.colcon_core.package_identification:_identify(/home/hw_learn/ws_ros2/ws02_tools/log) ignored
[0.522s] Level 1:colcon.colcon_core.package_identification:_identify(/home/hw_learn/ws_ros2/ws02_tools/src) by extensions ['ignore', 'ignore_ament_install']
[0.523s] Level 1:colcon.colcon_core.package_identification:_identify(/home/hw_learn/ws_ros2/ws02_tools/src) by extension 'ignore'
[0.523s] Level 1:colcon.colcon_core.package_identification:_identify(/home/hw_learn/ws_ros2/ws02_tools/src) by extension 'ignore_ament_install'
[0.523s] Level 1:colcon.colcon_core.package_identification:_identify(/home/hw_learn/ws_ros2/ws02_tools/src) by extensions ['colcon_pkg']
[0.523s] Level 1:colcon.colcon_core.package_identification:_identify(/home/hw_learn/ws_ros2/ws02_tools/src) by extension 'colcon_pkg'
[0.523s] Level 1:colcon.colcon_core.package_identification:_identify(/home/hw_learn/ws_ros2/ws02_tools/src) by extensions ['colcon_meta']
[0.523s] Level 1:colcon.colcon_core.package_identification:_identify(/home/hw_learn/ws_ros2/ws02_tools/src) by extension 'colcon_meta'
[0.523s] Level 1:colcon.colcon_core.package_identification:_identify(/home/hw_learn/ws_ros2/ws02_tools/src) by extensions ['ros']
[0.523s] Level 1:colcon.colcon_core.package_identification:_identify(/home/hw_learn/ws_ros2/ws02_tools/src) by extension 'ros'
[0.523s] Level 1:colcon.colcon_core.package_identification:_identify(/home/hw_learn/ws_ros2/ws02_tools/src) by extensions ['cmake', 'python']
[0.523s] Level 1:colcon.colcon_core.package_identification:_identify(/home/hw_learn/ws_ros2/ws02_tools/src) by extension 'cmake'
[0.523s] Level 1:colcon.colcon_core.package_identification:_identify(/home/hw_learn/ws_ros2/ws02_tools/src) by extension 'python'
[0.523s] Level 1:colcon.colcon_core.package_identification:_identify(/home/hw_learn/ws_ros2/ws02_tools/src) by extensions ['python_setup_py']
[0.523s] Level 1:colcon.colcon_core.package_identification:_identify(/home/hw_learn/ws_ros2/ws02_tools/src) by extension 'python_setup_py'
[0.523s] Level 1:colcon.colcon_core.package_identification:_identify(/home/hw_learn/ws_ros2/ws02_tools/src/cpp01_launch) by extensions ['ignore', 'ignore_ament_install']
[0.523s] Level 1:colcon.colcon_core.package_identification:_identify(/home/hw_learn/ws_ros2/ws02_tools/src/cpp01_launch) by extension 'ignore'
[0.523s] Level 1:colcon.colcon_core.package_identification:_identify(/home/hw_learn/ws_ros2/ws02_tools/src/cpp01_launch) by extension 'ignore_ament_install'
[0.523s] Level 1:colcon.colcon_core.package_identification:_identify(/home/hw_learn/ws_ros2/ws02_tools/src/cpp01_launch) by extensions ['colcon_pkg']
[0.523s] Level 1:colcon.colcon_core.package_identification:_identify(/home/hw_learn/ws_ros2/ws02_tools/src/cpp01_launch) by extension 'colcon_pkg'
[0.523s] Level 1:colcon.colcon_core.package_identification:_identify(/home/hw_learn/ws_ros2/ws02_tools/src/cpp01_launch) by extensions ['colcon_meta']
[0.523s] Level 1:colcon.colcon_core.package_identification:_identify(/home/hw_learn/ws_ros2/ws02_tools/src/cpp01_launch) by extension 'colcon_meta'
[0.524s] Level 1:colcon.colcon_core.package_identification:_identify(/home/hw_learn/ws_ros2/ws02_tools/src/cpp01_launch) by extensions ['ros']
[0.524s] Level 1:colcon.colcon_core.package_identification:_identify(/home/hw_learn/ws_ros2/ws02_tools/src/cpp01_launch) by extension 'ros'
[0.526s] DEBUG:colcon.colcon_core.package_identification:Package '/home/hw_learn/ws_ros2/ws02_tools/src/cpp01_launch' with type 'ros.ament_cmake' and name 'cpp01_launch'
[0.526s] Level 1:colcon.colcon_core.package_identification:_identify(/home/hw_learn/ws_ros2/ws02_tools/src/py01_launch) by extensions ['ignore', 'ignore_ament_install']
[0.526s] Level 1:colcon.colcon_core.package_identification:_identify(/home/hw_learn/ws_ros2/ws02_tools/src/py01_launch) by extension 'ignore'
[0.526s] Level 1:colcon.colcon_core.package_identification:_identify(/home/hw_learn/ws_ros2/ws02_tools/src/py01_launch) by extension 'ignore_ament_install'
[0.526s] Level 1:colcon.colcon_core.package_identification:_identify(/home/hw_learn/ws_ros2/ws02_tools/src/py01_launch) by extensions ['colcon_pkg']
[0.526s] Level 1:colcon.colcon_core.package_identification:_identify(/home/hw_learn/ws_ros2/ws02_tools/src/py01_launch) by extension 'colcon_pkg'
[0.526s] Level 1:colcon.colcon_core.package_identification:_identify(/home/hw_learn/ws_ros2/ws02_tools/src/py01_launch) by extensions ['colcon_meta']
[0.526s] Level 1:colcon.colcon_core.package_identification:_identify(/home/hw_learn/ws_ros2/ws02_tools/src/py01_launch) by extension 'colcon_meta'
[0.526s] Level 1:colcon.colcon_core.package_identification:_identify(/home/hw_learn/ws_ros2/ws02_tools/src/py01_launch) by extensions ['ros']
[0.526s] Level 1:colcon.colcon_core.package_identification:_identify(/home/hw_learn/ws_ros2/ws02_tools/src/py01_launch) by extension 'ros'
[0.527s] DEBUG:colcon.colcon_core.package_identification:Package '/home/hw_learn/ws_ros2/ws02_tools/src/py01_launch' with type 'ros.ament_python' and name 'py01_launch'
[0.527s] Level 1:colcon.colcon_core.package_discovery:discover_packages(recursive) using defaults
