[0.040s] Invoking command in '/home/hw_learn/ws_ros2/ws02_tools/build/cpp01_launch': CMAKE_PREFIX_PATH=${CMAKE_PREFIX_PATH}:/home/hw_learn/dev_ws/install/learning_urdf:/home/hw_learn/dev_ws/install/learning_topic:/home/hw_learn/dev_ws/install/learning_tf:/home/hw_learn/dev_ws/install/learning_service:/home/hw_learn/dev_ws/install/learning_qos:/home/hw_learn/dev_ws/install/learning_pkg_python:/home/hw_learn/dev_ws/install/learning_parameter:/home/hw_learn/dev_ws/install/learning_node:/home/hw_learn/dev_ws/install/learning_launch:/home/hw_learn/dev_ws/install/learning_action:/home/hw_learn/dev_ws/install/learning_gazebo /usr/bin/cmake --build /home/hw_learn/ws_ros2/ws02_tools/build/cpp01_launch -- -j128 -l128
[0.084s] Invoked command in '/home/hw_learn/ws_ros2/ws02_tools/build/cpp01_launch' returned '0': CMAKE_PREFIX_PATH=${CMAKE_PREFIX_PATH}:/home/hw_learn/dev_ws/install/learning_urdf:/home/hw_learn/dev_ws/install/learning_topic:/home/hw_learn/dev_ws/install/learning_tf:/home/hw_learn/dev_ws/install/learning_service:/home/hw_learn/dev_ws/install/learning_qos:/home/hw_learn/dev_ws/install/learning_pkg_python:/home/hw_learn/dev_ws/install/learning_parameter:/home/hw_learn/dev_ws/install/learning_node:/home/hw_learn/dev_ws/install/learning_launch:/home/hw_learn/dev_ws/install/learning_action:/home/hw_learn/dev_ws/install/learning_gazebo /usr/bin/cmake --build /home/hw_learn/ws_ros2/ws02_tools/build/cpp01_launch -- -j128 -l128
[0.114s] Invoking command in '/home/hw_learn/ws_ros2/ws02_tools/build/cpp01_launch': CMAKE_PREFIX_PATH=${CMAKE_PREFIX_PATH}:/home/hw_learn/dev_ws/install/learning_urdf:/home/hw_learn/dev_ws/install/learning_topic:/home/hw_learn/dev_ws/install/learning_tf:/home/hw_learn/dev_ws/install/learning_service:/home/hw_learn/dev_ws/install/learning_qos:/home/hw_learn/dev_ws/install/learning_pkg_python:/home/hw_learn/dev_ws/install/learning_parameter:/home/hw_learn/dev_ws/install/learning_node:/home/hw_learn/dev_ws/install/learning_launch:/home/hw_learn/dev_ws/install/learning_action:/home/hw_learn/dev_ws/install/learning_gazebo /usr/bin/cmake --install /home/hw_learn/ws_ros2/ws02_tools/build/cpp01_launch
[0.121s] -- Install configuration: ""
[0.121s] -- Up-to-date: /home/hw_learn/ws_ros2/ws02_tools/install/cpp01_launch/share/cpp01_launch/launch
[0.121s] -- Up-to-date: /home/hw_learn/ws_ros2/ws02_tools/install/cpp01_launch/share/cpp01_launch/launch/py
[0.121s] -- Up-to-date: /home/hw_learn/ws_ros2/ws02_tools/install/cpp01_launch/share/cpp01_launch/launch/py/py01_helloworld_launch.py
[0.121s] -- Up-to-date: /home/hw_learn/ws_ros2/ws02_tools/install/cpp01_launch/share/cpp01_launch/launch/py/py02_node_launch.py
[0.121s] -- Up-to-date: /home/hw_learn/ws_ros2/ws02_tools/install/cpp01_launch/share/cpp01_launch/launch/py/py03_cmd_launch.py
[0.121s] -- Up-to-date: /home/hw_learn/ws_ros2/ws02_tools/install/cpp01_launch/share/cpp01_launch/launch/py/py04_args_launch.py
[0.121s] -- Up-to-date: /home/hw_learn/ws_ros2/ws02_tools/install/cpp01_launch/share/cpp01_launch/launch/py/py05_include_launch.py
[0.121s] -- Up-to-date: /home/hw_learn/ws_ros2/ws02_tools/install/cpp01_launch/share/cpp01_launch/launch/py/py06_group_launch.py
[0.121s] -- Installing: /home/hw_learn/ws_ros2/ws02_tools/install/cpp01_launch/share/cpp01_launch/launch/py/py07_event_launch.py
[0.121s] -- Up-to-date: /home/hw_learn/ws_ros2/ws02_tools/install/cpp01_launch/share/cpp01_launch/launch/xml
[0.121s] -- Up-to-date: /home/hw_learn/ws_ros2/ws02_tools/install/cpp01_launch/share/cpp01_launch/launch/xml/xml01_helloworld_launch.xml
[0.122s] -- Up-to-date: /home/hw_learn/ws_ros2/ws02_tools/install/cpp01_launch/share/cpp01_launch/launch/yaml
[0.122s] -- Up-to-date: /home/hw_learn/ws_ros2/ws02_tools/install/cpp01_launch/share/cpp01_launch/launch/yaml/yaml01_helloworld_launch.yaml
[0.122s] -- Up-to-date: /home/hw_learn/ws_ros2/ws02_tools/install/cpp01_launch/share/cpp01_launch/config
[0.122s] -- Up-to-date: /home/hw_learn/ws_ros2/ws02_tools/install/cpp01_launch/share/cpp01_launch/config/haha.yaml
[0.122s] -- Up-to-date: /home/hw_learn/ws_ros2/ws02_tools/install/cpp01_launch/share/ament_index/resource_index/package_run_dependencies/cpp01_launch
[0.122s] -- Up-to-date: /home/hw_learn/ws_ros2/ws02_tools/install/cpp01_launch/share/ament_index/resource_index/parent_prefix_path/cpp01_launch
[0.122s] -- Up-to-date: /home/hw_learn/ws_ros2/ws02_tools/install/cpp01_launch/share/cpp01_launch/environment/ament_prefix_path.sh
[0.122s] -- Up-to-date: /home/hw_learn/ws_ros2/ws02_tools/install/cpp01_launch/share/cpp01_launch/environment/ament_prefix_path.dsv
[0.122s] -- Up-to-date: /home/hw_learn/ws_ros2/ws02_tools/install/cpp01_launch/share/cpp01_launch/environment/path.sh
[0.122s] -- Up-to-date: /home/hw_learn/ws_ros2/ws02_tools/install/cpp01_launch/share/cpp01_launch/environment/path.dsv
[0.122s] -- Up-to-date: /home/hw_learn/ws_ros2/ws02_tools/install/cpp01_launch/share/cpp01_launch/local_setup.bash
[0.122s] -- Up-to-date: /home/hw_learn/ws_ros2/ws02_tools/install/cpp01_launch/share/cpp01_launch/local_setup.sh
[0.122s] -- Up-to-date: /home/hw_learn/ws_ros2/ws02_tools/install/cpp01_launch/share/cpp01_launch/local_setup.zsh
[0.122s] -- Up-to-date: /home/hw_learn/ws_ros2/ws02_tools/install/cpp01_launch/share/cpp01_launch/local_setup.dsv
[0.122s] -- Installing: /home/hw_learn/ws_ros2/ws02_tools/install/cpp01_launch/share/cpp01_launch/package.dsv
[0.123s] -- Up-to-date: /home/hw_learn/ws_ros2/ws02_tools/install/cpp01_launch/share/ament_index/resource_index/packages/cpp01_launch
[0.123s] -- Up-to-date: /home/hw_learn/ws_ros2/ws02_tools/install/cpp01_launch/share/cpp01_launch/cmake/cpp01_launchConfig.cmake
[0.123s] -- Up-to-date: /home/hw_learn/ws_ros2/ws02_tools/install/cpp01_launch/share/cpp01_launch/cmake/cpp01_launchConfig-version.cmake
[0.123s] -- Up-to-date: /home/hw_learn/ws_ros2/ws02_tools/install/cpp01_launch/share/cpp01_launch/package.xml
[0.125s] Invoked command in '/home/hw_learn/ws_ros2/ws02_tools/build/cpp01_launch' returned '0': CMAKE_PREFIX_PATH=${CMAKE_PREFIX_PATH}:/home/hw_learn/dev_ws/install/learning_urdf:/home/hw_learn/dev_ws/install/learning_topic:/home/hw_learn/dev_ws/install/learning_tf:/home/hw_learn/dev_ws/install/learning_service:/home/hw_learn/dev_ws/install/learning_qos:/home/hw_learn/dev_ws/install/learning_pkg_python:/home/hw_learn/dev_ws/install/learning_parameter:/home/hw_learn/dev_ws/install/learning_node:/home/hw_learn/dev_ws/install/learning_launch:/home/hw_learn/dev_ws/install/learning_action:/home/hw_learn/dev_ws/install/learning_gazebo /usr/bin/cmake --install /home/hw_learn/ws_ros2/ws02_tools/build/cpp01_launch
