-- The C compiler identification is GNU 9.4.0
-- The CXX compiler identification is GNU 9.4.0
-- Check for working C compiler: /usr/bin/cc
-- Check for working C compiler: /usr/bin/cc -- works
-- Detecting C compiler ABI info
-- Detecting C compiler ABI info - done
-- Detecting C compile features
-- Detecting C compile features - done
-- Check for working CXX compiler: /usr/bin/c++
-- Check for working CXX compiler: /usr/bin/c++ -- works
-- Detecting CXX compiler ABI info
-- Detecting CXX compiler ABI info - done
-- Detecting CXX compile features
-- Detecting CXX compile features - done
-- Found ament_cmake: 0.9.9 (/opt/ros/foxy/share/ament_cmake/cmake)
-- Found PythonInterp: /usr/bin/python3 (found suitable version "3.8.10", minimum required is "3") 
-- Using PYTHON_EXECUTABLE: /usr/bin/python3
-- Found ament_lint_auto: 0.9.6 (/opt/ros/foxy/share/ament_lint_auto/cmake)
-- Configuring done
-- Generating done
-- Build files have been written to: /home/hw_learn/ws_ros2/ws01_plumbing/build/tutorails_plumbing
-- Install configuration: ""
-- Installing: /home/hw_learn/ws_ros2/ws01_plumbing/install/tutorails_plumbing/share/ament_index/resource_index/package_run_dependencies/tutorails_plumbing
-- Installing: /home/hw_learn/ws_ros2/ws01_plumbing/install/tutorails_plumbing/share/ament_index/resource_index/parent_prefix_path/tutorails_plumbing
-- Installing: /home/hw_learn/ws_ros2/ws01_plumbing/install/tutorails_plumbing/share/tutorails_plumbing/environment/ament_prefix_path.sh
-- Installing: /home/hw_learn/ws_ros2/ws01_plumbing/install/tutorails_plumbing/share/tutorails_plumbing/environment/ament_prefix_path.dsv
-- Installing: /home/hw_learn/ws_ros2/ws01_plumbing/install/tutorails_plumbing/share/tutorails_plumbing/environment/path.sh
-- Installing: /home/hw_learn/ws_ros2/ws01_plumbing/install/tutorails_plumbing/share/tutorails_plumbing/environment/path.dsv
-- Installing: /home/hw_learn/ws_ros2/ws01_plumbing/install/tutorails_plumbing/share/tutorails_plumbing/local_setup.bash
-- Installing: /home/hw_learn/ws_ros2/ws01_plumbing/install/tutorails_plumbing/share/tutorails_plumbing/local_setup.sh
-- Installing: /home/hw_learn/ws_ros2/ws01_plumbing/install/tutorails_plumbing/share/tutorails_plumbing/local_setup.zsh
-- Installing: /home/hw_learn/ws_ros2/ws01_plumbing/install/tutorails_plumbing/share/tutorails_plumbing/local_setup.dsv
-- Installing: /home/hw_learn/ws_ros2/ws01_plumbing/install/tutorails_plumbing/share/tutorails_plumbing/package.dsv
-- Installing: /home/hw_learn/ws_ros2/ws01_plumbing/install/tutorails_plumbing/share/ament_index/resource_index/packages/tutorails_plumbing
-- Installing: /home/hw_learn/ws_ros2/ws01_plumbing/install/tutorails_plumbing/share/tutorails_plumbing/cmake/tutorails_plumbingConfig.cmake
-- Installing: /home/hw_learn/ws_ros2/ws01_plumbing/install/tutorails_plumbing/share/tutorails_plumbing/cmake/tutorails_plumbingConfig-version.cmake
-- Installing: /home/hw_learn/ws_ros2/ws01_plumbing/install/tutorails_plumbing/share/tutorails_plumbing/package.xml
