[0.032s] Invoking command in '/home/hw_learn/ws_ros2/ws00_helloworld/build/turtlesim': CMAKE_PREFIX_PATH=${CMAKE_PREFIX_PATH}:/home/hw_learn/dev_ws/install/learning_urdf:/home/hw_learn/dev_ws/install/learning_topic:/home/hw_learn/dev_ws/install/learning_tf:/home/hw_learn/dev_ws/install/learning_service:/home/hw_learn/dev_ws/install/learning_qos:/home/hw_learn/dev_ws/install/learning_pkg_python:/home/hw_learn/dev_ws/install/learning_parameter:/home/hw_learn/dev_ws/install/learning_node:/home/hw_learn/dev_ws/install/learning_launch:/home/hw_learn/dev_ws/install/learning_action:/home/hw_learn/dev_ws/install/learning_gazebo /usr/bin/cmake --build /home/hw_learn/ws_ros2/ws00_helloworld/build/turtlesim -- -j128 -l128
[0.085s] [  1%] Built target turtlesim__cpp
[0.087s] [ 11%] Built target turtlesim__rosidl_generator_c
[0.108s] [ 21%] Built target turtlesim__rosidl_typesupport_cpp
[0.108s] [ 31%] Built target turtlesim__rosidl_typesupport_introspection_cpp
[0.110s] [ 41%] Built target turtlesim__rosidl_typesupport_c
[0.111s] [ 51%] Built target turtlesim__rosidl_typesupport_fastrtps_cpp
[0.113s] [ 61%] Built target turtlesim__rosidl_typesupport_introspection_c
[0.136s] [ 71%] Built target turtlesim__rosidl_typesupport_fastrtps_c
[0.155s] [ 71%] Built target turtlesim
[0.177s] [ 72%] Built target turtlesim__py
[0.182s] [ 74%] Built target draw_square
[0.182s] [ 76%] Built target mimic
[0.183s] [ 78%] Built target turtle_teleop_key
[0.200s] [ 84%] Built target turtlesim_node
[0.207s] [ 93%] Built target turtlesim__python
[0.236s] [ 95%] Built target turtlesim__rosidl_typesupport_introspection_c__pyext
[0.236s] [ 97%] Built target turtlesim__rosidl_typesupport_fastrtps_c__pyext
[0.236s] [100%] Built target turtlesim__rosidl_typesupport_c__pyext
[0.248s] Invoked command in '/home/hw_learn/ws_ros2/ws00_helloworld/build/turtlesim' returned '0': CMAKE_PREFIX_PATH=${CMAKE_PREFIX_PATH}:/home/hw_learn/dev_ws/install/learning_urdf:/home/hw_learn/dev_ws/install/learning_topic:/home/hw_learn/dev_ws/install/learning_tf:/home/hw_learn/dev_ws/install/learning_service:/home/hw_learn/dev_ws/install/learning_qos:/home/hw_learn/dev_ws/install/learning_pkg_python:/home/hw_learn/dev_ws/install/learning_parameter:/home/hw_learn/dev_ws/install/learning_node:/home/hw_learn/dev_ws/install/learning_launch:/home/hw_learn/dev_ws/install/learning_action:/home/hw_learn/dev_ws/install/learning_gazebo /usr/bin/cmake --build /home/hw_learn/ws_ros2/ws00_helloworld/build/turtlesim -- -j128 -l128
[0.428s] Invoking command in '/home/hw_learn/ws_ros2/ws00_helloworld/build/turtlesim': CMAKE_PREFIX_PATH=${CMAKE_PREFIX_PATH}:/home/hw_learn/dev_ws/install/learning_urdf:/home/hw_learn/dev_ws/install/learning_topic:/home/hw_learn/dev_ws/install/learning_tf:/home/hw_learn/dev_ws/install/learning_service:/home/hw_learn/dev_ws/install/learning_qos:/home/hw_learn/dev_ws/install/learning_pkg_python:/home/hw_learn/dev_ws/install/learning_parameter:/home/hw_learn/dev_ws/install/learning_node:/home/hw_learn/dev_ws/install/learning_launch:/home/hw_learn/dev_ws/install/learning_action:/home/hw_learn/dev_ws/install/learning_gazebo /usr/bin/cmake --install /home/hw_learn/ws_ros2/ws00_helloworld/build/turtlesim
[0.436s] -- Install configuration: ""
[0.436s] -- Up-to-date: /home/hw_learn/ws_ros2/ws00_helloworld/install/turtlesim/share/ament_index/resource_index/rosidl_interfaces/turtlesim
[0.436s] -- Up-to-date: /home/hw_learn/ws_ros2/ws00_helloworld/install/turtlesim/include/turtlesim
[0.436s] -- Up-to-date: /home/hw_learn/ws_ros2/ws00_helloworld/install/turtlesim/include/turtlesim/msg
[0.436s] -- Up-to-date: /home/hw_learn/ws_ros2/ws00_helloworld/install/turtlesim/include/turtlesim/msg/rosidl_generator_c__visibility_control.h
[0.436s] -- Up-to-date: /home/hw_learn/ws_ros2/ws00_helloworld/install/turtlesim/include/turtlesim/msg/color.h
[0.436s] -- Up-to-date: /home/hw_learn/ws_ros2/ws00_helloworld/install/turtlesim/include/turtlesim/msg/detail
[0.437s] -- Up-to-date: /home/hw_learn/ws_ros2/ws00_helloworld/install/turtlesim/include/turtlesim/msg/detail/color__functions.c
[0.437s] -- Up-to-date: /home/hw_learn/ws_ros2/ws00_helloworld/install/turtlesim/include/turtlesim/msg/detail/color__functions.h
[0.437s] -- Up-to-date: /home/hw_learn/ws_ros2/ws00_helloworld/install/turtlesim/include/turtlesim/msg/detail/color__struct.h
[0.437s] -- Up-to-date: /home/hw_learn/ws_ros2/ws00_helloworld/install/turtlesim/include/turtlesim/msg/detail/color__type_support.h
[0.437s] -- Up-to-date: /home/hw_learn/ws_ros2/ws00_helloworld/install/turtlesim/include/turtlesim/msg/detail/pose__functions.c
[0.437s] -- Up-to-date: /home/hw_learn/ws_ros2/ws00_helloworld/install/turtlesim/include/turtlesim/msg/detail/pose__functions.h
[0.437s] -- Up-to-date: /home/hw_learn/ws_ros2/ws00_helloworld/install/turtlesim/include/turtlesim/msg/detail/pose__struct.h
[0.437s] -- Up-to-date: /home/hw_learn/ws_ros2/ws00_helloworld/install/turtlesim/include/turtlesim/msg/detail/pose__type_support.h
[0.437s] -- Up-to-date: /home/hw_learn/ws_ros2/ws00_helloworld/install/turtlesim/include/turtlesim/msg/pose.h
[0.437s] -- Up-to-date: /home/hw_learn/ws_ros2/ws00_helloworld/install/turtlesim/include/turtlesim/action
[0.437s] -- Up-to-date: /home/hw_learn/ws_ros2/ws00_helloworld/install/turtlesim/include/turtlesim/action/rotate_absolute.h
[0.438s] -- Up-to-date: /home/hw_learn/ws_ros2/ws00_helloworld/install/turtlesim/include/turtlesim/action/detail
[0.438s] -- Up-to-date: /home/hw_learn/ws_ros2/ws00_helloworld/install/turtlesim/include/turtlesim/action/detail/rotate_absolute__functions.c
[0.438s] -- Up-to-date: /home/hw_learn/ws_ros2/ws00_helloworld/install/turtlesim/include/turtlesim/action/detail/rotate_absolute__functions.h
[0.438s] -- Up-to-date: /home/hw_learn/ws_ros2/ws00_helloworld/install/turtlesim/include/turtlesim/action/detail/rotate_absolute__struct.h
[0.438s] -- Up-to-date: /home/hw_learn/ws_ros2/ws00_helloworld/install/turtlesim/include/turtlesim/action/detail/rotate_absolute__type_support.h
[0.438s] -- Up-to-date: /home/hw_learn/ws_ros2/ws00_helloworld/install/turtlesim/include/turtlesim/srv
[0.438s] -- Up-to-date: /home/hw_learn/ws_ros2/ws00_helloworld/install/turtlesim/include/turtlesim/srv/kill.h
[0.438s] -- Up-to-date: /home/hw_learn/ws_ros2/ws00_helloworld/install/turtlesim/include/turtlesim/srv/detail
[0.438s] -- Up-to-date: /home/hw_learn/ws_ros2/ws00_helloworld/install/turtlesim/include/turtlesim/srv/detail/kill__functions.c
[0.438s] -- Up-to-date: /home/hw_learn/ws_ros2/ws00_helloworld/install/turtlesim/include/turtlesim/srv/detail/kill__functions.h
[0.438s] -- Up-to-date: /home/hw_learn/ws_ros2/ws00_helloworld/install/turtlesim/include/turtlesim/srv/detail/kill__struct.h
[0.438s] -- Up-to-date: /home/hw_learn/ws_ros2/ws00_helloworld/install/turtlesim/include/turtlesim/srv/detail/kill__type_support.h
[0.438s] -- Up-to-date: /home/hw_learn/ws_ros2/ws00_helloworld/install/turtlesim/include/turtlesim/srv/detail/set_pen__functions.c
[0.439s] -- Up-to-date: /home/hw_learn/ws_ros2/ws00_helloworld/install/turtlesim/include/turtlesim/srv/detail/set_pen__functions.h
[0.439s] -- Up-to-date: /home/hw_learn/ws_ros2/ws00_helloworld/install/turtlesim/include/turtlesim/srv/detail/set_pen__struct.h
[0.439s] -- Up-to-date: /home/hw_learn/ws_ros2/ws00_helloworld/install/turtlesim/include/turtlesim/srv/detail/set_pen__type_support.h
[0.439s] -- Up-to-date: /home/hw_learn/ws_ros2/ws00_helloworld/install/turtlesim/include/turtlesim/srv/detail/spawn__functions.c
[0.439s] -- Up-to-date: /home/hw_learn/ws_ros2/ws00_helloworld/install/turtlesim/include/turtlesim/srv/detail/spawn__functions.h
[0.439s] -- Up-to-date: /home/hw_learn/ws_ros2/ws00_helloworld/install/turtlesim/include/turtlesim/srv/detail/spawn__struct.h
[0.439s] -- Up-to-date: /home/hw_learn/ws_ros2/ws00_helloworld/install/turtlesim/include/turtlesim/srv/detail/spawn__type_support.h
[0.439s] -- Up-to-date: /home/hw_learn/ws_ros2/ws00_helloworld/install/turtlesim/include/turtlesim/srv/detail/teleport_absolute__functions.c
[0.439s] -- Up-to-date: /home/hw_learn/ws_ros2/ws00_helloworld/install/turtlesim/include/turtlesim/srv/detail/teleport_absolute__functions.h
[0.439s] -- Up-to-date: /home/hw_learn/ws_ros2/ws00_helloworld/install/turtlesim/include/turtlesim/srv/detail/teleport_absolute__struct.h
[0.439s] -- Up-to-date: /home/hw_learn/ws_ros2/ws00_helloworld/install/turtlesim/include/turtlesim/srv/detail/teleport_absolute__type_support.h
[0.439s] -- Up-to-date: /home/hw_learn/ws_ros2/ws00_helloworld/install/turtlesim/include/turtlesim/srv/detail/teleport_relative__functions.c
[0.439s] -- Up-to-date: /home/hw_learn/ws_ros2/ws00_helloworld/install/turtlesim/include/turtlesim/srv/detail/teleport_relative__functions.h
[0.440s] -- Up-to-date: /home/hw_learn/ws_ros2/ws00_helloworld/install/turtlesim/include/turtlesim/srv/detail/teleport_relative__struct.h
[0.440s] -- Up-to-date: /home/hw_learn/ws_ros2/ws00_helloworld/install/turtlesim/include/turtlesim/srv/detail/teleport_relative__type_support.h
[0.440s] -- Up-to-date: /home/hw_learn/ws_ros2/ws00_helloworld/install/turtlesim/include/turtlesim/srv/set_pen.h
[0.440s] -- Up-to-date: /home/hw_learn/ws_ros2/ws00_helloworld/install/turtlesim/include/turtlesim/srv/spawn.h
[0.440s] -- Up-to-date: /home/hw_learn/ws_ros2/ws00_helloworld/install/turtlesim/include/turtlesim/srv/teleport_absolute.h
[0.440s] -- Up-to-date: /home/hw_learn/ws_ros2/ws00_helloworld/install/turtlesim/include/turtlesim/srv/teleport_relative.h
[0.440s] -- Up-to-date: /home/hw_learn/ws_ros2/ws00_helloworld/install/turtlesim/share/turtlesim/environment/library_path.sh
[0.440s] -- Up-to-date: /home/hw_learn/ws_ros2/ws00_helloworld/install/turtlesim/share/turtlesim/environment/library_path.dsv
[0.440s] -- Up-to-date: /home/hw_learn/ws_ros2/ws00_helloworld/install/turtlesim/lib/libturtlesim__rosidl_generator_c.so
[0.440s] -- Up-to-date: /home/hw_learn/ws_ros2/ws00_helloworld/install/turtlesim/include/turtlesim
[0.440s] -- Up-to-date: /home/hw_learn/ws_ros2/ws00_helloworld/install/turtlesim/include/turtlesim/msg
[0.440s] -- Up-to-date: /home/hw_learn/ws_ros2/ws00_helloworld/install/turtlesim/include/turtlesim/msg/rosidl_typesupport_fastrtps_c__visibility_control.h
[0.440s] -- Up-to-date: /home/hw_learn/ws_ros2/ws00_helloworld/install/turtlesim/include/turtlesim/msg/detail
[0.441s] -- Up-to-date: /home/hw_learn/ws_ros2/ws00_helloworld/install/turtlesim/include/turtlesim/msg/detail/color__rosidl_typesupport_fastrtps_c.h
[0.441s] -- Up-to-date: /home/hw_learn/ws_ros2/ws00_helloworld/install/turtlesim/include/turtlesim/msg/detail/pose__rosidl_typesupport_fastrtps_c.h
[0.441s] -- Up-to-date: /home/hw_learn/ws_ros2/ws00_helloworld/install/turtlesim/include/turtlesim/action
[0.441s] -- Up-to-date: /home/hw_learn/ws_ros2/ws00_helloworld/install/turtlesim/include/turtlesim/action/detail
[0.441s] -- Up-to-date: /home/hw_learn/ws_ros2/ws00_helloworld/install/turtlesim/include/turtlesim/action/detail/rotate_absolute__rosidl_typesupport_fastrtps_c.h
[0.441s] -- Up-to-date: /home/hw_learn/ws_ros2/ws00_helloworld/install/turtlesim/include/turtlesim/srv
[0.441s] -- Up-to-date: /home/hw_learn/ws_ros2/ws00_helloworld/install/turtlesim/include/turtlesim/srv/detail
[0.441s] -- Up-to-date: /home/hw_learn/ws_ros2/ws00_helloworld/install/turtlesim/include/turtlesim/srv/detail/kill__rosidl_typesupport_fastrtps_c.h
[0.441s] -- Up-to-date: /home/hw_learn/ws_ros2/ws00_helloworld/install/turtlesim/include/turtlesim/srv/detail/set_pen__rosidl_typesupport_fastrtps_c.h
[0.441s] -- Up-to-date: /home/hw_learn/ws_ros2/ws00_helloworld/install/turtlesim/include/turtlesim/srv/detail/spawn__rosidl_typesupport_fastrtps_c.h
[0.441s] -- Up-to-date: /home/hw_learn/ws_ros2/ws00_helloworld/install/turtlesim/include/turtlesim/srv/detail/teleport_absolute__rosidl_typesupport_fastrtps_c.h
[0.441s] -- Up-to-date: /home/hw_learn/ws_ros2/ws00_helloworld/install/turtlesim/include/turtlesim/srv/detail/teleport_relative__rosidl_typesupport_fastrtps_c.h
[0.441s] -- Up-to-date: /home/hw_learn/ws_ros2/ws00_helloworld/install/turtlesim/lib/libturtlesim__rosidl_typesupport_fastrtps_c.so
[0.442s] -- Up-to-date: /home/hw_learn/ws_ros2/ws00_helloworld/install/turtlesim/include/turtlesim
[0.442s] -- Up-to-date: /home/hw_learn/ws_ros2/ws00_helloworld/install/turtlesim/include/turtlesim/msg
[0.442s] -- Up-to-date: /home/hw_learn/ws_ros2/ws00_helloworld/install/turtlesim/include/turtlesim/msg/rosidl_typesupport_fastrtps_cpp__visibility_control.h
[0.442s] -- Up-to-date: /home/hw_learn/ws_ros2/ws00_helloworld/install/turtlesim/include/turtlesim/msg/detail
[0.442s] -- Up-to-date: /home/hw_learn/ws_ros2/ws00_helloworld/install/turtlesim/include/turtlesim/msg/detail/color__rosidl_typesupport_fastrtps_cpp.hpp
[0.442s] -- Up-to-date: /home/hw_learn/ws_ros2/ws00_helloworld/install/turtlesim/include/turtlesim/msg/detail/dds_fastrtps
[0.442s] -- Up-to-date: /home/hw_learn/ws_ros2/ws00_helloworld/install/turtlesim/include/turtlesim/msg/detail/pose__rosidl_typesupport_fastrtps_cpp.hpp
[0.442s] -- Up-to-date: /home/hw_learn/ws_ros2/ws00_helloworld/install/turtlesim/include/turtlesim/action
[0.442s] -- Up-to-date: /home/hw_learn/ws_ros2/ws00_helloworld/install/turtlesim/include/turtlesim/action/detail
[0.442s] -- Up-to-date: /home/hw_learn/ws_ros2/ws00_helloworld/install/turtlesim/include/turtlesim/action/detail/rotate_absolute__rosidl_typesupport_fastrtps_cpp.hpp
[0.442s] -- Up-to-date: /home/hw_learn/ws_ros2/ws00_helloworld/install/turtlesim/include/turtlesim/action/detail/dds_fastrtps
[0.442s] -- Up-to-date: /home/hw_learn/ws_ros2/ws00_helloworld/install/turtlesim/include/turtlesim/srv
[0.443s] -- Up-to-date: /home/hw_learn/ws_ros2/ws00_helloworld/install/turtlesim/include/turtlesim/srv/detail
[0.443s] -- Up-to-date: /home/hw_learn/ws_ros2/ws00_helloworld/install/turtlesim/include/turtlesim/srv/detail/kill__rosidl_typesupport_fastrtps_cpp.hpp
[0.443s] -- Up-to-date: /home/hw_learn/ws_ros2/ws00_helloworld/install/turtlesim/include/turtlesim/srv/detail/dds_fastrtps
[0.443s] -- Up-to-date: /home/hw_learn/ws_ros2/ws00_helloworld/install/turtlesim/include/turtlesim/srv/detail/set_pen__rosidl_typesupport_fastrtps_cpp.hpp
[0.443s] -- Up-to-date: /home/hw_learn/ws_ros2/ws00_helloworld/install/turtlesim/include/turtlesim/srv/detail/spawn__rosidl_typesupport_fastrtps_cpp.hpp
[0.443s] -- Up-to-date: /home/hw_learn/ws_ros2/ws00_helloworld/install/turtlesim/include/turtlesim/srv/detail/teleport_absolute__rosidl_typesupport_fastrtps_cpp.hpp
[0.443s] -- Up-to-date: /home/hw_learn/ws_ros2/ws00_helloworld/install/turtlesim/include/turtlesim/srv/detail/teleport_relative__rosidl_typesupport_fastrtps_cpp.hpp
[0.443s] -- Up-to-date: /home/hw_learn/ws_ros2/ws00_helloworld/install/turtlesim/lib/libturtlesim__rosidl_typesupport_fastrtps_cpp.so
[0.443s] -- Up-to-date: /home/hw_learn/ws_ros2/ws00_helloworld/install/turtlesim/include/turtlesim
[0.443s] -- Up-to-date: /home/hw_learn/ws_ros2/ws00_helloworld/install/turtlesim/include/turtlesim/msg
[0.443s] -- Up-to-date: /home/hw_learn/ws_ros2/ws00_helloworld/install/turtlesim/include/turtlesim/msg/rosidl_typesupport_introspection_c__visibility_control.h
[0.443s] -- Up-to-date: /home/hw_learn/ws_ros2/ws00_helloworld/install/turtlesim/include/turtlesim/msg/detail
[0.443s] -- Up-to-date: /home/hw_learn/ws_ros2/ws00_helloworld/install/turtlesim/include/turtlesim/msg/detail/color__rosidl_typesupport_introspection_c.h
[0.443s] -- Up-to-date: /home/hw_learn/ws_ros2/ws00_helloworld/install/turtlesim/include/turtlesim/msg/detail/color__type_support.c
[0.443s] -- Up-to-date: /home/hw_learn/ws_ros2/ws00_helloworld/install/turtlesim/include/turtlesim/msg/detail/pose__rosidl_typesupport_introspection_c.h
[0.444s] -- Up-to-date: /home/hw_learn/ws_ros2/ws00_helloworld/install/turtlesim/include/turtlesim/msg/detail/pose__type_support.c
[0.444s] -- Up-to-date: /home/hw_learn/ws_ros2/ws00_helloworld/install/turtlesim/include/turtlesim/action
[0.444s] -- Up-to-date: /home/hw_learn/ws_ros2/ws00_helloworld/install/turtlesim/include/turtlesim/action/detail
[0.444s] -- Up-to-date: /home/hw_learn/ws_ros2/ws00_helloworld/install/turtlesim/include/turtlesim/action/detail/rotate_absolute__rosidl_typesupport_introspection_c.h
[0.444s] -- Up-to-date: /home/hw_learn/ws_ros2/ws00_helloworld/install/turtlesim/include/turtlesim/action/detail/rotate_absolute__type_support.c
[0.444s] -- Up-to-date: /home/hw_learn/ws_ros2/ws00_helloworld/install/turtlesim/include/turtlesim/srv
[0.444s] -- Up-to-date: /home/hw_learn/ws_ros2/ws00_helloworld/install/turtlesim/include/turtlesim/srv/detail
[0.444s] -- Up-to-date: /home/hw_learn/ws_ros2/ws00_helloworld/install/turtlesim/include/turtlesim/srv/detail/kill__rosidl_typesupport_introspection_c.h
[0.444s] -- Up-to-date: /home/hw_learn/ws_ros2/ws00_helloworld/install/turtlesim/include/turtlesim/srv/detail/kill__type_support.c
[0.444s] -- Up-to-date: /home/hw_learn/ws_ros2/ws00_helloworld/install/turtlesim/include/turtlesim/srv/detail/set_pen__rosidl_typesupport_introspection_c.h
[0.444s] -- Up-to-date: /home/hw_learn/ws_ros2/ws00_helloworld/install/turtlesim/include/turtlesim/srv/detail/set_pen__type_support.c
[0.444s] -- Up-to-date: /home/hw_learn/ws_ros2/ws00_helloworld/install/turtlesim/include/turtlesim/srv/detail/spawn__rosidl_typesupport_introspection_c.h
[0.444s] -- Up-to-date: /home/hw_learn/ws_ros2/ws00_helloworld/install/turtlesim/include/turtlesim/srv/detail/spawn__type_support.c
[0.444s] -- Up-to-date: /home/hw_learn/ws_ros2/ws00_helloworld/install/turtlesim/include/turtlesim/srv/detail/teleport_absolute__rosidl_typesupport_introspection_c.h
[0.444s] -- Up-to-date: /home/hw_learn/ws_ros2/ws00_helloworld/install/turtlesim/include/turtlesim/srv/detail/teleport_absolute__type_support.c
[0.444s] -- Up-to-date: /home/hw_learn/ws_ros2/ws00_helloworld/install/turtlesim/include/turtlesim/srv/detail/teleport_relative__rosidl_typesupport_introspection_c.h
[0.444s] -- Up-to-date: /home/hw_learn/ws_ros2/ws00_helloworld/install/turtlesim/include/turtlesim/srv/detail/teleport_relative__type_support.c
[0.445s] -- Up-to-date: /home/hw_learn/ws_ros2/ws00_helloworld/install/turtlesim/lib/libturtlesim__rosidl_typesupport_introspection_c.so
[0.445s] -- Up-to-date: /home/hw_learn/ws_ros2/ws00_helloworld/install/turtlesim/lib/libturtlesim__rosidl_typesupport_c.so
[0.445s] -- Up-to-date: /home/hw_learn/ws_ros2/ws00_helloworld/install/turtlesim/include/turtlesim
[0.445s] -- Up-to-date: /home/hw_learn/ws_ros2/ws00_helloworld/install/turtlesim/include/turtlesim/action
[0.445s] -- Up-to-date: /home/hw_learn/ws_ros2/ws00_helloworld/install/turtlesim/include/turtlesim/action/rotate_absolute.hpp
[0.445s] -- Up-to-date: /home/hw_learn/ws_ros2/ws00_helloworld/install/turtlesim/include/turtlesim/action/detail
[0.445s] -- Up-to-date: /home/hw_learn/ws_ros2/ws00_helloworld/install/turtlesim/include/turtlesim/action/detail/rotate_absolute__builder.hpp
[0.445s] -- Up-to-date: /home/hw_learn/ws_ros2/ws00_helloworld/install/turtlesim/include/turtlesim/action/detail/rotate_absolute__struct.hpp
[0.445s] -- Up-to-date: /home/hw_learn/ws_ros2/ws00_helloworld/install/turtlesim/include/turtlesim/action/detail/rotate_absolute__traits.hpp
[0.445s] -- Up-to-date: /home/hw_learn/ws_ros2/ws00_helloworld/install/turtlesim/include/turtlesim/msg
[0.445s] -- Up-to-date: /home/hw_learn/ws_ros2/ws00_helloworld/install/turtlesim/include/turtlesim/msg/color.hpp
[0.445s] -- Up-to-date: /home/hw_learn/ws_ros2/ws00_helloworld/install/turtlesim/include/turtlesim/msg/detail
[0.445s] -- Up-to-date: /home/hw_learn/ws_ros2/ws00_helloworld/install/turtlesim/include/turtlesim/msg/detail/color__builder.hpp
[0.445s] -- Up-to-date: /home/hw_learn/ws_ros2/ws00_helloworld/install/turtlesim/include/turtlesim/msg/detail/color__struct.hpp
[0.445s] -- Up-to-date: /home/hw_learn/ws_ros2/ws00_helloworld/install/turtlesim/include/turtlesim/msg/detail/color__traits.hpp
[0.445s] -- Up-to-date: /home/hw_learn/ws_ros2/ws00_helloworld/install/turtlesim/include/turtlesim/msg/detail/pose__builder.hpp
[0.445s] -- Up-to-date: /home/hw_learn/ws_ros2/ws00_helloworld/install/turtlesim/include/turtlesim/msg/detail/pose__struct.hpp
[0.446s] -- Up-to-date: /home/hw_learn/ws_ros2/ws00_helloworld/install/turtlesim/include/turtlesim/msg/detail/pose__traits.hpp
[0.446s] -- Up-to-date: /home/hw_learn/ws_ros2/ws00_helloworld/install/turtlesim/include/turtlesim/msg/pose.hpp
[0.446s] -- Up-to-date: /home/hw_learn/ws_ros2/ws00_helloworld/install/turtlesim/include/turtlesim/srv
[0.446s] -- Up-to-date: /home/hw_learn/ws_ros2/ws00_helloworld/install/turtlesim/include/turtlesim/srv/kill.hpp
[0.446s] -- Up-to-date: /home/hw_learn/ws_ros2/ws00_helloworld/install/turtlesim/include/turtlesim/srv/detail
[0.446s] -- Up-to-date: /home/hw_learn/ws_ros2/ws00_helloworld/install/turtlesim/include/turtlesim/srv/detail/kill__builder.hpp
[0.446s] -- Up-to-date: /home/hw_learn/ws_ros2/ws00_helloworld/install/turtlesim/include/turtlesim/srv/detail/kill__struct.hpp
[0.446s] -- Up-to-date: /home/hw_learn/ws_ros2/ws00_helloworld/install/turtlesim/include/turtlesim/srv/detail/kill__traits.hpp
[0.446s] -- Up-to-date: /home/hw_learn/ws_ros2/ws00_helloworld/install/turtlesim/include/turtlesim/srv/detail/set_pen__builder.hpp
[0.446s] -- Up-to-date: /home/hw_learn/ws_ros2/ws00_helloworld/install/turtlesim/include/turtlesim/srv/detail/set_pen__struct.hpp
[0.446s] -- Up-to-date: /home/hw_learn/ws_ros2/ws00_helloworld/install/turtlesim/include/turtlesim/srv/detail/set_pen__traits.hpp
[0.446s] -- Up-to-date: /home/hw_learn/ws_ros2/ws00_helloworld/install/turtlesim/include/turtlesim/srv/detail/spawn__builder.hpp
[0.446s] -- Up-to-date: /home/hw_learn/ws_ros2/ws00_helloworld/install/turtlesim/include/turtlesim/srv/detail/spawn__struct.hpp
[0.446s] -- Up-to-date: /home/hw_learn/ws_ros2/ws00_helloworld/install/turtlesim/include/turtlesim/srv/detail/spawn__traits.hpp
[0.446s] -- Up-to-date: /home/hw_learn/ws_ros2/ws00_helloworld/install/turtlesim/include/turtlesim/srv/detail/teleport_absolute__builder.hpp
[0.446s] -- Up-to-date: /home/hw_learn/ws_ros2/ws00_helloworld/install/turtlesim/include/turtlesim/srv/detail/teleport_absolute__struct.hpp
[0.446s] -- Up-to-date: /home/hw_learn/ws_ros2/ws00_helloworld/install/turtlesim/include/turtlesim/srv/detail/teleport_absolute__traits.hpp
[0.447s] -- Up-to-date: /home/hw_learn/ws_ros2/ws00_helloworld/install/turtlesim/include/turtlesim/srv/detail/teleport_relative__builder.hpp
[0.447s] -- Up-to-date: /home/hw_learn/ws_ros2/ws00_helloworld/install/turtlesim/include/turtlesim/srv/detail/teleport_relative__struct.hpp
[0.447s] -- Up-to-date: /home/hw_learn/ws_ros2/ws00_helloworld/install/turtlesim/include/turtlesim/srv/detail/teleport_relative__traits.hpp
[0.447s] -- Up-to-date: /home/hw_learn/ws_ros2/ws00_helloworld/install/turtlesim/include/turtlesim/srv/set_pen.hpp
[0.447s] -- Up-to-date: /home/hw_learn/ws_ros2/ws00_helloworld/install/turtlesim/include/turtlesim/srv/spawn.hpp
[0.447s] -- Up-to-date: /home/hw_learn/ws_ros2/ws00_helloworld/install/turtlesim/include/turtlesim/srv/teleport_absolute.hpp
[0.447s] -- Up-to-date: /home/hw_learn/ws_ros2/ws00_helloworld/install/turtlesim/include/turtlesim/srv/teleport_relative.hpp
[0.447s] -- Up-to-date: /home/hw_learn/ws_ros2/ws00_helloworld/install/turtlesim/include/turtlesim
[0.447s] -- Up-to-date: /home/hw_learn/ws_ros2/ws00_helloworld/install/turtlesim/include/turtlesim/action
[0.447s] -- Up-to-date: /home/hw_learn/ws_ros2/ws00_helloworld/install/turtlesim/include/turtlesim/action/detail
[0.447s] -- Up-to-date: /home/hw_learn/ws_ros2/ws00_helloworld/install/turtlesim/include/turtlesim/action/detail/rotate_absolute__rosidl_typesupport_introspection_cpp.hpp
[0.447s] -- Up-to-date: /home/hw_learn/ws_ros2/ws00_helloworld/install/turtlesim/include/turtlesim/action/detail/rotate_absolute__type_support.cpp
[0.447s] -- Up-to-date: /home/hw_learn/ws_ros2/ws00_helloworld/install/turtlesim/include/turtlesim/msg
[0.447s] -- Up-to-date: /home/hw_learn/ws_ros2/ws00_helloworld/install/turtlesim/include/turtlesim/msg/detail
[0.447s] -- Up-to-date: /home/hw_learn/ws_ros2/ws00_helloworld/install/turtlesim/include/turtlesim/msg/detail/color__rosidl_typesupport_introspection_cpp.hpp
[0.447s] -- Up-to-date: /home/hw_learn/ws_ros2/ws00_helloworld/install/turtlesim/include/turtlesim/msg/detail/color__type_support.cpp
[0.447s] -- Up-to-date: /home/hw_learn/ws_ros2/ws00_helloworld/install/turtlesim/include/turtlesim/msg/detail/pose__rosidl_typesupport_introspection_cpp.hpp
[0.448s] -- Up-to-date: /home/hw_learn/ws_ros2/ws00_helloworld/install/turtlesim/include/turtlesim/msg/detail/pose__type_support.cpp
[0.448s] -- Up-to-date: /home/hw_learn/ws_ros2/ws00_helloworld/install/turtlesim/include/turtlesim/srv
[0.448s] -- Up-to-date: /home/hw_learn/ws_ros2/ws00_helloworld/install/turtlesim/include/turtlesim/srv/detail
[0.448s] -- Up-to-date: /home/hw_learn/ws_ros2/ws00_helloworld/install/turtlesim/include/turtlesim/srv/detail/kill__rosidl_typesupport_introspection_cpp.hpp
[0.448s] -- Up-to-date: /home/hw_learn/ws_ros2/ws00_helloworld/install/turtlesim/include/turtlesim/srv/detail/kill__type_support.cpp
[0.448s] -- Up-to-date: /home/hw_learn/ws_ros2/ws00_helloworld/install/turtlesim/include/turtlesim/srv/detail/set_pen__rosidl_typesupport_introspection_cpp.hpp
[0.448s] -- Up-to-date: /home/hw_learn/ws_ros2/ws00_helloworld/install/turtlesim/include/turtlesim/srv/detail/set_pen__type_support.cpp
[0.448s] -- Up-to-date: /home/hw_learn/ws_ros2/ws00_helloworld/install/turtlesim/include/turtlesim/srv/detail/spawn__rosidl_typesupport_introspection_cpp.hpp
[0.448s] -- Up-to-date: /home/hw_learn/ws_ros2/ws00_helloworld/install/turtlesim/include/turtlesim/srv/detail/spawn__type_support.cpp
[0.448s] -- Up-to-date: /home/hw_learn/ws_ros2/ws00_helloworld/install/turtlesim/include/turtlesim/srv/detail/teleport_absolute__rosidl_typesupport_introspection_cpp.hpp
[0.448s] -- Up-to-date: /home/hw_learn/ws_ros2/ws00_helloworld/install/turtlesim/include/turtlesim/srv/detail/teleport_absolute__type_support.cpp
[0.448s] -- Up-to-date: /home/hw_learn/ws_ros2/ws00_helloworld/install/turtlesim/include/turtlesim/srv/detail/teleport_relative__rosidl_typesupport_introspection_cpp.hpp
[0.448s] -- Up-to-date: /home/hw_learn/ws_ros2/ws00_helloworld/install/turtlesim/include/turtlesim/srv/detail/teleport_relative__type_support.cpp
[0.448s] -- Up-to-date: /home/hw_learn/ws_ros2/ws00_helloworld/install/turtlesim/lib/libturtlesim__rosidl_typesupport_introspection_cpp.so
[0.448s] -- Up-to-date: /home/hw_learn/ws_ros2/ws00_helloworld/install/turtlesim/lib/libturtlesim__rosidl_typesupport_cpp.so
[0.448s] -- Up-to-date: /home/hw_learn/ws_ros2/ws00_helloworld/install/turtlesim/share/turtlesim/environment/pythonpath.sh
[0.448s] -- Up-to-date: /home/hw_learn/ws_ros2/ws00_helloworld/install/turtlesim/share/turtlesim/environment/pythonpath.dsv
[0.449s] -- Up-to-date: /home/hw_learn/ws_ros2/ws00_helloworld/install/turtlesim/lib/python3.8/site-packages/turtlesim/__init__.py
[0.480s] -- Up-to-date: /home/hw_learn/ws_ros2/ws00_helloworld/install/turtlesim/lib/python3.8/site-packages/turtlesim/action
[0.480s] -- Up-to-date: /home/hw_learn/ws_ros2/ws00_helloworld/install/turtlesim/lib/python3.8/site-packages/turtlesim/action/_rotate_absolute.py
[0.480s] -- Up-to-date: /home/hw_learn/ws_ros2/ws00_helloworld/install/turtlesim/lib/python3.8/site-packages/turtlesim/action/_rotate_absolute_s.c
[0.480s] -- Up-to-date: /home/hw_learn/ws_ros2/ws00_helloworld/install/turtlesim/lib/python3.8/site-packages/turtlesim/action/__init__.py
[0.480s] -- Up-to-date: /home/hw_learn/ws_ros2/ws00_helloworld/install/turtlesim/lib/python3.8/site-packages/turtlesim/msg
[0.480s] -- Up-to-date: /home/hw_learn/ws_ros2/ws00_helloworld/install/turtlesim/lib/python3.8/site-packages/turtlesim/msg/_color.py
[0.480s] -- Up-to-date: /home/hw_learn/ws_ros2/ws00_helloworld/install/turtlesim/lib/python3.8/site-packages/turtlesim/msg/_color_s.c
[0.480s] -- Up-to-date: /home/hw_learn/ws_ros2/ws00_helloworld/install/turtlesim/lib/python3.8/site-packages/turtlesim/msg/_pose.py
[0.480s] -- Up-to-date: /home/hw_learn/ws_ros2/ws00_helloworld/install/turtlesim/lib/python3.8/site-packages/turtlesim/msg/_pose_s.c
[0.480s] -- Up-to-date: /home/hw_learn/ws_ros2/ws00_helloworld/install/turtlesim/lib/python3.8/site-packages/turtlesim/msg/__init__.py
[0.480s] -- Up-to-date: /home/hw_learn/ws_ros2/ws00_helloworld/install/turtlesim/lib/python3.8/site-packages/turtlesim/srv
[0.480s] -- Up-to-date: /home/hw_learn/ws_ros2/ws00_helloworld/install/turtlesim/lib/python3.8/site-packages/turtlesim/srv/_kill.py
[0.480s] -- Up-to-date: /home/hw_learn/ws_ros2/ws00_helloworld/install/turtlesim/lib/python3.8/site-packages/turtlesim/srv/_kill_s.c
[0.480s] -- Up-to-date: /home/hw_learn/ws_ros2/ws00_helloworld/install/turtlesim/lib/python3.8/site-packages/turtlesim/srv/_set_pen.py
[0.480s] -- Up-to-date: /home/hw_learn/ws_ros2/ws00_helloworld/install/turtlesim/lib/python3.8/site-packages/turtlesim/srv/_set_pen_s.c
[0.481s] -- Up-to-date: /home/hw_learn/ws_ros2/ws00_helloworld/install/turtlesim/lib/python3.8/site-packages/turtlesim/srv/_spawn.py
[0.481s] -- Up-to-date: /home/hw_learn/ws_ros2/ws00_helloworld/install/turtlesim/lib/python3.8/site-packages/turtlesim/srv/_spawn_s.c
[0.481s] -- Up-to-date: /home/hw_learn/ws_ros2/ws00_helloworld/install/turtlesim/lib/python3.8/site-packages/turtlesim/srv/_teleport_absolute.py
[0.481s] -- Up-to-date: /home/hw_learn/ws_ros2/ws00_helloworld/install/turtlesim/lib/python3.8/site-packages/turtlesim/srv/_teleport_absolute_s.c
[0.481s] -- Up-to-date: /home/hw_learn/ws_ros2/ws00_helloworld/install/turtlesim/lib/python3.8/site-packages/turtlesim/srv/_teleport_relative.py
[0.481s] -- Up-to-date: /home/hw_learn/ws_ros2/ws00_helloworld/install/turtlesim/lib/python3.8/site-packages/turtlesim/srv/_teleport_relative_s.c
[0.481s] -- Up-to-date: /home/hw_learn/ws_ros2/ws00_helloworld/install/turtlesim/lib/python3.8/site-packages/turtlesim/srv/__init__.py
[0.481s] -- Up-to-date: /home/hw_learn/ws_ros2/ws00_helloworld/install/turtlesim/lib/python3.8/site-packages/turtlesim/turtlesim_s__rosidl_typesupport_fastrtps_c.cpython-38-x86_64-linux-gnu.so
[0.481s] -- Up-to-date: /home/hw_learn/ws_ros2/ws00_helloworld/install/turtlesim/lib/python3.8/site-packages/turtlesim/turtlesim_s__rosidl_typesupport_introspection_c.cpython-38-x86_64-linux-gnu.so
[0.481s] -- Up-to-date: /home/hw_learn/ws_ros2/ws00_helloworld/install/turtlesim/lib/python3.8/site-packages/turtlesim/turtlesim_s__rosidl_typesupport_c.cpython-38-x86_64-linux-gnu.so
[0.482s] -- Up-to-date: /home/hw_learn/ws_ros2/ws00_helloworld/install/turtlesim/lib/libturtlesim__python.so
[0.482s] -- Up-to-date: /home/hw_learn/ws_ros2/ws00_helloworld/install/turtlesim/share/turtlesim/action/RotateAbsolute.idl
[0.482s] -- Up-to-date: /home/hw_learn/ws_ros2/ws00_helloworld/install/turtlesim/share/turtlesim/msg/Color.idl
[0.482s] -- Up-to-date: /home/hw_learn/ws_ros2/ws00_helloworld/install/turtlesim/share/turtlesim/msg/Pose.idl
[0.482s] -- Up-to-date: /home/hw_learn/ws_ros2/ws00_helloworld/install/turtlesim/share/turtlesim/srv/Kill.idl
[0.482s] -- Up-to-date: /home/hw_learn/ws_ros2/ws00_helloworld/install/turtlesim/share/turtlesim/srv/SetPen.idl
[0.482s] -- Up-to-date: /home/hw_learn/ws_ros2/ws00_helloworld/install/turtlesim/share/turtlesim/srv/Spawn.idl
[0.482s] -- Up-to-date: /home/hw_learn/ws_ros2/ws00_helloworld/install/turtlesim/share/turtlesim/srv/TeleportAbsolute.idl
[0.482s] -- Up-to-date: /home/hw_learn/ws_ros2/ws00_helloworld/install/turtlesim/share/turtlesim/srv/TeleportRelative.idl
[0.482s] -- Up-to-date: /home/hw_learn/ws_ros2/ws00_helloworld/install/turtlesim/share/turtlesim/action/RotateAbsolute.action
[0.483s] -- Up-to-date: /home/hw_learn/ws_ros2/ws00_helloworld/install/turtlesim/share/turtlesim/msg/Color.msg
[0.483s] -- Up-to-date: /home/hw_learn/ws_ros2/ws00_helloworld/install/turtlesim/share/turtlesim/msg/Pose.msg
[0.483s] -- Up-to-date: /home/hw_learn/ws_ros2/ws00_helloworld/install/turtlesim/share/turtlesim/srv/Kill.srv
[0.483s] -- Up-to-date: /home/hw_learn/ws_ros2/ws00_helloworld/install/turtlesim/share/turtlesim/srv/Kill_Request.msg
[0.483s] -- Up-to-date: /home/hw_learn/ws_ros2/ws00_helloworld/install/turtlesim/share/turtlesim/srv/Kill_Response.msg
[0.483s] -- Up-to-date: /home/hw_learn/ws_ros2/ws00_helloworld/install/turtlesim/share/turtlesim/srv/SetPen.srv
[0.483s] -- Up-to-date: /home/hw_learn/ws_ros2/ws00_helloworld/install/turtlesim/share/turtlesim/srv/SetPen_Request.msg
[0.483s] -- Up-to-date: /home/hw_learn/ws_ros2/ws00_helloworld/install/turtlesim/share/turtlesim/srv/SetPen_Response.msg
[0.483s] -- Up-to-date: /home/hw_learn/ws_ros2/ws00_helloworld/install/turtlesim/share/turtlesim/srv/Spawn.srv
[0.483s] -- Up-to-date: /home/hw_learn/ws_ros2/ws00_helloworld/install/turtlesim/share/turtlesim/srv/Spawn_Request.msg
[0.483s] -- Up-to-date: /home/hw_learn/ws_ros2/ws00_helloworld/install/turtlesim/share/turtlesim/srv/Spawn_Response.msg
[0.483s] -- Up-to-date: /home/hw_learn/ws_ros2/ws00_helloworld/install/turtlesim/share/turtlesim/srv/TeleportAbsolute.srv
[0.483s] -- Up-to-date: /home/hw_learn/ws_ros2/ws00_helloworld/install/turtlesim/share/turtlesim/srv/TeleportAbsolute_Request.msg
[0.483s] -- Up-to-date: /home/hw_learn/ws_ros2/ws00_helloworld/install/turtlesim/share/turtlesim/srv/TeleportAbsolute_Response.msg
[0.484s] -- Up-to-date: /home/hw_learn/ws_ros2/ws00_helloworld/install/turtlesim/share/turtlesim/srv/TeleportRelative.srv
[0.484s] -- Up-to-date: /home/hw_learn/ws_ros2/ws00_helloworld/install/turtlesim/share/turtlesim/srv/TeleportRelative_Request.msg
[0.484s] -- Up-to-date: /home/hw_learn/ws_ros2/ws00_helloworld/install/turtlesim/share/turtlesim/srv/TeleportRelative_Response.msg
[0.484s] -- Up-to-date: /home/hw_learn/ws_ros2/ws00_helloworld/install/turtlesim/lib/turtlesim/turtlesim_node
[0.484s] -- Up-to-date: /home/hw_learn/ws_ros2/ws00_helloworld/install/turtlesim/lib/turtlesim/turtle_teleop_key
[0.484s] -- Up-to-date: /home/hw_learn/ws_ros2/ws00_helloworld/install/turtlesim/lib/turtlesim/draw_square
[0.484s] -- Up-to-date: /home/hw_learn/ws_ros2/ws00_helloworld/install/turtlesim/lib/turtlesim/mimic
[0.484s] -- Up-to-date: /home/hw_learn/ws_ros2/ws00_helloworld/install/turtlesim/share/turtlesim/images
[0.484s] -- Up-to-date: /home/hw_learn/ws_ros2/ws00_helloworld/install/turtlesim/share/turtlesim/images/ardent.png
[0.484s] -- Up-to-date: /home/hw_learn/ws_ros2/ws00_helloworld/install/turtlesim/share/turtlesim/images/bouncy.png
[0.484s] -- Up-to-date: /home/hw_learn/ws_ros2/ws00_helloworld/install/turtlesim/share/turtlesim/images/crystal.png
[0.484s] -- Up-to-date: /home/hw_learn/ws_ros2/ws00_helloworld/install/turtlesim/share/turtlesim/images/dashing.png
[0.485s] -- Up-to-date: /home/hw_learn/ws_ros2/ws00_helloworld/install/turtlesim/share/turtlesim/images/eloquent.png
[0.485s] -- Up-to-date: /home/hw_learn/ws_ros2/ws00_helloworld/install/turtlesim/share/turtlesim/images/foxy.png
[0.485s] -- Up-to-date: /home/hw_learn/ws_ros2/ws00_helloworld/install/turtlesim/share/turtlesim/launch
[0.485s] -- Up-to-date: /home/hw_learn/ws_ros2/ws00_helloworld/install/turtlesim/share/turtlesim/launch/multisim.launch.py
[0.485s] -- Up-to-date: /home/hw_learn/ws_ros2/ws00_helloworld/install/turtlesim/share/ament_index/resource_index/package_run_dependencies/turtlesim
[0.485s] -- Up-to-date: /home/hw_learn/ws_ros2/ws00_helloworld/install/turtlesim/share/ament_index/resource_index/parent_prefix_path/turtlesim
[0.485s] -- Up-to-date: /home/hw_learn/ws_ros2/ws00_helloworld/install/turtlesim/share/turtlesim/environment/ament_prefix_path.sh
[0.485s] -- Up-to-date: /home/hw_learn/ws_ros2/ws00_helloworld/install/turtlesim/share/turtlesim/environment/ament_prefix_path.dsv
[0.485s] -- Up-to-date: /home/hw_learn/ws_ros2/ws00_helloworld/install/turtlesim/share/turtlesim/environment/path.sh
[0.485s] -- Up-to-date: /home/hw_learn/ws_ros2/ws00_helloworld/install/turtlesim/share/turtlesim/environment/path.dsv
[0.485s] -- Up-to-date: /home/hw_learn/ws_ros2/ws00_helloworld/install/turtlesim/share/turtlesim/local_setup.bash
[0.485s] -- Up-to-date: /home/hw_learn/ws_ros2/ws00_helloworld/install/turtlesim/share/turtlesim/local_setup.sh
[0.485s] -- Up-to-date: /home/hw_learn/ws_ros2/ws00_helloworld/install/turtlesim/share/turtlesim/local_setup.zsh
[0.485s] -- Up-to-date: /home/hw_learn/ws_ros2/ws00_helloworld/install/turtlesim/share/turtlesim/local_setup.dsv
[0.485s] -- Installing: /home/hw_learn/ws_ros2/ws00_helloworld/install/turtlesim/share/turtlesim/package.dsv
[0.486s] -- Up-to-date: /home/hw_learn/ws_ros2/ws00_helloworld/install/turtlesim/share/ament_index/resource_index/packages/turtlesim
[0.488s] -- Up-to-date: /home/hw_learn/ws_ros2/ws00_helloworld/install/turtlesim/share/turtlesim/cmake/turtlesim__rosidl_generator_cExport.cmake
[0.488s] -- Up-to-date: /home/hw_learn/ws_ros2/ws00_helloworld/install/turtlesim/share/turtlesim/cmake/turtlesim__rosidl_generator_cExport-noconfig.cmake
[0.488s] -- Up-to-date: /home/hw_learn/ws_ros2/ws00_helloworld/install/turtlesim/share/turtlesim/cmake/turtlesim__rosidl_typesupport_introspection_cExport.cmake
[0.488s] -- Up-to-date: /home/hw_learn/ws_ros2/ws00_helloworld/install/turtlesim/share/turtlesim/cmake/turtlesim__rosidl_typesupport_introspection_cExport-noconfig.cmake
[0.489s] -- Up-to-date: /home/hw_learn/ws_ros2/ws00_helloworld/install/turtlesim/share/turtlesim/cmake/turtlesim__rosidl_typesupport_cExport.cmake
[0.489s] -- Up-to-date: /home/hw_learn/ws_ros2/ws00_helloworld/install/turtlesim/share/turtlesim/cmake/turtlesim__rosidl_typesupport_cExport-noconfig.cmake
[0.489s] -- Up-to-date: /home/hw_learn/ws_ros2/ws00_helloworld/install/turtlesim/share/turtlesim/cmake/turtlesim__rosidl_generator_cppExport.cmake
[0.489s] -- Up-to-date: /home/hw_learn/ws_ros2/ws00_helloworld/install/turtlesim/share/turtlesim/cmake/turtlesim__rosidl_typesupport_introspection_cppExport.cmake
[0.489s] -- Up-to-date: /home/hw_learn/ws_ros2/ws00_helloworld/install/turtlesim/share/turtlesim/cmake/turtlesim__rosidl_typesupport_introspection_cppExport-noconfig.cmake
[0.489s] -- Up-to-date: /home/hw_learn/ws_ros2/ws00_helloworld/install/turtlesim/share/turtlesim/cmake/turtlesim__rosidl_typesupport_cppExport.cmake
[0.489s] -- Up-to-date: /home/hw_learn/ws_ros2/ws00_helloworld/install/turtlesim/share/turtlesim/cmake/turtlesim__rosidl_typesupport_cppExport-noconfig.cmake
[0.490s] -- Up-to-date: /home/hw_learn/ws_ros2/ws00_helloworld/install/turtlesim/share/turtlesim/cmake/rosidl_cmake-extras.cmake
[0.490s] -- Up-to-date: /home/hw_learn/ws_ros2/ws00_helloworld/install/turtlesim/share/turtlesim/cmake/ament_cmake_export_dependencies-extras.cmake
[0.490s] -- Up-to-date: /home/hw_learn/ws_ros2/ws00_helloworld/install/turtlesim/share/turtlesim/cmake/ament_cmake_export_libraries-extras.cmake
[0.490s] -- Up-to-date: /home/hw_learn/ws_ros2/ws00_helloworld/install/turtlesim/share/turtlesim/cmake/ament_cmake_export_targets-extras.cmake
[0.490s] -- Up-to-date: /home/hw_learn/ws_ros2/ws00_helloworld/install/turtlesim/share/turtlesim/cmake/ament_cmake_export_include_directories-extras.cmake
[0.490s] -- Up-to-date: /home/hw_learn/ws_ros2/ws00_helloworld/install/turtlesim/share/turtlesim/cmake/rosidl_cmake_export_typesupport_libraries-extras.cmake
[0.490s] -- Up-to-date: /home/hw_learn/ws_ros2/ws00_helloworld/install/turtlesim/share/turtlesim/cmake/rosidl_cmake_export_typesupport_targets-extras.cmake
[0.490s] -- Up-to-date: /home/hw_learn/ws_ros2/ws00_helloworld/install/turtlesim/share/turtlesim/cmake/turtlesimConfig.cmake
[0.490s] -- Up-to-date: /home/hw_learn/ws_ros2/ws00_helloworld/install/turtlesim/share/turtlesim/cmake/turtlesimConfig-version.cmake
[0.490s] -- Up-to-date: /home/hw_learn/ws_ros2/ws00_helloworld/install/turtlesim/share/turtlesim/package.xml
[0.494s] Invoked command in '/home/hw_learn/ws_ros2/ws00_helloworld/build/turtlesim' returned '0': CMAKE_PREFIX_PATH=${CMAKE_PREFIX_PATH}:/home/hw_learn/dev_ws/install/learning_urdf:/home/hw_learn/dev_ws/install/learning_topic:/home/hw_learn/dev_ws/install/learning_tf:/home/hw_learn/dev_ws/install/learning_service:/home/hw_learn/dev_ws/install/learning_qos:/home/hw_learn/dev_ws/install/learning_pkg_python:/home/hw_learn/dev_ws/install/learning_parameter:/home/hw_learn/dev_ws/install/learning_node:/home/hw_learn/dev_ws/install/learning_launch:/home/hw_learn/dev_ws/install/learning_action:/home/hw_learn/dev_ws/install/learning_gazebo /usr/bin/cmake --install /home/hw_learn/ws_ros2/ws00_helloworld/build/turtlesim
