[0.032s] Invoking command in '/home/hw_learn/ws_ros2/ws01_plumbing/build/base_interfaces_demo': CMAKE_PREFIX_PATH=${CMAKE_PREFIX_PATH}:/home/hw_learn/dev_ws/install/learning_urdf:/home/hw_learn/dev_ws/install/learning_topic:/home/hw_learn/dev_ws/install/learning_tf:/home/hw_learn/dev_ws/install/learning_service:/home/hw_learn/dev_ws/install/learning_qos:/home/hw_learn/dev_ws/install/learning_pkg_python:/home/hw_learn/dev_ws/install/learning_parameter:/home/hw_learn/dev_ws/install/learning_node:/home/hw_learn/dev_ws/install/learning_launch:/home/hw_learn/dev_ws/install/learning_action:/home/hw_learn/dev_ws/install/learning_gazebo /usr/bin/cmake /home/hw_learn/ws_ros2/ws01_plumbing/src/base_interfaces_demo -DCMAKE_INSTALL_PREFIX=/home/hw_learn/ws_ros2/ws01_plumbing/install/base_interfaces_demo
[0.093s] -- The C compiler identification is GNU 9.4.0
[0.145s] -- The CXX compiler identification is GNU 9.4.0
[0.150s] -- Check for working C compiler: /usr/bin/cc
[0.211s] -- Check for working C compiler: /usr/bin/cc -- works
[0.212s] -- Detecting C compiler ABI info
[0.270s] -- Detecting C compiler ABI info - done
[0.280s] -- Detecting C compile features
[0.280s] -- Detecting C compile features - done
[0.283s] -- Check for working CXX compiler: /usr/bin/c++
[0.352s] -- Check for working CXX compiler: /usr/bin/c++ -- works
[0.353s] -- Detecting CXX compiler ABI info
[0.422s] -- Detecting CXX compiler ABI info - done
[0.434s] -- Detecting CXX compile features
[0.434s] -- Detecting CXX compile features - done
[0.436s] -- Found ament_cmake: 0.9.9 (/opt/ros/foxy/share/ament_cmake/cmake)
[0.462s] -- Found PythonInterp: /usr/bin/python3 (found suitable version "3.8.10", minimum required is "3") 
[0.462s] -- Using PYTHON_EXECUTABLE: /usr/bin/python3
[0.630s] -- Found ament_lint_auto: 0.9.6 (/opt/ros/foxy/share/ament_lint_auto/cmake)
[0.699s] -- Added test 'copyright' to check source files copyright and LICENSE
[0.700s] -- Added test 'lint_cmake' to check CMake code style
[0.701s] -- Added test 'xmllint' to check XML markup files
[0.704s] -- Configuring done
[0.706s] -- Generating done
[0.707s] -- Build files have been written to: /home/hw_learn/ws_ros2/ws01_plumbing/build/base_interfaces_demo
[0.710s] Invoked command in '/home/hw_learn/ws_ros2/ws01_plumbing/build/base_interfaces_demo' returned '0': CMAKE_PREFIX_PATH=${CMAKE_PREFIX_PATH}:/home/hw_learn/dev_ws/install/learning_urdf:/home/hw_learn/dev_ws/install/learning_topic:/home/hw_learn/dev_ws/install/learning_tf:/home/hw_learn/dev_ws/install/learning_service:/home/hw_learn/dev_ws/install/learning_qos:/home/hw_learn/dev_ws/install/learning_pkg_python:/home/hw_learn/dev_ws/install/learning_parameter:/home/hw_learn/dev_ws/install/learning_node:/home/hw_learn/dev_ws/install/learning_launch:/home/hw_learn/dev_ws/install/learning_action:/home/hw_learn/dev_ws/install/learning_gazebo /usr/bin/cmake /home/hw_learn/ws_ros2/ws01_plumbing/src/base_interfaces_demo -DCMAKE_INSTALL_PREFIX=/home/hw_learn/ws_ros2/ws01_plumbing/install/base_interfaces_demo
[0.713s] Invoking command in '/home/hw_learn/ws_ros2/ws01_plumbing/build/base_interfaces_demo': CMAKE_PREFIX_PATH=${CMAKE_PREFIX_PATH}:/home/hw_learn/dev_ws/install/learning_urdf:/home/hw_learn/dev_ws/install/learning_topic:/home/hw_learn/dev_ws/install/learning_tf:/home/hw_learn/dev_ws/install/learning_service:/home/hw_learn/dev_ws/install/learning_qos:/home/hw_learn/dev_ws/install/learning_pkg_python:/home/hw_learn/dev_ws/install/learning_parameter:/home/hw_learn/dev_ws/install/learning_node:/home/hw_learn/dev_ws/install/learning_launch:/home/hw_learn/dev_ws/install/learning_action:/home/hw_learn/dev_ws/install/learning_gazebo /usr/bin/cmake --build /home/hw_learn/ws_ros2/ws01_plumbing/build/base_interfaces_demo -- -j128 -l128
[0.746s] Invoked command in '/home/hw_learn/ws_ros2/ws01_plumbing/build/base_interfaces_demo' returned '0': CMAKE_PREFIX_PATH=${CMAKE_PREFIX_PATH}:/home/hw_learn/dev_ws/install/learning_urdf:/home/hw_learn/dev_ws/install/learning_topic:/home/hw_learn/dev_ws/install/learning_tf:/home/hw_learn/dev_ws/install/learning_service:/home/hw_learn/dev_ws/install/learning_qos:/home/hw_learn/dev_ws/install/learning_pkg_python:/home/hw_learn/dev_ws/install/learning_parameter:/home/hw_learn/dev_ws/install/learning_node:/home/hw_learn/dev_ws/install/learning_launch:/home/hw_learn/dev_ws/install/learning_action:/home/hw_learn/dev_ws/install/learning_gazebo /usr/bin/cmake --build /home/hw_learn/ws_ros2/ws01_plumbing/build/base_interfaces_demo -- -j128 -l128
[0.773s] Invoking command in '/home/hw_learn/ws_ros2/ws01_plumbing/build/base_interfaces_demo': CMAKE_PREFIX_PATH=${CMAKE_PREFIX_PATH}:/home/hw_learn/dev_ws/install/learning_urdf:/home/hw_learn/dev_ws/install/learning_topic:/home/hw_learn/dev_ws/install/learning_tf:/home/hw_learn/dev_ws/install/learning_service:/home/hw_learn/dev_ws/install/learning_qos:/home/hw_learn/dev_ws/install/learning_pkg_python:/home/hw_learn/dev_ws/install/learning_parameter:/home/hw_learn/dev_ws/install/learning_node:/home/hw_learn/dev_ws/install/learning_launch:/home/hw_learn/dev_ws/install/learning_action:/home/hw_learn/dev_ws/install/learning_gazebo /usr/bin/cmake --install /home/hw_learn/ws_ros2/ws01_plumbing/build/base_interfaces_demo
[0.779s] -- Install configuration: ""
[0.779s] -- Installing: /home/hw_learn/ws_ros2/ws01_plumbing/install/base_interfaces_demo/share/ament_index/resource_index/package_run_dependencies/base_interfaces_demo
[0.782s] -- Installing: /home/hw_learn/ws_ros2/ws01_plumbing/install/base_interfaces_demo/share/ament_index/resource_index/parent_prefix_path/base_interfaces_demo
[0.783s] -- Installing: /home/hw_learn/ws_ros2/ws01_plumbing/install/base_interfaces_demo/share/base_interfaces_demo/environment/ament_prefix_path.sh
[0.783s] -- Installing: /home/hw_learn/ws_ros2/ws01_plumbing/install/base_interfaces_demo/share/base_interfaces_demo/environment/ament_prefix_path.dsv
[0.783s] -- Installing: /home/hw_learn/ws_ros2/ws01_plumbing/install/base_interfaces_demo/share/base_interfaces_demo/environment/path.sh
[0.783s] -- Installing: /home/hw_learn/ws_ros2/ws01_plumbing/install/base_interfaces_demo/share/base_interfaces_demo/environment/path.dsv
[0.783s] -- Installing: /home/hw_learn/ws_ros2/ws01_plumbing/install/base_interfaces_demo/share/base_interfaces_demo/local_setup.bash
[0.783s] -- Installing: /home/hw_learn/ws_ros2/ws01_plumbing/install/base_interfaces_demo/share/base_interfaces_demo/local_setup.sh
[0.783s] -- Installing: /home/hw_learn/ws_ros2/ws01_plumbing/install/base_interfaces_demo/share/base_interfaces_demo/local_setup.zsh
[0.783s] -- Installing: /home/hw_learn/ws_ros2/ws01_plumbing/install/base_interfaces_demo/share/base_interfaces_demo/local_setup.dsv
[0.784s] -- Installing: /home/hw_learn/ws_ros2/ws01_plumbing/install/base_interfaces_demo/share/base_interfaces_demo/package.dsv
[0.784s] -- Installing: /home/hw_learn/ws_ros2/ws01_plumbing/install/base_interfaces_demo/share/ament_index/resource_index/packages/base_interfaces_demo
[0.784s] -- Installing: /home/hw_learn/ws_ros2/ws01_plumbing/install/base_interfaces_demo/share/base_interfaces_demo/cmake/base_interfaces_demoConfig.cmake
[0.784s] -- Installing: /home/hw_learn/ws_ros2/ws01_plumbing/install/base_interfaces_demo/share/base_interfaces_demo/cmake/base_interfaces_demoConfig-version.cmake
[0.784s] -- Installing: /home/hw_learn/ws_ros2/ws01_plumbing/install/base_interfaces_demo/share/base_interfaces_demo/package.xml
[0.787s] Invoked command in '/home/hw_learn/ws_ros2/ws01_plumbing/build/base_interfaces_demo' returned '0': CMAKE_PREFIX_PATH=${CMAKE_PREFIX_PATH}:/home/hw_learn/dev_ws/install/learning_urdf:/home/hw_learn/dev_ws/install/learning_topic:/home/hw_learn/dev_ws/install/learning_tf:/home/hw_learn/dev_ws/install/learning_service:/home/hw_learn/dev_ws/install/learning_qos:/home/hw_learn/dev_ws/install/learning_pkg_python:/home/hw_learn/dev_ws/install/learning_parameter:/home/hw_learn/dev_ws/install/learning_node:/home/hw_learn/dev_ws/install/learning_launch:/home/hw_learn/dev_ws/install/learning_action:/home/hw_learn/dev_ws/install/learning_gazebo /usr/bin/cmake --install /home/hw_learn/ws_ros2/ws01_plumbing/build/base_interfaces_demo
