[0.034s] Invoking command in '/home/hw_learn/ws_ros2/ws01_plumbing/build/cpp02_service': AMENT_PREFIX_PATH=/home/hw_learn/ws_ros2/ws01_plumbing/install/base_interfaces_demo:${AMENT_PREFIX_PATH} CMAKE_PREFIX_PATH=/home/hw_learn/ws_ros2/ws01_plumbing/install/base_interfaces_demo:/home/hw_learn/dev_ws/install/learning_pkg_c:/home/hw_learn/dev_ws/install/learning_interface:/opt/ros/foxy:/home/hw_learn/dev_ws/install/learning_urdf:/home/hw_learn/dev_ws/install/learning_topic:/home/hw_learn/dev_ws/install/learning_tf:/home/hw_learn/dev_ws/install/learning_service:/home/hw_learn/dev_ws/install/learning_qos:/home/hw_learn/dev_ws/install/learning_pkg_python:/home/hw_learn/dev_ws/install/learning_parameter:/home/hw_learn/dev_ws/install/learning_node:/home/hw_learn/dev_ws/install/learning_launch:/home/hw_learn/dev_ws/install/learning_action:/home/hw_learn/dev_ws/install/learning_gazebo LD_LIBRARY_PATH=/home/hw_learn/ws_ros2/ws01_plumbing/install/base_interfaces_demo/lib:${LD_LIBRARY_PATH} PYTHONPATH=/home/hw_learn/ws_ros2/ws01_plumbing/install/base_interfaces_demo/lib/python3.8/site-packages:${PYTHONPATH} /usr/bin/cmake --build /home/hw_learn/ws_ros2/ws01_plumbing/build/cpp02_service -- -j128 -l128
[0.078s] [35m[1mScanning dependencies of target demo02_client[0m
[0.092s] [ 50%] Built target demo01_server
[0.099s] [ 75%] [32mBuilding CXX object CMakeFiles/demo02_client.dir/src/demo02_client.cpp.o[0m
[1.298s] [01m[K/home/hw_learn/ws_ros2/ws01_plumbing/src/cpp02_service/src/demo02_client.cpp:[m[K In member function ‘[01m[Krclcpp::Client<base_interfaces_demo::srv::AddInts>::SharedFuture AddIntsClient::send_request(int, int)[m[K’:
[1.299s] [01m[K/home/hw_learn/ws_ros2/ws01_plumbing/src/cpp02_service/src/demo02_client.cpp:66:5:[m[K [01;35m[Kwarning: [m[Kno return statement in function returning non-void [[01;35m[K-Wreturn-type[m[K]
[1.299s]    66 |     [01;35m[K}[m[K
[1.299s]       |     [01;35m[K^[m[K
[2.428s] [100%] [32m[1mLinking CXX executable demo02_client[0m
[2.551s] [100%] Built target demo02_client
[2.560s] Invoked command in '/home/hw_learn/ws_ros2/ws01_plumbing/build/cpp02_service' returned '0': AMENT_PREFIX_PATH=/home/hw_learn/ws_ros2/ws01_plumbing/install/base_interfaces_demo:${AMENT_PREFIX_PATH} CMAKE_PREFIX_PATH=/home/hw_learn/ws_ros2/ws01_plumbing/install/base_interfaces_demo:/home/hw_learn/dev_ws/install/learning_pkg_c:/home/hw_learn/dev_ws/install/learning_interface:/opt/ros/foxy:/home/hw_learn/dev_ws/install/learning_urdf:/home/hw_learn/dev_ws/install/learning_topic:/home/hw_learn/dev_ws/install/learning_tf:/home/hw_learn/dev_ws/install/learning_service:/home/hw_learn/dev_ws/install/learning_qos:/home/hw_learn/dev_ws/install/learning_pkg_python:/home/hw_learn/dev_ws/install/learning_parameter:/home/hw_learn/dev_ws/install/learning_node:/home/hw_learn/dev_ws/install/learning_launch:/home/hw_learn/dev_ws/install/learning_action:/home/hw_learn/dev_ws/install/learning_gazebo LD_LIBRARY_PATH=/home/hw_learn/ws_ros2/ws01_plumbing/install/base_interfaces_demo/lib:${LD_LIBRARY_PATH} PYTHONPATH=/home/hw_learn/ws_ros2/ws01_plumbing/install/base_interfaces_demo/lib/python3.8/site-packages:${PYTHONPATH} /usr/bin/cmake --build /home/hw_learn/ws_ros2/ws01_plumbing/build/cpp02_service -- -j128 -l128
[2.594s] Invoking command in '/home/hw_learn/ws_ros2/ws01_plumbing/build/cpp02_service': AMENT_PREFIX_PATH=/home/hw_learn/ws_ros2/ws01_plumbing/install/base_interfaces_demo:${AMENT_PREFIX_PATH} CMAKE_PREFIX_PATH=/home/hw_learn/ws_ros2/ws01_plumbing/install/base_interfaces_demo:/home/hw_learn/dev_ws/install/learning_pkg_c:/home/hw_learn/dev_ws/install/learning_interface:/opt/ros/foxy:/home/hw_learn/dev_ws/install/learning_urdf:/home/hw_learn/dev_ws/install/learning_topic:/home/hw_learn/dev_ws/install/learning_tf:/home/hw_learn/dev_ws/install/learning_service:/home/hw_learn/dev_ws/install/learning_qos:/home/hw_learn/dev_ws/install/learning_pkg_python:/home/hw_learn/dev_ws/install/learning_parameter:/home/hw_learn/dev_ws/install/learning_node:/home/hw_learn/dev_ws/install/learning_launch:/home/hw_learn/dev_ws/install/learning_action:/home/hw_learn/dev_ws/install/learning_gazebo LD_LIBRARY_PATH=/home/hw_learn/ws_ros2/ws01_plumbing/install/base_interfaces_demo/lib:${LD_LIBRARY_PATH} PYTHONPATH=/home/hw_learn/ws_ros2/ws01_plumbing/install/base_interfaces_demo/lib/python3.8/site-packages:${PYTHONPATH} /usr/bin/cmake --install /home/hw_learn/ws_ros2/ws01_plumbing/build/cpp02_service
[2.601s] -- Install configuration: ""
[2.602s] -- Up-to-date: /home/hw_learn/ws_ros2/ws01_plumbing/install/cpp02_service/lib/cpp02_service/demo01_server
[2.602s] -- Installing: /home/hw_learn/ws_ros2/ws01_plumbing/install/cpp02_service/lib/cpp02_service/demo02_client
[2.603s] -- Set runtime path of "/home/hw_learn/ws_ros2/ws01_plumbing/install/cpp02_service/lib/cpp02_service/demo02_client" to ""
[2.603s] -- Up-to-date: /home/hw_learn/ws_ros2/ws01_plumbing/install/cpp02_service/share/ament_index/resource_index/package_run_dependencies/cpp02_service
[2.603s] -- Up-to-date: /home/hw_learn/ws_ros2/ws01_plumbing/install/cpp02_service/share/ament_index/resource_index/parent_prefix_path/cpp02_service
[2.603s] -- Up-to-date: /home/hw_learn/ws_ros2/ws01_plumbing/install/cpp02_service/share/cpp02_service/environment/ament_prefix_path.sh
[2.603s] -- Up-to-date: /home/hw_learn/ws_ros2/ws01_plumbing/install/cpp02_service/share/cpp02_service/environment/ament_prefix_path.dsv
[2.603s] -- Up-to-date: /home/hw_learn/ws_ros2/ws01_plumbing/install/cpp02_service/share/cpp02_service/environment/path.sh
[2.603s] -- Up-to-date: /home/hw_learn/ws_ros2/ws01_plumbing/install/cpp02_service/share/cpp02_service/environment/path.dsv
[2.603s] -- Up-to-date: /home/hw_learn/ws_ros2/ws01_plumbing/install/cpp02_service/share/cpp02_service/local_setup.bash
[2.604s] -- Up-to-date: /home/hw_learn/ws_ros2/ws01_plumbing/install/cpp02_service/share/cpp02_service/local_setup.sh
[2.604s] -- Up-to-date: /home/hw_learn/ws_ros2/ws01_plumbing/install/cpp02_service/share/cpp02_service/local_setup.zsh
[2.604s] -- Up-to-date: /home/hw_learn/ws_ros2/ws01_plumbing/install/cpp02_service/share/cpp02_service/local_setup.dsv
[2.604s] -- Installing: /home/hw_learn/ws_ros2/ws01_plumbing/install/cpp02_service/share/cpp02_service/package.dsv
[2.604s] -- Up-to-date: /home/hw_learn/ws_ros2/ws01_plumbing/install/cpp02_service/share/ament_index/resource_index/packages/cpp02_service
[2.604s] -- Up-to-date: /home/hw_learn/ws_ros2/ws01_plumbing/install/cpp02_service/share/cpp02_service/cmake/cpp02_serviceConfig.cmake
[2.604s] -- Up-to-date: /home/hw_learn/ws_ros2/ws01_plumbing/install/cpp02_service/share/cpp02_service/cmake/cpp02_serviceConfig-version.cmake
[2.604s] -- Up-to-date: /home/hw_learn/ws_ros2/ws01_plumbing/install/cpp02_service/share/cpp02_service/package.xml
[2.607s] Invoked command in '/home/hw_learn/ws_ros2/ws01_plumbing/build/cpp02_service' returned '0': AMENT_PREFIX_PATH=/home/hw_learn/ws_ros2/ws01_plumbing/install/base_interfaces_demo:${AMENT_PREFIX_PATH} CMAKE_PREFIX_PATH=/home/hw_learn/ws_ros2/ws01_plumbing/install/base_interfaces_demo:/home/hw_learn/dev_ws/install/learning_pkg_c:/home/hw_learn/dev_ws/install/learning_interface:/opt/ros/foxy:/home/hw_learn/dev_ws/install/learning_urdf:/home/hw_learn/dev_ws/install/learning_topic:/home/hw_learn/dev_ws/install/learning_tf:/home/hw_learn/dev_ws/install/learning_service:/home/hw_learn/dev_ws/install/learning_qos:/home/hw_learn/dev_ws/install/learning_pkg_python:/home/hw_learn/dev_ws/install/learning_parameter:/home/hw_learn/dev_ws/install/learning_node:/home/hw_learn/dev_ws/install/learning_launch:/home/hw_learn/dev_ws/install/learning_action:/home/hw_learn/dev_ws/install/learning_gazebo LD_LIBRARY_PATH=/home/hw_learn/ws_ros2/ws01_plumbing/install/base_interfaces_demo/lib:${LD_LIBRARY_PATH} PYTHONPATH=/home/hw_learn/ws_ros2/ws01_plumbing/install/base_interfaces_demo/lib/python3.8/site-packages:${PYTHONPATH} /usr/bin/cmake --install /home/hw_learn/ws_ros2/ws01_plumbing/build/cpp02_service
