[0.037s] Invoking command in '/home/hw_learn/ws_ros2/ws01_plumbing/build/cpp03_action': AMENT_PREFIX_PATH=/home/hw_learn/ws_ros2/ws01_plumbing/install/base_interfaces_demo:${AMENT_PREFIX_PATH} CMAKE_PREFIX_PATH=/home/hw_learn/ws_ros2/ws01_plumbing/install/base_interfaces_demo:/home/hw_learn/ws_ros2/ws00_helloworld/install/turtlesim:/home/hw_learn/dev_ws/install/learning_pkg_c:/home/hw_learn/dev_ws/install/learning_interface:/opt/ros/foxy:/home/hw_learn/dev_ws/install/learning_urdf:/home/hw_learn/dev_ws/install/learning_topic:/home/hw_learn/dev_ws/install/learning_tf:/home/hw_learn/dev_ws/install/learning_service:/home/hw_learn/dev_ws/install/learning_qos:/home/hw_learn/dev_ws/install/learning_pkg_python:/home/hw_learn/dev_ws/install/learning_parameter:/home/hw_learn/dev_ws/install/learning_node:/home/hw_learn/dev_ws/install/learning_launch:/home/hw_learn/dev_ws/install/learning_action:/home/hw_learn/dev_ws/install/learning_gazebo LD_LIBRARY_PATH=/home/hw_learn/ws_ros2/ws01_plumbing/install/base_interfaces_demo/lib:${LD_LIBRARY_PATH} PYTHONPATH=/home/hw_learn/ws_ros2/ws01_plumbing/install/base_interfaces_demo/lib/python3.8/site-packages:${PYTHONPATH} /usr/bin/cmake --build /home/hw_learn/ws_ros2/ws01_plumbing/build/cpp03_action -- -j128 -l128
[0.104s] [ 25%] [32mBuilding CXX object CMakeFiles/demo02_action_client.dir/src/demo02_action_client.cpp.o[0m
[0.104s] [ 75%] Built target demo01_action_server
[1.438s] [01m[K/home/hw_learn/ws_ros2/ws01_plumbing/src/cpp03_action/src/demo02_action_client.cpp:[m[K In member function ‘[01m[Kvoid ProgressActionClient::send_goal(int)[m[K’:
[1.438s] [01m[K/home/hw_learn/ws_ros2/ws01_plumbing/src/cpp03_action/src/demo02_action_client.cpp:64:74:[m[K [01;31m[Kerror: [m[Kno match for ‘[01m[Koperator=[m[K’ (operand types are ‘[01m[Kconst GoalResponseCallback[m[K’ {aka ‘[01m[Kconst std::function<void(std::shared_future<std::shared_ptr<rclcpp_action::ClientGoalHandle<base_interfaces_demo::action::Progress> > >)>[m[K’} and ‘[01m[Kstd::_Bind_helper<false, void (ProgressActionClient::*)(std::shared_ptr<rclcpp_action::ClientGoalHandle<base_interfaces_demo::action::Progress> >), ProgressActionClient*, const std::_Placeholder<1>&>::type[m[K’ {aka ‘[01m[Kstd::_Bind<void (ProgressActionClient::*(ProgressActionClient*, std::_Placeholder<1>))(std::shared_ptr<rclcpp_action::ClientGoalHandle<base_interfaces_demo::action::Progress> >)>[m[K’})
[1.438s]    64 |         std::bind(&ProgressActionClient::goal_response_callback, this, _1[01;31m[K)[m[K;
[1.438s]       |                                                                          [01;31m[K^[m[K
[1.438s] In file included from [01m[K/usr/include/c++/9/future:48[m[K,
[1.438s]                  from [01m[K/opt/ros/foxy/include/rclcpp/executors.hpp:18[m[K,
[1.438s]                  from [01m[K/opt/ros/foxy/include/rclcpp/rclcpp.hpp:146[m[K,
[1.438s]                  from [01m[K/home/hw_learn/ws_ros2/ws01_plumbing/src/cpp03_action/src/demo02_action_client.cpp:25[m[K:
[1.438s] [01m[K/usr/include/c++/9/bits/std_function.h:462:7:[m[K [01;36m[Knote: [m[Kcandidate: ‘[01m[Kstd::function<_Res(_ArgTypes ...)>& std::function<_Res(_ArgTypes ...)>::operator=(const std::function<_Res(_ArgTypes ...)>&) [with _Res = void; _ArgTypes = {std::shared_future<std::shared_ptr<rclcpp_action::ClientGoalHandle<base_interfaces_demo::action::Progress> > >}][m[K’
[1.438s]   462 |       [01;36m[Koperator[m[K=(const function& __x)
[1.438s]       |       [01;36m[K^~~~~~~~[m[K
[1.438s] [01m[K/usr/include/c++/9/bits/std_function.h:462:33:[m[K [01;36m[Knote: [m[K  no known conversion for argument 1 from ‘[01m[Kstd::_Bind_helper<false, void (ProgressActionClient::*)(std::shared_ptr<rclcpp_action::ClientGoalHandle<base_interfaces_demo::action::Progress> >), ProgressActionClient*, const std::_Placeholder<1>&>::type[m[K’ {aka ‘[01m[Kstd::_Bind<void (ProgressActionClient::*(ProgressActionClient*, std::_Placeholder<1>))(std::shared_ptr<rclcpp_action::ClientGoalHandle<base_interfaces_demo::action::Progress> >)>[m[K’} to ‘[01m[Kconst std::function<void(std::shared_future<std::shared_ptr<rclcpp_action::ClientGoalHandle<base_interfaces_demo::action::Progress> > >)>&[m[K’
[1.438s]   462 |       operator=([01;36m[Kconst function& __x[m[K)
[1.439s]       |                 [01;36m[K~~~~~~~~~~~~~~~~^~~[m[K
[1.439s] [01m[K/usr/include/c++/9/bits/std_function.h:480:7:[m[K [01;36m[Knote: [m[Kcandidate: ‘[01m[Kstd::function<_Res(_ArgTypes ...)>& std::function<_Res(_ArgTypes ...)>::operator=(std::function<_Res(_ArgTypes ...)>&&) [with _Res = void; _ArgTypes = {std::shared_future<std::shared_ptr<rclcpp_action::ClientGoalHandle<base_interfaces_demo::action::Progress> > >}][m[K’
[1.439s]   480 |       [01;36m[Koperator[m[K=(function&& __x) noexcept
[1.439s]       |       [01;36m[K^~~~~~~~[m[K
[1.439s] [01m[K/usr/include/c++/9/bits/std_function.h:480:28:[m[K [01;36m[Knote: [m[K  no known conversion for argument 1 from ‘[01m[Kstd::_Bind_helper<false, void (ProgressActionClient::*)(std::shared_ptr<rclcpp_action::ClientGoalHandle<base_interfaces_demo::action::Progress> >), ProgressActionClient*, const std::_Placeholder<1>&>::type[m[K’ {aka ‘[01m[Kstd::_Bind<void (ProgressActionClient::*(ProgressActionClient*, std::_Placeholder<1>))(std::shared_ptr<rclcpp_action::ClientGoalHandle<base_interfaces_demo::action::Progress> >)>[m[K’} to ‘[01m[Kstd::function<void(std::shared_future<std::shared_ptr<rclcpp_action::ClientGoalHandle<base_interfaces_demo::action::Progress> > >)>&&[m[K’
[1.439s]   480 |       operator=([01;36m[Kfunction&& __x[m[K) noexcept
[1.439s]       |                 [01;36m[K~~~~~~~~~~~^~~[m[K
[1.439s] [01m[K/usr/include/c++/9/bits/std_function.h:494:7:[m[K [01;36m[Knote: [m[Kcandidate: ‘[01m[Kstd::function<_Res(_ArgTypes ...)>& std::function<_Res(_ArgTypes ...)>::operator=(std::nullptr_t) [with _Res = void; _ArgTypes = {std::shared_future<std::shared_ptr<rclcpp_action::ClientGoalHandle<base_interfaces_demo::action::Progress> > >}; std::nullptr_t = std::nullptr_t][m[K’
[1.439s]   494 |       [01;36m[Koperator[m[K=(nullptr_t) noexcept
[1.439s]       |       [01;36m[K^~~~~~~~[m[K
[1.439s] [01m[K/usr/include/c++/9/bits/std_function.h:494:17:[m[K [01;36m[Knote: [m[K  no known conversion for argument 1 from ‘[01m[Kstd::_Bind_helper<false, void (ProgressActionClient::*)(std::shared_ptr<rclcpp_action::ClientGoalHandle<base_interfaces_demo::action::Progress> >), ProgressActionClient*, const std::_Placeholder<1>&>::type[m[K’ {aka ‘[01m[Kstd::_Bind<void (ProgressActionClient::*(ProgressActionClient*, std::_Placeholder<1>))(std::shared_ptr<rclcpp_action::ClientGoalHandle<base_interfaces_demo::action::Progress> >)>[m[K’} to ‘[01m[Kstd::nullptr_t[m[K’
[1.439s]   494 |       operator=([01;36m[Knullptr_t[m[K) noexcept
[1.439s]       |                 [01;36m[K^~~~~~~~~[m[K
[1.439s] [01m[K/usr/include/c++/9/bits/std_function.h:523:2:[m[K [01;36m[Knote: [m[Kcandidate: ‘[01m[Ktemplate<class _Functor> std::function<_Res(_ArgTypes ...)>::_Requires<std::function<_Res(_ArgTypes ...)>::_Callable<typename std::decay<_Functor>::type>, std::function<_Res(_ArgTypes ...)>&> std::function<_Res(_ArgTypes ...)>::operator=(_Functor&&) [with _Functor = _Functor; _Res = void; _ArgTypes = {std::shared_future<std::shared_ptr<rclcpp_action::ClientGoalHandle<base_interfaces_demo::action::Progress> > >}][m[K’
[1.439s]   523 |  [01;36m[Koperator[m[K=(_Functor&& __f)
[1.440s]       |  [01;36m[K^~~~~~~~[m[K
[1.440s] [01m[K/usr/include/c++/9/bits/std_function.h:523:2:[m[K [01;36m[Knote: [m[K  template argument deduction/substitution failed:
[1.440s] /usr/include/c++/9/bits/std_function.h: In substitution of ‘[01m[Ktemplate<class _Res, class ... _ArgTypes> template<class _Cond, class _Tp> using _Requires = typename std::enable_if<_Cond::value, _Tp>::type [with _Cond = std::function<void(std::shared_future<std::shared_ptr<rclcpp_action::ClientGoalHandle<base_interfaces_demo::action::Progress> > >)>::_Callable<std::_Bind<void (ProgressActionClient::*(ProgressActionClient*, std::_Placeholder<1>))(std::shared_ptr<rclcpp_action::ClientGoalHandle<base_interfaces_demo::action::Progress> >)>, std::__invoke_result<std::_Bind<void (ProgressActionClient::*(ProgressActionClient*, std::_Placeholder<1>))(std::shared_ptr<rclcpp_action::ClientGoalHandle<base_interfaces_demo::action::Progress> >)>&, std::shared_future<std::shared_ptr<rclcpp_action::ClientGoalHandle<base_interfaces_demo::action::Progress> > > > >; _Tp = std::function<void(std::shared_future<std::shared_ptr<rclcpp_action::ClientGoalHandle<base_interfaces_demo::action::Progress> > >)>&; _Res = void; _ArgTypes = {std::shared_future<std::shared_ptr<rclcpp_action::ClientGoalHandle<base_interfaces_demo::action::Progress> > >}][m[K’:
[1.440s] [01m[K/usr/include/c++/9/bits/std_function.h:523:2:[m[K   required by substitution of ‘[01m[Ktemplate<class _Functor> std::function<void(std::shared_future<std::shared_ptr<rclcpp_action::ClientGoalHandle<base_interfaces_demo::action::Progress> > >)>::_Requires<std::function<void(std::shared_future<std::shared_ptr<rclcpp_action::ClientGoalHandle<base_interfaces_demo::action::Progress> > >)>::_Callable<typename std::decay<_Tp>::type, std::__invoke_result<typename std::decay<_Tp>::type&, std::shared_future<std::shared_ptr<rclcpp_action::ClientGoalHandle<base_interfaces_demo::action::Progress> > > > >, std::function<void(std::shared_future<std::shared_ptr<rclcpp_action::ClientGoalHandle<base_interfaces_demo::action::Progress> > >)>&> std::function<void(std::shared_future<std::shared_ptr<rclcpp_action::ClientGoalHandle<base_interfaces_demo::action::Progress> > >)>::operator=<_Functor>(_Functor&&) [with _Functor = std::_Bind<void (ProgressActionClient::*(ProgressActionClient*, std::_Placeholder<1>))(std::shared_ptr<rclcpp_action::ClientGoalHandle<base_interfaces_demo::action::Progress> >)>][m[K’
[1.440s] [01m[K/home/hw_learn/ws_ros2/ws01_plumbing/src/cpp03_action/src/demo02_action_client.cpp:64:74:[m[K   required from here
[1.440s] [01m[K/usr/include/c++/9/bits/std_function.h:385:8:[m[K [01;31m[Kerror: [m[Kno type named ‘[01m[Ktype[m[K’ in ‘[01m[Kstruct std::enable_if<false, std::function<void(std::shared_future<std::shared_ptr<rclcpp_action::ClientGoalHandle<base_interfaces_demo::action::Progress> > >)>&>[m[K’
[1.440s]   385 |  using [01;31m[K_Requires[m[K = typename enable_if<_Cond::value, _Tp>::type;
[1.440s]       |        [01;31m[K^~~~~~~~~[m[K
[1.440s] [01m[K/usr/include/c++/9/bits/std_function.h:532:2:[m[K [01;36m[Knote: [m[Kcandidate: ‘[01m[Ktemplate<class _Functor> std::function<_Res(_ArgTypes ...)>& std::function<_Res(_ArgTypes ...)>::operator=(std::reference_wrapper<_Functor>) [with _Functor = _Functor; _Res = void; _ArgTypes = {std::shared_future<std::shared_ptr<rclcpp_action::ClientGoalHandle<base_interfaces_demo::action::Progress> > >}][m[K’
[1.440s]   532 |  [01;36m[Koperator[m[K=(reference_wrapper<_Functor> __f) noexcept
[1.440s]       |  [01;36m[K^~~~~~~~[m[K
[1.440s] [01m[K/usr/include/c++/9/bits/std_function.h:532:2:[m[K [01;36m[Knote: [m[K  template argument deduction/substitution failed:
[1.440s] [01m[K/home/hw_learn/ws_ros2/ws01_plumbing/src/cpp03_action/src/demo02_action_client.cpp:64:74:[m[K [01;36m[Knote: [m[K  ‘[01m[Kstd::_Bind<void (ProgressActionClient::*(ProgressActionClient*, std::_Placeholder<1>))(std::shared_ptr<rclcpp_action::ClientGoalHandle<base_interfaces_demo::action::Progress> >)>[m[K’ is not derived from ‘[01m[Kstd::reference_wrapper<_Tp>[m[K’
[1.440s]    64 |         std::bind(&ProgressActionClient::goal_response_callback, this, _1[01;36m[K)[m[K;
[1.440s]       |                                                                          [01;36m[K^[m[K
[1.451s] [01m[K/home/hw_learn/ws_ros2/ws01_plumbing/src/cpp03_action/src/demo02_action_client.cpp:66:73:[m[K [01;31m[Kerror: [m[Kno match for ‘[01m[Koperator=[m[K’ (operand types are ‘[01m[Kconst FeedbackCallback[m[K’ {aka ‘[01m[Kconst std::function<void(std::shared_ptr<rclcpp_action::ClientGoalHandle<base_interfaces_demo::action::Progress> >, std::shared_ptr<const base_interfaces_demo::action::Progress_Feedback_<std::allocator<void> > >)>[m[K’} and ‘[01m[Kstd::_Bind_helper<false, void (ProgressActionClient::*)(std::shared_ptr<rclcpp_action::ClientGoalHandle<base_interfaces_demo::action::Progress> >, std::shared_ptr<const base_interfaces_demo::action::Progress_Feedback_<std::allocator<void> > >), ProgressActionClient*, const std::_Placeholder<1>&, const std::_Placeholder<2>&>::type[m[K’ {aka ‘[01m[Kstd::_Bind<void (ProgressActionClient::*(ProgressActionClient*, std::_Placeholder<1>, std::_Placeholder<2>))(std::shared_ptr<rclcpp_action::ClientGoalHandle<base_interfaces_demo::action::Progress> >, std::shared_ptr<const base_interfaces_demo::action::Progress_Feedback_<std::allocator<void> > >)>[m[K’})
[1.451s]    66 |         std::bind(&ProgressActionClient::feedback_callback, this, _1, _2[01;31m[K)[m[K;
[1.451s]       |                                                                         [01;31m[K^[m[K
[1.451s] In file included from [01m[K/usr/include/c++/9/future:48[m[K,
[1.451s]                  from [01m[K/opt/ros/foxy/include/rclcpp/executors.hpp:18[m[K,
[1.451s]                  from [01m[K/opt/ros/foxy/include/rclcpp/rclcpp.hpp:146[m[K,
[1.451s]                  from [01m[K/home/hw_learn/ws_ros2/ws01_plumbing/src/cpp03_action/src/demo02_action_client.cpp:25[m[K:
[1.451s] [01m[K/usr/include/c++/9/bits/std_function.h:462:7:[m[K [01;36m[Knote: [m[Kcandidate: ‘[01m[Kstd::function<_Res(_ArgTypes ...)>& std::function<_Res(_ArgTypes ...)>::operator=(const std::function<_Res(_ArgTypes ...)>&) [with _Res = void; _ArgTypes = {std::shared_ptr<rclcpp_action::ClientGoalHandle<base_interfaces_demo::action::Progress> >, std::shared_ptr<const base_interfaces_demo::action::Progress_Feedback_<std::allocator<void> > >}][m[K’ <near match>
[1.451s]   462 |       [01;36m[Koperator[m[K=(const function& __x)
[1.451s]       |       [01;36m[K^~~~~~~~[m[K
[1.451s] [01m[K/usr/include/c++/9/bits/std_function.h:462:7:[m[K [01;36m[Knote: [m[K  passing ‘[01m[Kconst FeedbackCallback*[m[K’ {aka ‘[01m[Kconst std::function<void(std::shared_ptr<rclcpp_action::ClientGoalHandle<base_interfaces_demo::action::Progress> >, std::shared_ptr<const base_interfaces_demo::action::Progress_Feedback_<std::allocator<void> > >)>*[m[K’} as ‘[01m[Kthis[m[K’ argument discards qualifiers
[1.451s] [01m[K/usr/include/c++/9/bits/std_function.h:480:7:[m[K [01;36m[Knote: [m[Kcandidate: ‘[01m[Kstd::function<_Res(_ArgTypes ...)>& std::function<_Res(_ArgTypes ...)>::operator=(std::function<_Res(_ArgTypes ...)>&&) [with _Res = void; _ArgTypes = {std::shared_ptr<rclcpp_action::ClientGoalHandle<base_interfaces_demo::action::Progress> >, std::shared_ptr<const base_interfaces_demo::action::Progress_Feedback_<std::allocator<void> > >}][m[K’ <near match>
[1.451s]   480 |       [01;36m[Koperator[m[K=(function&& __x) noexcept
[1.451s]       |       [01;36m[K^~~~~~~~[m[K
[1.451s] [01m[K/usr/include/c++/9/bits/std_function.h:480:7:[m[K [01;36m[Knote: [m[K  passing ‘[01m[Kconst FeedbackCallback*[m[K’ {aka ‘[01m[Kconst std::function<void(std::shared_ptr<rclcpp_action::ClientGoalHandle<base_interfaces_demo::action::Progress> >, std::shared_ptr<const base_interfaces_demo::action::Progress_Feedback_<std::allocator<void> > >)>*[m[K’} as ‘[01m[Kthis[m[K’ argument discards qualifiers
[1.452s] [01m[K/usr/include/c++/9/bits/std_function.h:523:2:[m[K [01;36m[Knote: [m[Kcandidate: ‘[01m[Kstd::function<_Res(_ArgTypes ...)>::_Requires<std::function<_Res(_ArgTypes ...)>::_Callable<typename std::decay<_Functor>::type>, std::function<_Res(_ArgTypes ...)>&> std::function<_Res(_ArgTypes ...)>::operator=(_Functor&&) [with _Functor = std::_Bind<void (ProgressActionClient::*(ProgressActionClient*, std::_Placeholder<1>, std::_Placeholder<2>))(std::shared_ptr<rclcpp_action::ClientGoalHandle<base_interfaces_demo::action::Progress> >, std::shared_ptr<const base_interfaces_demo::action::Progress_Feedback_<std::allocator<void> > >)>; _Res = void; _ArgTypes = {std::shared_ptr<rclcpp_action::ClientGoalHandle<base_interfaces_demo::action::Progress> >, std::shared_ptr<const base_interfaces_demo::action::Progress_Feedback_<std::allocator<void> > >}; std::function<_Res(_ArgTypes ...)>::_Requires<std::function<_Res(_ArgTypes ...)>::_Callable<typename std::decay<_Functor>::type>, std::function<_Res(_ArgTypes ...)>&> = std::function<void(std::shared_ptr<rclcpp_action::ClientGoalHandle<base_interfaces_demo::action::Progress> >, std::shared_ptr<const base_interfaces_demo::action::Progress_Feedback_<std::allocator<void> > >)>&][m[K’ <near match>
[1.452s]   523 |  [01;36m[Koperator[m[K=(_Functor&& __f)
[1.452s]       |  [01;36m[K^~~~~~~~[m[K
[1.452s] [01m[K/usr/include/c++/9/bits/std_function.h:523:2:[m[K [01;36m[Knote: [m[K  passing ‘[01m[Kconst FeedbackCallback*[m[K’ {aka ‘[01m[Kconst std::function<void(std::shared_ptr<rclcpp_action::ClientGoalHandle<base_interfaces_demo::action::Progress> >, std::shared_ptr<const base_interfaces_demo::action::Progress_Feedback_<std::allocator<void> > >)>*[m[K’} as ‘[01m[Kthis[m[K’ argument discards qualifiers
[1.452s] [01m[K/usr/include/c++/9/bits/std_function.h:494:7:[m[K [01;36m[Knote: [m[Kcandidate: ‘[01m[Kstd::function<_Res(_ArgTypes ...)>& std::function<_Res(_ArgTypes ...)>::operator=(std::nullptr_t) [with _Res = void; _ArgTypes = {std::shared_ptr<rclcpp_action::ClientGoalHandle<base_interfaces_demo::action::Progress> >, std::shared_ptr<const base_interfaces_demo::action::Progress_Feedback_<std::allocator<void> > >}; std::nullptr_t = std::nullptr_t][m[K’
[1.452s]   494 |       [01;36m[Koperator[m[K=(nullptr_t) noexcept
[1.452s]       |       [01;36m[K^~~~~~~~[m[K
[1.452s] [01m[K/usr/include/c++/9/bits/std_function.h:494:17:[m[K [01;36m[Knote: [m[K  no known conversion for argument 1 from ‘[01m[Kstd::_Bind_helper<false, void (ProgressActionClient::*)(std::shared_ptr<rclcpp_action::ClientGoalHandle<base_interfaces_demo::action::Progress> >, std::shared_ptr<const base_interfaces_demo::action::Progress_Feedback_<std::allocator<void> > >), ProgressActionClient*, const std::_Placeholder<1>&, const std::_Placeholder<2>&>::type[m[K’ {aka ‘[01m[Kstd::_Bind<void (ProgressActionClient::*(ProgressActionClient*, std::_Placeholder<1>, std::_Placeholder<2>))(std::shared_ptr<rclcpp_action::ClientGoalHandle<base_interfaces_demo::action::Progress> >, std::shared_ptr<const base_interfaces_demo::action::Progress_Feedback_<std::allocator<void> > >)>[m[K’} to ‘[01m[Kstd::nullptr_t[m[K’
[1.452s]   494 |       operator=([01;36m[Knullptr_t[m[K) noexcept
[1.452s]       |                 [01;36m[K^~~~~~~~~[m[K
[1.452s] [01m[K/usr/include/c++/9/bits/std_function.h:532:2:[m[K [01;36m[Knote: [m[Kcandidate: ‘[01m[Ktemplate<class _Functor> std::function<_Res(_ArgTypes ...)>& std::function<_Res(_ArgTypes ...)>::operator=(std::reference_wrapper<_Functor>) [with _Functor = _Functor; _Res = void; _ArgTypes = {std::shared_ptr<rclcpp_action::ClientGoalHandle<base_interfaces_demo::action::Progress> >, std::shared_ptr<const base_interfaces_demo::action::Progress_Feedback_<std::allocator<void> > >}][m[K’
[1.452s]   532 |  [01;36m[Koperator[m[K=(reference_wrapper<_Functor> __f) noexcept
[1.452s]       |  [01;36m[K^~~~~~~~[m[K
[1.452s] [01m[K/usr/include/c++/9/bits/std_function.h:532:2:[m[K [01;36m[Knote: [m[K  template argument deduction/substitution failed:
[1.452s] [01m[K/home/hw_learn/ws_ros2/ws01_plumbing/src/cpp03_action/src/demo02_action_client.cpp:66:73:[m[K [01;36m[Knote: [m[K  ‘[01m[Kstd::_Bind<void (ProgressActionClient::*(ProgressActionClient*, std::_Placeholder<1>, std::_Placeholder<2>))(std::shared_ptr<rclcpp_action::ClientGoalHandle<base_interfaces_demo::action::Progress> >, std::shared_ptr<const base_interfaces_demo::action::Progress_Feedback_<std::allocator<void> > >)>[m[K’ is not derived from ‘[01m[Kstd::reference_wrapper<_Tp>[m[K’
[1.452s]    66 |         std::bind(&ProgressActionClient::feedback_callback, this, _1, _2[01;36m[K)[m[K;
[1.452s]       |                                                                         [01;36m[K^[m[K
[1.455s] [01m[K/home/hw_learn/ws_ros2/ws01_plumbing/src/cpp03_action/src/demo02_action_client.cpp:68:67:[m[K [01;31m[Kerror: [m[Kno match for ‘[01m[Koperator=[m[K’ (operand types are ‘[01m[Kconst ResultCallback[m[K’ {aka ‘[01m[Kconst std::function<void(const rclcpp_action::ClientGoalHandle<base_interfaces_demo::action::Progress>::WrappedResult&)>[m[K’} and ‘[01m[Kstd::_Bind_helper<false, void (ProgressActionClient::*)(const rclcpp_action::ClientGoalHandle<base_interfaces_demo::action::Progress>::WrappedResult&), ProgressActionClient*, const std::_Placeholder<1>&>::type[m[K’ {aka ‘[01m[Kstd::_Bind<void (ProgressActionClient::*(ProgressActionClient*, std::_Placeholder<1>))(const rclcpp_action::ClientGoalHandle<base_interfaces_demo::action::Progress>::WrappedResult&)>[m[K’})
[1.455s]    68 |         std::bind(&ProgressActionClient::result_callback, this, _1[01;31m[K)[m[K;
[1.455s]       |                                                                   [01;31m[K^[m[K
[1.455s] In file included from [01m[K/usr/include/c++/9/future:48[m[K,
[1.455s]                  from [01m[K/opt/ros/foxy/include/rclcpp/executors.hpp:18[m[K,
[1.455s]                  from [01m[K/opt/ros/foxy/include/rclcpp/rclcpp.hpp:146[m[K,
[1.455s]                  from [01m[K/home/hw_learn/ws_ros2/ws01_plumbing/src/cpp03_action/src/demo02_action_client.cpp:25[m[K:
[1.455s] [01m[K/usr/include/c++/9/bits/std_function.h:462:7:[m[K [01;36m[Knote: [m[Kcandidate: ‘[01m[Kstd::function<_Res(_ArgTypes ...)>& std::function<_Res(_ArgTypes ...)>::operator=(const std::function<_Res(_ArgTypes ...)>&) [with _Res = void; _ArgTypes = {const rclcpp_action::ClientGoalHandle<base_interfaces_demo::action::Progress>::WrappedResult&}][m[K’ <near match>
[1.455s]   462 |       [01;36m[Koperator[m[K=(const function& __x)
[1.456s]       |       [01;36m[K^~~~~~~~[m[K
[1.456s] [01m[K/usr/include/c++/9/bits/std_function.h:462:7:[m[K [01;36m[Knote: [m[K  passing ‘[01m[Kconst ResultCallback*[m[K’ {aka ‘[01m[Kconst std::function<void(const rclcpp_action::ClientGoalHandle<base_interfaces_demo::action::Progress>::WrappedResult&)>*[m[K’} as ‘[01m[Kthis[m[K’ argument discards qualifiers
[1.456s] [01m[K/usr/include/c++/9/bits/std_function.h:480:7:[m[K [01;36m[Knote: [m[Kcandidate: ‘[01m[Kstd::function<_Res(_ArgTypes ...)>& std::function<_Res(_ArgTypes ...)>::operator=(std::function<_Res(_ArgTypes ...)>&&) [with _Res = void; _ArgTypes = {const rclcpp_action::ClientGoalHandle<base_interfaces_demo::action::Progress>::WrappedResult&}][m[K’ <near match>
[1.456s]   480 |       [01;36m[Koperator[m[K=(function&& __x) noexcept
[1.456s]       |       [01;36m[K^~~~~~~~[m[K
[1.456s] [01m[K/usr/include/c++/9/bits/std_function.h:480:7:[m[K [01;36m[Knote: [m[K  passing ‘[01m[Kconst ResultCallback*[m[K’ {aka ‘[01m[Kconst std::function<void(const rclcpp_action::ClientGoalHandle<base_interfaces_demo::action::Progress>::WrappedResult&)>*[m[K’} as ‘[01m[Kthis[m[K’ argument discards qualifiers
[1.456s] [01m[K/usr/include/c++/9/bits/std_function.h:523:2:[m[K [01;36m[Knote: [m[Kcandidate: ‘[01m[Kstd::function<_Res(_ArgTypes ...)>::_Requires<std::function<_Res(_ArgTypes ...)>::_Callable<typename std::decay<_Functor>::type>, std::function<_Res(_ArgTypes ...)>&> std::function<_Res(_ArgTypes ...)>::operator=(_Functor&&) [with _Functor = std::_Bind<void (ProgressActionClient::*(ProgressActionClient*, std::_Placeholder<1>))(const rclcpp_action::ClientGoalHandle<base_interfaces_demo::action::Progress>::WrappedResult&)>; _Res = void; _ArgTypes = {const rclcpp_action::ClientGoalHandle<base_interfaces_demo::action::Progress>::WrappedResult&}; std::function<_Res(_ArgTypes ...)>::_Requires<std::function<_Res(_ArgTypes ...)>::_Callable<typename std::decay<_Functor>::type>, std::function<_Res(_ArgTypes ...)>&> = std::function<void(const rclcpp_action::ClientGoalHandle<base_interfaces_demo::action::Progress>::WrappedResult&)>&][m[K’ <near match>
[1.456s]   523 |  [01;36m[Koperator[m[K=(_Functor&& __f)
[1.456s]       |  [01;36m[K^~~~~~~~[m[K
[1.456s] [01m[K/usr/include/c++/9/bits/std_function.h:523:2:[m[K [01;36m[Knote: [m[K  passing ‘[01m[Kconst ResultCallback*[m[K’ {aka ‘[01m[Kconst std::function<void(const rclcpp_action::ClientGoalHandle<base_interfaces_demo::action::Progress>::WrappedResult&)>*[m[K’} as ‘[01m[Kthis[m[K’ argument discards qualifiers
[1.456s] [01m[K/usr/include/c++/9/bits/std_function.h:494:7:[m[K [01;36m[Knote: [m[Kcandidate: ‘[01m[Kstd::function<_Res(_ArgTypes ...)>& std::function<_Res(_ArgTypes ...)>::operator=(std::nullptr_t) [with _Res = void; _ArgTypes = {const rclcpp_action::ClientGoalHandle<base_interfaces_demo::action::Progress>::WrappedResult&}; std::nullptr_t = std::nullptr_t][m[K’
[1.456s]   494 |       [01;36m[Koperator[m[K=(nullptr_t) noexcept
[1.456s]       |       [01;36m[K^~~~~~~~[m[K
[1.456s] [01m[K/usr/include/c++/9/bits/std_function.h:494:17:[m[K [01;36m[Knote: [m[K  no known conversion for argument 1 from ‘[01m[Kstd::_Bind_helper<false, void (ProgressActionClient::*)(const rclcpp_action::ClientGoalHandle<base_interfaces_demo::action::Progress>::WrappedResult&), ProgressActionClient*, const std::_Placeholder<1>&>::type[m[K’ {aka ‘[01m[Kstd::_Bind<void (ProgressActionClient::*(ProgressActionClient*, std::_Placeholder<1>))(const rclcpp_action::ClientGoalHandle<base_interfaces_demo::action::Progress>::WrappedResult&)>[m[K’} to ‘[01m[Kstd::nullptr_t[m[K’
[1.456s]   494 |       operator=([01;36m[Knullptr_t[m[K) noexcept
[1.456s]       |                 [01;36m[K^~~~~~~~~[m[K
[1.457s] [01m[K/usr/include/c++/9/bits/std_function.h:532:2:[m[K [01;36m[Knote: [m[Kcandidate: ‘[01m[Ktemplate<class _Functor> std::function<_Res(_ArgTypes ...)>& std::function<_Res(_ArgTypes ...)>::operator=(std::reference_wrapper<_Functor>) [with _Functor = _Functor; _Res = void; _ArgTypes = {const rclcpp_action::ClientGoalHandle<base_interfaces_demo::action::Progress>::WrappedResult&}][m[K’
[1.457s]   532 |  [01;36m[Koperator[m[K=(reference_wrapper<_Functor> __f) noexcept
[1.457s]       |  [01;36m[K^~~~~~~~[m[K
[1.457s] [01m[K/usr/include/c++/9/bits/std_function.h:532:2:[m[K [01;36m[Knote: [m[K  template argument deduction/substitution failed:
[1.457s] [01m[K/home/hw_learn/ws_ros2/ws01_plumbing/src/cpp03_action/src/demo02_action_client.cpp:68:67:[m[K [01;36m[Knote: [m[K  ‘[01m[Kstd::_Bind<void (ProgressActionClient::*(ProgressActionClient*, std::_Placeholder<1>))(const rclcpp_action::ClientGoalHandle<base_interfaces_demo::action::Progress>::WrappedResult&)>[m[K’ is not derived from ‘[01m[Kstd::reference_wrapper<_Tp>[m[K’
[1.457s]    68 |         std::bind(&ProgressActionClient::result_callback, this, _1[01;36m[K)[m[K;
[1.457s]       |                                                                   [01;36m[K^[m[K
[2.562s] make[2]: *** [CMakeFiles/demo02_action_client.dir/build.make:63: CMakeFiles/demo02_action_client.dir/src/demo02_action_client.cpp.o] Error 1
[2.562s] make[1]: *** [CMakeFiles/Makefile2:80: CMakeFiles/demo02_action_client.dir/all] Error 2
[2.563s] make: *** [Makefile:141: all] Error 2
[2.565s] Invoked command in '/home/hw_learn/ws_ros2/ws01_plumbing/build/cpp03_action' returned '2': AMENT_PREFIX_PATH=/home/hw_learn/ws_ros2/ws01_plumbing/install/base_interfaces_demo:${AMENT_PREFIX_PATH} CMAKE_PREFIX_PATH=/home/hw_learn/ws_ros2/ws01_plumbing/install/base_interfaces_demo:/home/hw_learn/ws_ros2/ws00_helloworld/install/turtlesim:/home/hw_learn/dev_ws/install/learning_pkg_c:/home/hw_learn/dev_ws/install/learning_interface:/opt/ros/foxy:/home/hw_learn/dev_ws/install/learning_urdf:/home/hw_learn/dev_ws/install/learning_topic:/home/hw_learn/dev_ws/install/learning_tf:/home/hw_learn/dev_ws/install/learning_service:/home/hw_learn/dev_ws/install/learning_qos:/home/hw_learn/dev_ws/install/learning_pkg_python:/home/hw_learn/dev_ws/install/learning_parameter:/home/hw_learn/dev_ws/install/learning_node:/home/hw_learn/dev_ws/install/learning_launch:/home/hw_learn/dev_ws/install/learning_action:/home/hw_learn/dev_ws/install/learning_gazebo LD_LIBRARY_PATH=/home/hw_learn/ws_ros2/ws01_plumbing/install/base_interfaces_demo/lib:${LD_LIBRARY_PATH} PYTHONPATH=/home/hw_learn/ws_ros2/ws01_plumbing/install/base_interfaces_demo/lib/python3.8/site-packages:${PYTHONPATH} /usr/bin/cmake --build /home/hw_learn/ws_ros2/ws01_plumbing/build/cpp03_action -- -j128 -l128
