-- Found rosidl_default_generators: 1.0.1 (/opt/ros/foxy/share/rosidl_default_generators/cmake)
-- Found ament_cmake_core: 0.9.9 (/opt/ros/foxy/share/ament_cmake_core/cmake)
-- Found PythonInterp: /usr/bin/python3 (found suitable version "3.8.10", minimum required is "3") 
-- Using PYTHON_EXECUTABLE: /usr/bin/python3
-- Using all available rosidl_typesupport_c: rosidl_typesupport_fastrtps_c;rosidl_typesupport_introspection_c
-- Found rosidl_adapter: 1.2.1 (/opt/ros/foxy/share/rosidl_adapter/cmake)
-- Using all available rosidl_typesupport_cpp: rosidl_typesupport_fastrtps_cpp;rosidl_typesupport_introspection_cpp
-- Found PythonInterp: /usr/bin/python3 (found version "3.8.10") 
-- Found ament_cmake_ros: 0.9.2 (/opt/ros/foxy/share/ament_cmake_ros/cmake)
-- Using all available rosidl_typesupport_c: rosidl_typesupport_fastrtps_c;rosidl_typesupport_introspection_c
-- Using all available rosidl_typesupport_cpp: rosidl_typesupport_fastrtps_cpp;rosidl_typesupport_introspection_cpp
-- Found PythonInterp: /usr/bin/python3 (found suitable version "3.8.10", minimum required is "3.5") 
-- Found python_cmake_module: 0.8.1 (/opt/ros/foxy/share/python_cmake_module/cmake)
-- Using PYTHON_EXECUTABLE: /usr/bin/python3
-- Using PYTHON_INCLUDE_DIRS: /usr/include/python3.8
-- Using PYTHON_LIBRARIES: /usr/lib/x86_64-linux-gnu/libpython3.8.so
-- Found ament_lint_auto: 0.9.6 (/opt/ros/foxy/share/ament_lint_auto/cmake)
-- Configuring done
-- Generating done
-- Build files have been written to: /home/hw_learn/ws_ros2/ws01_plumbing/build/base_interfaces_demo
[35m[1mScanning dependencies of target base_interfaces_demo__cpp[0m
[  2%] [34m[1mGenerating C code for ROS interfaces[0m
[  5%] [34m[1mGenerating C++ code for ROS interfaces[0m
[35m[1mScanning dependencies of target base_interfaces_demo__rosidl_generator_c[0m
[  5%] Built target base_interfaces_demo__cpp
[  7%] [32mBuilding C object CMakeFiles/base_interfaces_demo__rosidl_generator_c.dir/rosidl_generator_c/base_interfaces_demo/msg/detail/student__functions.c.o[0m
[ 10%] [32mBuilding C object CMakeFiles/base_interfaces_demo__rosidl_generator_c.dir/rosidl_generator_c/base_interfaces_demo/srv/detail/add_ints__functions.c.o[0m
[ 12%] [34m[1mGenerating C++ type support dispatch for ROS interfaces[0m
[ 15%] [34m[1mGenerating C++ type support for eProsima Fast-RTPS[0m
[ 17%] [34m[1mGenerating C++ introspection for ROS interfaces[0m
[ 20%] [32m[1mLinking C shared library libbase_interfaces_demo__rosidl_generator_c.so[0m
[ 20%] Built target base_interfaces_demo__rosidl_generator_c
[ 23%] [34m[1mGenerating C type support dispatch for ROS interfaces[0m
[ 25%] [34m[1mGenerating C introspection for ROS interfaces[0m
[35m[1mScanning dependencies of target base_interfaces_demo__rosidl_typesupport_cpp[0m
[ 28%] [32mBuilding CXX object CMakeFiles/base_interfaces_demo__rosidl_typesupport_cpp.dir/rosidl_typesupport_cpp/base_interfaces_demo/msg/student__type_support.cpp.o[0m
[ 30%] [32mBuilding CXX object CMakeFiles/base_interfaces_demo__rosidl_typesupport_cpp.dir/rosidl_typesupport_cpp/base_interfaces_demo/srv/add_ints__type_support.cpp.o[0m
[35m[1mScanning dependencies of target base_interfaces_demo__rosidl_typesupport_introspection_cpp[0m
[ 33%] [32mBuilding CXX object CMakeFiles/base_interfaces_demo__rosidl_typesupport_introspection_cpp.dir/rosidl_typesupport_introspection_cpp/base_interfaces_demo/msg/detail/student__type_support.cpp.o[0m
[ 35%] [32mBuilding CXX object CMakeFiles/base_interfaces_demo__rosidl_typesupport_introspection_cpp.dir/rosidl_typesupport_introspection_cpp/base_interfaces_demo/srv/detail/add_ints__type_support.cpp.o[0m
[35m[1mScanning dependencies of target base_interfaces_demo__rosidl_typesupport_fastrtps_cpp[0m
[ 38%] [32mBuilding CXX object CMakeFiles/base_interfaces_demo__rosidl_typesupport_fastrtps_cpp.dir/rosidl_typesupport_fastrtps_cpp/base_interfaces_demo/msg/detail/dds_fastrtps/student__type_support.cpp.o[0m
[ 41%] [32mBuilding CXX object CMakeFiles/base_interfaces_demo__rosidl_typesupport_fastrtps_cpp.dir/rosidl_typesupport_fastrtps_cpp/base_interfaces_demo/srv/detail/dds_fastrtps/add_ints__type_support.cpp.o[0m
[35m[1mScanning dependencies of target base_interfaces_demo__rosidl_typesupport_c[0m
[ 43%] [32mBuilding CXX object CMakeFiles/base_interfaces_demo__rosidl_typesupport_c.dir/rosidl_typesupport_c/base_interfaces_demo/msg/student__type_support.cpp.o[0m
[ 46%] [32mBuilding CXX object CMakeFiles/base_interfaces_demo__rosidl_typesupport_c.dir/rosidl_typesupport_c/base_interfaces_demo/srv/add_ints__type_support.cpp.o[0m
[35m[1mScanning dependencies of target base_interfaces_demo__rosidl_typesupport_introspection_c[0m
[ 48%] [32mBuilding C object CMakeFiles/base_interfaces_demo__rosidl_typesupport_introspection_c.dir/rosidl_typesupport_introspection_c/base_interfaces_demo/msg/detail/student__type_support.c.o[0m
[ 51%] [32mBuilding C object CMakeFiles/base_interfaces_demo__rosidl_typesupport_introspection_c.dir/rosidl_typesupport_introspection_c/base_interfaces_demo/srv/detail/add_ints__type_support.c.o[0m
[ 53%] [32m[1mLinking CXX shared library libbase_interfaces_demo__rosidl_typesupport_c.so[0m
[ 56%] [32m[1mLinking C shared library libbase_interfaces_demo__rosidl_typesupport_introspection_c.so[0m
[ 56%] Built target base_interfaces_demo__rosidl_typesupport_c
[ 56%] Built target base_interfaces_demo__rosidl_typesupport_introspection_c
[ 58%] [32m[1mLinking CXX shared library libbase_interfaces_demo__rosidl_typesupport_cpp.so[0m
[ 61%] [32m[1mLinking CXX shared library libbase_interfaces_demo__rosidl_typesupport_introspection_cpp.so[0m
[ 61%] Built target base_interfaces_demo__rosidl_typesupport_cpp
[ 61%] Built target base_interfaces_demo__rosidl_typesupport_introspection_cpp
[ 64%] [32m[1mLinking CXX shared library libbase_interfaces_demo__rosidl_typesupport_fastrtps_cpp.so[0m
[ 64%] Built target base_interfaces_demo__rosidl_typesupport_fastrtps_cpp
[ 66%] [34m[1mGenerating C type support for eProsima Fast-RTPS[0m
[35m[1mScanning dependencies of target base_interfaces_demo__rosidl_typesupport_fastrtps_c[0m
[ 69%] [32mBuilding CXX object CMakeFiles/base_interfaces_demo__rosidl_typesupport_fastrtps_c.dir/rosidl_typesupport_fastrtps_c/base_interfaces_demo/msg/detail/student__type_support_c.cpp.o[0m
[ 71%] [32mBuilding CXX object CMakeFiles/base_interfaces_demo__rosidl_typesupport_fastrtps_c.dir/rosidl_typesupport_fastrtps_c/base_interfaces_demo/srv/detail/add_ints__type_support_c.cpp.o[0m
[ 74%] [32m[1mLinking CXX shared library libbase_interfaces_demo__rosidl_typesupport_fastrtps_c.so[0m
[ 74%] Built target base_interfaces_demo__rosidl_typesupport_fastrtps_c
[ 74%] Built target base_interfaces_demo
[35m[1mScanning dependencies of target base_interfaces_demo__py[0m
[ 76%] [34m[1mGenerating Python code for ROS interfaces[0m
[ 76%] Built target base_interfaces_demo__py
[35m[1mScanning dependencies of target base_interfaces_demo__python[0m
[ 79%] [32mBuilding C object CMakeFiles/base_interfaces_demo__python.dir/rosidl_generator_py/base_interfaces_demo/msg/_student_s.c.o[0m
[ 82%] [32mBuilding C object CMakeFiles/base_interfaces_demo__python.dir/rosidl_generator_py/base_interfaces_demo/srv/_add_ints_s.c.o[0m
[ 84%] [32m[1mLinking C shared library rosidl_generator_py/base_interfaces_demo/libbase_interfaces_demo__python.so[0m
[ 84%] Built target base_interfaces_demo__python
[35m[1mScanning dependencies of target base_interfaces_demo__rosidl_typesupport_introspection_c__pyext[0m
[35m[1mScanning dependencies of target base_interfaces_demo__rosidl_typesupport_fastrtps_c__pyext[0m
[35m[1mScanning dependencies of target base_interfaces_demo__rosidl_typesupport_c__pyext[0m
[ 87%] [32mBuilding C object CMakeFiles/base_interfaces_demo__rosidl_typesupport_c__pyext.dir/rosidl_generator_py/base_interfaces_demo/_base_interfaces_demo_s.ep.rosidl_typesupport_c.c.o[0m
[ 89%] [32mBuilding C object CMakeFiles/base_interfaces_demo__rosidl_typesupport_fastrtps_c__pyext.dir/rosidl_generator_py/base_interfaces_demo/_base_interfaces_demo_s.ep.rosidl_typesupport_fastrtps_c.c.o[0m
[ 92%] [32mBuilding C object CMakeFiles/base_interfaces_demo__rosidl_typesupport_introspection_c__pyext.dir/rosidl_generator_py/base_interfaces_demo/_base_interfaces_demo_s.ep.rosidl_typesupport_introspection_c.c.o[0m
[ 94%] [32m[1mLinking C shared library rosidl_generator_py/base_interfaces_demo/base_interfaces_demo_s__rosidl_typesupport_introspection_c.cpython-38-x86_64-linux-gnu.so[0m
[ 97%] [32m[1mLinking C shared library rosidl_generator_py/base_interfaces_demo/base_interfaces_demo_s__rosidl_typesupport_c.cpython-38-x86_64-linux-gnu.so[0m
[100%] [32m[1mLinking CXX shared library rosidl_generator_py/base_interfaces_demo/base_interfaces_demo_s__rosidl_typesupport_fastrtps_c.cpython-38-x86_64-linux-gnu.so[0m
[100%] Built target base_interfaces_demo__rosidl_typesupport_introspection_c__pyext
[100%] Built target base_interfaces_demo__rosidl_typesupport_c__pyext
[100%] Built target base_interfaces_demo__rosidl_typesupport_fastrtps_c__pyext
-- Install configuration: ""
-- Installing: /home/hw_learn/ws_ros2/ws01_plumbing/install/base_interfaces_demo/share/ament_index/resource_index/rosidl_interfaces/base_interfaces_demo
-- Up-to-date: /home/hw_learn/ws_ros2/ws01_plumbing/install/base_interfaces_demo/include/base_interfaces_demo
-- Up-to-date: /home/hw_learn/ws_ros2/ws01_plumbing/install/base_interfaces_demo/include/base_interfaces_demo/msg
-- Up-to-date: /home/hw_learn/ws_ros2/ws01_plumbing/install/base_interfaces_demo/include/base_interfaces_demo/msg/rosidl_generator_c__visibility_control.h
-- Installing: /home/hw_learn/ws_ros2/ws01_plumbing/install/base_interfaces_demo/include/base_interfaces_demo/msg/student.h
-- Up-to-date: /home/hw_learn/ws_ros2/ws01_plumbing/install/base_interfaces_demo/include/base_interfaces_demo/msg/detail
-- Installing: /home/hw_learn/ws_ros2/ws01_plumbing/install/base_interfaces_demo/include/base_interfaces_demo/msg/detail/student__functions.c
-- Installing: /home/hw_learn/ws_ros2/ws01_plumbing/install/base_interfaces_demo/include/base_interfaces_demo/msg/detail/student__functions.h
-- Installing: /home/hw_learn/ws_ros2/ws01_plumbing/install/base_interfaces_demo/include/base_interfaces_demo/msg/detail/student__struct.h
-- Installing: /home/hw_learn/ws_ros2/ws01_plumbing/install/base_interfaces_demo/include/base_interfaces_demo/msg/detail/student__type_support.h
-- Installing: /home/hw_learn/ws_ros2/ws01_plumbing/install/base_interfaces_demo/include/base_interfaces_demo/srv
-- Installing: /home/hw_learn/ws_ros2/ws01_plumbing/install/base_interfaces_demo/include/base_interfaces_demo/srv/add_ints.h
-- Installing: /home/hw_learn/ws_ros2/ws01_plumbing/install/base_interfaces_demo/include/base_interfaces_demo/srv/detail
-- Installing: /home/hw_learn/ws_ros2/ws01_plumbing/install/base_interfaces_demo/include/base_interfaces_demo/srv/detail/add_ints__functions.c
-- Installing: /home/hw_learn/ws_ros2/ws01_plumbing/install/base_interfaces_demo/include/base_interfaces_demo/srv/detail/add_ints__functions.h
-- Installing: /home/hw_learn/ws_ros2/ws01_plumbing/install/base_interfaces_demo/include/base_interfaces_demo/srv/detail/add_ints__struct.h
-- Installing: /home/hw_learn/ws_ros2/ws01_plumbing/install/base_interfaces_demo/include/base_interfaces_demo/srv/detail/add_ints__type_support.h
-- Up-to-date: /home/hw_learn/ws_ros2/ws01_plumbing/install/base_interfaces_demo/share/base_interfaces_demo/environment/library_path.sh
-- Installing: /home/hw_learn/ws_ros2/ws01_plumbing/install/base_interfaces_demo/share/base_interfaces_demo/environment/library_path.dsv
-- Installing: /home/hw_learn/ws_ros2/ws01_plumbing/install/base_interfaces_demo/lib/libbase_interfaces_demo__rosidl_generator_c.so
-- Set runtime path of "/home/hw_learn/ws_ros2/ws01_plumbing/install/base_interfaces_demo/lib/libbase_interfaces_demo__rosidl_generator_c.so" to ""
-- Up-to-date: /home/hw_learn/ws_ros2/ws01_plumbing/install/base_interfaces_demo/include/base_interfaces_demo
-- Up-to-date: /home/hw_learn/ws_ros2/ws01_plumbing/install/base_interfaces_demo/include/base_interfaces_demo/msg
-- Up-to-date: /home/hw_learn/ws_ros2/ws01_plumbing/install/base_interfaces_demo/include/base_interfaces_demo/msg/rosidl_typesupport_fastrtps_c__visibility_control.h
-- Up-to-date: /home/hw_learn/ws_ros2/ws01_plumbing/install/base_interfaces_demo/include/base_interfaces_demo/msg/detail
-- Installing: /home/hw_learn/ws_ros2/ws01_plumbing/install/base_interfaces_demo/include/base_interfaces_demo/msg/detail/student__rosidl_typesupport_fastrtps_c.h
-- Up-to-date: /home/hw_learn/ws_ros2/ws01_plumbing/install/base_interfaces_demo/include/base_interfaces_demo/srv
-- Up-to-date: /home/hw_learn/ws_ros2/ws01_plumbing/install/base_interfaces_demo/include/base_interfaces_demo/srv/detail
-- Installing: /home/hw_learn/ws_ros2/ws01_plumbing/install/base_interfaces_demo/include/base_interfaces_demo/srv/detail/add_ints__rosidl_typesupport_fastrtps_c.h
-- Installing: /home/hw_learn/ws_ros2/ws01_plumbing/install/base_interfaces_demo/lib/libbase_interfaces_demo__rosidl_typesupport_fastrtps_c.so
-- Set runtime path of "/home/hw_learn/ws_ros2/ws01_plumbing/install/base_interfaces_demo/lib/libbase_interfaces_demo__rosidl_typesupport_fastrtps_c.so" to ""
-- Up-to-date: /home/hw_learn/ws_ros2/ws01_plumbing/install/base_interfaces_demo/include/base_interfaces_demo
-- Up-to-date: /home/hw_learn/ws_ros2/ws01_plumbing/install/base_interfaces_demo/include/base_interfaces_demo/msg
-- Up-to-date: /home/hw_learn/ws_ros2/ws01_plumbing/install/base_interfaces_demo/include/base_interfaces_demo/msg/rosidl_typesupport_fastrtps_cpp__visibility_control.h
-- Up-to-date: /home/hw_learn/ws_ros2/ws01_plumbing/install/base_interfaces_demo/include/base_interfaces_demo/msg/detail
-- Installing: /home/hw_learn/ws_ros2/ws01_plumbing/install/base_interfaces_demo/include/base_interfaces_demo/msg/detail/student__rosidl_typesupport_fastrtps_cpp.hpp
-- Up-to-date: /home/hw_learn/ws_ros2/ws01_plumbing/install/base_interfaces_demo/include/base_interfaces_demo/msg/detail/dds_fastrtps
-- Up-to-date: /home/hw_learn/ws_ros2/ws01_plumbing/install/base_interfaces_demo/include/base_interfaces_demo/srv
-- Up-to-date: /home/hw_learn/ws_ros2/ws01_plumbing/install/base_interfaces_demo/include/base_interfaces_demo/srv/detail
-- Installing: /home/hw_learn/ws_ros2/ws01_plumbing/install/base_interfaces_demo/include/base_interfaces_demo/srv/detail/add_ints__rosidl_typesupport_fastrtps_cpp.hpp
-- Installing: /home/hw_learn/ws_ros2/ws01_plumbing/install/base_interfaces_demo/include/base_interfaces_demo/srv/detail/dds_fastrtps
-- Installing: /home/hw_learn/ws_ros2/ws01_plumbing/install/base_interfaces_demo/lib/libbase_interfaces_demo__rosidl_typesupport_fastrtps_cpp.so
-- Set runtime path of "/home/hw_learn/ws_ros2/ws01_plumbing/install/base_interfaces_demo/lib/libbase_interfaces_demo__rosidl_typesupport_fastrtps_cpp.so" to ""
-- Up-to-date: /home/hw_learn/ws_ros2/ws01_plumbing/install/base_interfaces_demo/include/base_interfaces_demo
-- Up-to-date: /home/hw_learn/ws_ros2/ws01_plumbing/install/base_interfaces_demo/include/base_interfaces_demo/msg
-- Up-to-date: /home/hw_learn/ws_ros2/ws01_plumbing/install/base_interfaces_demo/include/base_interfaces_demo/msg/rosidl_typesupport_introspection_c__visibility_control.h
-- Up-to-date: /home/hw_learn/ws_ros2/ws01_plumbing/install/base_interfaces_demo/include/base_interfaces_demo/msg/detail
-- Installing: /home/hw_learn/ws_ros2/ws01_plumbing/install/base_interfaces_demo/include/base_interfaces_demo/msg/detail/student__rosidl_typesupport_introspection_c.h
-- Installing: /home/hw_learn/ws_ros2/ws01_plumbing/install/base_interfaces_demo/include/base_interfaces_demo/msg/detail/student__type_support.c
-- Up-to-date: /home/hw_learn/ws_ros2/ws01_plumbing/install/base_interfaces_demo/include/base_interfaces_demo/srv
-- Up-to-date: /home/hw_learn/ws_ros2/ws01_plumbing/install/base_interfaces_demo/include/base_interfaces_demo/srv/detail
-- Installing: /home/hw_learn/ws_ros2/ws01_plumbing/install/base_interfaces_demo/include/base_interfaces_demo/srv/detail/add_ints__rosidl_typesupport_introspection_c.h
-- Installing: /home/hw_learn/ws_ros2/ws01_plumbing/install/base_interfaces_demo/include/base_interfaces_demo/srv/detail/add_ints__type_support.c
-- Installing: /home/hw_learn/ws_ros2/ws01_plumbing/install/base_interfaces_demo/lib/libbase_interfaces_demo__rosidl_typesupport_introspection_c.so
-- Set runtime path of "/home/hw_learn/ws_ros2/ws01_plumbing/install/base_interfaces_demo/lib/libbase_interfaces_demo__rosidl_typesupport_introspection_c.so" to ""
-- Installing: /home/hw_learn/ws_ros2/ws01_plumbing/install/base_interfaces_demo/lib/libbase_interfaces_demo__rosidl_typesupport_c.so
-- Set runtime path of "/home/hw_learn/ws_ros2/ws01_plumbing/install/base_interfaces_demo/lib/libbase_interfaces_demo__rosidl_typesupport_c.so" to ""
-- Up-to-date: /home/hw_learn/ws_ros2/ws01_plumbing/install/base_interfaces_demo/include/base_interfaces_demo
-- Up-to-date: /home/hw_learn/ws_ros2/ws01_plumbing/install/base_interfaces_demo/include/base_interfaces_demo/msg
-- Up-to-date: /home/hw_learn/ws_ros2/ws01_plumbing/install/base_interfaces_demo/include/base_interfaces_demo/msg/detail
-- Installing: /home/hw_learn/ws_ros2/ws01_plumbing/install/base_interfaces_demo/include/base_interfaces_demo/msg/detail/student__builder.hpp
-- Installing: /home/hw_learn/ws_ros2/ws01_plumbing/install/base_interfaces_demo/include/base_interfaces_demo/msg/detail/student__struct.hpp
-- Installing: /home/hw_learn/ws_ros2/ws01_plumbing/install/base_interfaces_demo/include/base_interfaces_demo/msg/detail/student__traits.hpp
-- Installing: /home/hw_learn/ws_ros2/ws01_plumbing/install/base_interfaces_demo/include/base_interfaces_demo/msg/student.hpp
-- Up-to-date: /home/hw_learn/ws_ros2/ws01_plumbing/install/base_interfaces_demo/include/base_interfaces_demo/srv
-- Installing: /home/hw_learn/ws_ros2/ws01_plumbing/install/base_interfaces_demo/include/base_interfaces_demo/srv/add_ints.hpp
-- Up-to-date: /home/hw_learn/ws_ros2/ws01_plumbing/install/base_interfaces_demo/include/base_interfaces_demo/srv/detail
-- Installing: /home/hw_learn/ws_ros2/ws01_plumbing/install/base_interfaces_demo/include/base_interfaces_demo/srv/detail/add_ints__builder.hpp
-- Installing: /home/hw_learn/ws_ros2/ws01_plumbing/install/base_interfaces_demo/include/base_interfaces_demo/srv/detail/add_ints__struct.hpp
-- Installing: /home/hw_learn/ws_ros2/ws01_plumbing/install/base_interfaces_demo/include/base_interfaces_demo/srv/detail/add_ints__traits.hpp
-- Up-to-date: /home/hw_learn/ws_ros2/ws01_plumbing/install/base_interfaces_demo/include/base_interfaces_demo
-- Up-to-date: /home/hw_learn/ws_ros2/ws01_plumbing/install/base_interfaces_demo/include/base_interfaces_demo/msg
-- Up-to-date: /home/hw_learn/ws_ros2/ws01_plumbing/install/base_interfaces_demo/include/base_interfaces_demo/msg/detail
-- Installing: /home/hw_learn/ws_ros2/ws01_plumbing/install/base_interfaces_demo/include/base_interfaces_demo/msg/detail/student__rosidl_typesupport_introspection_cpp.hpp
-- Installing: /home/hw_learn/ws_ros2/ws01_plumbing/install/base_interfaces_demo/include/base_interfaces_demo/msg/detail/student__type_support.cpp
-- Up-to-date: /home/hw_learn/ws_ros2/ws01_plumbing/install/base_interfaces_demo/include/base_interfaces_demo/srv
-- Up-to-date: /home/hw_learn/ws_ros2/ws01_plumbing/install/base_interfaces_demo/include/base_interfaces_demo/srv/detail
-- Installing: /home/hw_learn/ws_ros2/ws01_plumbing/install/base_interfaces_demo/include/base_interfaces_demo/srv/detail/add_ints__rosidl_typesupport_introspection_cpp.hpp
-- Installing: /home/hw_learn/ws_ros2/ws01_plumbing/install/base_interfaces_demo/include/base_interfaces_demo/srv/detail/add_ints__type_support.cpp
-- Installing: /home/hw_learn/ws_ros2/ws01_plumbing/install/base_interfaces_demo/lib/libbase_interfaces_demo__rosidl_typesupport_introspection_cpp.so
-- Set runtime path of "/home/hw_learn/ws_ros2/ws01_plumbing/install/base_interfaces_demo/lib/libbase_interfaces_demo__rosidl_typesupport_introspection_cpp.so" to ""
-- Installing: /home/hw_learn/ws_ros2/ws01_plumbing/install/base_interfaces_demo/lib/libbase_interfaces_demo__rosidl_typesupport_cpp.so
-- Set runtime path of "/home/hw_learn/ws_ros2/ws01_plumbing/install/base_interfaces_demo/lib/libbase_interfaces_demo__rosidl_typesupport_cpp.so" to ""
-- Up-to-date: /home/hw_learn/ws_ros2/ws01_plumbing/install/base_interfaces_demo/share/base_interfaces_demo/environment/pythonpath.sh
-- Installing: /home/hw_learn/ws_ros2/ws01_plumbing/install/base_interfaces_demo/share/base_interfaces_demo/environment/pythonpath.dsv
-- Installing: /home/hw_learn/ws_ros2/ws01_plumbing/install/base_interfaces_demo/lib/python3.8/site-packages/base_interfaces_demo/__init__.py
Compiling '/home/hw_learn/ws_ros2/ws01_plumbing/install/base_interfaces_demo/lib/python3.8/site-packages/base_interfaces_demo/__init__.py'...
-- Up-to-date: /home/hw_learn/ws_ros2/ws01_plumbing/install/base_interfaces_demo/lib/python3.8/site-packages/base_interfaces_demo/msg
-- Installing: /home/hw_learn/ws_ros2/ws01_plumbing/install/base_interfaces_demo/lib/python3.8/site-packages/base_interfaces_demo/msg/_student.py
-- Installing: /home/hw_learn/ws_ros2/ws01_plumbing/install/base_interfaces_demo/lib/python3.8/site-packages/base_interfaces_demo/msg/_student_s.c
-- Installing: /home/hw_learn/ws_ros2/ws01_plumbing/install/base_interfaces_demo/lib/python3.8/site-packages/base_interfaces_demo/msg/__init__.py
-- Installing: /home/hw_learn/ws_ros2/ws01_plumbing/install/base_interfaces_demo/lib/python3.8/site-packages/base_interfaces_demo/srv
-- Installing: /home/hw_learn/ws_ros2/ws01_plumbing/install/base_interfaces_demo/lib/python3.8/site-packages/base_interfaces_demo/srv/_add_ints.py
-- Installing: /home/hw_learn/ws_ros2/ws01_plumbing/install/base_interfaces_demo/lib/python3.8/site-packages/base_interfaces_demo/srv/_add_ints_s.c
-- Installing: /home/hw_learn/ws_ros2/ws01_plumbing/install/base_interfaces_demo/lib/python3.8/site-packages/base_interfaces_demo/srv/__init__.py
-- Installing: /home/hw_learn/ws_ros2/ws01_plumbing/install/base_interfaces_demo/lib/python3.8/site-packages/base_interfaces_demo/base_interfaces_demo_s__rosidl_typesupport_fastrtps_c.cpython-38-x86_64-linux-gnu.so
-- Set runtime path of "/home/hw_learn/ws_ros2/ws01_plumbing/install/base_interfaces_demo/lib/python3.8/site-packages/base_interfaces_demo/base_interfaces_demo_s__rosidl_typesupport_fastrtps_c.cpython-38-x86_64-linux-gnu.so" to ""
-- Installing: /home/hw_learn/ws_ros2/ws01_plumbing/install/base_interfaces_demo/lib/python3.8/site-packages/base_interfaces_demo/base_interfaces_demo_s__rosidl_typesupport_introspection_c.cpython-38-x86_64-linux-gnu.so
-- Set runtime path of "/home/hw_learn/ws_ros2/ws01_plumbing/install/base_interfaces_demo/lib/python3.8/site-packages/base_interfaces_demo/base_interfaces_demo_s__rosidl_typesupport_introspection_c.cpython-38-x86_64-linux-gnu.so" to ""
-- Installing: /home/hw_learn/ws_ros2/ws01_plumbing/install/base_interfaces_demo/lib/python3.8/site-packages/base_interfaces_demo/base_interfaces_demo_s__rosidl_typesupport_c.cpython-38-x86_64-linux-gnu.so
-- Set runtime path of "/home/hw_learn/ws_ros2/ws01_plumbing/install/base_interfaces_demo/lib/python3.8/site-packages/base_interfaces_demo/base_interfaces_demo_s__rosidl_typesupport_c.cpython-38-x86_64-linux-gnu.so" to ""
-- Installing: /home/hw_learn/ws_ros2/ws01_plumbing/install/base_interfaces_demo/lib/libbase_interfaces_demo__python.so
-- Set runtime path of "/home/hw_learn/ws_ros2/ws01_plumbing/install/base_interfaces_demo/lib/libbase_interfaces_demo__python.so" to ""
-- Up-to-date: /home/hw_learn/ws_ros2/ws01_plumbing/install/base_interfaces_demo/share/base_interfaces_demo/msg/Student.idl
-- Installing: /home/hw_learn/ws_ros2/ws01_plumbing/install/base_interfaces_demo/share/base_interfaces_demo/srv/AddInts.idl
-- Up-to-date: /home/hw_learn/ws_ros2/ws01_plumbing/install/base_interfaces_demo/share/base_interfaces_demo/msg/Student.msg
-- Installing: /home/hw_learn/ws_ros2/ws01_plumbing/install/base_interfaces_demo/share/base_interfaces_demo/srv/AddInts.srv
-- Installing: /home/hw_learn/ws_ros2/ws01_plumbing/install/base_interfaces_demo/share/base_interfaces_demo/srv/AddInts_Request.msg
-- Installing: /home/hw_learn/ws_ros2/ws01_plumbing/install/base_interfaces_demo/share/base_interfaces_demo/srv/AddInts_Response.msg
-- Up-to-date: /home/hw_learn/ws_ros2/ws01_plumbing/install/base_interfaces_demo/share/ament_index/resource_index/package_run_dependencies/base_interfaces_demo
-- Up-to-date: /home/hw_learn/ws_ros2/ws01_plumbing/install/base_interfaces_demo/share/ament_index/resource_index/parent_prefix_path/base_interfaces_demo
-- Up-to-date: /home/hw_learn/ws_ros2/ws01_plumbing/install/base_interfaces_demo/share/base_interfaces_demo/environment/ament_prefix_path.sh
-- Installing: /home/hw_learn/ws_ros2/ws01_plumbing/install/base_interfaces_demo/share/base_interfaces_demo/environment/ament_prefix_path.dsv
-- Up-to-date: /home/hw_learn/ws_ros2/ws01_plumbing/install/base_interfaces_demo/share/base_interfaces_demo/environment/path.sh
-- Installing: /home/hw_learn/ws_ros2/ws01_plumbing/install/base_interfaces_demo/share/base_interfaces_demo/environment/path.dsv
-- Up-to-date: /home/hw_learn/ws_ros2/ws01_plumbing/install/base_interfaces_demo/share/base_interfaces_demo/local_setup.bash
-- Up-to-date: /home/hw_learn/ws_ros2/ws01_plumbing/install/base_interfaces_demo/share/base_interfaces_demo/local_setup.sh
-- Up-to-date: /home/hw_learn/ws_ros2/ws01_plumbing/install/base_interfaces_demo/share/base_interfaces_demo/local_setup.zsh
-- Installing: /home/hw_learn/ws_ros2/ws01_plumbing/install/base_interfaces_demo/share/base_interfaces_demo/local_setup.dsv
-- Installing: /home/hw_learn/ws_ros2/ws01_plumbing/install/base_interfaces_demo/share/base_interfaces_demo/package.dsv
-- Up-to-date: /home/hw_learn/ws_ros2/ws01_plumbing/install/base_interfaces_demo/share/ament_index/resource_index/packages/base_interfaces_demo
-- Up-to-date: /home/hw_learn/ws_ros2/ws01_plumbing/install/base_interfaces_demo/share/base_interfaces_demo/cmake/base_interfaces_demo__rosidl_generator_cExport.cmake
-- Installing: /home/hw_learn/ws_ros2/ws01_plumbing/install/base_interfaces_demo/share/base_interfaces_demo/cmake/base_interfaces_demo__rosidl_generator_cExport-noconfig.cmake
-- Up-to-date: /home/hw_learn/ws_ros2/ws01_plumbing/install/base_interfaces_demo/share/base_interfaces_demo/cmake/base_interfaces_demo__rosidl_typesupport_introspection_cExport.cmake
-- Installing: /home/hw_learn/ws_ros2/ws01_plumbing/install/base_interfaces_demo/share/base_interfaces_demo/cmake/base_interfaces_demo__rosidl_typesupport_introspection_cExport-noconfig.cmake
-- Up-to-date: /home/hw_learn/ws_ros2/ws01_plumbing/install/base_interfaces_demo/share/base_interfaces_demo/cmake/base_interfaces_demo__rosidl_typesupport_cExport.cmake
-- Installing: /home/hw_learn/ws_ros2/ws01_plumbing/install/base_interfaces_demo/share/base_interfaces_demo/cmake/base_interfaces_demo__rosidl_typesupport_cExport-noconfig.cmake
-- Up-to-date: /home/hw_learn/ws_ros2/ws01_plumbing/install/base_interfaces_demo/share/base_interfaces_demo/cmake/base_interfaces_demo__rosidl_generator_cppExport.cmake
-- Up-to-date: /home/hw_learn/ws_ros2/ws01_plumbing/install/base_interfaces_demo/share/base_interfaces_demo/cmake/base_interfaces_demo__rosidl_typesupport_introspection_cppExport.cmake
-- Installing: /home/hw_learn/ws_ros2/ws01_plumbing/install/base_interfaces_demo/share/base_interfaces_demo/cmake/base_interfaces_demo__rosidl_typesupport_introspection_cppExport-noconfig.cmake
-- Up-to-date: /home/hw_learn/ws_ros2/ws01_plumbing/install/base_interfaces_demo/share/base_interfaces_demo/cmake/base_interfaces_demo__rosidl_typesupport_cppExport.cmake
-- Installing: /home/hw_learn/ws_ros2/ws01_plumbing/install/base_interfaces_demo/share/base_interfaces_demo/cmake/base_interfaces_demo__rosidl_typesupport_cppExport-noconfig.cmake
-- Installing: /home/hw_learn/ws_ros2/ws01_plumbing/install/base_interfaces_demo/share/base_interfaces_demo/cmake/rosidl_cmake-extras.cmake
-- Up-to-date: /home/hw_learn/ws_ros2/ws01_plumbing/install/base_interfaces_demo/share/base_interfaces_demo/cmake/ament_cmake_export_dependencies-extras.cmake
-- Up-to-date: /home/hw_learn/ws_ros2/ws01_plumbing/install/base_interfaces_demo/share/base_interfaces_demo/cmake/ament_cmake_export_libraries-extras.cmake
-- Up-to-date: /home/hw_learn/ws_ros2/ws01_plumbing/install/base_interfaces_demo/share/base_interfaces_demo/cmake/ament_cmake_export_targets-extras.cmake
-- Up-to-date: /home/hw_learn/ws_ros2/ws01_plumbing/install/base_interfaces_demo/share/base_interfaces_demo/cmake/ament_cmake_export_include_directories-extras.cmake
-- Up-to-date: /home/hw_learn/ws_ros2/ws01_plumbing/install/base_interfaces_demo/share/base_interfaces_demo/cmake/rosidl_cmake_export_typesupport_libraries-extras.cmake
-- Up-to-date: /home/hw_learn/ws_ros2/ws01_plumbing/install/base_interfaces_demo/share/base_interfaces_demo/cmake/rosidl_cmake_export_typesupport_targets-extras.cmake
-- Up-to-date: /home/hw_learn/ws_ros2/ws01_plumbing/install/base_interfaces_demo/share/base_interfaces_demo/cmake/base_interfaces_demoConfig.cmake
-- Up-to-date: /home/hw_learn/ws_ros2/ws01_plumbing/install/base_interfaces_demo/share/base_interfaces_demo/cmake/base_interfaces_demoConfig-version.cmake
-- Up-to-date: /home/hw_learn/ws_ros2/ws01_plumbing/install/base_interfaces_demo/share/base_interfaces_demo/package.xml
