[0.032s] Invoking command in '/home/hw_learn/ws_ros2/ws01_plumbing/build/base_interfaces_demo': CMAKE_PREFIX_PATH=${CMAKE_PREFIX_PATH}:/home/hw_learn/ws_ros2/ws01_plumbing/install/py01_topic:/home/hw_learn/dev_ws/install/learning_urdf:/home/hw_learn/dev_ws/install/learning_topic:/home/hw_learn/dev_ws/install/learning_tf:/home/hw_learn/dev_ws/install/learning_service:/home/hw_learn/dev_ws/install/learning_qos:/home/hw_learn/dev_ws/install/learning_pkg_python:/home/hw_learn/dev_ws/install/learning_parameter:/home/hw_learn/dev_ws/install/learning_node:/home/hw_learn/dev_ws/install/learning_launch:/home/hw_learn/dev_ws/install/learning_action:/home/hw_learn/dev_ws/install/learning_gazebo /usr/bin/cmake --build /home/hw_learn/ws_ros2/ws01_plumbing/build/base_interfaces_demo -- -j128 -l128
[0.058s] -- Found rosidl_default_generators: 1.0.1 (/opt/ros/foxy/share/rosidl_default_generators/cmake)
[0.059s] -- Found ament_cmake_core: 0.9.9 (/opt/ros/foxy/share/ament_cmake_core/cmake)
[0.081s] -- Found PythonInterp: /usr/bin/python3 (found suitable version "3.8.10", minimum required is "3") 
[0.081s] -- Using PYTHON_EXECUTABLE: /usr/bin/python3
[0.234s] -- Using all available rosidl_typesupport_c: rosidl_typesupport_fastrtps_c;rosidl_typesupport_introspection_c
[0.237s] -- Found rosidl_adapter: 1.2.1 (/opt/ros/foxy/share/rosidl_adapter/cmake)
[0.364s] -- Using all available rosidl_typesupport_cpp: rosidl_typesupport_fastrtps_cpp;rosidl_typesupport_introspection_cpp
[0.409s] -- Found PythonInterp: /usr/bin/python3 (found version "3.8.10") 
[0.530s] -- Found ament_cmake_ros: 0.9.2 (/opt/ros/foxy/share/ament_cmake_ros/cmake)
[0.616s] -- Using all available rosidl_typesupport_c: rosidl_typesupport_fastrtps_c;rosidl_typesupport_introspection_c
[0.625s] -- Using all available rosidl_typesupport_cpp: rosidl_typesupport_fastrtps_cpp;rosidl_typesupport_introspection_cpp
[0.649s] -- Found PythonInterp: /usr/bin/python3 (found suitable version "3.8.10", minimum required is "3.5") 
[0.649s] -- Found python_cmake_module: 0.8.1 (/opt/ros/foxy/share/python_cmake_module/cmake)
[0.673s] -- Using PYTHON_EXECUTABLE: /usr/bin/python3
[0.673s] -- Using PYTHON_INCLUDE_DIRS: /usr/include/python3.8
[0.673s] -- Using PYTHON_LIBRARIES: /usr/lib/x86_64-linux-gnu/libpython3.8.so
[0.688s] -- Found ament_lint_auto: 0.9.6 (/opt/ros/foxy/share/ament_lint_auto/cmake)
[0.696s] -- Configuring done
[0.728s] -- Generating done
[0.731s] -- Build files have been written to: /home/hw_learn/ws_ros2/ws01_plumbing/build/base_interfaces_demo
[0.756s] [35m[1mScanning dependencies of target base_interfaces_demo__cpp[0m
[0.756s] [  2%] [34m[1mGenerating C code for ROS interfaces[0m
[0.765s] [  5%] [34m[1mGenerating C++ code for ROS interfaces[0m
[1.034s] [35m[1mScanning dependencies of target base_interfaces_demo__rosidl_generator_c[0m
[1.045s] [  5%] Built target base_interfaces_demo__cpp
[1.045s] [  7%] [32mBuilding C object CMakeFiles/base_interfaces_demo__rosidl_generator_c.dir/rosidl_generator_c/base_interfaces_demo/msg/detail/student__functions.c.o[0m
[1.046s] [ 10%] [32mBuilding C object CMakeFiles/base_interfaces_demo__rosidl_generator_c.dir/rosidl_generator_c/base_interfaces_demo/srv/detail/add_ints__functions.c.o[0m
[1.056s] [ 12%] [34m[1mGenerating C++ type support dispatch for ROS interfaces[0m
[1.057s] [ 15%] [34m[1mGenerating C++ type support for eProsima Fast-RTPS[0m
[1.057s] [ 17%] [34m[1mGenerating C++ introspection for ROS interfaces[0m
[1.089s] [ 20%] [32m[1mLinking C shared library libbase_interfaces_demo__rosidl_generator_c.so[0m
[1.125s] [ 20%] Built target base_interfaces_demo__rosidl_generator_c
[1.135s] [ 23%] [34m[1mGenerating C type support dispatch for ROS interfaces[0m
[1.135s] [ 25%] [34m[1mGenerating C introspection for ROS interfaces[0m
[1.291s] [35m[1mScanning dependencies of target base_interfaces_demo__rosidl_typesupport_cpp[0m
[1.303s] [ 28%] [32mBuilding CXX object CMakeFiles/base_interfaces_demo__rosidl_typesupport_cpp.dir/rosidl_typesupport_cpp/base_interfaces_demo/msg/student__type_support.cpp.o[0m
[1.304s] [ 30%] [32mBuilding CXX object CMakeFiles/base_interfaces_demo__rosidl_typesupport_cpp.dir/rosidl_typesupport_cpp/base_interfaces_demo/srv/add_ints__type_support.cpp.o[0m
[1.310s] [35m[1mScanning dependencies of target base_interfaces_demo__rosidl_typesupport_introspection_cpp[0m
[1.323s] [ 33%] [32mBuilding CXX object CMakeFiles/base_interfaces_demo__rosidl_typesupport_introspection_cpp.dir/rosidl_typesupport_introspection_cpp/base_interfaces_demo/msg/detail/student__type_support.cpp.o[0m
[1.323s] [ 35%] [32mBuilding CXX object CMakeFiles/base_interfaces_demo__rosidl_typesupport_introspection_cpp.dir/rosidl_typesupport_introspection_cpp/base_interfaces_demo/srv/detail/add_ints__type_support.cpp.o[0m
[1.332s] [35m[1mScanning dependencies of target base_interfaces_demo__rosidl_typesupport_fastrtps_cpp[0m
[1.348s] [ 38%] [32mBuilding CXX object CMakeFiles/base_interfaces_demo__rosidl_typesupport_fastrtps_cpp.dir/rosidl_typesupport_fastrtps_cpp/base_interfaces_demo/msg/detail/dds_fastrtps/student__type_support.cpp.o[0m
[1.348s] [ 41%] [32mBuilding CXX object CMakeFiles/base_interfaces_demo__rosidl_typesupport_fastrtps_cpp.dir/rosidl_typesupport_fastrtps_cpp/base_interfaces_demo/srv/detail/dds_fastrtps/add_ints__type_support.cpp.o[0m
[1.369s] [35m[1mScanning dependencies of target base_interfaces_demo__rosidl_typesupport_c[0m
[1.381s] [ 43%] [32mBuilding CXX object CMakeFiles/base_interfaces_demo__rosidl_typesupport_c.dir/rosidl_typesupport_c/base_interfaces_demo/msg/student__type_support.cpp.o[0m
[1.381s] [ 46%] [32mBuilding CXX object CMakeFiles/base_interfaces_demo__rosidl_typesupport_c.dir/rosidl_typesupport_c/base_interfaces_demo/srv/add_ints__type_support.cpp.o[0m
[1.411s] [35m[1mScanning dependencies of target base_interfaces_demo__rosidl_typesupport_introspection_c[0m
[1.423s] [ 48%] [32mBuilding C object CMakeFiles/base_interfaces_demo__rosidl_typesupport_introspection_c.dir/rosidl_typesupport_introspection_c/base_interfaces_demo/msg/detail/student__type_support.c.o[0m
[1.423s] [ 51%] [32mBuilding C object CMakeFiles/base_interfaces_demo__rosidl_typesupport_introspection_c.dir/rosidl_typesupport_introspection_c/base_interfaces_demo/srv/detail/add_ints__type_support.c.o[0m
[1.432s] [ 53%] [32m[1mLinking CXX shared library libbase_interfaces_demo__rosidl_typesupport_c.so[0m
[1.459s] [ 56%] [32m[1mLinking C shared library libbase_interfaces_demo__rosidl_typesupport_introspection_c.so[0m
[1.502s] [ 56%] Built target base_interfaces_demo__rosidl_typesupport_c
[1.521s] [ 56%] Built target base_interfaces_demo__rosidl_typesupport_introspection_c
[1.613s] [ 58%] [32m[1mLinking CXX shared library libbase_interfaces_demo__rosidl_typesupport_cpp.so[0m
[1.631s] [ 61%] [32m[1mLinking CXX shared library libbase_interfaces_demo__rosidl_typesupport_introspection_cpp.so[0m
[1.652s] [ 61%] Built target base_interfaces_demo__rosidl_typesupport_cpp
[1.687s] [ 61%] Built target base_interfaces_demo__rosidl_typesupport_introspection_cpp
[1.778s] [ 64%] [32m[1mLinking CXX shared library libbase_interfaces_demo__rosidl_typesupport_fastrtps_cpp.so[0m
[1.848s] [ 64%] Built target base_interfaces_demo__rosidl_typesupport_fastrtps_cpp
[1.857s] [ 66%] [34m[1mGenerating C type support for eProsima Fast-RTPS[0m
[2.106s] [35m[1mScanning dependencies of target base_interfaces_demo__rosidl_typesupport_fastrtps_c[0m
[2.120s] [ 69%] [32mBuilding CXX object CMakeFiles/base_interfaces_demo__rosidl_typesupport_fastrtps_c.dir/rosidl_typesupport_fastrtps_c/base_interfaces_demo/msg/detail/student__type_support_c.cpp.o[0m
[2.121s] [ 71%] [32mBuilding CXX object CMakeFiles/base_interfaces_demo__rosidl_typesupport_fastrtps_c.dir/rosidl_typesupport_fastrtps_c/base_interfaces_demo/srv/detail/add_ints__type_support_c.cpp.o[0m
[2.412s] [ 74%] [32m[1mLinking CXX shared library libbase_interfaces_demo__rosidl_typesupport_fastrtps_c.so[0m
[2.479s] [ 74%] Built target base_interfaces_demo__rosidl_typesupport_fastrtps_c
[2.496s] [ 74%] Built target base_interfaces_demo
[2.504s] [35m[1mScanning dependencies of target base_interfaces_demo__py[0m
[2.514s] [ 76%] [34m[1mGenerating Python code for ROS interfaces[0m
[3.144s] [ 76%] Built target base_interfaces_demo__py
[3.155s] [35m[1mScanning dependencies of target base_interfaces_demo__python[0m
[3.171s] [ 79%] [32mBuilding C object CMakeFiles/base_interfaces_demo__python.dir/rosidl_generator_py/base_interfaces_demo/msg/_student_s.c.o[0m
[3.171s] [ 82%] [32mBuilding C object CMakeFiles/base_interfaces_demo__python.dir/rosidl_generator_py/base_interfaces_demo/srv/_add_ints_s.c.o[0m
[3.253s] [ 84%] [32m[1mLinking C shared library rosidl_generator_py/base_interfaces_demo/libbase_interfaces_demo__python.so[0m
[3.289s] [ 84%] Built target base_interfaces_demo__python
[3.299s] [35m[1mScanning dependencies of target base_interfaces_demo__rosidl_typesupport_introspection_c__pyext[0m
[3.299s] [35m[1mScanning dependencies of target base_interfaces_demo__rosidl_typesupport_fastrtps_c__pyext[0m
[3.299s] [35m[1mScanning dependencies of target base_interfaces_demo__rosidl_typesupport_c__pyext[0m
[3.314s] [ 87%] [32mBuilding C object CMakeFiles/base_interfaces_demo__rosidl_typesupport_c__pyext.dir/rosidl_generator_py/base_interfaces_demo/_base_interfaces_demo_s.ep.rosidl_typesupport_c.c.o[0m
[3.314s] [ 89%] [32mBuilding C object CMakeFiles/base_interfaces_demo__rosidl_typesupport_fastrtps_c__pyext.dir/rosidl_generator_py/base_interfaces_demo/_base_interfaces_demo_s.ep.rosidl_typesupport_fastrtps_c.c.o[0m
[3.315s] [ 92%] [32mBuilding C object CMakeFiles/base_interfaces_demo__rosidl_typesupport_introspection_c__pyext.dir/rosidl_generator_py/base_interfaces_demo/_base_interfaces_demo_s.ep.rosidl_typesupport_introspection_c.c.o[0m
[3.393s] [ 94%] [32m[1mLinking C shared library rosidl_generator_py/base_interfaces_demo/base_interfaces_demo_s__rosidl_typesupport_introspection_c.cpython-38-x86_64-linux-gnu.so[0m
[3.395s] [ 97%] [32m[1mLinking C shared library rosidl_generator_py/base_interfaces_demo/base_interfaces_demo_s__rosidl_typesupport_c.cpython-38-x86_64-linux-gnu.so[0m
[3.396s] [100%] [32m[1mLinking CXX shared library rosidl_generator_py/base_interfaces_demo/base_interfaces_demo_s__rosidl_typesupport_fastrtps_c.cpython-38-x86_64-linux-gnu.so[0m
[3.428s] [100%] Built target base_interfaces_demo__rosidl_typesupport_introspection_c__pyext
[3.428s] [100%] Built target base_interfaces_demo__rosidl_typesupport_c__pyext
[3.448s] [100%] Built target base_interfaces_demo__rosidl_typesupport_fastrtps_c__pyext
[3.459s] Invoked command in '/home/hw_learn/ws_ros2/ws01_plumbing/build/base_interfaces_demo' returned '0': CMAKE_PREFIX_PATH=${CMAKE_PREFIX_PATH}:/home/hw_learn/ws_ros2/ws01_plumbing/install/py01_topic:/home/hw_learn/dev_ws/install/learning_urdf:/home/hw_learn/dev_ws/install/learning_topic:/home/hw_learn/dev_ws/install/learning_tf:/home/hw_learn/dev_ws/install/learning_service:/home/hw_learn/dev_ws/install/learning_qos:/home/hw_learn/dev_ws/install/learning_pkg_python:/home/hw_learn/dev_ws/install/learning_parameter:/home/hw_learn/dev_ws/install/learning_node:/home/hw_learn/dev_ws/install/learning_launch:/home/hw_learn/dev_ws/install/learning_action:/home/hw_learn/dev_ws/install/learning_gazebo /usr/bin/cmake --build /home/hw_learn/ws_ros2/ws01_plumbing/build/base_interfaces_demo -- -j128 -l128
[3.536s] Invoking command in '/home/hw_learn/ws_ros2/ws01_plumbing/build/base_interfaces_demo': CMAKE_PREFIX_PATH=${CMAKE_PREFIX_PATH}:/home/hw_learn/ws_ros2/ws01_plumbing/install/py01_topic:/home/hw_learn/dev_ws/install/learning_urdf:/home/hw_learn/dev_ws/install/learning_topic:/home/hw_learn/dev_ws/install/learning_tf:/home/hw_learn/dev_ws/install/learning_service:/home/hw_learn/dev_ws/install/learning_qos:/home/hw_learn/dev_ws/install/learning_pkg_python:/home/hw_learn/dev_ws/install/learning_parameter:/home/hw_learn/dev_ws/install/learning_node:/home/hw_learn/dev_ws/install/learning_launch:/home/hw_learn/dev_ws/install/learning_action:/home/hw_learn/dev_ws/install/learning_gazebo /usr/bin/cmake --install /home/hw_learn/ws_ros2/ws01_plumbing/build/base_interfaces_demo
[3.544s] -- Install configuration: ""
[3.544s] -- Installing: /home/hw_learn/ws_ros2/ws01_plumbing/install/base_interfaces_demo/share/ament_index/resource_index/rosidl_interfaces/base_interfaces_demo
[3.547s] -- Up-to-date: /home/hw_learn/ws_ros2/ws01_plumbing/install/base_interfaces_demo/include/base_interfaces_demo
[3.547s] -- Up-to-date: /home/hw_learn/ws_ros2/ws01_plumbing/install/base_interfaces_demo/include/base_interfaces_demo/msg
[3.547s] -- Up-to-date: /home/hw_learn/ws_ros2/ws01_plumbing/install/base_interfaces_demo/include/base_interfaces_demo/msg/rosidl_generator_c__visibility_control.h
[3.547s] -- Installing: /home/hw_learn/ws_ros2/ws01_plumbing/install/base_interfaces_demo/include/base_interfaces_demo/msg/student.h
[3.547s] -- Up-to-date: /home/hw_learn/ws_ros2/ws01_plumbing/install/base_interfaces_demo/include/base_interfaces_demo/msg/detail
[3.547s] -- Installing: /home/hw_learn/ws_ros2/ws01_plumbing/install/base_interfaces_demo/include/base_interfaces_demo/msg/detail/student__functions.c
[3.547s] -- Installing: /home/hw_learn/ws_ros2/ws01_plumbing/install/base_interfaces_demo/include/base_interfaces_demo/msg/detail/student__functions.h
[3.547s] -- Installing: /home/hw_learn/ws_ros2/ws01_plumbing/install/base_interfaces_demo/include/base_interfaces_demo/msg/detail/student__struct.h
[3.547s] -- Installing: /home/hw_learn/ws_ros2/ws01_plumbing/install/base_interfaces_demo/include/base_interfaces_demo/msg/detail/student__type_support.h
[3.548s] -- Installing: /home/hw_learn/ws_ros2/ws01_plumbing/install/base_interfaces_demo/include/base_interfaces_demo/srv
[3.548s] -- Installing: /home/hw_learn/ws_ros2/ws01_plumbing/install/base_interfaces_demo/include/base_interfaces_demo/srv/add_ints.h
[3.548s] -- Installing: /home/hw_learn/ws_ros2/ws01_plumbing/install/base_interfaces_demo/include/base_interfaces_demo/srv/detail
[3.548s] -- Installing: /home/hw_learn/ws_ros2/ws01_plumbing/install/base_interfaces_demo/include/base_interfaces_demo/srv/detail/add_ints__functions.c
[3.548s] -- Installing: /home/hw_learn/ws_ros2/ws01_plumbing/install/base_interfaces_demo/include/base_interfaces_demo/srv/detail/add_ints__functions.h
[3.548s] -- Installing: /home/hw_learn/ws_ros2/ws01_plumbing/install/base_interfaces_demo/include/base_interfaces_demo/srv/detail/add_ints__struct.h
[3.548s] -- Installing: /home/hw_learn/ws_ros2/ws01_plumbing/install/base_interfaces_demo/include/base_interfaces_demo/srv/detail/add_ints__type_support.h
[3.549s] -- Up-to-date: /home/hw_learn/ws_ros2/ws01_plumbing/install/base_interfaces_demo/share/base_interfaces_demo/environment/library_path.sh
[3.549s] -- Installing: /home/hw_learn/ws_ros2/ws01_plumbing/install/base_interfaces_demo/share/base_interfaces_demo/environment/library_path.dsv
[3.549s] -- Installing: /home/hw_learn/ws_ros2/ws01_plumbing/install/base_interfaces_demo/lib/libbase_interfaces_demo__rosidl_generator_c.so
[3.550s] -- Set runtime path of "/home/hw_learn/ws_ros2/ws01_plumbing/install/base_interfaces_demo/lib/libbase_interfaces_demo__rosidl_generator_c.so" to ""
[3.550s] -- Up-to-date: /home/hw_learn/ws_ros2/ws01_plumbing/install/base_interfaces_demo/include/base_interfaces_demo
[3.550s] -- Up-to-date: /home/hw_learn/ws_ros2/ws01_plumbing/install/base_interfaces_demo/include/base_interfaces_demo/msg
[3.550s] -- Up-to-date: /home/hw_learn/ws_ros2/ws01_plumbing/install/base_interfaces_demo/include/base_interfaces_demo/msg/rosidl_typesupport_fastrtps_c__visibility_control.h
[3.550s] -- Up-to-date: /home/hw_learn/ws_ros2/ws01_plumbing/install/base_interfaces_demo/include/base_interfaces_demo/msg/detail
[3.550s] -- Installing: /home/hw_learn/ws_ros2/ws01_plumbing/install/base_interfaces_demo/include/base_interfaces_demo/msg/detail/student__rosidl_typesupport_fastrtps_c.h
[3.550s] -- Up-to-date: /home/hw_learn/ws_ros2/ws01_plumbing/install/base_interfaces_demo/include/base_interfaces_demo/srv
[3.550s] -- Up-to-date: /home/hw_learn/ws_ros2/ws01_plumbing/install/base_interfaces_demo/include/base_interfaces_demo/srv/detail
[3.550s] -- Installing: /home/hw_learn/ws_ros2/ws01_plumbing/install/base_interfaces_demo/include/base_interfaces_demo/srv/detail/add_ints__rosidl_typesupport_fastrtps_c.h
[3.551s] -- Installing: /home/hw_learn/ws_ros2/ws01_plumbing/install/base_interfaces_demo/lib/libbase_interfaces_demo__rosidl_typesupport_fastrtps_c.so
[3.551s] -- Set runtime path of "/home/hw_learn/ws_ros2/ws01_plumbing/install/base_interfaces_demo/lib/libbase_interfaces_demo__rosidl_typesupport_fastrtps_c.so" to ""
[3.551s] -- Up-to-date: /home/hw_learn/ws_ros2/ws01_plumbing/install/base_interfaces_demo/include/base_interfaces_demo
[3.551s] -- Up-to-date: /home/hw_learn/ws_ros2/ws01_plumbing/install/base_interfaces_demo/include/base_interfaces_demo/msg
[3.551s] -- Up-to-date: /home/hw_learn/ws_ros2/ws01_plumbing/install/base_interfaces_demo/include/base_interfaces_demo/msg/rosidl_typesupport_fastrtps_cpp__visibility_control.h
[3.551s] -- Up-to-date: /home/hw_learn/ws_ros2/ws01_plumbing/install/base_interfaces_demo/include/base_interfaces_demo/msg/detail
[3.552s] -- Installing: /home/hw_learn/ws_ros2/ws01_plumbing/install/base_interfaces_demo/include/base_interfaces_demo/msg/detail/student__rosidl_typesupport_fastrtps_cpp.hpp
[3.552s] -- Up-to-date: /home/hw_learn/ws_ros2/ws01_plumbing/install/base_interfaces_demo/include/base_interfaces_demo/msg/detail/dds_fastrtps
[3.552s] -- Up-to-date: /home/hw_learn/ws_ros2/ws01_plumbing/install/base_interfaces_demo/include/base_interfaces_demo/srv
[3.552s] -- Up-to-date: /home/hw_learn/ws_ros2/ws01_plumbing/install/base_interfaces_demo/include/base_interfaces_demo/srv/detail
[3.552s] -- Installing: /home/hw_learn/ws_ros2/ws01_plumbing/install/base_interfaces_demo/include/base_interfaces_demo/srv/detail/add_ints__rosidl_typesupport_fastrtps_cpp.hpp
[3.552s] -- Installing: /home/hw_learn/ws_ros2/ws01_plumbing/install/base_interfaces_demo/include/base_interfaces_demo/srv/detail/dds_fastrtps
[3.552s] -- Installing: /home/hw_learn/ws_ros2/ws01_plumbing/install/base_interfaces_demo/lib/libbase_interfaces_demo__rosidl_typesupport_fastrtps_cpp.so
[3.553s] -- Set runtime path of "/home/hw_learn/ws_ros2/ws01_plumbing/install/base_interfaces_demo/lib/libbase_interfaces_demo__rosidl_typesupport_fastrtps_cpp.so" to ""
[3.553s] -- Up-to-date: /home/hw_learn/ws_ros2/ws01_plumbing/install/base_interfaces_demo/include/base_interfaces_demo
[3.553s] -- Up-to-date: /home/hw_learn/ws_ros2/ws01_plumbing/install/base_interfaces_demo/include/base_interfaces_demo/msg
[3.553s] -- Up-to-date: /home/hw_learn/ws_ros2/ws01_plumbing/install/base_interfaces_demo/include/base_interfaces_demo/msg/rosidl_typesupport_introspection_c__visibility_control.h
[3.553s] -- Up-to-date: /home/hw_learn/ws_ros2/ws01_plumbing/install/base_interfaces_demo/include/base_interfaces_demo/msg/detail
[3.553s] -- Installing: /home/hw_learn/ws_ros2/ws01_plumbing/install/base_interfaces_demo/include/base_interfaces_demo/msg/detail/student__rosidl_typesupport_introspection_c.h
[3.553s] -- Installing: /home/hw_learn/ws_ros2/ws01_plumbing/install/base_interfaces_demo/include/base_interfaces_demo/msg/detail/student__type_support.c
[3.553s] -- Up-to-date: /home/hw_learn/ws_ros2/ws01_plumbing/install/base_interfaces_demo/include/base_interfaces_demo/srv
[3.553s] -- Up-to-date: /home/hw_learn/ws_ros2/ws01_plumbing/install/base_interfaces_demo/include/base_interfaces_demo/srv/detail
[3.553s] -- Installing: /home/hw_learn/ws_ros2/ws01_plumbing/install/base_interfaces_demo/include/base_interfaces_demo/srv/detail/add_ints__rosidl_typesupport_introspection_c.h
[3.553s] -- Installing: /home/hw_learn/ws_ros2/ws01_plumbing/install/base_interfaces_demo/include/base_interfaces_demo/srv/detail/add_ints__type_support.c
[3.554s] -- Installing: /home/hw_learn/ws_ros2/ws01_plumbing/install/base_interfaces_demo/lib/libbase_interfaces_demo__rosidl_typesupport_introspection_c.so
[3.554s] -- Set runtime path of "/home/hw_learn/ws_ros2/ws01_plumbing/install/base_interfaces_demo/lib/libbase_interfaces_demo__rosidl_typesupport_introspection_c.so" to ""
[3.554s] -- Installing: /home/hw_learn/ws_ros2/ws01_plumbing/install/base_interfaces_demo/lib/libbase_interfaces_demo__rosidl_typesupport_c.so
[3.555s] -- Set runtime path of "/home/hw_learn/ws_ros2/ws01_plumbing/install/base_interfaces_demo/lib/libbase_interfaces_demo__rosidl_typesupport_c.so" to ""
[3.555s] -- Up-to-date: /home/hw_learn/ws_ros2/ws01_plumbing/install/base_interfaces_demo/include/base_interfaces_demo
[3.555s] -- Up-to-date: /home/hw_learn/ws_ros2/ws01_plumbing/install/base_interfaces_demo/include/base_interfaces_demo/msg
[3.555s] -- Up-to-date: /home/hw_learn/ws_ros2/ws01_plumbing/install/base_interfaces_demo/include/base_interfaces_demo/msg/detail
[3.555s] -- Installing: /home/hw_learn/ws_ros2/ws01_plumbing/install/base_interfaces_demo/include/base_interfaces_demo/msg/detail/student__builder.hpp
[3.555s] -- Installing: /home/hw_learn/ws_ros2/ws01_plumbing/install/base_interfaces_demo/include/base_interfaces_demo/msg/detail/student__struct.hpp
[3.555s] -- Installing: /home/hw_learn/ws_ros2/ws01_plumbing/install/base_interfaces_demo/include/base_interfaces_demo/msg/detail/student__traits.hpp
[3.555s] -- Installing: /home/hw_learn/ws_ros2/ws01_plumbing/install/base_interfaces_demo/include/base_interfaces_demo/msg/student.hpp
[3.556s] -- Up-to-date: /home/hw_learn/ws_ros2/ws01_plumbing/install/base_interfaces_demo/include/base_interfaces_demo/srv
[3.556s] -- Installing: /home/hw_learn/ws_ros2/ws01_plumbing/install/base_interfaces_demo/include/base_interfaces_demo/srv/add_ints.hpp
[3.556s] -- Up-to-date: /home/hw_learn/ws_ros2/ws01_plumbing/install/base_interfaces_demo/include/base_interfaces_demo/srv/detail
[3.556s] -- Installing: /home/hw_learn/ws_ros2/ws01_plumbing/install/base_interfaces_demo/include/base_interfaces_demo/srv/detail/add_ints__builder.hpp
[3.556s] -- Installing: /home/hw_learn/ws_ros2/ws01_plumbing/install/base_interfaces_demo/include/base_interfaces_demo/srv/detail/add_ints__struct.hpp
[3.556s] -- Installing: /home/hw_learn/ws_ros2/ws01_plumbing/install/base_interfaces_demo/include/base_interfaces_demo/srv/detail/add_ints__traits.hpp
[3.556s] -- Up-to-date: /home/hw_learn/ws_ros2/ws01_plumbing/install/base_interfaces_demo/include/base_interfaces_demo
[3.556s] -- Up-to-date: /home/hw_learn/ws_ros2/ws01_plumbing/install/base_interfaces_demo/include/base_interfaces_demo/msg
[3.556s] -- Up-to-date: /home/hw_learn/ws_ros2/ws01_plumbing/install/base_interfaces_demo/include/base_interfaces_demo/msg/detail
[3.557s] -- Installing: /home/hw_learn/ws_ros2/ws01_plumbing/install/base_interfaces_demo/include/base_interfaces_demo/msg/detail/student__rosidl_typesupport_introspection_cpp.hpp
[3.557s] -- Installing: /home/hw_learn/ws_ros2/ws01_plumbing/install/base_interfaces_demo/include/base_interfaces_demo/msg/detail/student__type_support.cpp
[3.557s] -- Up-to-date: /home/hw_learn/ws_ros2/ws01_plumbing/install/base_interfaces_demo/include/base_interfaces_demo/srv
[3.557s] -- Up-to-date: /home/hw_learn/ws_ros2/ws01_plumbing/install/base_interfaces_demo/include/base_interfaces_demo/srv/detail
[3.557s] -- Installing: /home/hw_learn/ws_ros2/ws01_plumbing/install/base_interfaces_demo/include/base_interfaces_demo/srv/detail/add_ints__rosidl_typesupport_introspection_cpp.hpp
[3.557s] -- Installing: /home/hw_learn/ws_ros2/ws01_plumbing/install/base_interfaces_demo/include/base_interfaces_demo/srv/detail/add_ints__type_support.cpp
[3.557s] -- Installing: /home/hw_learn/ws_ros2/ws01_plumbing/install/base_interfaces_demo/lib/libbase_interfaces_demo__rosidl_typesupport_introspection_cpp.so
[3.558s] -- Set runtime path of "/home/hw_learn/ws_ros2/ws01_plumbing/install/base_interfaces_demo/lib/libbase_interfaces_demo__rosidl_typesupport_introspection_cpp.so" to ""
[3.558s] -- Installing: /home/hw_learn/ws_ros2/ws01_plumbing/install/base_interfaces_demo/lib/libbase_interfaces_demo__rosidl_typesupport_cpp.so
[3.558s] -- Set runtime path of "/home/hw_learn/ws_ros2/ws01_plumbing/install/base_interfaces_demo/lib/libbase_interfaces_demo__rosidl_typesupport_cpp.so" to ""
[3.558s] -- Up-to-date: /home/hw_learn/ws_ros2/ws01_plumbing/install/base_interfaces_demo/share/base_interfaces_demo/environment/pythonpath.sh
[3.559s] -- Installing: /home/hw_learn/ws_ros2/ws01_plumbing/install/base_interfaces_demo/share/base_interfaces_demo/environment/pythonpath.dsv
[3.559s] -- Installing: /home/hw_learn/ws_ros2/ws01_plumbing/install/base_interfaces_demo/lib/python3.8/site-packages/base_interfaces_demo/__init__.py
[3.592s] Compiling '/home/hw_learn/ws_ros2/ws01_plumbing/install/base_interfaces_demo/lib/python3.8/site-packages/base_interfaces_demo/__init__.py'...
[3.596s] -- Up-to-date: /home/hw_learn/ws_ros2/ws01_plumbing/install/base_interfaces_demo/lib/python3.8/site-packages/base_interfaces_demo/msg
[3.596s] -- Installing: /home/hw_learn/ws_ros2/ws01_plumbing/install/base_interfaces_demo/lib/python3.8/site-packages/base_interfaces_demo/msg/_student.py
[3.596s] -- Installing: /home/hw_learn/ws_ros2/ws01_plumbing/install/base_interfaces_demo/lib/python3.8/site-packages/base_interfaces_demo/msg/_student_s.c
[3.596s] -- Installing: /home/hw_learn/ws_ros2/ws01_plumbing/install/base_interfaces_demo/lib/python3.8/site-packages/base_interfaces_demo/msg/__init__.py
[3.596s] -- Installing: /home/hw_learn/ws_ros2/ws01_plumbing/install/base_interfaces_demo/lib/python3.8/site-packages/base_interfaces_demo/srv
[3.596s] -- Installing: /home/hw_learn/ws_ros2/ws01_plumbing/install/base_interfaces_demo/lib/python3.8/site-packages/base_interfaces_demo/srv/_add_ints.py
[3.596s] -- Installing: /home/hw_learn/ws_ros2/ws01_plumbing/install/base_interfaces_demo/lib/python3.8/site-packages/base_interfaces_demo/srv/_add_ints_s.c
[3.596s] -- Installing: /home/hw_learn/ws_ros2/ws01_plumbing/install/base_interfaces_demo/lib/python3.8/site-packages/base_interfaces_demo/srv/__init__.py
[3.597s] -- Installing: /home/hw_learn/ws_ros2/ws01_plumbing/install/base_interfaces_demo/lib/python3.8/site-packages/base_interfaces_demo/base_interfaces_demo_s__rosidl_typesupport_fastrtps_c.cpython-38-x86_64-linux-gnu.so
[3.597s] -- Set runtime path of "/home/hw_learn/ws_ros2/ws01_plumbing/install/base_interfaces_demo/lib/python3.8/site-packages/base_interfaces_demo/base_interfaces_demo_s__rosidl_typesupport_fastrtps_c.cpython-38-x86_64-linux-gnu.so" to ""
[3.598s] -- Installing: /home/hw_learn/ws_ros2/ws01_plumbing/install/base_interfaces_demo/lib/python3.8/site-packages/base_interfaces_demo/base_interfaces_demo_s__rosidl_typesupport_introspection_c.cpython-38-x86_64-linux-gnu.so
[3.599s] -- Set runtime path of "/home/hw_learn/ws_ros2/ws01_plumbing/install/base_interfaces_demo/lib/python3.8/site-packages/base_interfaces_demo/base_interfaces_demo_s__rosidl_typesupport_introspection_c.cpython-38-x86_64-linux-gnu.so" to ""
[3.599s] -- Installing: /home/hw_learn/ws_ros2/ws01_plumbing/install/base_interfaces_demo/lib/python3.8/site-packages/base_interfaces_demo/base_interfaces_demo_s__rosidl_typesupport_c.cpython-38-x86_64-linux-gnu.so
[3.599s] -- Set runtime path of "/home/hw_learn/ws_ros2/ws01_plumbing/install/base_interfaces_demo/lib/python3.8/site-packages/base_interfaces_demo/base_interfaces_demo_s__rosidl_typesupport_c.cpython-38-x86_64-linux-gnu.so" to ""
[3.600s] -- Installing: /home/hw_learn/ws_ros2/ws01_plumbing/install/base_interfaces_demo/lib/libbase_interfaces_demo__python.so
[3.600s] -- Set runtime path of "/home/hw_learn/ws_ros2/ws01_plumbing/install/base_interfaces_demo/lib/libbase_interfaces_demo__python.so" to ""
[3.600s] -- Up-to-date: /home/hw_learn/ws_ros2/ws01_plumbing/install/base_interfaces_demo/share/base_interfaces_demo/msg/Student.idl
[3.600s] -- Installing: /home/hw_learn/ws_ros2/ws01_plumbing/install/base_interfaces_demo/share/base_interfaces_demo/srv/AddInts.idl
[3.600s] -- Up-to-date: /home/hw_learn/ws_ros2/ws01_plumbing/install/base_interfaces_demo/share/base_interfaces_demo/msg/Student.msg
[3.600s] -- Installing: /home/hw_learn/ws_ros2/ws01_plumbing/install/base_interfaces_demo/share/base_interfaces_demo/srv/AddInts.srv
[3.601s] -- Installing: /home/hw_learn/ws_ros2/ws01_plumbing/install/base_interfaces_demo/share/base_interfaces_demo/srv/AddInts_Request.msg
[3.601s] -- Installing: /home/hw_learn/ws_ros2/ws01_plumbing/install/base_interfaces_demo/share/base_interfaces_demo/srv/AddInts_Response.msg
[3.601s] -- Up-to-date: /home/hw_learn/ws_ros2/ws01_plumbing/install/base_interfaces_demo/share/ament_index/resource_index/package_run_dependencies/base_interfaces_demo
[3.601s] -- Up-to-date: /home/hw_learn/ws_ros2/ws01_plumbing/install/base_interfaces_demo/share/ament_index/resource_index/parent_prefix_path/base_interfaces_demo
[3.601s] -- Up-to-date: /home/hw_learn/ws_ros2/ws01_plumbing/install/base_interfaces_demo/share/base_interfaces_demo/environment/ament_prefix_path.sh
[3.601s] -- Installing: /home/hw_learn/ws_ros2/ws01_plumbing/install/base_interfaces_demo/share/base_interfaces_demo/environment/ament_prefix_path.dsv
[3.601s] -- Up-to-date: /home/hw_learn/ws_ros2/ws01_plumbing/install/base_interfaces_demo/share/base_interfaces_demo/environment/path.sh
[3.601s] -- Installing: /home/hw_learn/ws_ros2/ws01_plumbing/install/base_interfaces_demo/share/base_interfaces_demo/environment/path.dsv
[3.601s] -- Up-to-date: /home/hw_learn/ws_ros2/ws01_plumbing/install/base_interfaces_demo/share/base_interfaces_demo/local_setup.bash
[3.601s] -- Up-to-date: /home/hw_learn/ws_ros2/ws01_plumbing/install/base_interfaces_demo/share/base_interfaces_demo/local_setup.sh
[3.601s] -- Up-to-date: /home/hw_learn/ws_ros2/ws01_plumbing/install/base_interfaces_demo/share/base_interfaces_demo/local_setup.zsh
[3.602s] -- Installing: /home/hw_learn/ws_ros2/ws01_plumbing/install/base_interfaces_demo/share/base_interfaces_demo/local_setup.dsv
[3.602s] -- Installing: /home/hw_learn/ws_ros2/ws01_plumbing/install/base_interfaces_demo/share/base_interfaces_demo/package.dsv
[3.602s] -- Up-to-date: /home/hw_learn/ws_ros2/ws01_plumbing/install/base_interfaces_demo/share/ament_index/resource_index/packages/base_interfaces_demo
[3.602s] -- Up-to-date: /home/hw_learn/ws_ros2/ws01_plumbing/install/base_interfaces_demo/share/base_interfaces_demo/cmake/base_interfaces_demo__rosidl_generator_cExport.cmake
[3.602s] -- Installing: /home/hw_learn/ws_ros2/ws01_plumbing/install/base_interfaces_demo/share/base_interfaces_demo/cmake/base_interfaces_demo__rosidl_generator_cExport-noconfig.cmake
[3.602s] -- Up-to-date: /home/hw_learn/ws_ros2/ws01_plumbing/install/base_interfaces_demo/share/base_interfaces_demo/cmake/base_interfaces_demo__rosidl_typesupport_introspection_cExport.cmake
[3.602s] -- Installing: /home/hw_learn/ws_ros2/ws01_plumbing/install/base_interfaces_demo/share/base_interfaces_demo/cmake/base_interfaces_demo__rosidl_typesupport_introspection_cExport-noconfig.cmake
[3.603s] -- Up-to-date: /home/hw_learn/ws_ros2/ws01_plumbing/install/base_interfaces_demo/share/base_interfaces_demo/cmake/base_interfaces_demo__rosidl_typesupport_cExport.cmake
[3.603s] -- Installing: /home/hw_learn/ws_ros2/ws01_plumbing/install/base_interfaces_demo/share/base_interfaces_demo/cmake/base_interfaces_demo__rosidl_typesupport_cExport-noconfig.cmake
[3.603s] -- Up-to-date: /home/hw_learn/ws_ros2/ws01_plumbing/install/base_interfaces_demo/share/base_interfaces_demo/cmake/base_interfaces_demo__rosidl_generator_cppExport.cmake
[3.603s] -- Up-to-date: /home/hw_learn/ws_ros2/ws01_plumbing/install/base_interfaces_demo/share/base_interfaces_demo/cmake/base_interfaces_demo__rosidl_typesupport_introspection_cppExport.cmake
[3.603s] -- Installing: /home/hw_learn/ws_ros2/ws01_plumbing/install/base_interfaces_demo/share/base_interfaces_demo/cmake/base_interfaces_demo__rosidl_typesupport_introspection_cppExport-noconfig.cmake
[3.603s] -- Up-to-date: /home/hw_learn/ws_ros2/ws01_plumbing/install/base_interfaces_demo/share/base_interfaces_demo/cmake/base_interfaces_demo__rosidl_typesupport_cppExport.cmake
[3.604s] -- Installing: /home/hw_learn/ws_ros2/ws01_plumbing/install/base_interfaces_demo/share/base_interfaces_demo/cmake/base_interfaces_demo__rosidl_typesupport_cppExport-noconfig.cmake
[3.604s] -- Installing: /home/hw_learn/ws_ros2/ws01_plumbing/install/base_interfaces_demo/share/base_interfaces_demo/cmake/rosidl_cmake-extras.cmake
[3.604s] -- Up-to-date: /home/hw_learn/ws_ros2/ws01_plumbing/install/base_interfaces_demo/share/base_interfaces_demo/cmake/ament_cmake_export_dependencies-extras.cmake
[3.604s] -- Up-to-date: /home/hw_learn/ws_ros2/ws01_plumbing/install/base_interfaces_demo/share/base_interfaces_demo/cmake/ament_cmake_export_libraries-extras.cmake
[3.604s] -- Up-to-date: /home/hw_learn/ws_ros2/ws01_plumbing/install/base_interfaces_demo/share/base_interfaces_demo/cmake/ament_cmake_export_targets-extras.cmake
[3.604s] -- Up-to-date: /home/hw_learn/ws_ros2/ws01_plumbing/install/base_interfaces_demo/share/base_interfaces_demo/cmake/ament_cmake_export_include_directories-extras.cmake
[3.604s] -- Up-to-date: /home/hw_learn/ws_ros2/ws01_plumbing/install/base_interfaces_demo/share/base_interfaces_demo/cmake/rosidl_cmake_export_typesupport_libraries-extras.cmake
[3.604s] -- Up-to-date: /home/hw_learn/ws_ros2/ws01_plumbing/install/base_interfaces_demo/share/base_interfaces_demo/cmake/rosidl_cmake_export_typesupport_targets-extras.cmake
[3.604s] -- Up-to-date: /home/hw_learn/ws_ros2/ws01_plumbing/install/base_interfaces_demo/share/base_interfaces_demo/cmake/base_interfaces_demoConfig.cmake
[3.604s] -- Up-to-date: /home/hw_learn/ws_ros2/ws01_plumbing/install/base_interfaces_demo/share/base_interfaces_demo/cmake/base_interfaces_demoConfig-version.cmake
[3.604s] -- Up-to-date: /home/hw_learn/ws_ros2/ws01_plumbing/install/base_interfaces_demo/share/base_interfaces_demo/package.xml
[3.608s] Invoked command in '/home/hw_learn/ws_ros2/ws01_plumbing/build/base_interfaces_demo' returned '0': CMAKE_PREFIX_PATH=${CMAKE_PREFIX_PATH}:/home/hw_learn/ws_ros2/ws01_plumbing/install/py01_topic:/home/hw_learn/dev_ws/install/learning_urdf:/home/hw_learn/dev_ws/install/learning_topic:/home/hw_learn/dev_ws/install/learning_tf:/home/hw_learn/dev_ws/install/learning_service:/home/hw_learn/dev_ws/install/learning_qos:/home/hw_learn/dev_ws/install/learning_pkg_python:/home/hw_learn/dev_ws/install/learning_parameter:/home/hw_learn/dev_ws/install/learning_node:/home/hw_learn/dev_ws/install/learning_launch:/home/hw_learn/dev_ws/install/learning_action:/home/hw_learn/dev_ws/install/learning_gazebo /usr/bin/cmake --install /home/hw_learn/ws_ros2/ws01_plumbing/build/base_interfaces_demo
