[0.037s] Invoking command in '/home/hw_learn/ws_ros2/ws01_plumbing/build/cpp03_action': CMAKE_PREFIX_PATH=/home/hw_learn/ws_ros2/ws01_plumbing/install/base_interfaces_demo:/home/hw_learn/ws_ros2/ws01_plumbing/install/cpp03_action:/home/hw_learn/ws_ros2/ws01_plumbing/install/cpp02_service:/home/hw_learn/ws_ros2/ws01_plumbing/install/cpp01_topic:/home/hw_learn/dev_ws/install/learning_pkg_c:/home/hw_learn/dev_ws/install/learning_interface:/opt/ros/foxy:/home/hw_learn/ws_ros2/ws01_plumbing/install/py01_topic:/home/hw_learn/dev_ws/install/learning_urdf:/home/hw_learn/dev_ws/install/learning_topic:/home/hw_learn/dev_ws/install/learning_tf:/home/hw_learn/dev_ws/install/learning_service:/home/hw_learn/dev_ws/install/learning_qos:/home/hw_learn/dev_ws/install/learning_pkg_python:/home/hw_learn/dev_ws/install/learning_parameter:/home/hw_learn/dev_ws/install/learning_node:/home/hw_learn/dev_ws/install/learning_launch:/home/hw_learn/dev_ws/install/learning_action:/home/hw_learn/dev_ws/install/learning_gazebo PYTHONPATH=/home/hw_learn/ws_ros2/ws01_plumbing/install/base_interfaces_demo/lib/python3.8/site-packages:/home/hw_learn/ws_ros2/ws01_plumbing/install/py01_topic/lib/python3.8/site-packages:/home/hw_learn/dev_ws/install/learning_urdf/lib/python3.8/site-packages:/home/hw_learn/dev_ws/install/learning_topic/lib/python3.8/site-packages:/home/hw_learn/dev_ws/install/learning_tf/lib/python3.8/site-packages:/home/hw_learn/dev_ws/install/learning_service/lib/python3.8/site-packages:/home/hw_learn/dev_ws/install/learning_qos/lib/python3.8/site-packages:/home/hw_learn/dev_ws/install/learning_pkg_python/lib/python3.8/site-packages:/home/hw_learn/dev_ws/install/learning_parameter/lib/python3.8/site-packages:/home/hw_learn/dev_ws/install/learning_node/lib/python3.8/site-packages:/home/hw_learn/dev_ws/install/learning_launch/lib/python3.8/site-packages:/home/hw_learn/dev_ws/install/learning_action/lib/python3.8/site-packages:/home/hw_learn/dev_ws/install/learning_interface/lib/python3.8/site-packages:/home/hw_learn/dev_ws/install/learning_gazebo/lib/python3.8/site-packages:/opt/ros/foxy/lib/python3.8/site-packages /usr/bin/cmake --build /home/hw_learn/ws_ros2/ws01_plumbing/build/cpp03_action -- -j128 -l128
[0.079s] [35m[1mScanning dependencies of target demo02_action_client[0m
[0.093s] [ 50%] Built target demo01_action_server
[0.103s] [ 75%] [32mBuilding CXX object CMakeFiles/demo02_action_client.dir/src/demo02_action_client.cpp.o[0m
[1.383s] [01m[K/home/hw_learn/ws_ros2/ws01_plumbing/src/cpp03_action/src/demo02_action_client.cpp:[m[K In member function ‘[01m[Kvoid ProgressActionClient::send_goal(int)[m[K’:
[1.383s] [01m[K/home/hw_learn/ws_ros2/ws01_plumbing/src/cpp03_action/src/demo02_action_client.cpp:58:106:[m[K [01;31m[Kerror: [m[Kno match for ‘[01m[Koperator=[m[K’ (operand types are ‘[01m[Kconst GoalResponseCallback[m[K’ {aka ‘[01m[Kconst std::function<void(std::shared_future<std::shared_ptr<rclcpp_action::ClientGoalHandle<base_interfaces_demo::action::Progress> > >)>[m[K’} and ‘[01m[Kstd::_Bind_helper<false, void (ProgressActionClient::*)(std::shared_ptr<rclcpp_action::ClientGoalHandle<base_interfaces_demo::action::Progress> >), ProgressActionClient*, const std::_Placeholder<1>&>::type[m[K’ {aka ‘[01m[Kstd::_Bind<void (ProgressActionClient::*(ProgressActionClient*, std::_Placeholder<1>))(std::shared_ptr<rclcpp_action::ClientGoalHandle<base_interfaces_demo::action::Progress> >)>[m[K’})
[1.383s]    58 | nClient::goal_response_callback, this,_1[01;31m[K)[m[K;
[1.383s]       |                                         [01;31m[K^[m[K
[1.383s] 
[1.383s] In file included from [01m[K/usr/include/c++/9/future:48[m[K,
[1.384s]                  from [01m[K/opt/ros/foxy/include/rclcpp/executors.hpp:18[m[K,
[1.384s]                  from [01m[K/opt/ros/foxy/include/rclcpp/rclcpp.hpp:146[m[K,
[1.384s]                  from [01m[K/home/hw_learn/ws_ros2/ws01_plumbing/src/cpp03_action/src/demo02_action_client.cpp:22[m[K:
[1.384s] [01m[K/usr/include/c++/9/bits/std_function.h:462:7:[m[K [01;36m[Knote: [m[Kcandidate: ‘[01m[Kstd::function<_Res(_ArgTypes ...)>& std::function<_Res(_ArgTypes ...)>::operator=(const std::function<_Res(_ArgTypes ...)>&) [with _Res = void; _ArgTypes = {std::shared_future<std::shared_ptr<rclcpp_action::ClientGoalHandle<base_interfaces_demo::action::Progress> > >}][m[K’
[1.384s]   462 |       [01;36m[Koperator[m[K=(const function& __x)
[1.384s]       |       [01;36m[K^~~~~~~~[m[K
[1.384s] [01m[K/usr/include/c++/9/bits/std_function.h:462:33:[m[K [01;36m[Knote: [m[K  no known conversion for argument 1 from ‘[01m[Kstd::_Bind_helper<false, void (ProgressActionClient::*)(std::shared_ptr<rclcpp_action::ClientGoalHandle<base_interfaces_demo::action::Progress> >), ProgressActionClient*, const std::_Placeholder<1>&>::type[m[K’ {aka ‘[01m[Kstd::_Bind<void (ProgressActionClient::*(ProgressActionClient*, std::_Placeholder<1>))(std::shared_ptr<rclcpp_action::ClientGoalHandle<base_interfaces_demo::action::Progress> >)>[m[K’} to ‘[01m[Kconst std::function<void(std::shared_future<std::shared_ptr<rclcpp_action::ClientGoalHandle<base_interfaces_demo::action::Progress> > >)>&[m[K’
[1.384s]   462 |       operator=([01;36m[Kconst function& __x[m[K)
[1.384s]       |                 [01;36m[K~~~~~~~~~~~~~~~~^~~[m[K
[1.384s] [01m[K/usr/include/c++/9/bits/std_function.h:480:7:[m[K [01;36m[Knote: [m[Kcandidate: ‘[01m[Kstd::function<_Res(_ArgTypes ...)>& std::function<_Res(_ArgTypes ...)>::operator=(std::function<_Res(_ArgTypes ...)>&&) [with _Res = void; _ArgTypes = {std::shared_future<std::shared_ptr<rclcpp_action::ClientGoalHandle<base_interfaces_demo::action::Progress> > >}][m[K’
[1.384s]   480 |       [01;36m[Koperator[m[K=(function&& __x) noexcept
[1.384s]       |       [01;36m[K^~~~~~~~[m[K
[1.384s] [01m[K/usr/include/c++/9/bits/std_function.h:480:28:[m[K [01;36m[Knote: [m[K  no known conversion for argument 1 from ‘[01m[Kstd::_Bind_helper<false, void (ProgressActionClient::*)(std::shared_ptr<rclcpp_action::ClientGoalHandle<base_interfaces_demo::action::Progress> >), ProgressActionClient*, const std::_Placeholder<1>&>::type[m[K’ {aka ‘[01m[Kstd::_Bind<void (ProgressActionClient::*(ProgressActionClient*, std::_Placeholder<1>))(std::shared_ptr<rclcpp_action::ClientGoalHandle<base_interfaces_demo::action::Progress> >)>[m[K’} to ‘[01m[Kstd::function<void(std::shared_future<std::shared_ptr<rclcpp_action::ClientGoalHandle<base_interfaces_demo::action::Progress> > >)>&&[m[K’
[1.384s]   480 |       operator=([01;36m[Kfunction&& __x[m[K) noexcept
[1.384s]       |                 [01;36m[K~~~~~~~~~~~^~~[m[K
[1.384s] [01m[K/usr/include/c++/9/bits/std_function.h:494:7:[m[K [01;36m[Knote: [m[Kcandidate: ‘[01m[Kstd::function<_Res(_ArgTypes ...)>& std::function<_Res(_ArgTypes ...)>::operator=(std::nullptr_t) [with _Res = void; _ArgTypes = {std::shared_future<std::shared_ptr<rclcpp_action::ClientGoalHandle<base_interfaces_demo::action::Progress> > >}; std::nullptr_t = std::nullptr_t][m[K’
[1.384s]   494 |       [01;36m[Koperator[m[K=(nullptr_t) noexcept
[1.385s]       |       [01;36m[K^~~~~~~~[m[K
[1.385s] [01m[K/usr/include/c++/9/bits/std_function.h:494:17:[m[K [01;36m[Knote: [m[K  no known conversion for argument 1 from ‘[01m[Kstd::_Bind_helper<false, void (ProgressActionClient::*)(std::shared_ptr<rclcpp_action::ClientGoalHandle<base_interfaces_demo::action::Progress> >), ProgressActionClient*, const std::_Placeholder<1>&>::type[m[K’ {aka ‘[01m[Kstd::_Bind<void (ProgressActionClient::*(ProgressActionClient*, std::_Placeholder<1>))(std::shared_ptr<rclcpp_action::ClientGoalHandle<base_interfaces_demo::action::Progress> >)>[m[K’} to ‘[01m[Kstd::nullptr_t[m[K’
[1.385s]   494 |       operator=([01;36m[Knullptr_t[m[K) noexcept
[1.385s]       |                 [01;36m[K^~~~~~~~~[m[K
[1.385s] [01m[K/usr/include/c++/9/bits/std_function.h:523:2:[m[K [01;36m[Knote: [m[Kcandidate: ‘[01m[Ktemplate<class _Functor> std::function<_Res(_ArgTypes ...)>::_Requires<std::function<_Res(_ArgTypes ...)>::_Callable<typename std::decay<_Functor>::type>, std::function<_Res(_ArgTypes ...)>&> std::function<_Res(_ArgTypes ...)>::operator=(_Functor&&) [with _Functor = _Functor; _Res = void; _ArgTypes = {std::shared_future<std::shared_ptr<rclcpp_action::ClientGoalHandle<base_interfaces_demo::action::Progress> > >}][m[K’
[1.385s]   523 |  [01;36m[Koperator[m[K=(_Functor&& __f)
[1.385s]       |  [01;36m[K^~~~~~~~[m[K
[1.385s] [01m[K/usr/include/c++/9/bits/std_function.h:523:2:[m[K [01;36m[Knote: [m[K  template argument deduction/substitution failed:
[1.385s] /usr/include/c++/9/bits/std_function.h: In substitution of ‘[01m[Ktemplate<class _Res, class ... _ArgTypes> template<class _Cond, class _Tp> using _Requires = typename std::enable_if<_Cond::value, _Tp>::type [with _Cond = std::function<void(std::shared_future<std::shared_ptr<rclcpp_action::ClientGoalHandle<base_interfaces_demo::action::Progress> > >)>::_Callable<std::_Bind<void (ProgressActionClient::*(ProgressActionClient*, std::_Placeholder<1>))(std::shared_ptr<rclcpp_action::ClientGoalHandle<base_interfaces_demo::action::Progress> >)>, std::__invoke_result<std::_Bind<void (ProgressActionClient::*(ProgressActionClient*, std::_Placeholder<1>))(std::shared_ptr<rclcpp_action::ClientGoalHandle<base_interfaces_demo::action::Progress> >)>&, std::shared_future<std::shared_ptr<rclcpp_action::ClientGoalHandle<base_interfaces_demo::action::Progress> > > > >; _Tp = std::function<void(std::shared_future<std::shared_ptr<rclcpp_action::ClientGoalHandle<base_interfaces_demo::action::Progress> > >)>&; _Res = void; _ArgTypes = {std::shared_future<std::shared_ptr<rclcpp_action::ClientGoalHandle<base_interfaces_demo::action::Progress> > >}][m[K’:
[1.385s] [01m[K/usr/include/c++/9/bits/std_function.h:523:2:[m[K   required by substitution of ‘[01m[Ktemplate<class _Functor> std::function<void(std::shared_future<std::shared_ptr<rclcpp_action::ClientGoalHandle<base_interfaces_demo::action::Progress> > >)>::_Requires<std::function<void(std::shared_future<std::shared_ptr<rclcpp_action::ClientGoalHandle<base_interfaces_demo::action::Progress> > >)>::_Callable<typename std::decay<_Tp>::type, std::__invoke_result<typename std::decay<_Tp>::type&, std::shared_future<std::shared_ptr<rclcpp_action::ClientGoalHandle<base_interfaces_demo::action::Progress> > > > >, std::function<void(std::shared_future<std::shared_ptr<rclcpp_action::ClientGoalHandle<base_interfaces_demo::action::Progress> > >)>&> std::function<void(std::shared_future<std::shared_ptr<rclcpp_action::ClientGoalHandle<base_interfaces_demo::action::Progress> > >)>::operator=<_Functor>(_Functor&&) [with _Functor = std::_Bind<void (ProgressActionClient::*(ProgressActionClient*, std::_Placeholder<1>))(std::shared_ptr<rclcpp_action::ClientGoalHandle<base_interfaces_demo::action::Progress> >)>][m[K’
[1.385s] [01m[K/home/hw_learn/ws_ros2/ws01_plumbing/src/cpp03_action/src/demo02_action_client.cpp:58:106:[m[K   required from here
[1.385s] [01m[K/usr/include/c++/9/bits/std_function.h:385:8:[m[K [01;31m[Kerror: [m[Kno type named ‘[01m[Ktype[m[K’ in ‘[01m[Kstruct std::enable_if<false, std::function<void(std::shared_future<std::shared_ptr<rclcpp_action::ClientGoalHandle<base_interfaces_demo::action::Progress> > >)>&>[m[K’
[1.385s]   385 |  using [01;31m[K_Requires[m[K = typename enable_if<_Cond::value, _Tp>::type;
[1.385s]       |        [01;31m[K^~~~~~~~~[m[K
[1.385s] [01m[K/usr/include/c++/9/bits/std_function.h:532:2:[m[K [01;36m[Knote: [m[Kcandidate: ‘[01m[Ktemplate<class _Functor> std::function<_Res(_ArgTypes ...)>& std::function<_Res(_ArgTypes ...)>::operator=(std::reference_wrapper<_Functor>) [with _Functor = _Functor; _Res = void; _ArgTypes = {std::shared_future<std::shared_ptr<rclcpp_action::ClientGoalHandle<base_interfaces_demo::action::Progress> > >}][m[K’
[1.385s]   532 |  [01;36m[Koperator[m[K=(reference_wrapper<_Functor> __f) noexcept
[1.385s]       |  [01;36m[K^~~~~~~~[m[K
[1.386s] [01m[K/usr/include/c++/9/bits/std_function.h:532:2:[m[K [01;36m[Knote: [m[K  template argument deduction/substitution failed:
[1.386s] [01m[K/home/hw_learn/ws_ros2/ws01_plumbing/src/cpp03_action/src/demo02_action_client.cpp:58:106:[m[K [01;36m[Knote: [m[K  ‘[01m[Kstd::_Bind<void (ProgressActionClient::*(ProgressActionClient*, std::_Placeholder<1>))(std::shared_ptr<rclcpp_action::ClientGoalHandle<base_interfaces_demo::action::Progress> >)>[m[K’ is not derived from ‘[01m[Kstd::reference_wrapper<_Tp>[m[K’
[1.386s]    58 | nClient::goal_response_callback, this,_1[01;36m[K)[m[K;
[1.386s]       |                                         [01;36m[K^[m[K
[1.386s] 
[1.394s] [01m[K/home/hw_learn/ws_ros2/ws01_plumbing/src/cpp03_action/src/demo02_action_client.cpp:59:99:[m[K [01;31m[Kerror: [m[Kno match for ‘[01m[Koperator=[m[K’ (operand types are ‘[01m[Kconst FeedbackCallback[m[K’ {aka ‘[01m[Kconst std::function<void(std::shared_ptr<rclcpp_action::ClientGoalHandle<base_interfaces_demo::action::Progress> >, std::shared_ptr<const base_interfaces_demo::action::Progress_Feedback_<std::allocator<void> > >)>[m[K’} and ‘[01m[Kstd::_Bind_helper<false, void (ProgressActionClient::*)(std::shared_ptr<rclcpp_action::ClientGoalHandle<base_interfaces_demo::action::Progress> >, std::shared_ptr<const base_interfaces_demo::action::Progress_Feedback_<std::allocator<void> > >), ProgressActionClient*, const std::_Placeholder<1>&, const std::_Placeholder<2>&>::type[m[K’ {aka ‘[01m[Kstd::_Bind<void (ProgressActionClient::*(ProgressActionClient*, std::_Placeholder<1>, std::_Placeholder<2>))(std::shared_ptr<rclcpp_action::ClientGoalHandle<base_interfaces_demo::action::Progress> >, std::shared_ptr<const base_interfaces_demo::action::Progress_Feedback_<std::allocator<void> > >)>[m[K’})
[1.394s]    59 | ionClient::feedback_callback, this,_1,_2[01;31m[K)[m[K;
[1.394s]       |                                         [01;31m[K^[m[K
[1.394s] 
[1.394s] In file included from [01m[K/usr/include/c++/9/future:48[m[K,
[1.394s]                  from [01m[K/opt/ros/foxy/include/rclcpp/executors.hpp:18[m[K,
[1.394s]                  from [01m[K/opt/ros/foxy/include/rclcpp/rclcpp.hpp:146[m[K,
[1.395s]                  from [01m[K/home/hw_learn/ws_ros2/ws01_plumbing/src/cpp03_action/src/demo02_action_client.cpp:22[m[K:
[1.395s] [01m[K/usr/include/c++/9/bits/std_function.h:462:7:[m[K [01;36m[Knote: [m[Kcandidate: ‘[01m[Kstd::function<_Res(_ArgTypes ...)>& std::function<_Res(_ArgTypes ...)>::operator=(const std::function<_Res(_ArgTypes ...)>&) [with _Res = void; _ArgTypes = {std::shared_ptr<rclcpp_action::ClientGoalHandle<base_interfaces_demo::action::Progress> >, std::shared_ptr<const base_interfaces_demo::action::Progress_Feedback_<std::allocator<void> > >}][m[K’ <near match>
[1.395s]   462 |       [01;36m[Koperator[m[K=(const function& __x)
[1.395s]       |       [01;36m[K^~~~~~~~[m[K
[1.395s] [01m[K/usr/include/c++/9/bits/std_function.h:462:7:[m[K [01;36m[Knote: [m[K  passing ‘[01m[Kconst FeedbackCallback*[m[K’ {aka ‘[01m[Kconst std::function<void(std::shared_ptr<rclcpp_action::ClientGoalHandle<base_interfaces_demo::action::Progress> >, std::shared_ptr<const base_interfaces_demo::action::Progress_Feedback_<std::allocator<void> > >)>*[m[K’} as ‘[01m[Kthis[m[K’ argument discards qualifiers
[1.395s] [01m[K/usr/include/c++/9/bits/std_function.h:480:7:[m[K [01;36m[Knote: [m[Kcandidate: ‘[01m[Kstd::function<_Res(_ArgTypes ...)>& std::function<_Res(_ArgTypes ...)>::operator=(std::function<_Res(_ArgTypes ...)>&&) [with _Res = void; _ArgTypes = {std::shared_ptr<rclcpp_action::ClientGoalHandle<base_interfaces_demo::action::Progress> >, std::shared_ptr<const base_interfaces_demo::action::Progress_Feedback_<std::allocator<void> > >}][m[K’ <near match>
[1.395s]   480 |       [01;36m[Koperator[m[K=(function&& __x) noexcept
[1.395s]       |       [01;36m[K^~~~~~~~[m[K
[1.395s] [01m[K/usr/include/c++/9/bits/std_function.h:480:7:[m[K [01;36m[Knote: [m[K  passing ‘[01m[Kconst FeedbackCallback*[m[K’ {aka ‘[01m[Kconst std::function<void(std::shared_ptr<rclcpp_action::ClientGoalHandle<base_interfaces_demo::action::Progress> >, std::shared_ptr<const base_interfaces_demo::action::Progress_Feedback_<std::allocator<void> > >)>*[m[K’} as ‘[01m[Kthis[m[K’ argument discards qualifiers
[1.395s] [01m[K/usr/include/c++/9/bits/std_function.h:523:2:[m[K [01;36m[Knote: [m[Kcandidate: ‘[01m[Kstd::function<_Res(_ArgTypes ...)>::_Requires<std::function<_Res(_ArgTypes ...)>::_Callable<typename std::decay<_Functor>::type>, std::function<_Res(_ArgTypes ...)>&> std::function<_Res(_ArgTypes ...)>::operator=(_Functor&&) [with _Functor = std::_Bind<void (ProgressActionClient::*(ProgressActionClient*, std::_Placeholder<1>, std::_Placeholder<2>))(std::shared_ptr<rclcpp_action::ClientGoalHandle<base_interfaces_demo::action::Progress> >, std::shared_ptr<const base_interfaces_demo::action::Progress_Feedback_<std::allocator<void> > >)>; _Res = void; _ArgTypes = {std::shared_ptr<rclcpp_action::ClientGoalHandle<base_interfaces_demo::action::Progress> >, std::shared_ptr<const base_interfaces_demo::action::Progress_Feedback_<std::allocator<void> > >}; std::function<_Res(_ArgTypes ...)>::_Requires<std::function<_Res(_ArgTypes ...)>::_Callable<typename std::decay<_Functor>::type>, std::function<_Res(_ArgTypes ...)>&> = std::function<void(std::shared_ptr<rclcpp_action::ClientGoalHandle<base_interfaces_demo::action::Progress> >, std::shared_ptr<const base_interfaces_demo::action::Progress_Feedback_<std::allocator<void> > >)>&][m[K’ <near match>
[1.395s]   523 |  [01;36m[Koperator[m[K=(_Functor&& __f)
[1.395s]       |  [01;36m[K^~~~~~~~[m[K
[1.395s] [01m[K/usr/include/c++/9/bits/std_function.h:523:2:[m[K [01;36m[Knote: [m[K  passing ‘[01m[Kconst FeedbackCallback*[m[K’ {aka ‘[01m[Kconst std::function<void(std::shared_ptr<rclcpp_action::ClientGoalHandle<base_interfaces_demo::action::Progress> >, std::shared_ptr<const base_interfaces_demo::action::Progress_Feedback_<std::allocator<void> > >)>*[m[K’} as ‘[01m[Kthis[m[K’ argument discards qualifiers
[1.395s] [01m[K/usr/include/c++/9/bits/std_function.h:494:7:[m[K [01;36m[Knote: [m[Kcandidate: ‘[01m[Kstd::function<_Res(_ArgTypes ...)>& std::function<_Res(_ArgTypes ...)>::operator=(std::nullptr_t) [with _Res = void; _ArgTypes = {std::shared_ptr<rclcpp_action::ClientGoalHandle<base_interfaces_demo::action::Progress> >, std::shared_ptr<const base_interfaces_demo::action::Progress_Feedback_<std::allocator<void> > >}; std::nullptr_t = std::nullptr_t][m[K’
[1.395s]   494 |       [01;36m[Koperator[m[K=(nullptr_t) noexcept
[1.395s]       |       [01;36m[K^~~~~~~~[m[K
[1.395s] [01m[K/usr/include/c++/9/bits/std_function.h:494:17:[m[K [01;36m[Knote: [m[K  no known conversion for argument 1 from ‘[01m[Kstd::_Bind_helper<false, void (ProgressActionClient::*)(std::shared_ptr<rclcpp_action::ClientGoalHandle<base_interfaces_demo::action::Progress> >, std::shared_ptr<const base_interfaces_demo::action::Progress_Feedback_<std::allocator<void> > >), ProgressActionClient*, const std::_Placeholder<1>&, const std::_Placeholder<2>&>::type[m[K’ {aka ‘[01m[Kstd::_Bind<void (ProgressActionClient::*(ProgressActionClient*, std::_Placeholder<1>, std::_Placeholder<2>))(std::shared_ptr<rclcpp_action::ClientGoalHandle<base_interfaces_demo::action::Progress> >, std::shared_ptr<const base_interfaces_demo::action::Progress_Feedback_<std::allocator<void> > >)>[m[K’} to ‘[01m[Kstd::nullptr_t[m[K’
[1.396s]   494 |       operator=([01;36m[Knullptr_t[m[K) noexcept
[1.396s]       |                 [01;36m[K^~~~~~~~~[m[K
[1.396s] [01m[K/usr/include/c++/9/bits/std_function.h:532:2:[m[K [01;36m[Knote: [m[Kcandidate: ‘[01m[Ktemplate<class _Functor> std::function<_Res(_ArgTypes ...)>& std::function<_Res(_ArgTypes ...)>::operator=(std::reference_wrapper<_Functor>) [with _Functor = _Functor; _Res = void; _ArgTypes = {std::shared_ptr<rclcpp_action::ClientGoalHandle<base_interfaces_demo::action::Progress> >, std::shared_ptr<const base_interfaces_demo::action::Progress_Feedback_<std::allocator<void> > >}][m[K’
[1.396s]   532 |  [01;36m[Koperator[m[K=(reference_wrapper<_Functor> __f) noexcept
[1.396s]       |  [01;36m[K^~~~~~~~[m[K
[1.396s] [01m[K/usr/include/c++/9/bits/std_function.h:532:2:[m[K [01;36m[Knote: [m[K  template argument deduction/substitution failed:
[1.396s] [01m[K/home/hw_learn/ws_ros2/ws01_plumbing/src/cpp03_action/src/demo02_action_client.cpp:59:99:[m[K [01;36m[Knote: [m[K  ‘[01m[Kstd::_Bind<void (ProgressActionClient::*(ProgressActionClient*, std::_Placeholder<1>, std::_Placeholder<2>))(std::shared_ptr<rclcpp_action::ClientGoalHandle<base_interfaces_demo::action::Progress> >, std::shared_ptr<const base_interfaces_demo::action::Progress_Feedback_<std::allocator<void> > >)>[m[K’ is not derived from ‘[01m[Kstd::reference_wrapper<_Tp>[m[K’
[1.396s]    59 | ionClient::feedback_callback, this,_1,_2[01;36m[K)[m[K;
[1.396s]       |                                         [01;36m[K^[m[K
[1.396s] 
[1.398s] [01m[K/home/hw_learn/ws_ros2/ws01_plumbing/src/cpp03_action/src/demo02_action_client.cpp:60:92:[m[K [01;31m[Kerror: [m[Kno match for ‘[01m[Koperator=[m[K’ (operand types are ‘[01m[Kconst ResultCallback[m[K’ {aka ‘[01m[Kconst std::function<void(const rclcpp_action::ClientGoalHandle<base_interfaces_demo::action::Progress>::WrappedResult&)>[m[K’} and ‘[01m[Kstd::_Bind_helper<false, void (ProgressActionClient::*)(const rclcpp_action::ClientGoalHandle<base_interfaces_demo::action::Progress>::WrappedResult&), ProgressActionClient*, const std::_Placeholder<1>&>::type[m[K’ {aka ‘[01m[Kstd::_Bind<void (ProgressActionClient::*(ProgressActionClient*, std::_Placeholder<1>))(const rclcpp_action::ClientGoalHandle<base_interfaces_demo::action::Progress>::WrappedResult&)>[m[K’})
[1.398s]    60 | ssActionClient::result_callback, this,_1[01;31m[K)[m[K;
[1.398s]       |                                         [01;31m[K^[m[K
[1.398s] 
[1.398s] In file included from [01m[K/usr/include/c++/9/future:48[m[K,
[1.398s]                  from [01m[K/opt/ros/foxy/include/rclcpp/executors.hpp:18[m[K,
[1.398s]                  from [01m[K/opt/ros/foxy/include/rclcpp/rclcpp.hpp:146[m[K,
[1.398s]                  from [01m[K/home/hw_learn/ws_ros2/ws01_plumbing/src/cpp03_action/src/demo02_action_client.cpp:22[m[K:
[1.398s] [01m[K/usr/include/c++/9/bits/std_function.h:462:7:[m[K [01;36m[Knote: [m[Kcandidate: ‘[01m[Kstd::function<_Res(_ArgTypes ...)>& std::function<_Res(_ArgTypes ...)>::operator=(const std::function<_Res(_ArgTypes ...)>&) [with _Res = void; _ArgTypes = {const rclcpp_action::ClientGoalHandle<base_interfaces_demo::action::Progress>::WrappedResult&}][m[K’ <near match>
[1.399s]   462 |       [01;36m[Koperator[m[K=(const function& __x)
[1.399s]       |       [01;36m[K^~~~~~~~[m[K
[1.399s] [01m[K/usr/include/c++/9/bits/std_function.h:462:7:[m[K [01;36m[Knote: [m[K  passing ‘[01m[Kconst ResultCallback*[m[K’ {aka ‘[01m[Kconst std::function<void(const rclcpp_action::ClientGoalHandle<base_interfaces_demo::action::Progress>::WrappedResult&)>*[m[K’} as ‘[01m[Kthis[m[K’ argument discards qualifiers
[1.399s] [01m[K/usr/include/c++/9/bits/std_function.h:480:7:[m[K [01;36m[Knote: [m[Kcandidate: ‘[01m[Kstd::function<_Res(_ArgTypes ...)>& std::function<_Res(_ArgTypes ...)>::operator=(std::function<_Res(_ArgTypes ...)>&&) [with _Res = void; _ArgTypes = {const rclcpp_action::ClientGoalHandle<base_interfaces_demo::action::Progress>::WrappedResult&}][m[K’ <near match>
[1.399s]   480 |       [01;36m[Koperator[m[K=(function&& __x) noexcept
[1.399s]       |       [01;36m[K^~~~~~~~[m[K
[1.399s] [01m[K/usr/include/c++/9/bits/std_function.h:480:7:[m[K [01;36m[Knote: [m[K  passing ‘[01m[Kconst ResultCallback*[m[K’ {aka ‘[01m[Kconst std::function<void(const rclcpp_action::ClientGoalHandle<base_interfaces_demo::action::Progress>::WrappedResult&)>*[m[K’} as ‘[01m[Kthis[m[K’ argument discards qualifiers
[1.399s] [01m[K/usr/include/c++/9/bits/std_function.h:523:2:[m[K [01;36m[Knote: [m[Kcandidate: ‘[01m[Kstd::function<_Res(_ArgTypes ...)>::_Requires<std::function<_Res(_ArgTypes ...)>::_Callable<typename std::decay<_Functor>::type>, std::function<_Res(_ArgTypes ...)>&> std::function<_Res(_ArgTypes ...)>::operator=(_Functor&&) [with _Functor = std::_Bind<void (ProgressActionClient::*(ProgressActionClient*, std::_Placeholder<1>))(const rclcpp_action::ClientGoalHandle<base_interfaces_demo::action::Progress>::WrappedResult&)>; _Res = void; _ArgTypes = {const rclcpp_action::ClientGoalHandle<base_interfaces_demo::action::Progress>::WrappedResult&}; std::function<_Res(_ArgTypes ...)>::_Requires<std::function<_Res(_ArgTypes ...)>::_Callable<typename std::decay<_Functor>::type>, std::function<_Res(_ArgTypes ...)>&> = std::function<void(const rclcpp_action::ClientGoalHandle<base_interfaces_demo::action::Progress>::WrappedResult&)>&][m[K’ <near match>
[1.399s]   523 |  [01;36m[Koperator[m[K=(_Functor&& __f)
[1.399s]       |  [01;36m[K^~~~~~~~[m[K
[1.399s] [01m[K/usr/include/c++/9/bits/std_function.h:523:2:[m[K [01;36m[Knote: [m[K  passing ‘[01m[Kconst ResultCallback*[m[K’ {aka ‘[01m[Kconst std::function<void(const rclcpp_action::ClientGoalHandle<base_interfaces_demo::action::Progress>::WrappedResult&)>*[m[K’} as ‘[01m[Kthis[m[K’ argument discards qualifiers
[1.399s] [01m[K/usr/include/c++/9/bits/std_function.h:494:7:[m[K [01;36m[Knote: [m[Kcandidate: ‘[01m[Kstd::function<_Res(_ArgTypes ...)>& std::function<_Res(_ArgTypes ...)>::operator=(std::nullptr_t) [with _Res = void; _ArgTypes = {const rclcpp_action::ClientGoalHandle<base_interfaces_demo::action::Progress>::WrappedResult&}; std::nullptr_t = std::nullptr_t][m[K’
[1.399s]   494 |       [01;36m[Koperator[m[K=(nullptr_t) noexcept
[1.399s]       |       [01;36m[K^~~~~~~~[m[K
[1.399s] [01m[K/usr/include/c++/9/bits/std_function.h:494:17:[m[K [01;36m[Knote: [m[K  no known conversion for argument 1 from ‘[01m[Kstd::_Bind_helper<false, void (ProgressActionClient::*)(const rclcpp_action::ClientGoalHandle<base_interfaces_demo::action::Progress>::WrappedResult&), ProgressActionClient*, const std::_Placeholder<1>&>::type[m[K’ {aka ‘[01m[Kstd::_Bind<void (ProgressActionClient::*(ProgressActionClient*, std::_Placeholder<1>))(const rclcpp_action::ClientGoalHandle<base_interfaces_demo::action::Progress>::WrappedResult&)>[m[K’} to ‘[01m[Kstd::nullptr_t[m[K’
[1.399s]   494 |       operator=([01;36m[Knullptr_t[m[K) noexcept
[1.399s]       |                 [01;36m[K^~~~~~~~~[m[K
[1.399s] [01m[K/usr/include/c++/9/bits/std_function.h:532:2:[m[K [01;36m[Knote: [m[Kcandidate: ‘[01m[Ktemplate<class _Functor> std::function<_Res(_ArgTypes ...)>& std::function<_Res(_ArgTypes ...)>::operator=(std::reference_wrapper<_Functor>) [with _Functor = _Functor; _Res = void; _ArgTypes = {const rclcpp_action::ClientGoalHandle<base_interfaces_demo::action::Progress>::WrappedResult&}][m[K’
[1.400s]   532 |  [01;36m[Koperator[m[K=(reference_wrapper<_Functor> __f) noexcept
[1.400s]       |  [01;36m[K^~~~~~~~[m[K
[1.400s] [01m[K/usr/include/c++/9/bits/std_function.h:532:2:[m[K [01;36m[Knote: [m[K  template argument deduction/substitution failed:
[1.400s] [01m[K/home/hw_learn/ws_ros2/ws01_plumbing/src/cpp03_action/src/demo02_action_client.cpp:60:92:[m[K [01;36m[Knote: [m[K  ‘[01m[Kstd::_Bind<void (ProgressActionClient::*(ProgressActionClient*, std::_Placeholder<1>))(const rclcpp_action::ClientGoalHandle<base_interfaces_demo::action::Progress>::WrappedResult&)>[m[K’ is not derived from ‘[01m[Kstd::reference_wrapper<_Tp>[m[K’
[1.400s]    60 | ssActionClient::result_callback, this,_1[01;36m[K)[m[K;
[1.400s]       |                                         [01;36m[K^[m[K
[1.400s] 
[1.400s] [01m[K/home/hw_learn/ws_ros2/ws01_plumbing/src/cpp03_action/src/demo02_action_client.cpp:[m[K In member function ‘[01m[Kvoid ProgressActionClient::goal_response_callback(rclcpp_action::ClientGoalHandle<base_interfaces_demo::action::Progress>::SharedPtr)[m[K’:
[1.400s] [01m[K/home/hw_learn/ws_ros2/ws01_plumbing/src/cpp03_action/src/demo02_action_client.cpp:68:88:[m[K [01;35m[Kwarning: [m[Kunused parameter ‘[01m[Kgoal_handle[m[K’ [[01;35m[K-Wunused-parameter[m[K]
[1.400s]    68 | [01;35m[Kction::ClientGoalHandle<Progress>::SharedPtr goal_handle[m[K){
[1.400s]       | [01;35m[K~~~~~~~~~~~~~~~~~~~~~~~~~~~~~~~~~~~~~~~~~~~~~^~~~~~~~~~~[m[K
[1.400s] 
[1.400s] [01m[K/home/hw_learn/ws_ros2/ws01_plumbing/src/cpp03_action/src/demo02_action_client.cpp:[m[K In member function ‘[01m[Kvoid ProgressActionClient::feedback_callback(rclcpp_action::ClientGoalHandle<base_interfaces_demo::action::Progress>::SharedPtr, std::shared_ptr<const base_interfaces_demo::action::Progress_Feedback_<std::allocator<void> > >)[m[K’:
[1.400s] [01m[K/home/hw_learn/ws_ros2/ws01_plumbing/src/cpp03_action/src/demo02_action_client.cpp:77:83:[m[K [01;35m[Kwarning: [m[Kunused parameter ‘[01m[Kgoal_handle[m[K’ [[01;35m[K-Wunused-parameter[m[K]
[1.400s]    77 | [01;35m[Kaction::ClientGoalHandle<Progress>::SharedPtr goal_handle[m[K,
[1.400s]       | [01;35m[K~~~~~~~~~~~~~~~~~~~~~~~~~~~~~~~~~~~~~~~~~~~~~~^~~~~~~~~~~[m[K
[1.400s] 
[1.400s] [01m[K/home/hw_learn/ws_ros2/ws01_plumbing/src/cpp03_action/src/demo02_action_client.cpp:78:55:[m[K [01;35m[Kwarning: [m[Kunused parameter ‘[01m[Kfeedback[m[K’ [[01;35m[K-Wunused-parameter[m[K]
[1.400s]    78 | [01;35m[Kconst std::shared_ptr<const Progress::Feedback> feedback[m[K){
[1.400s]       | [01;35m[K~~~~~~~~~~~~~~~~~~~~~~~~~~~~~~~~~~~~~~~~~~~~~~~~^~~~~~~~[m[K
[1.401s] 
[1.401s] [01m[K/home/hw_learn/ws_ros2/ws01_plumbing/src/cpp03_action/src/demo02_action_client.cpp:[m[K In member function ‘[01m[Kvoid ProgressActionClient::result_callback(const WrappedResult&)[m[K’:
[1.401s] [01m[K/home/hw_learn/ws_ros2/ws01_plumbing/src/cpp03_action/src/demo02_action_client.cpp:85:93:[m[K [01;35m[Kwarning: [m[Kunused parameter ‘[01m[Kresult[m[K’ [[01;35m[K-Wunused-parameter[m[K]
[1.401s]    85 | [01;35m[Ktion::ClientGoalHandle<Progress>::WrappedResult & result[m[K){
[1.401s]       | [01;35m[K~~~~~~~~~~~~~~~~~~~~~~~~~~~~~~~~~~~~~~~~~~~~~~~~~~^~~~~~[m[K
[1.401s] 
[2.127s] make[2]: *** [CMakeFiles/demo02_action_client.dir/build.make:63: CMakeFiles/demo02_action_client.dir/src/demo02_action_client.cpp.o] Error 1
[2.127s] make[1]: *** [CMakeFiles/Makefile2:80: CMakeFiles/demo02_action_client.dir/all] Error 2
[2.127s] make: *** [Makefile:141: all] Error 2
[2.130s] Invoked command in '/home/hw_learn/ws_ros2/ws01_plumbing/build/cpp03_action' returned '2': CMAKE_PREFIX_PATH=/home/hw_learn/ws_ros2/ws01_plumbing/install/base_interfaces_demo:/home/hw_learn/ws_ros2/ws01_plumbing/install/cpp03_action:/home/hw_learn/ws_ros2/ws01_plumbing/install/cpp02_service:/home/hw_learn/ws_ros2/ws01_plumbing/install/cpp01_topic:/home/hw_learn/dev_ws/install/learning_pkg_c:/home/hw_learn/dev_ws/install/learning_interface:/opt/ros/foxy:/home/hw_learn/ws_ros2/ws01_plumbing/install/py01_topic:/home/hw_learn/dev_ws/install/learning_urdf:/home/hw_learn/dev_ws/install/learning_topic:/home/hw_learn/dev_ws/install/learning_tf:/home/hw_learn/dev_ws/install/learning_service:/home/hw_learn/dev_ws/install/learning_qos:/home/hw_learn/dev_ws/install/learning_pkg_python:/home/hw_learn/dev_ws/install/learning_parameter:/home/hw_learn/dev_ws/install/learning_node:/home/hw_learn/dev_ws/install/learning_launch:/home/hw_learn/dev_ws/install/learning_action:/home/hw_learn/dev_ws/install/learning_gazebo PYTHONPATH=/home/hw_learn/ws_ros2/ws01_plumbing/install/base_interfaces_demo/lib/python3.8/site-packages:/home/hw_learn/ws_ros2/ws01_plumbing/install/py01_topic/lib/python3.8/site-packages:/home/hw_learn/dev_ws/install/learning_urdf/lib/python3.8/site-packages:/home/hw_learn/dev_ws/install/learning_topic/lib/python3.8/site-packages:/home/hw_learn/dev_ws/install/learning_tf/lib/python3.8/site-packages:/home/hw_learn/dev_ws/install/learning_service/lib/python3.8/site-packages:/home/hw_learn/dev_ws/install/learning_qos/lib/python3.8/site-packages:/home/hw_learn/dev_ws/install/learning_pkg_python/lib/python3.8/site-packages:/home/hw_learn/dev_ws/install/learning_parameter/lib/python3.8/site-packages:/home/hw_learn/dev_ws/install/learning_node/lib/python3.8/site-packages:/home/hw_learn/dev_ws/install/learning_launch/lib/python3.8/site-packages:/home/hw_learn/dev_ws/install/learning_action/lib/python3.8/site-packages:/home/hw_learn/dev_ws/install/learning_interface/lib/python3.8/site-packages:/home/hw_learn/dev_ws/install/learning_gazebo/lib/python3.8/site-packages:/opt/ros/foxy/lib/python3.8/site-packages /usr/bin/cmake --build /home/hw_learn/ws_ros2/ws01_plumbing/build/cpp03_action -- -j128 -l128
