[0.045s] Invoking command in '/home/hw_learn/ws_ros2/ws02_tools/build/cpp05_exercise': CMAKE_PREFIX_PATH=${CMAKE_PREFIX_PATH}:/home/hw_learn/dev_ws/install/learning_urdf:/home/hw_learn/dev_ws/install/learning_topic:/home/hw_learn/dev_ws/install/learning_tf:/home/hw_learn/dev_ws/install/learning_service:/home/hw_learn/dev_ws/install/learning_qos:/home/hw_learn/dev_ws/install/learning_pkg_python:/home/hw_learn/dev_ws/install/learning_parameter:/home/hw_learn/dev_ws/install/learning_node:/home/hw_learn/dev_ws/install/learning_launch:/home/hw_learn/dev_ws/install/learning_action:/home/hw_learn/dev_ws/install/learning_gazebo /usr/bin/cmake --build /home/hw_learn/ws_ros2/ws02_tools/build/cpp05_exercise -- -j128 -l128
[0.113s] [35m[1mScanning dependencies of target exer03_tf_listener[0m
[0.130s] [ 66%] Built target exer02_tf_broadcaster
[0.130s] [ 66%] Built target exer01_spawn
[0.142s] [ 83%] [32mBuilding CXX object CMakeFiles/exer03_tf_listener.dir/src/exer03_tf_listener.cpp.o[0m
[4.259s] [100%] [32m[1mLinking CXX executable exer03_tf_listener[0m
[4.522s] [100%] Built target exer03_tf_listener
[4.534s] Invoked command in '/home/hw_learn/ws_ros2/ws02_tools/build/cpp05_exercise' returned '0': CMAKE_PREFIX_PATH=${CMAKE_PREFIX_PATH}:/home/hw_learn/dev_ws/install/learning_urdf:/home/hw_learn/dev_ws/install/learning_topic:/home/hw_learn/dev_ws/install/learning_tf:/home/hw_learn/dev_ws/install/learning_service:/home/hw_learn/dev_ws/install/learning_qos:/home/hw_learn/dev_ws/install/learning_pkg_python:/home/hw_learn/dev_ws/install/learning_parameter:/home/hw_learn/dev_ws/install/learning_node:/home/hw_learn/dev_ws/install/learning_launch:/home/hw_learn/dev_ws/install/learning_action:/home/hw_learn/dev_ws/install/learning_gazebo /usr/bin/cmake --build /home/hw_learn/ws_ros2/ws02_tools/build/cpp05_exercise -- -j128 -l128
[4.575s] Invoking command in '/home/hw_learn/ws_ros2/ws02_tools/build/cpp05_exercise': CMAKE_PREFIX_PATH=${CMAKE_PREFIX_PATH}:/home/hw_learn/dev_ws/install/learning_urdf:/home/hw_learn/dev_ws/install/learning_topic:/home/hw_learn/dev_ws/install/learning_tf:/home/hw_learn/dev_ws/install/learning_service:/home/hw_learn/dev_ws/install/learning_qos:/home/hw_learn/dev_ws/install/learning_pkg_python:/home/hw_learn/dev_ws/install/learning_parameter:/home/hw_learn/dev_ws/install/learning_node:/home/hw_learn/dev_ws/install/learning_launch:/home/hw_learn/dev_ws/install/learning_action:/home/hw_learn/dev_ws/install/learning_gazebo /usr/bin/cmake --install /home/hw_learn/ws_ros2/ws02_tools/build/cpp05_exercise
[4.582s] -- Install configuration: ""
[4.583s] -- Up-to-date: /home/hw_learn/ws_ros2/ws02_tools/install/cpp05_exercise/lib/cpp05_exercise/exer01_spawn
[4.583s] -- Up-to-date: /home/hw_learn/ws_ros2/ws02_tools/install/cpp05_exercise/lib/cpp05_exercise/exer02_tf_broadcaster
[4.584s] -- Installing: /home/hw_learn/ws_ros2/ws02_tools/install/cpp05_exercise/lib/cpp05_exercise/exer03_tf_listener
[4.586s] -- Set runtime path of "/home/hw_learn/ws_ros2/ws02_tools/install/cpp05_exercise/lib/cpp05_exercise/exer03_tf_listener" to ""
[4.586s] -- Up-to-date: /home/hw_learn/ws_ros2/ws02_tools/install/cpp05_exercise/share/cpp05_exercise/launch
[4.586s] -- Up-to-date: /home/hw_learn/ws_ros2/ws02_tools/install/cpp05_exercise/share/cpp05_exercise/launch/follow.launch.py
[4.586s] -- Up-to-date: /home/hw_learn/ws_ros2/ws02_tools/install/cpp05_exercise/share/ament_index/resource_index/package_run_dependencies/cpp05_exercise
[4.586s] -- Up-to-date: /home/hw_learn/ws_ros2/ws02_tools/install/cpp05_exercise/share/ament_index/resource_index/parent_prefix_path/cpp05_exercise
[4.586s] -- Up-to-date: /home/hw_learn/ws_ros2/ws02_tools/install/cpp05_exercise/share/cpp05_exercise/environment/ament_prefix_path.sh
[4.586s] -- Up-to-date: /home/hw_learn/ws_ros2/ws02_tools/install/cpp05_exercise/share/cpp05_exercise/environment/ament_prefix_path.dsv
[4.586s] -- Up-to-date: /home/hw_learn/ws_ros2/ws02_tools/install/cpp05_exercise/share/cpp05_exercise/environment/path.sh
[4.586s] -- Up-to-date: /home/hw_learn/ws_ros2/ws02_tools/install/cpp05_exercise/share/cpp05_exercise/environment/path.dsv
[4.586s] -- Up-to-date: /home/hw_learn/ws_ros2/ws02_tools/install/cpp05_exercise/share/cpp05_exercise/local_setup.bash
[4.586s] -- Up-to-date: /home/hw_learn/ws_ros2/ws02_tools/install/cpp05_exercise/share/cpp05_exercise/local_setup.sh
[4.586s] -- Up-to-date: /home/hw_learn/ws_ros2/ws02_tools/install/cpp05_exercise/share/cpp05_exercise/local_setup.zsh
[4.587s] -- Up-to-date: /home/hw_learn/ws_ros2/ws02_tools/install/cpp05_exercise/share/cpp05_exercise/local_setup.dsv
[4.587s] -- Installing: /home/hw_learn/ws_ros2/ws02_tools/install/cpp05_exercise/share/cpp05_exercise/package.dsv
[4.587s] -- Up-to-date: /home/hw_learn/ws_ros2/ws02_tools/install/cpp05_exercise/share/ament_index/resource_index/packages/cpp05_exercise
[4.587s] -- Up-to-date: /home/hw_learn/ws_ros2/ws02_tools/install/cpp05_exercise/share/cpp05_exercise/cmake/cpp05_exerciseConfig.cmake
[4.587s] -- Up-to-date: /home/hw_learn/ws_ros2/ws02_tools/install/cpp05_exercise/share/cpp05_exercise/cmake/cpp05_exerciseConfig-version.cmake
[4.587s] -- Up-to-date: /home/hw_learn/ws_ros2/ws02_tools/install/cpp05_exercise/share/cpp05_exercise/package.xml
[4.590s] Invoked command in '/home/hw_learn/ws_ros2/ws02_tools/build/cpp05_exercise' returned '0': CMAKE_PREFIX_PATH=${CMAKE_PREFIX_PATH}:/home/hw_learn/dev_ws/install/learning_urdf:/home/hw_learn/dev_ws/install/learning_topic:/home/hw_learn/dev_ws/install/learning_tf:/home/hw_learn/dev_ws/install/learning_service:/home/hw_learn/dev_ws/install/learning_qos:/home/hw_learn/dev_ws/install/learning_pkg_python:/home/hw_learn/dev_ws/install/learning_parameter:/home/hw_learn/dev_ws/install/learning_node:/home/hw_learn/dev_ws/install/learning_launch:/home/hw_learn/dev_ws/install/learning_action:/home/hw_learn/dev_ws/install/learning_gazebo /usr/bin/cmake --install /home/hw_learn/ws_ros2/ws02_tools/build/cpp05_exercise
