[0.000000] (-) TimerEvent: {}
[0.000819] (-) JobUnselected: {'identifier': 'base_interfaces_demo'}
[0.000851] (-) JobUnselected: {'identifier': 'cpp02_service'}
[0.000865] (-) JobUnselected: {'identifier': 'cpp03_action'}
[0.000873] (-) JobUnselected: {'identifier': 'cpp04_param'}
[0.000881] (-) JobUnselected: {'identifier': 'cpp05_names'}
[0.000889] (-) JobUnselected: {'identifier': 'cpp06_time'}
[0.001008] (-) JobUnselected: {'identifier': 'cpp07_exercise'}
[0.001039] (-) JobUnselected: {'identifier': 'py01_topic'}
[0.001051] (-) JobUnselected: {'identifier': 'py02_service'}
[0.001059] (-) JobUnselected: {'identifier': 'py03_action'}
[0.001067] (-) JobUnselected: {'identifier': 'py04_param'}
[0.001076] (-) JobUnselected: {'identifier': 'py05_names'}
[0.001084] (-) JobUnselected: {'identifier': 'py06_time'}
[0.001092] (-) JobUnselected: {'identifier': 'turtlesim'}
[0.001100] (-) JobUnselected: {'identifier': 'tutorails_plumbing'}
[0.001111] (cpp01_topic) JobQueued: {'identifier': 'cpp01_topic', 'dependencies': OrderedDict([('base_interfaces_demo', '/home/hw/桌面/ws_ros2/ws01_plumbing/install/base_interfaces_demo')])}
[0.001128] (cpp01_topic) JobStarted: {'identifier': 'cpp01_topic'}
[0.045644] (cpp01_topic) JobEnded: {'identifier': 'cpp01_topic', 'rc': 1}
[0.056074] (-) EventReactorShutdown: {}
