[0.038s] Invoking command in '/home/hw_learn/ws_ros2/ws01_plumbing/build/cpp01_topic': CMAKE_PREFIX_PATH=/home/hw_learn/ws_ros2/ws01_plumbing/install/base_interfaces_demo:/home/hw_learn/ws_ros2/ws01_plumbing/install/cpp01_topic:/home/hw_learn/dev_ws/install/learning_pkg_c:/home/hw_learn/dev_ws/install/learning_interface:/opt/ros/foxy:/home/hw_learn/ws_ros2/ws01_plumbing/install/py01_topic:/home/hw_learn/dev_ws/install/learning_urdf:/home/hw_learn/dev_ws/install/learning_topic:/home/hw_learn/dev_ws/install/learning_tf:/home/hw_learn/dev_ws/install/learning_service:/home/hw_learn/dev_ws/install/learning_qos:/home/hw_learn/dev_ws/install/learning_pkg_python:/home/hw_learn/dev_ws/install/learning_parameter:/home/hw_learn/dev_ws/install/learning_node:/home/hw_learn/dev_ws/install/learning_launch:/home/hw_learn/dev_ws/install/learning_action:/home/hw_learn/dev_ws/install/learning_gazebo /usr/bin/cmake --build /home/hw_learn/ws_ros2/ws01_plumbing/build/cpp01_topic -- -j128 -l128
[0.064s] -- Found ament_cmake: 0.9.9 (/opt/ros/foxy/share/ament_cmake/cmake)
[0.087s] -- Using PYTHON_EXECUTABLE: /usr/bin/python3
[0.235s] -- Found rclcpp: 2.4.1 (/opt/ros/foxy/share/rclcpp/cmake)
[0.263s] -- Using all available rosidl_typesupport_c: rosidl_typesupport_fastrtps_c;rosidl_typesupport_introspection_c
[0.266s] -- Found rosidl_adapter: 1.2.1 (/opt/ros/foxy/share/rosidl_adapter/cmake)
[0.364s] -- Using all available rosidl_typesupport_cpp: rosidl_typesupport_fastrtps_cpp;rosidl_typesupport_introspection_cpp
[0.403s] -- Found rmw_implementation_cmake: 1.0.3 (/opt/ros/foxy/share/rmw_implementation_cmake/cmake)
[0.405s] -- Using RMW implementation 'rmw_fastrtps_cpp' as default
[0.482s] -- Found std_msgs: 2.0.5 (/opt/ros/foxy/share/std_msgs/cmake)
[0.496s] -- Found base_interfaces_demo: 0.0.0 (/home/hw_learn/ws_ros2/ws01_plumbing/install/base_interfaces_demo/share/base_interfaces_demo/cmake)
[0.499s] -- Found ament_lint_auto: 0.9.6 (/opt/ros/foxy/share/ament_lint_auto/cmake)
[0.564s] -- Added test 'copyright' to check source files copyright and LICENSE
[0.564s] -- Added test 'cppcheck' to perform static code analysis on C / C++ code
[0.564s] -- Configured cppcheck include dirs: $<BUILD_INTERFACE:/home/hw_learn/ws_ros2/ws01_plumbing/src/cpp01_topic/include>
[0.565s] -- Configured cppcheck exclude dirs and/or files: 
[0.565s] -- Added test 'cpplint' to check C / C++ code against the Google style
[0.565s] -- Configured cpplint exclude dirs and/or files: 
[0.566s] -- Added test 'lint_cmake' to check CMake code style
[0.566s] -- Added test 'uncrustify' to check C / C++ code style
[0.566s] -- Configured uncrustify additional arguments: 
[0.566s] -- Added test 'xmllint' to check XML markup files
[0.569s] -- Configuring done
[0.578s] -- Generating done
[0.579s] -- Build files have been written to: /home/hw_learn/ws_ros2/ws01_plumbing/build/cpp01_topic
[0.602s] [35m[1mScanning dependencies of target demo02_listener_str[0m
[0.603s] [35m[1mScanning dependencies of target demo01_talker_str[0m
[0.627s] [ 25%] [32mBuilding CXX object CMakeFiles/demo01_talker_str.dir/src/demo01_talker_str.cpp.o[0m
[0.632s] [ 50%] [32mBuilding CXX object CMakeFiles/demo02_listener_str.dir/src/demo02_listener_str.cpp.o[0m
[2.136s] [ 75%] [32m[1mLinking CXX executable demo02_listener_str[0m
[2.241s] [ 75%] Built target demo02_listener_str
[4.026s] [100%] [32m[1mLinking CXX executable demo01_talker_str[0m
[4.200s] [100%] Built target demo01_talker_str
[4.209s] Invoked command in '/home/hw_learn/ws_ros2/ws01_plumbing/build/cpp01_topic' returned '0': CMAKE_PREFIX_PATH=/home/hw_learn/ws_ros2/ws01_plumbing/install/base_interfaces_demo:/home/hw_learn/ws_ros2/ws01_plumbing/install/cpp01_topic:/home/hw_learn/dev_ws/install/learning_pkg_c:/home/hw_learn/dev_ws/install/learning_interface:/opt/ros/foxy:/home/hw_learn/ws_ros2/ws01_plumbing/install/py01_topic:/home/hw_learn/dev_ws/install/learning_urdf:/home/hw_learn/dev_ws/install/learning_topic:/home/hw_learn/dev_ws/install/learning_tf:/home/hw_learn/dev_ws/install/learning_service:/home/hw_learn/dev_ws/install/learning_qos:/home/hw_learn/dev_ws/install/learning_pkg_python:/home/hw_learn/dev_ws/install/learning_parameter:/home/hw_learn/dev_ws/install/learning_node:/home/hw_learn/dev_ws/install/learning_launch:/home/hw_learn/dev_ws/install/learning_action:/home/hw_learn/dev_ws/install/learning_gazebo /usr/bin/cmake --build /home/hw_learn/ws_ros2/ws01_plumbing/build/cpp01_topic -- -j128 -l128
[4.246s] Invoking command in '/home/hw_learn/ws_ros2/ws01_plumbing/build/cpp01_topic': CMAKE_PREFIX_PATH=/home/hw_learn/ws_ros2/ws01_plumbing/install/base_interfaces_demo:/home/hw_learn/ws_ros2/ws01_plumbing/install/cpp01_topic:/home/hw_learn/dev_ws/install/learning_pkg_c:/home/hw_learn/dev_ws/install/learning_interface:/opt/ros/foxy:/home/hw_learn/ws_ros2/ws01_plumbing/install/py01_topic:/home/hw_learn/dev_ws/install/learning_urdf:/home/hw_learn/dev_ws/install/learning_topic:/home/hw_learn/dev_ws/install/learning_tf:/home/hw_learn/dev_ws/install/learning_service:/home/hw_learn/dev_ws/install/learning_qos:/home/hw_learn/dev_ws/install/learning_pkg_python:/home/hw_learn/dev_ws/install/learning_parameter:/home/hw_learn/dev_ws/install/learning_node:/home/hw_learn/dev_ws/install/learning_launch:/home/hw_learn/dev_ws/install/learning_action:/home/hw_learn/dev_ws/install/learning_gazebo /usr/bin/cmake --install /home/hw_learn/ws_ros2/ws01_plumbing/build/cpp01_topic
[4.253s] -- Install configuration: ""
[4.253s] -- Installing: /home/hw_learn/ws_ros2/ws01_plumbing/install/cpp01_topic/lib/cpp01_topic/demo01_talker_str
[4.254s] -- Set runtime path of "/home/hw_learn/ws_ros2/ws01_plumbing/install/cpp01_topic/lib/cpp01_topic/demo01_talker_str" to ""
[4.254s] -- Installing: /home/hw_learn/ws_ros2/ws01_plumbing/install/cpp01_topic/lib/cpp01_topic/demo02_listener_str
[4.255s] -- Set runtime path of "/home/hw_learn/ws_ros2/ws01_plumbing/install/cpp01_topic/lib/cpp01_topic/demo02_listener_str" to ""
[4.255s] -- Up-to-date: /home/hw_learn/ws_ros2/ws01_plumbing/install/cpp01_topic/share/ament_index/resource_index/package_run_dependencies/cpp01_topic
[4.255s] -- Installing: /home/hw_learn/ws_ros2/ws01_plumbing/install/cpp01_topic/share/ament_index/resource_index/parent_prefix_path/cpp01_topic
[4.255s] -- Up-to-date: /home/hw_learn/ws_ros2/ws01_plumbing/install/cpp01_topic/share/cpp01_topic/environment/ament_prefix_path.sh
[4.255s] -- Installing: /home/hw_learn/ws_ros2/ws01_plumbing/install/cpp01_topic/share/cpp01_topic/environment/ament_prefix_path.dsv
[4.255s] -- Up-to-date: /home/hw_learn/ws_ros2/ws01_plumbing/install/cpp01_topic/share/cpp01_topic/environment/path.sh
[4.256s] -- Installing: /home/hw_learn/ws_ros2/ws01_plumbing/install/cpp01_topic/share/cpp01_topic/environment/path.dsv
[4.256s] -- Up-to-date: /home/hw_learn/ws_ros2/ws01_plumbing/install/cpp01_topic/share/cpp01_topic/local_setup.bash
[4.256s] -- Up-to-date: /home/hw_learn/ws_ros2/ws01_plumbing/install/cpp01_topic/share/cpp01_topic/local_setup.sh
[4.256s] -- Up-to-date: /home/hw_learn/ws_ros2/ws01_plumbing/install/cpp01_topic/share/cpp01_topic/local_setup.zsh
[4.256s] -- Installing: /home/hw_learn/ws_ros2/ws01_plumbing/install/cpp01_topic/share/cpp01_topic/local_setup.dsv
[4.256s] -- Installing: /home/hw_learn/ws_ros2/ws01_plumbing/install/cpp01_topic/share/cpp01_topic/package.dsv
[4.256s] -- Up-to-date: /home/hw_learn/ws_ros2/ws01_plumbing/install/cpp01_topic/share/ament_index/resource_index/packages/cpp01_topic
[4.256s] -- Up-to-date: /home/hw_learn/ws_ros2/ws01_plumbing/install/cpp01_topic/share/cpp01_topic/cmake/cpp01_topicConfig.cmake
[4.256s] -- Up-to-date: /home/hw_learn/ws_ros2/ws01_plumbing/install/cpp01_topic/share/cpp01_topic/cmake/cpp01_topicConfig-version.cmake
[4.256s] -- Up-to-date: /home/hw_learn/ws_ros2/ws01_plumbing/install/cpp01_topic/share/cpp01_topic/package.xml
[4.259s] Invoked command in '/home/hw_learn/ws_ros2/ws01_plumbing/build/cpp01_topic' returned '0': CMAKE_PREFIX_PATH=/home/hw_learn/ws_ros2/ws01_plumbing/install/base_interfaces_demo:/home/hw_learn/ws_ros2/ws01_plumbing/install/cpp01_topic:/home/hw_learn/dev_ws/install/learning_pkg_c:/home/hw_learn/dev_ws/install/learning_interface:/opt/ros/foxy:/home/hw_learn/ws_ros2/ws01_plumbing/install/py01_topic:/home/hw_learn/dev_ws/install/learning_urdf:/home/hw_learn/dev_ws/install/learning_topic:/home/hw_learn/dev_ws/install/learning_tf:/home/hw_learn/dev_ws/install/learning_service:/home/hw_learn/dev_ws/install/learning_qos:/home/hw_learn/dev_ws/install/learning_pkg_python:/home/hw_learn/dev_ws/install/learning_parameter:/home/hw_learn/dev_ws/install/learning_node:/home/hw_learn/dev_ws/install/learning_launch:/home/hw_learn/dev_ws/install/learning_action:/home/hw_learn/dev_ws/install/learning_gazebo /usr/bin/cmake --install /home/hw_learn/ws_ros2/ws01_plumbing/build/cpp01_topic
