[0.039s] Invoking command in '/home/hw_learn/ws_ros2/ws01_plumbing/build/cpp04_param': CMAKE_PREFIX_PATH=${CMAKE_PREFIX_PATH}:/home/hw_learn/dev_ws/install/learning_urdf:/home/hw_learn/dev_ws/install/learning_topic:/home/hw_learn/dev_ws/install/learning_tf:/home/hw_learn/dev_ws/install/learning_service:/home/hw_learn/dev_ws/install/learning_qos:/home/hw_learn/dev_ws/install/learning_pkg_python:/home/hw_learn/dev_ws/install/learning_parameter:/home/hw_learn/dev_ws/install/learning_node:/home/hw_learn/dev_ws/install/learning_launch:/home/hw_learn/dev_ws/install/learning_action:/home/hw_learn/dev_ws/install/learning_gazebo /usr/bin/cmake --build /home/hw_learn/ws_ros2/ws01_plumbing/build/cpp04_param -- -j128 -l128
[0.098s] [35m[1mScanning dependencies of target demo02_param_client[0m
[0.113s] [ 66%] Built target demo00_param
[0.113s] [ 66%] Built target demo01_param_server
[0.123s] [ 83%] [32mBuilding CXX object CMakeFiles/demo02_param_client.dir/src/demo02_param_client.cpp.o[0m
[2.099s] [100%] [32m[1mLinking CXX executable demo02_param_client[0m
[2.222s] [100%] Built target demo02_param_client
[2.234s] Invoked command in '/home/hw_learn/ws_ros2/ws01_plumbing/build/cpp04_param' returned '0': CMAKE_PREFIX_PATH=${CMAKE_PREFIX_PATH}:/home/hw_learn/dev_ws/install/learning_urdf:/home/hw_learn/dev_ws/install/learning_topic:/home/hw_learn/dev_ws/install/learning_tf:/home/hw_learn/dev_ws/install/learning_service:/home/hw_learn/dev_ws/install/learning_qos:/home/hw_learn/dev_ws/install/learning_pkg_python:/home/hw_learn/dev_ws/install/learning_parameter:/home/hw_learn/dev_ws/install/learning_node:/home/hw_learn/dev_ws/install/learning_launch:/home/hw_learn/dev_ws/install/learning_action:/home/hw_learn/dev_ws/install/learning_gazebo /usr/bin/cmake --build /home/hw_learn/ws_ros2/ws01_plumbing/build/cpp04_param -- -j128 -l128
[2.277s] Invoking command in '/home/hw_learn/ws_ros2/ws01_plumbing/build/cpp04_param': CMAKE_PREFIX_PATH=${CMAKE_PREFIX_PATH}:/home/hw_learn/dev_ws/install/learning_urdf:/home/hw_learn/dev_ws/install/learning_topic:/home/hw_learn/dev_ws/install/learning_tf:/home/hw_learn/dev_ws/install/learning_service:/home/hw_learn/dev_ws/install/learning_qos:/home/hw_learn/dev_ws/install/learning_pkg_python:/home/hw_learn/dev_ws/install/learning_parameter:/home/hw_learn/dev_ws/install/learning_node:/home/hw_learn/dev_ws/install/learning_launch:/home/hw_learn/dev_ws/install/learning_action:/home/hw_learn/dev_ws/install/learning_gazebo /usr/bin/cmake --install /home/hw_learn/ws_ros2/ws01_plumbing/build/cpp04_param
[2.286s] -- Install configuration: ""
[2.287s] -- Up-to-date: /home/hw_learn/ws_ros2/ws01_plumbing/install/cpp04_param/lib/cpp04_param/demo00_param
[2.288s] -- Up-to-date: /home/hw_learn/ws_ros2/ws01_plumbing/install/cpp04_param/lib/cpp04_param/demo01_param_server
[2.288s] -- Installing: /home/hw_learn/ws_ros2/ws01_plumbing/install/cpp04_param/lib/cpp04_param/demo02_param_client
[2.289s] -- Set runtime path of "/home/hw_learn/ws_ros2/ws01_plumbing/install/cpp04_param/lib/cpp04_param/demo02_param_client" to ""
[2.289s] -- Up-to-date: /home/hw_learn/ws_ros2/ws01_plumbing/install/cpp04_param/share/ament_index/resource_index/package_run_dependencies/cpp04_param
[2.289s] -- Up-to-date: /home/hw_learn/ws_ros2/ws01_plumbing/install/cpp04_param/share/ament_index/resource_index/parent_prefix_path/cpp04_param
[2.289s] -- Up-to-date: /home/hw_learn/ws_ros2/ws01_plumbing/install/cpp04_param/share/cpp04_param/environment/ament_prefix_path.sh
[2.289s] -- Up-to-date: /home/hw_learn/ws_ros2/ws01_plumbing/install/cpp04_param/share/cpp04_param/environment/ament_prefix_path.dsv
[2.289s] -- Up-to-date: /home/hw_learn/ws_ros2/ws01_plumbing/install/cpp04_param/share/cpp04_param/environment/path.sh
[2.289s] -- Up-to-date: /home/hw_learn/ws_ros2/ws01_plumbing/install/cpp04_param/share/cpp04_param/environment/path.dsv
[2.290s] -- Up-to-date: /home/hw_learn/ws_ros2/ws01_plumbing/install/cpp04_param/share/cpp04_param/local_setup.bash
[2.290s] -- Up-to-date: /home/hw_learn/ws_ros2/ws01_plumbing/install/cpp04_param/share/cpp04_param/local_setup.sh
[2.290s] -- Up-to-date: /home/hw_learn/ws_ros2/ws01_plumbing/install/cpp04_param/share/cpp04_param/local_setup.zsh
[2.290s] -- Up-to-date: /home/hw_learn/ws_ros2/ws01_plumbing/install/cpp04_param/share/cpp04_param/local_setup.dsv
[2.290s] -- Installing: /home/hw_learn/ws_ros2/ws01_plumbing/install/cpp04_param/share/cpp04_param/package.dsv
[2.290s] -- Up-to-date: /home/hw_learn/ws_ros2/ws01_plumbing/install/cpp04_param/share/ament_index/resource_index/packages/cpp04_param
[2.290s] -- Up-to-date: /home/hw_learn/ws_ros2/ws01_plumbing/install/cpp04_param/share/cpp04_param/cmake/cpp04_paramConfig.cmake
[2.290s] -- Up-to-date: /home/hw_learn/ws_ros2/ws01_plumbing/install/cpp04_param/share/cpp04_param/cmake/cpp04_paramConfig-version.cmake
[2.290s] -- Up-to-date: /home/hw_learn/ws_ros2/ws01_plumbing/install/cpp04_param/share/cpp04_param/package.xml
[2.294s] Invoked command in '/home/hw_learn/ws_ros2/ws01_plumbing/build/cpp04_param' returned '0': CMAKE_PREFIX_PATH=${CMAKE_PREFIX_PATH}:/home/hw_learn/dev_ws/install/learning_urdf:/home/hw_learn/dev_ws/install/learning_topic:/home/hw_learn/dev_ws/install/learning_tf:/home/hw_learn/dev_ws/install/learning_service:/home/hw_learn/dev_ws/install/learning_qos:/home/hw_learn/dev_ws/install/learning_pkg_python:/home/hw_learn/dev_ws/install/learning_parameter:/home/hw_learn/dev_ws/install/learning_node:/home/hw_learn/dev_ws/install/learning_launch:/home/hw_learn/dev_ws/install/learning_action:/home/hw_learn/dev_ws/install/learning_gazebo /usr/bin/cmake --install /home/hw_learn/ws_ros2/ws01_plumbing/build/cpp04_param
