[0.037s] Invoking command in '/home/hw_learn/ws_ros2/ws02_tools/build/cpp04_tf_listener': CMAKE_PREFIX_PATH=${CMAKE_PREFIX_PATH}:/home/hw_learn/dev_ws/install/learning_urdf:/home/hw_learn/dev_ws/install/learning_topic:/home/hw_learn/dev_ws/install/learning_tf:/home/hw_learn/dev_ws/install/learning_service:/home/hw_learn/dev_ws/install/learning_qos:/home/hw_learn/dev_ws/install/learning_pkg_python:/home/hw_learn/dev_ws/install/learning_parameter:/home/hw_learn/dev_ws/install/learning_node:/home/hw_learn/dev_ws/install/learning_launch:/home/hw_learn/dev_ws/install/learning_action:/home/hw_learn/dev_ws/install/learning_gazebo /usr/bin/cmake /home/hw_learn/ws_ros2/ws02_tools/src/cpp04_tf_listener -DCMAKE_INSTALL_PREFIX=/home/hw_learn/ws_ros2/ws02_tools/install/cpp04_tf_listener
[0.092s] -- The C compiler identification is GNU 9.4.0
[0.148s] -- The CXX compiler identification is GNU 9.4.0
[0.154s] -- Check for working C compiler: /usr/bin/cc
[0.222s] -- Check for working C compiler: /usr/bin/cc -- works
[0.223s] -- Detecting C compiler ABI info
[0.286s] -- Detecting C compiler ABI info - done
[0.297s] -- Detecting C compile features
[0.297s] -- Detecting C compile features - done
[0.300s] -- Check for working CXX compiler: /usr/bin/c++
[0.376s] -- Check for working CXX compiler: /usr/bin/c++ -- works
[0.377s] -- Detecting CXX compiler ABI info
[0.455s] -- Detecting CXX compiler ABI info - done
[0.468s] -- Detecting CXX compile features
[0.468s] -- Detecting CXX compile features - done
[0.470s] -- Found ament_cmake: 0.9.9 (/opt/ros/foxy/share/ament_cmake/cmake)
[0.498s] -- Found PythonInterp: /usr/bin/python3 (found suitable version "3.8.10", minimum required is "3") 
[0.498s] -- Using PYTHON_EXECUTABLE: /usr/bin/python3
[0.681s] -- Found rclcpp: 2.4.1 (/opt/ros/foxy/share/rclcpp/cmake)
[0.719s] -- Using all available rosidl_typesupport_c: rosidl_typesupport_fastrtps_c;rosidl_typesupport_introspection_c
[0.725s] -- Found rosidl_adapter: 1.2.1 (/opt/ros/foxy/share/rosidl_adapter/cmake)
[0.774s] -- Found FastRTPS: /opt/ros/foxy/include  
[0.844s] -- Using all available rosidl_typesupport_cpp: rosidl_typesupport_fastrtps_cpp;rosidl_typesupport_introspection_cpp
[0.894s] -- Found rmw_implementation_cmake: 1.0.3 (/opt/ros/foxy/share/rmw_implementation_cmake/cmake)
[0.896s] -- Using RMW implementation 'rmw_fastrtps_cpp' as default
[0.899s] -- Looking for pthread.h
[0.975s] -- Looking for pthread.h - found
[0.975s] -- Performing Test CMAKE_HAVE_LIBC_PTHREAD
[1.052s] -- Performing Test CMAKE_HAVE_LIBC_PTHREAD - Failed
[1.052s] -- Looking for pthread_create in pthreads
[1.111s] -- Looking for pthread_create in pthreads - not found
[1.112s] -- Looking for pthread_create in pthread
[1.188s] -- Looking for pthread_create in pthread - found
[1.189s] -- Found Threads: TRUE  
[1.280s] -- Found tf2: 0.13.13 (/opt/ros/foxy/share/tf2/cmake)
[1.355s] -- Found tf2_ros: 0.13.13 (/opt/ros/foxy/share/tf2_ros/cmake)
[1.689s] -- Found ament_lint_auto: 0.9.6 (/opt/ros/foxy/share/ament_lint_auto/cmake)
[1.768s] -- Added test 'copyright' to check source files copyright and LICENSE
[1.769s] -- Added test 'cppcheck' to perform static code analysis on C / C++ code
[1.769s] -- Configured cppcheck include dirs: $<BUILD_INTERFACE:/home/hw_learn/ws_ros2/ws02_tools/src/cpp04_tf_listener/include>
[1.769s] -- Configured cppcheck exclude dirs and/or files: 
[1.770s] -- Added test 'cpplint' to check C / C++ code against the Google style
[1.770s] -- Configured cpplint exclude dirs and/or files: 
[1.771s] -- Added test 'lint_cmake' to check CMake code style
[1.772s] -- Added test 'uncrustify' to check C / C++ code style
[1.772s] -- Configured uncrustify additional arguments: 
[1.773s] -- Added test 'xmllint' to check XML markup files
[1.777s] -- Configuring done
[1.787s] -- Generating done
[1.788s] -- Build files have been written to: /home/hw_learn/ws_ros2/ws02_tools/build/cpp04_tf_listener
[1.796s] Invoked command in '/home/hw_learn/ws_ros2/ws02_tools/build/cpp04_tf_listener' returned '0': CMAKE_PREFIX_PATH=${CMAKE_PREFIX_PATH}:/home/hw_learn/dev_ws/install/learning_urdf:/home/hw_learn/dev_ws/install/learning_topic:/home/hw_learn/dev_ws/install/learning_tf:/home/hw_learn/dev_ws/install/learning_service:/home/hw_learn/dev_ws/install/learning_qos:/home/hw_learn/dev_ws/install/learning_pkg_python:/home/hw_learn/dev_ws/install/learning_parameter:/home/hw_learn/dev_ws/install/learning_node:/home/hw_learn/dev_ws/install/learning_launch:/home/hw_learn/dev_ws/install/learning_action:/home/hw_learn/dev_ws/install/learning_gazebo /usr/bin/cmake /home/hw_learn/ws_ros2/ws02_tools/src/cpp04_tf_listener -DCMAKE_INSTALL_PREFIX=/home/hw_learn/ws_ros2/ws02_tools/install/cpp04_tf_listener
[1.800s] Invoking command in '/home/hw_learn/ws_ros2/ws02_tools/build/cpp04_tf_listener': CMAKE_PREFIX_PATH=${CMAKE_PREFIX_PATH}:/home/hw_learn/dev_ws/install/learning_urdf:/home/hw_learn/dev_ws/install/learning_topic:/home/hw_learn/dev_ws/install/learning_tf:/home/hw_learn/dev_ws/install/learning_service:/home/hw_learn/dev_ws/install/learning_qos:/home/hw_learn/dev_ws/install/learning_pkg_python:/home/hw_learn/dev_ws/install/learning_parameter:/home/hw_learn/dev_ws/install/learning_node:/home/hw_learn/dev_ws/install/learning_launch:/home/hw_learn/dev_ws/install/learning_action:/home/hw_learn/dev_ws/install/learning_gazebo /usr/bin/cmake --build /home/hw_learn/ws_ros2/ws02_tools/build/cpp04_tf_listener -- -j128 -l128
[1.839s] [35m[1mScanning dependencies of target demo01_tf_listener[0m
[1.873s] [ 50%] [32mBuilding CXX object CMakeFiles/demo01_tf_listener.dir/src/demo01_tf_listener.cpp.o[0m
[7.148s] [100%] [32m[1mLinking CXX executable demo01_tf_listener[0m
[7.416s] [100%] Built target demo01_tf_listener
[7.427s] Invoked command in '/home/hw_learn/ws_ros2/ws02_tools/build/cpp04_tf_listener' returned '0': CMAKE_PREFIX_PATH=${CMAKE_PREFIX_PATH}:/home/hw_learn/dev_ws/install/learning_urdf:/home/hw_learn/dev_ws/install/learning_topic:/home/hw_learn/dev_ws/install/learning_tf:/home/hw_learn/dev_ws/install/learning_service:/home/hw_learn/dev_ws/install/learning_qos:/home/hw_learn/dev_ws/install/learning_pkg_python:/home/hw_learn/dev_ws/install/learning_parameter:/home/hw_learn/dev_ws/install/learning_node:/home/hw_learn/dev_ws/install/learning_launch:/home/hw_learn/dev_ws/install/learning_action:/home/hw_learn/dev_ws/install/learning_gazebo /usr/bin/cmake --build /home/hw_learn/ws_ros2/ws02_tools/build/cpp04_tf_listener -- -j128 -l128
[7.463s] Invoking command in '/home/hw_learn/ws_ros2/ws02_tools/build/cpp04_tf_listener': CMAKE_PREFIX_PATH=${CMAKE_PREFIX_PATH}:/home/hw_learn/dev_ws/install/learning_urdf:/home/hw_learn/dev_ws/install/learning_topic:/home/hw_learn/dev_ws/install/learning_tf:/home/hw_learn/dev_ws/install/learning_service:/home/hw_learn/dev_ws/install/learning_qos:/home/hw_learn/dev_ws/install/learning_pkg_python:/home/hw_learn/dev_ws/install/learning_parameter:/home/hw_learn/dev_ws/install/learning_node:/home/hw_learn/dev_ws/install/learning_launch:/home/hw_learn/dev_ws/install/learning_action:/home/hw_learn/dev_ws/install/learning_gazebo /usr/bin/cmake --install /home/hw_learn/ws_ros2/ws02_tools/build/cpp04_tf_listener
[7.470s] -- Install configuration: ""
[7.470s] -- Installing: /home/hw_learn/ws_ros2/ws02_tools/install/cpp04_tf_listener/lib/cpp04_tf_listener/demo01_tf_listener
[7.472s] -- Set runtime path of "/home/hw_learn/ws_ros2/ws02_tools/install/cpp04_tf_listener/lib/cpp04_tf_listener/demo01_tf_listener" to ""
[7.472s] -- Installing: /home/hw_learn/ws_ros2/ws02_tools/install/cpp04_tf_listener/share/ament_index/resource_index/package_run_dependencies/cpp04_tf_listener
[7.472s] -- Installing: /home/hw_learn/ws_ros2/ws02_tools/install/cpp04_tf_listener/share/ament_index/resource_index/parent_prefix_path/cpp04_tf_listener
[7.472s] -- Installing: /home/hw_learn/ws_ros2/ws02_tools/install/cpp04_tf_listener/share/cpp04_tf_listener/environment/ament_prefix_path.sh
[7.473s] -- Installing: /home/hw_learn/ws_ros2/ws02_tools/install/cpp04_tf_listener/share/cpp04_tf_listener/environment/ament_prefix_path.dsv
[7.473s] -- Installing: /home/hw_learn/ws_ros2/ws02_tools/install/cpp04_tf_listener/share/cpp04_tf_listener/environment/path.sh
[7.473s] -- Installing: /home/hw_learn/ws_ros2/ws02_tools/install/cpp04_tf_listener/share/cpp04_tf_listener/environment/path.dsv
[7.473s] -- Installing: /home/hw_learn/ws_ros2/ws02_tools/install/cpp04_tf_listener/share/cpp04_tf_listener/local_setup.bash
[7.473s] -- Installing: /home/hw_learn/ws_ros2/ws02_tools/install/cpp04_tf_listener/share/cpp04_tf_listener/local_setup.sh
[7.473s] -- Installing: /home/hw_learn/ws_ros2/ws02_tools/install/cpp04_tf_listener/share/cpp04_tf_listener/local_setup.zsh
[7.473s] -- Installing: /home/hw_learn/ws_ros2/ws02_tools/install/cpp04_tf_listener/share/cpp04_tf_listener/local_setup.dsv
[7.474s] -- Installing: /home/hw_learn/ws_ros2/ws02_tools/install/cpp04_tf_listener/share/cpp04_tf_listener/package.dsv
[7.474s] -- Installing: /home/hw_learn/ws_ros2/ws02_tools/install/cpp04_tf_listener/share/ament_index/resource_index/packages/cpp04_tf_listener
[7.474s] -- Installing: /home/hw_learn/ws_ros2/ws02_tools/install/cpp04_tf_listener/share/cpp04_tf_listener/cmake/cpp04_tf_listenerConfig.cmake
[7.474s] -- Installing: /home/hw_learn/ws_ros2/ws02_tools/install/cpp04_tf_listener/share/cpp04_tf_listener/cmake/cpp04_tf_listenerConfig-version.cmake
[7.474s] -- Installing: /home/hw_learn/ws_ros2/ws02_tools/install/cpp04_tf_listener/share/cpp04_tf_listener/package.xml
[7.478s] Invoked command in '/home/hw_learn/ws_ros2/ws02_tools/build/cpp04_tf_listener' returned '0': CMAKE_PREFIX_PATH=${CMAKE_PREFIX_PATH}:/home/hw_learn/dev_ws/install/learning_urdf:/home/hw_learn/dev_ws/install/learning_topic:/home/hw_learn/dev_ws/install/learning_tf:/home/hw_learn/dev_ws/install/learning_service:/home/hw_learn/dev_ws/install/learning_qos:/home/hw_learn/dev_ws/install/learning_pkg_python:/home/hw_learn/dev_ws/install/learning_parameter:/home/hw_learn/dev_ws/install/learning_node:/home/hw_learn/dev_ws/install/learning_launch:/home/hw_learn/dev_ws/install/learning_action:/home/hw_learn/dev_ws/install/learning_gazebo /usr/bin/cmake --install /home/hw_learn/ws_ros2/ws02_tools/build/cpp04_tf_listener
