[0.584s] Invoking command in '/home/hw_learn/ws_ros2/ws01_plumbing/src/py01_topic': AMENT_PREFIX_PATH=/home/hw_learn/ws_ros2/ws01_plumbing/install/base_interfaces_demo:${AMENT_PREFIX_PATH} CMAKE_PREFIX_PATH=/home/hw_learn/ws_ros2/ws01_plumbing/install/base_interfaces_demo:${CMAKE_PREFIX_PATH} PYTHONPATH=/home/hw_learn/ws_ros2/ws01_plumbing/build/py01_topic/prefix_override:/home/hw_learn/ws_ros2/ws01_plumbing/install/py01_topic/lib/python3.8/site-packages:${PYTHONPATH} /usr/bin/python3 setup.py egg_info --egg-base ../../build/py01_topic build --build-base /home/hw_learn/ws_ros2/ws01_plumbing/build/py01_topic/build install --record /home/hw_learn/ws_ros2/ws01_plumbing/build/py01_topic/install.log --install-scripts $base/lib/py01_topic --single-version-externally-managed
[0.759s] running egg_info
[0.760s] creating ../../build/py01_topic/py01_topic.egg-info
[0.760s] writing ../../build/py01_topic/py01_topic.egg-info/PKG-INFO
[0.760s] writing dependency_links to ../../build/py01_topic/py01_topic.egg-info/dependency_links.txt
[0.760s] writing entry points to ../../build/py01_topic/py01_topic.egg-info/entry_points.txt
[0.760s] writing requirements to ../../build/py01_topic/py01_topic.egg-info/requires.txt
[0.760s] writing top-level names to ../../build/py01_topic/py01_topic.egg-info/top_level.txt
[0.760s] writing manifest file '../../build/py01_topic/py01_topic.egg-info/SOURCES.txt'
[0.791s] reading manifest file '../../build/py01_topic/py01_topic.egg-info/SOURCES.txt'
[0.792s] writing manifest file '../../build/py01_topic/py01_topic.egg-info/SOURCES.txt'
[0.792s] running build
[0.792s] running build_py
[0.792s] creating /home/hw_learn/ws_ros2/ws01_plumbing/build/py01_topic/build
[0.792s] creating /home/hw_learn/ws_ros2/ws01_plumbing/build/py01_topic/build/lib
[0.792s] creating /home/hw_learn/ws_ros2/ws01_plumbing/build/py01_topic/build/lib/py01_topic
[0.792s] copying py01_topic/__init__.py -> /home/hw_learn/ws_ros2/ws01_plumbing/build/py01_topic/build/lib/py01_topic
[0.793s] copying py01_topic/demo01_talker_str_py.py -> /home/hw_learn/ws_ros2/ws01_plumbing/build/py01_topic/build/lib/py01_topic
[0.793s] running install
[0.793s] running install_lib
[0.794s] creating /home/hw_learn/ws_ros2/ws01_plumbing/install/py01_topic/lib/python3.8/site-packages/py01_topic
[0.794s] copying /home/hw_learn/ws_ros2/ws01_plumbing/build/py01_topic/build/lib/py01_topic/__init__.py -> /home/hw_learn/ws_ros2/ws01_plumbing/install/py01_topic/lib/python3.8/site-packages/py01_topic
[0.794s] copying /home/hw_learn/ws_ros2/ws01_plumbing/build/py01_topic/build/lib/py01_topic/demo01_talker_str_py.py -> /home/hw_learn/ws_ros2/ws01_plumbing/install/py01_topic/lib/python3.8/site-packages/py01_topic
[0.795s] byte-compiling /home/hw_learn/ws_ros2/ws01_plumbing/install/py01_topic/lib/python3.8/site-packages/py01_topic/__init__.py to __init__.cpython-38.pyc
[0.796s] byte-compiling /home/hw_learn/ws_ros2/ws01_plumbing/install/py01_topic/lib/python3.8/site-packages/py01_topic/demo01_talker_str_py.py to demo01_talker_str_py.cpython-38.pyc
[0.796s] running install_data
[0.797s] creating /home/hw_learn/ws_ros2/ws01_plumbing/install/py01_topic/share/ament_index
[0.797s] creating /home/hw_learn/ws_ros2/ws01_plumbing/install/py01_topic/share/ament_index/resource_index
[0.797s] creating /home/hw_learn/ws_ros2/ws01_plumbing/install/py01_topic/share/ament_index/resource_index/packages
[0.797s] copying resource/py01_topic -> /home/hw_learn/ws_ros2/ws01_plumbing/install/py01_topic/share/ament_index/resource_index/packages
[0.797s] copying package.xml -> /home/hw_learn/ws_ros2/ws01_plumbing/install/py01_topic/share/py01_topic
[0.797s] running install_egg_info
[0.798s] Copying ../../build/py01_topic/py01_topic.egg-info to /home/hw_learn/ws_ros2/ws01_plumbing/install/py01_topic/lib/python3.8/site-packages/py01_topic-0.0.0-py3.8.egg-info
[0.799s] running install_scripts
[0.815s] Installing demo01_talker_str_py script to /home/hw_learn/ws_ros2/ws01_plumbing/install/py01_topic/lib/py01_topic
[0.815s] writing list of installed files to '/home/hw_learn/ws_ros2/ws01_plumbing/build/py01_topic/install.log'
[0.839s] Invoked command in '/home/hw_learn/ws_ros2/ws01_plumbing/src/py01_topic' returned '0': AMENT_PREFIX_PATH=/home/hw_learn/ws_ros2/ws01_plumbing/install/base_interfaces_demo:${AMENT_PREFIX_PATH} CMAKE_PREFIX_PATH=/home/hw_learn/ws_ros2/ws01_plumbing/install/base_interfaces_demo:${CMAKE_PREFIX_PATH} PYTHONPATH=/home/hw_learn/ws_ros2/ws01_plumbing/build/py01_topic/prefix_override:/home/hw_learn/ws_ros2/ws01_plumbing/install/py01_topic/lib/python3.8/site-packages:${PYTHONPATH} /usr/bin/python3 setup.py egg_info --egg-base ../../build/py01_topic build --build-base /home/hw_learn/ws_ros2/ws01_plumbing/build/py01_topic/build install --record /home/hw_learn/ws_ros2/ws01_plumbing/build/py01_topic/install.log --install-scripts $base/lib/py01_topic --single-version-externally-managed
