[0.037s] Invoking command in '/home/hw_learn/ws_ros2/ws01_plumbing/build/cpp01_topic': CMAKE_PREFIX_PATH=/home/hw_learn/ws_ros2/ws01_plumbing/install/base_interfaces_demo:/home/hw_learn/ws_ros2/ws01_plumbing/install/tutorails_plumbing:/home/hw_learn/ws_ros2/ws01_plumbing/install/cpp07_exercise:/home/hw_learn/ws_ros2/ws01_plumbing/install/turtlesim:/home/hw_learn/ws_ros2/ws01_plumbing/install/cpp05_names:/home/hw_learn/ws_ros2/ws01_plumbing/install/cpp04_param:/home/hw_learn/ws_ros2/ws01_plumbing/install/cpp03_action:/home/hw_learn/ws_ros2/ws01_plumbing/install/cpp02_service:/home/hw_learn/ws_ros2/ws01_plumbing/install/cpp01_topic:/home/hw_learn/dev_ws/install/learning_pkg_c:/home/hw_learn/dev_ws/install/learning_interface:/opt/ros/foxy:/home/hw_learn/ws_ros2/ws01_plumbing/install/py01_topic:/home/hw_learn/dev_ws/install/learning_urdf:/home/hw_learn/dev_ws/install/learning_topic:/home/hw_learn/dev_ws/install/learning_tf:/home/hw_learn/dev_ws/install/learning_service:/home/hw_learn/dev_ws/install/learning_qos:/home/hw_learn/dev_ws/install/learning_pkg_python:/home/hw_learn/dev_ws/install/learning_parameter:/home/hw_learn/dev_ws/install/learning_node:/home/hw_learn/dev_ws/install/learning_launch:/home/hw_learn/dev_ws/install/learning_action:/home/hw_learn/dev_ws/install/learning_gazebo LD_LIBRARY_PATH=/home/hw_learn/ws_ros2/ws01_plumbing/install/base_interfaces_demo/lib:/home/hw_learn/ws_ros2/ws01_plumbing/install/turtlesim/lib:/home/hw_learn/dev_ws/install/learning_interface/lib:/opt/ros/foxy/opt/yaml_cpp_vendor/lib:/opt/ros/foxy/opt/rviz_ogre_vendor/lib:/opt/ros/foxy/opt/rviz_assimp_vendor/lib:/opt/ros/foxy/lib PYTHONPATH=/home/hw_learn/ws_ros2/ws01_plumbing/install/base_interfaces_demo/lib/python3.8/site-packages:/home/hw_learn/ws_ros2/ws01_plumbing/install/turtlesim/lib/python3.8/site-packages:/home/hw_learn/ws_ros2/ws01_plumbing/install/py01_topic/lib/python3.8/site-packages:/home/hw_learn/dev_ws/install/learning_urdf/lib/python3.8/site-packages:/home/hw_learn/dev_ws/install/learning_topic/lib/python3.8/site-packages:/home/hw_learn/dev_ws/install/learning_tf/lib/python3.8/site-packages:/home/hw_learn/dev_ws/install/learning_service/lib/python3.8/site-packages:/home/hw_learn/dev_ws/install/learning_qos/lib/python3.8/site-packages:/home/hw_learn/dev_ws/install/learning_pkg_python/lib/python3.8/site-packages:/home/hw_learn/dev_ws/install/learning_parameter/lib/python3.8/site-packages:/home/hw_learn/dev_ws/install/learning_node/lib/python3.8/site-packages:/home/hw_learn/dev_ws/install/learning_launch/lib/python3.8/site-packages:/home/hw_learn/dev_ws/install/learning_action/lib/python3.8/site-packages:/home/hw_learn/dev_ws/install/learning_interface/lib/python3.8/site-packages:/home/hw_learn/dev_ws/install/learning_gazebo/lib/python3.8/site-packages:/opt/ros/foxy/lib/python3.8/site-packages /usr/bin/cmake --build /home/hw_learn/ws_ros2/ws01_plumbing/build/cpp01_topic -- -j128 -l128
[0.098s] [ 12%] [32mBuilding CXX object CMakeFiles/demo04_listener_stu.dir/src/demo04_listener_stu.cpp.o[0m
[0.099s] [ 37%] Built target demo01_talker_str
[0.099s] [ 62%] Built target demo03_talker_stu
[0.100s] [ 87%] Built target demo02_listener_str
[1.363s] In file included from [01m[K/usr/include/c++/9/ext/alloc_traits.h:36[m[K,
[1.363s]                  from [01m[K/usr/include/c++/9/bits/stl_construct.h:61[m[K,
[1.363s]                  from [01m[K/usr/include/c++/9/bits/stl_tempbuf.h:60[m[K,
[1.363s]                  from [01m[K/usr/include/c++/9/bits/stl_algo.h:62[m[K,
[1.363s]                  from [01m[K/usr/include/c++/9/algorithm:62[m[K,
[1.363s]                  from [01m[K/opt/ros/foxy/include/rosidl_runtime_cpp/bounded_vector.hpp:18[m[K,
[1.363s]                  from [01m[K/home/hw_learn/ws_ros2/ws01_plumbing/install/base_interfaces_demo/include/base_interfaces_demo/msg/detail/student__struct.hpp:8[m[K,
[1.363s]                  from [01m[K/home/hw_learn/ws_ros2/ws01_plumbing/install/base_interfaces_demo/include/base_interfaces_demo/msg/student.hpp:7[m[K,
[1.363s]                  from [01m[K/home/hw_learn/ws_ros2/ws01_plumbing/src/cpp01_topic/src/demo04_listener_stu.cpp:13[m[K:
[1.363s] /usr/include/c++/9/bits/alloc_traits.h: In instantiation of ‘[01m[Kstruct std::allocator_traits<std::allocator<const base_interfaces_demo::msg::Student_<std::allocator<void> >&> >[m[K’:
[1.364s] [01m[K/opt/ros/foxy/include/rclcpp/message_memory_strategy.hpp:47:9:[m[K   required from ‘[01m[Kclass rclcpp::message_memory_strategy::MessageMemoryStrategy<const base_interfaces_demo::msg::Student_<std::allocator<void> >&, std::allocator<void> >[m[K’
[1.364s] [01m[K/opt/ros/foxy/include/rclcpp/node_impl.hpp:91:1:[m[K   required by substitution of ‘[01m[Ktemplate<class MessageT, class CallbackT, class AllocatorT, class CallbackMessageT, class SubscriptionT, class MessageMemoryStrategyT> std::shared_ptr<SubscriptionT> rclcpp::Node::create_subscription(const string&, const rclcpp::QoS&, CallbackT&&, const rclcpp::SubscriptionOptionsWithAllocator<AllocatorT>&, typename MessageMemoryStrategyT::SharedPtr) [with MessageT = base_interfaces_demo::msg::Student_<std::allocator<void> >; CallbackT = std::_Bind<void (ListenerStu::*(ListenerStu*, std::_Placeholder<1>))(const base_interfaces_demo::msg::Student_<std::allocator<void> >&)>; AllocatorT = std::allocator<void>; CallbackMessageT = const base_interfaces_demo::msg::Student_<std::allocator<void> >&; SubscriptionT = rclcpp::Subscription<const base_interfaces_demo::msg::Student_<std::allocator<void> >&, std::allocator<void>, rclcpp::message_memory_strategy::MessageMemoryStrategy<const base_interfaces_demo::msg::Student_<std::allocator<void> >&, std::allocator<void> > >; MessageMemoryStrategyT = rclcpp::message_memory_strategy::MessageMemoryStrategy<const base_interfaces_demo::msg::Student_<std::allocator<void> >&, std::allocator<void> >][m[K’
[1.364s] [01m[K/home/hw_learn/ws_ros2/ws01_plumbing/src/cpp01_topic/src/demo04_listener_stu.cpp:24:68:[m[K   required from here
[1.364s] [01m[K/usr/include/c++/9/bits/alloc_traits.h:399:13:[m[K [01;31m[Kerror: [m[Kforming pointer to reference type ‘[01m[Kconst base_interfaces_demo::msg::Student_<std::allocator<void> >&[m[K’
[1.364s]   399 |       using [01;31m[Kpointer[m[K = _Tp*;
[1.364s]       |             [01;31m[K^~~~~~~[m[K
[1.364s] [01m[K/usr/include/c++/9/bits/alloc_traits.h:402:13:[m[K [01;31m[Kerror: [m[Kforming pointer to reference type ‘[01m[Kconst base_interfaces_demo::msg::Student_<std::allocator<void> >&[m[K’
[1.364s]   402 |       using [01;31m[Kconst_pointer[m[K = const _Tp*;
[1.364s]       |             [01;31m[K^~~~~~~~~~~~~[m[K
[1.365s] In file included from [01m[K/usr/include/c++/9/memory:80[m[K,
[1.365s]                  from [01m[K/opt/ros/foxy/include/rosidl_runtime_cpp/bounded_vector.hpp:19[m[K,
[1.365s]                  from [01m[K/home/hw_learn/ws_ros2/ws01_plumbing/install/base_interfaces_demo/include/base_interfaces_demo/msg/detail/student__struct.hpp:8[m[K,
[1.365s]                  from [01m[K/home/hw_learn/ws_ros2/ws01_plumbing/install/base_interfaces_demo/include/base_interfaces_demo/msg/student.hpp:7[m[K,
[1.365s]                  from [01m[K/home/hw_learn/ws_ros2/ws01_plumbing/src/cpp01_topic/src/demo04_listener_stu.cpp:13[m[K:
[1.365s] /usr/include/c++/9/bits/unique_ptr.h: In instantiation of ‘[01m[Kstruct std::default_delete<const base_interfaces_demo::msg::Student_<std::allocator<void> >&>[m[K’:
[1.366s] [01m[K/opt/ros/foxy/include/rclcpp/message_memory_strategy.hpp:119:18:[m[K   required from ‘[01m[Kclass rclcpp::message_memory_strategy::MessageMemoryStrategy<const base_interfaces_demo::msg::Student_<std::allocator<void> >&, std::allocator<void> >[m[K’
[1.366s] [01m[K/opt/ros/foxy/include/rclcpp/node_impl.hpp:91:1:[m[K   required by substitution of ‘[01m[Ktemplate<class MessageT, class CallbackT, class AllocatorT, class CallbackMessageT, class SubscriptionT, class MessageMemoryStrategyT> std::shared_ptr<SubscriptionT> rclcpp::Node::create_subscription(const string&, const rclcpp::QoS&, CallbackT&&, const rclcpp::SubscriptionOptionsWithAllocator<AllocatorT>&, typename MessageMemoryStrategyT::SharedPtr) [with MessageT = base_interfaces_demo::msg::Student_<std::allocator<void> >; CallbackT = std::_Bind<void (ListenerStu::*(ListenerStu*, std::_Placeholder<1>))(const base_interfaces_demo::msg::Student_<std::allocator<void> >&)>; AllocatorT = std::allocator<void>; CallbackMessageT = const base_interfaces_demo::msg::Student_<std::allocator<void> >&; SubscriptionT = rclcpp::Subscription<const base_interfaces_demo::msg::Student_<std::allocator<void> >&, std::allocator<void>, rclcpp::message_memory_strategy::MessageMemoryStrategy<const base_interfaces_demo::msg::Student_<std::allocator<void> >&, std::allocator<void> > >; MessageMemoryStrategyT = rclcpp::message_memory_strategy::MessageMemoryStrategy<const base_interfaces_demo::msg::Student_<std::allocator<void> >&, std::allocator<void> >][m[K’
[1.366s] [01m[K/home/hw_learn/ws_ros2/ws01_plumbing/src/cpp01_topic/src/demo04_listener_stu.cpp:24:68:[m[K   required from here
[1.366s] [01m[K/usr/include/c++/9/bits/unique_ptr.h:71:9:[m[K [01;31m[Kerror: [m[Kforming pointer to reference type ‘[01m[Kconst base_interfaces_demo::msg::Student_<std::allocator<void> >&[m[K’
[1.366s]    71 |         [01;31m[Kdefault_delete[m[K(const default_delete<_Up>&) noexcept { }
[1.366s]       |         [01;31m[K^~~~~~~~~~~~~~[m[K
[1.366s] [01m[K/usr/include/c++/9/bits/unique_ptr.h:75:7:[m[K [01;31m[Kerror: [m[Kforming pointer to reference type ‘[01m[Kconst base_interfaces_demo::msg::Student_<std::allocator<void> >&[m[K’
[1.366s]    75 |       [01;31m[Koperator[m[K()(_Tp* __ptr) const
[1.366s]       |       [01;31m[K^~~~~~~~[m[K
[1.374s] In file included from [01m[K/opt/ros/foxy/include/rclcpp/subscription_base.hpp:29[m[K,
[1.374s]                  from [01m[K/opt/ros/foxy/include/rclcpp/callback_group.hpp:26[m[K,
[1.374s]                  from [01m[K/opt/ros/foxy/include/rclcpp/any_executable.hpp:20[m[K,
[1.374s]                  from [01m[K/opt/ros/foxy/include/rclcpp/memory_strategy.hpp:24[m[K,
[1.374s]                  from [01m[K/opt/ros/foxy/include/rclcpp/memory_strategies.hpp:18[m[K,
[1.374s]                  from [01m[K/opt/ros/foxy/include/rclcpp/executor_options.hpp:20[m[K,
[1.374s]                  from [01m[K/opt/ros/foxy/include/rclcpp/executor.hpp:33[m[K,
[1.375s]                  from [01m[K/opt/ros/foxy/include/rclcpp/executors/multi_threaded_executor.hpp:26[m[K,
[1.375s]                  from [01m[K/opt/ros/foxy/include/rclcpp/executors.hpp:21[m[K,
[1.375s]                  from [01m[K/opt/ros/foxy/include/rclcpp/rclcpp.hpp:146[m[K,
[1.375s]                  from [01m[K/home/hw_learn/ws_ros2/ws01_plumbing/src/cpp01_topic/src/demo04_listener_stu.cpp:14[m[K:
[1.375s] /opt/ros/foxy/include/rclcpp/any_subscription_callback.hpp: In instantiation of ‘[01m[Kclass rclcpp::AnySubscriptionCallback<const base_interfaces_demo::msg::Student_<std::allocator<void> >&, std::allocator<void> >[m[K’:
[1.375s] [01m[K/opt/ros/foxy/include/rclcpp/subscription.hpp:373:57:[m[K   required from ‘[01m[Kclass rclcpp::Subscription<const base_interfaces_demo::msg::Student_<std::allocator<void> >&, std::allocator<void>, rclcpp::message_memory_strategy::MessageMemoryStrategy<const base_interfaces_demo::msg::Student_<std::allocator<void> >&, std::allocator<void> > >[m[K’
[1.375s] [01m[K/usr/include/c++/9/type_traits:1313:45:[m[K   required by substitution of ‘[01m[Ktemplate<class _From1, class _To1, class> static std::true_type std::__is_convertible_helper<rclcpp::Subscription<const base_interfaces_demo::msg::Student_<std::allocator<void> >&, std::allocator<void>, rclcpp::message_memory_strategy::MessageMemoryStrategy<const base_interfaces_demo::msg::Student_<std::allocator<void> >&, std::allocator<void> > >*, rclcpp::Subscription<base_interfaces_demo::msg::Student_<std::allocator<void> > >*, false>::__test<_From1, _To1, <template-parameter-1-3> >(int) [with _From1 = rclcpp::Subscription<const base_interfaces_demo::msg::Student_<std::allocator<void> >&, std::allocator<void>, rclcpp::message_memory_strategy::MessageMemoryStrategy<const base_interfaces_demo::msg::Student_<std::allocator<void> >&, std::allocator<void> > >*; _To1 = rclcpp::Subscription<base_interfaces_demo::msg::Student_<std::allocator<void> > >*; <template-parameter-1-3> = <missing>][m[K’
[1.375s] [01m[K/usr/include/c++/9/type_traits:1322:42:[m[K   required from ‘[01m[Kstruct std::__is_convertible_helper<rclcpp::Subscription<const base_interfaces_demo::msg::Student_<std::allocator<void> >&, std::allocator<void>, rclcpp::message_memory_strategy::MessageMemoryStrategy<const base_interfaces_demo::msg::Student_<std::allocator<void> >&, std::allocator<void> > >*, rclcpp::Subscription<base_interfaces_demo::msg::Student_<std::allocator<void> > >*, false>[m[K’
[1.375s] [01m[K/usr/include/c++/9/type_traits:1328:12:[m[K   required from ‘[01m[Kstruct std::is_convertible<rclcpp::Subscription<const base_interfaces_demo::msg::Student_<std::allocator<void> >&, std::allocator<void>, rclcpp::message_memory_strategy::MessageMemoryStrategy<const base_interfaces_demo::msg::Student_<std::allocator<void> >&, std::allocator<void> > >*, rclcpp::Subscription<base_interfaces_demo::msg::Student_<std::allocator<void> > >*>[m[K’
[1.375s] [01m[K/usr/include/c++/9/bits/shared_ptr_base.h:927:12:[m[K   [ skipping 2 instantiation contexts, use -ftemplate-backtrace-limit=0 to disable ]
[1.376s] [01m[K/usr/include/c++/9/bits/shared_ptr_base.h:1099:8:[m[K   required by substitution of ‘[01m[Ktemplate<class _Tp, __gnu_cxx::_Lock_policy _Lp> template<class _Yp> using _Assignable = std::__shared_ptr<_Tp, _Lp>::_Compatible<_Yp, std::__shared_ptr<_Tp, _Lp>&> [with _Yp = rclcpp::Subscription<const base_interfaces_demo::msg::Student_<std::allocator<void> >&, std::allocator<void>, rclcpp::message_memory_strategy::MessageMemoryStrategy<const base_interfaces_demo::msg::Student_<std::allocator<void> >&, std::allocator<void> > >; _Tp = rclcpp::Subscription<base_interfaces_demo::msg::Student_<std::allocator<void> > >; __gnu_cxx::_Lock_policy _Lp = __gnu_cxx::_S_atomic][m[K’
[1.376s] [01m[K/usr/include/c++/9/bits/shared_ptr_base.h:1271:2:[m[K   required by substitution of ‘[01m[Ktemplate<class _Yp> std::__shared_ptr<rclcpp::Subscription<base_interfaces_demo::msg::Student_<std::allocator<void> > >, __gnu_cxx::_S_atomic>::_Assignable<_Yp> std::__shared_ptr<rclcpp::Subscription<base_interfaces_demo::msg::Student_<std::allocator<void> > >, __gnu_cxx::_S_atomic>::operator=<_Yp>(std::__shared_ptr<_Tp>&&) [with _Yp = rclcpp::Subscription<const base_interfaces_demo::msg::Student_<std::allocator<void> >&, std::allocator<void>, rclcpp::message_memory_strategy::MessageMemoryStrategy<const base_interfaces_demo::msg::Student_<std::allocator<void> >&, std::allocator<void> > >][m[K’
[1.376s] [01m[K/usr/include/c++/9/type_traits:1010:12:[m[K   required from ‘[01m[Kstruct std::is_assignable<std::__shared_ptr<rclcpp::Subscription<base_interfaces_demo::msg::Student_<std::allocator<void> > >, __gnu_cxx::_S_atomic>&, std::shared_ptr<rclcpp::Subscription<const base_interfaces_demo::msg::Student_<std::allocator<void> >&, std::allocator<void>, rclcpp::message_memory_strategy::MessageMemoryStrategy<const base_interfaces_demo::msg::Student_<std::allocator<void> >&, std::allocator<void> > > > >[m[K’
[1.376s] [01m[K/usr/include/c++/9/bits/shared_ptr.h:111:8:[m[K   required by substitution of ‘[01m[Ktemplate<class _Tp> template<class _Arg> using _Assignable = typename std::enable_if<std::is_assignable<std::__shared_ptr<_Tp>&, _Arg>::value, std::shared_ptr<_Tp>&>::type [with _Arg = std::shared_ptr<rclcpp::Subscription<const base_interfaces_demo::msg::Student_<std::allocator<void> >&, std::allocator<void>, rclcpp::message_memory_strategy::MessageMemoryStrategy<const base_interfaces_demo::msg::Student_<std::allocator<void> >&, std::allocator<void> > > >; _Tp = rclcpp::Subscription<base_interfaces_demo::msg::Student_<std::allocator<void> > >][m[K’
[1.376s] [01m[K/usr/include/c++/9/bits/shared_ptr.h:341:2:[m[K   required by substitution of ‘[01m[Ktemplate<class _Yp> std::shared_ptr<rclcpp::Subscription<base_interfaces_demo::msg::Student_<std::allocator<void> > > >::_Assignable<std::shared_ptr<_Tp> > std::shared_ptr<rclcpp::Subscription<base_interfaces_demo::msg::Student_<std::allocator<void> > > >::operator=<_Yp>(std::shared_ptr<_Tp>&&) [with _Yp = rclcpp::Subscription<const base_interfaces_demo::msg::Student_<std::allocator<void> >&, std::allocator<void>, rclcpp::message_memory_strategy::MessageMemoryStrategy<const base_interfaces_demo::msg::Student_<std::allocator<void> >&, std::allocator<void> > >][m[K’
[1.376s] [01m[K/home/hw_learn/ws_ros2/ws01_plumbing/src/cpp01_topic/src/demo04_listener_stu.cpp:24:68:[m[K   required from here
[1.376s] [01m[K/opt/ros/foxy/include/rclcpp/any_subscription_callback.hpp:111:8:[m[K [01;31m[Kerror: [m[K‘[01m[Ktemplate<class CallbackT, typename std::enable_if<rclcpp::function_traits::same_arguments<CallbackT, std::function<void(std::shared_ptr<const base_interfaces_demo::msg::Student_<std::allocator<void> >&>)> >::value, void>::type* <anonymous> > void rclcpp::AnySubscriptionCallback<MessageT, Alloc>::set(CallbackT) [with CallbackT = CallbackT; typename std::enable_if<rclcpp::function_traits::same_arguments<CallbackT, std::function<void(std::shared_ptr<const _Tp>)> >::value>::type* <anonymous> = <enumerator>; MessageT = const base_interfaces_demo::msg::Student_<std::allocator<void> >&; Alloc = std::allocator<void>][m[K’ cannot be overloaded with ‘[01m[Ktemplate<class CallbackT, typename std::enable_if<rclcpp::function_traits::same_arguments<CallbackT, std::function<void(std::shared_ptr<const base_interfaces_demo::msg::Student_<std::allocator<void> >&>)> >::value, void>::type* <anonymous> > void rclcpp::AnySubscriptionCallback<MessageT, Alloc>::set(CallbackT) [with CallbackT = CallbackT; typename std::enable_if<rclcpp::function_traits::same_arguments<CallbackT, std::function<void(std::shared_ptr<_Tp>)> >::value>::type* <anonymous> = <enumerator>; MessageT = const base_interfaces_demo::msg::Student_<std::allocator<void> >&; Alloc = std::allocator<void>][m[K’
[1.376s]   111 |   void [01;31m[Kset[m[K(CallbackT callback)
[1.376s]       |        [01;31m[K^~~[m[K
[1.376s] [01m[K/opt/ros/foxy/include/rclcpp/any_subscription_callback.hpp:83:8:[m[K [01;36m[Knote: [m[Kprevious declaration ‘[01m[Ktemplate<class CallbackT, typename std::enable_if<rclcpp::function_traits::same_arguments<CallbackT, std::function<void(std::shared_ptr<const base_interfaces_demo::msg::Student_<std::allocator<void> >&>)> >::value, void>::type* <anonymous> > void rclcpp::AnySubscriptionCallback<MessageT, Alloc>::set(CallbackT) [with CallbackT = CallbackT; typename std::enable_if<rclcpp::function_traits::same_arguments<CallbackT, std::function<void(std::shared_ptr<_Tp>)> >::value>::type* <anonymous> = <enumerator>; MessageT = const base_interfaces_demo::msg::Student_<std::allocator<void> >&; Alloc = std::allocator<void>][m[K’
[1.376s]    83 |   void [01;36m[Kset[m[K(CallbackT callback)
[1.376s]       |        [01;36m[K^~~[m[K
[1.376s] [01m[K/opt/ros/foxy/include/rclcpp/any_subscription_callback.hpp:125:8:[m[K [01;31m[Kerror: [m[K‘[01m[Ktemplate<class CallbackT, typename std::enable_if<rclcpp::function_traits::same_arguments<CallbackT, std::function<void(std::shared_ptr<const base_interfaces_demo::msg::Student_<std::allocator<void> >&>, const rclcpp::MessageInfo&)> >::value, void>::type* <anonymous> > void rclcpp::AnySubscriptionCallback<MessageT, Alloc>::set(CallbackT) [with CallbackT = CallbackT; typename std::enable_if<rclcpp::function_traits::same_arguments<CallbackT, std::function<void(std::shared_ptr<const _Tp>, const rclcpp::MessageInfo&)> >::value>::type* <anonymous> = <enumerator>; MessageT = const base_interfaces_demo::msg::Student_<std::allocator<void> >&; Alloc = std::allocator<void>][m[K’ cannot be overloaded with ‘[01m[Ktemplate<class CallbackT, typename std::enable_if<rclcpp::function_traits::same_arguments<CallbackT, std::function<void(std::shared_ptr<const base_interfaces_demo::msg::Student_<std::allocator<void> >&>, const rclcpp::MessageInfo&)> >::value, void>::type* <anonymous> > void rclcpp::AnySubscriptionCallback<MessageT, Alloc>::set(CallbackT) [with CallbackT = CallbackT; typename std::enable_if<rclcpp::function_traits::same_arguments<CallbackT, std::function<void(std::shared_ptr<_Tp>, const rclcpp::MessageInfo&)> >::value>::type* <anonymous> = <enumerator>; MessageT = const base_interfaces_demo::msg::Student_<std::allocator<void> >&; Alloc = std::allocator<void>][m[K’
[1.377s]   125 |   void [01;31m[Kset[m[K(CallbackT callback)
[1.377s]       |        [01;31m[K^~~[m[K
[1.377s] [01m[K/opt/ros/foxy/include/rclcpp/any_subscription_callback.hpp:97:8:[m[K [01;36m[Knote: [m[Kprevious declaration ‘[01m[Ktemplate<class CallbackT, typename std::enable_if<rclcpp::function_traits::same_arguments<CallbackT, std::function<void(std::shared_ptr<const base_interfaces_demo::msg::Student_<std::allocator<void> >&>, const rclcpp::MessageInfo&)> >::value, void>::type* <anonymous> > void rclcpp::AnySubscriptionCallback<MessageT, Alloc>::set(CallbackT) [with CallbackT = CallbackT; typename std::enable_if<rclcpp::function_traits::same_arguments<CallbackT, std::function<void(std::shared_ptr<_Tp>, const rclcpp::MessageInfo&)> >::value>::type* <anonymous> = <enumerator>; MessageT = const base_interfaces_demo::msg::Student_<std::allocator<void> >&; Alloc = std::allocator<void>][m[K’
[1.377s]    97 |   void [01;36m[Kset[m[K(CallbackT callback)
[1.377s]       |        [01;36m[K^~~[m[K
[1.377s] [01m[K/home/hw_learn/ws_ros2/ws01_plumbing/src/cpp01_topic/src/demo04_listener_stu.cpp:[m[K In constructor ‘[01m[KListenerStu::ListenerStu()[m[K’:
[1.377s] [01m[K/home/hw_learn/ws_ros2/ws01_plumbing/src/cpp01_topic/src/demo04_listener_stu.cpp:24:68:[m[K [01;31m[Kerror: [m[Kno match for ‘[01m[Koperator=[m[K’ (operand types are ‘[01m[Krclcpp::Subscription<base_interfaces_demo::msg::Student_<std::allocator<void> > >::SharedPtr[m[K’ {aka ‘[01m[Kstd::shared_ptr<rclcpp::Subscription<base_interfaces_demo::msg::Student_<std::allocator<void> > > >[m[K’} and ‘[01m[Kstd::shared_ptr<rclcpp::Subscription<const base_interfaces_demo::msg::Student_<std::allocator<void> >&, std::allocator<void>, rclcpp::message_memory_strategy::MessageMemoryStrategy<const base_interfaces_demo::msg::Student_<std::allocator<void> >&, std::allocator<void> > > >[m[K’)
[1.377s]    24 |         std::bind(&ListenerStu::do_cb, this, std::placeholders::_1)[01;31m[K)[m[K;
[1.378s]       |                                                                    [01;31m[K^[m[K
[1.378s] In file included from [01m[K/usr/include/c++/9/memory:81[m[K,
[1.378s]                  from [01m[K/opt/ros/foxy/include/rosidl_runtime_cpp/bounded_vector.hpp:19[m[K,
[1.378s]                  from [01m[K/home/hw_learn/ws_ros2/ws01_plumbing/install/base_interfaces_demo/include/base_interfaces_demo/msg/detail/student__struct.hpp:8[m[K,
[1.378s]                  from [01m[K/home/hw_learn/ws_ros2/ws01_plumbing/install/base_interfaces_demo/include/base_interfaces_demo/msg/student.hpp:7[m[K,
[1.378s]                  from [01m[K/home/hw_learn/ws_ros2/ws01_plumbing/src/cpp01_topic/src/demo04_listener_stu.cpp:13[m[K:
[1.378s] [01m[K/usr/include/c++/9/bits/shared_ptr.h:309:19:[m[K [01;36m[Knote: [m[Kcandidate: ‘[01m[Kstd::shared_ptr<_Tp>& std::shared_ptr<_Tp>::operator=(const std::shared_ptr<_Tp>&) [with _Tp = rclcpp::Subscription<base_interfaces_demo::msg::Student_<std::allocator<void> > >][m[K’
[1.378s]   309 |       shared_ptr& [01;36m[Koperator[m[K=(const shared_ptr&) noexcept = default;
[1.378s]       |                   [01;36m[K^~~~~~~~[m[K
[1.378s] [01m[K/usr/include/c++/9/bits/shared_ptr.h:309:29:[m[K [01;36m[Knote: [m[K  no known conversion for argument 1 from ‘[01m[Kstd::shared_ptr<rclcpp::Subscription<const base_interfaces_demo::msg::Student_<std::allocator<void> >&, std::allocator<void>, rclcpp::message_memory_strategy::MessageMemoryStrategy<const base_interfaces_demo::msg::Student_<std::allocator<void> >&, std::allocator<void> > > >[m[K’ to ‘[01m[Kconst std::shared_ptr<rclcpp::Subscription<base_interfaces_demo::msg::Student_<std::allocator<void> > > >&[m[K’
[1.378s]   309 |       shared_ptr& operator=([01;36m[Kconst shared_ptr&[m[K) noexcept = default;
[1.378s]       |                             [01;36m[K^~~~~~~~~~~~~~~~~[m[K
[1.378s] [01m[K/usr/include/c++/9/bits/shared_ptr.h:313:2:[m[K [01;36m[Knote: [m[Kcandidate: ‘[01m[Ktemplate<class _Yp> std::shared_ptr<_Tp>::_Assignable<const std::shared_ptr<_Yp>&> std::shared_ptr<_Tp>::operator=(const std::shared_ptr<_Yp>&) [with _Yp = _Yp; _Tp = rclcpp::Subscription<base_interfaces_demo::msg::Student_<std::allocator<void> > >][m[K’
[1.378s]   313 |  [01;36m[Koperator[m[K=(const shared_ptr<_Yp>& __r) noexcept
[1.378s]       |  [01;36m[K^~~~~~~~[m[K
[1.379s] [01m[K/usr/include/c++/9/bits/shared_ptr.h:313:2:[m[K [01;36m[Knote: [m[K  template argument deduction/substitution failed:
[1.379s] /usr/include/c++/9/bits/shared_ptr.h: In substitution of ‘[01m[Ktemplate<class _Tp> template<class _Arg> using _Assignable = typename std::enable_if<std::is_assignable<std::__shared_ptr<_Tp>&, _Arg>::value, std::shared_ptr<_Tp>&>::type [with _Arg = const std::shared_ptr<rclcpp::Subscription<const base_interfaces_demo::msg::Student_<std::allocator<void> >&, std::allocator<void>, rclcpp::message_memory_strategy::MessageMemoryStrategy<const base_interfaces_demo::msg::Student_<std::allocator<void> >&, std::allocator<void> > > >&; _Tp = rclcpp::Subscription<base_interfaces_demo::msg::Student_<std::allocator<void> > >][m[K’:
[1.379s] [01m[K/usr/include/c++/9/bits/shared_ptr.h:313:2:[m[K   required by substitution of ‘[01m[Ktemplate<class _Yp> std::shared_ptr<rclcpp::Subscription<base_interfaces_demo::msg::Student_<std::allocator<void> > > >::_Assignable<const std::shared_ptr<_Tp>&> std::shared_ptr<rclcpp::Subscription<base_interfaces_demo::msg::Student_<std::allocator<void> > > >::operator=<_Yp>(const std::shared_ptr<_Tp>&) [with _Yp = rclcpp::Subscription<const base_interfaces_demo::msg::Student_<std::allocator<void> >&, std::allocator<void>, rclcpp::message_memory_strategy::MessageMemoryStrategy<const base_interfaces_demo::msg::Student_<std::allocator<void> >&, std::allocator<void> > >][m[K’
[1.379s] [01m[K/home/hw_learn/ws_ros2/ws01_plumbing/src/cpp01_topic/src/demo04_listener_stu.cpp:24:68:[m[K   required from here
[1.379s] [01m[K/usr/include/c++/9/bits/shared_ptr.h:111:8:[m[K [01;31m[Kerror: [m[Kno type named ‘[01m[Ktype[m[K’ in ‘[01m[Kstruct std::enable_if<false, std::shared_ptr<rclcpp::Subscription<base_interfaces_demo::msg::Student_<std::allocator<void> > > >&>[m[K’
[1.379s]   111 |  using [01;31m[K_Assignable[m[K = typename enable_if<
[1.379s]       |        [01;31m[K^~~~~~~~~~~[m[K
[1.379s] [01m[K/usr/include/c++/9/bits/shared_ptr.h:324:2:[m[K [01;36m[Knote: [m[Kcandidate: ‘[01m[Ktemplate<class _Yp> std::shared_ptr<_Tp>::_Assignable<std::auto_ptr<_Up> > std::shared_ptr<_Tp>::operator=(std::auto_ptr<_Up>&&) [with _Yp = _Yp; _Tp = rclcpp::Subscription<base_interfaces_demo::msg::Student_<std::allocator<void> > >][m[K’
[1.379s]   324 |  [01;36m[Koperator[m[K=(auto_ptr<_Yp>&& __r)
[1.379s]       |  [01;36m[K^~~~~~~~[m[K
[1.379s] [01m[K/usr/include/c++/9/bits/shared_ptr.h:324:2:[m[K [01;36m[Knote: [m[K  template argument deduction/substitution failed:
[1.379s] [01m[K/home/hw_learn/ws_ros2/ws01_plumbing/src/cpp01_topic/src/demo04_listener_stu.cpp:24:68:[m[K [01;36m[Knote: [m[K  ‘[01m[Kstd::shared_ptr<rclcpp::Subscription<const base_interfaces_demo::msg::Student_<std::allocator<void> >&, std::allocator<void>, rclcpp::message_memory_strategy::MessageMemoryStrategy<const base_interfaces_demo::msg::Student_<std::allocator<void> >&, std::allocator<void> > > >[m[K’ is not derived from ‘[01m[Kstd::auto_ptr<_Up>[m[K’
[1.379s]    24 |         std::bind(&ListenerStu::do_cb, this, std::placeholders::_1)[01;36m[K)[m[K;
[1.379s]       |                                                                    [01;36m[K^[m[K
[1.379s] In file included from [01m[K/usr/include/c++/9/memory:81[m[K,
[1.379s]                  from [01m[K/opt/ros/foxy/include/rosidl_runtime_cpp/bounded_vector.hpp:19[m[K,
[1.380s]                  from [01m[K/home/hw_learn/ws_ros2/ws01_plumbing/install/base_interfaces_demo/include/base_interfaces_demo/msg/detail/student__struct.hpp:8[m[K,
[1.380s]                  from [01m[K/home/hw_learn/ws_ros2/ws01_plumbing/install/base_interfaces_demo/include/base_interfaces_demo/msg/student.hpp:7[m[K,
[1.380s]                  from [01m[K/home/hw_learn/ws_ros2/ws01_plumbing/src/cpp01_topic/src/demo04_listener_stu.cpp:13[m[K:
[1.380s] [01m[K/usr/include/c++/9/bits/shared_ptr.h:333:7:[m[K [01;36m[Knote: [m[Kcandidate: ‘[01m[Kstd::shared_ptr<_Tp>& std::shared_ptr<_Tp>::operator=(std::shared_ptr<_Tp>&&) [with _Tp = rclcpp::Subscription<base_interfaces_demo::msg::Student_<std::allocator<void> > >][m[K’
[1.380s]   333 |       [01;36m[Koperator[m[K=(shared_ptr&& __r) noexcept
[1.380s]       |       [01;36m[K^~~~~~~~[m[K
[1.380s] [01m[K/usr/include/c++/9/bits/shared_ptr.h:333:30:[m[K [01;36m[Knote: [m[K  no known conversion for argument 1 from ‘[01m[Kstd::shared_ptr<rclcpp::Subscription<const base_interfaces_demo::msg::Student_<std::allocator<void> >&, std::allocator<void>, rclcpp::message_memory_strategy::MessageMemoryStrategy<const base_interfaces_demo::msg::Student_<std::allocator<void> >&, std::allocator<void> > > >[m[K’ to ‘[01m[Kstd::shared_ptr<rclcpp::Subscription<base_interfaces_demo::msg::Student_<std::allocator<void> > > >&&[m[K’
[1.380s]   333 |       operator=([01;36m[Kshared_ptr&& __r[m[K) noexcept
[1.380s]       |                 [01;36m[K~~~~~~~~~~~~~^~~[m[K
[1.380s] [01m[K/usr/include/c++/9/bits/shared_ptr.h:341:2:[m[K [01;36m[Knote: [m[Kcandidate: ‘[01m[Ktemplate<class _Yp> std::shared_ptr<_Tp>::_Assignable<std::shared_ptr<_Yp> > std::shared_ptr<_Tp>::operator=(std::shared_ptr<_Yp>&&) [with _Yp = _Yp; _Tp = rclcpp::Subscription<base_interfaces_demo::msg::Student_<std::allocator<void> > >][m[K’
[1.380s]   341 |  [01;36m[Koperator[m[K=(shared_ptr<_Yp>&& __r) noexcept
[1.380s]       |  [01;36m[K^~~~~~~~[m[K
[1.380s] [01m[K/usr/include/c++/9/bits/shared_ptr.h:341:2:[m[K [01;36m[Knote: [m[K  substitution of deduced template arguments resulted in errors seen above
[1.380s] [01m[K/usr/include/c++/9/bits/shared_ptr.h:349:2:[m[K [01;36m[Knote: [m[Kcandidate: ‘[01m[Ktemplate<class _Yp, class _Del> std::shared_ptr<_Tp>::_Assignable<std::unique_ptr<_Up, _Ep> > std::shared_ptr<_Tp>::operator=(std::unique_ptr<_Up, _Ep>&&) [with _Yp = _Yp; _Del = _Del; _Tp = rclcpp::Subscription<base_interfaces_demo::msg::Student_<std::allocator<void> > >][m[K’
[1.380s]   349 |  [01;36m[Koperator[m[K=(unique_ptr<_Yp, _Del>&& __r)
[1.380s]       |  [01;36m[K^~~~~~~~[m[K
[1.381s] [01m[K/usr/include/c++/9/bits/shared_ptr.h:349:2:[m[K [01;36m[Knote: [m[K  template argument deduction/substitution failed:
[1.381s] [01m[K/home/hw_learn/ws_ros2/ws01_plumbing/src/cpp01_topic/src/demo04_listener_stu.cpp:24:68:[m[K [01;36m[Knote: [m[K  ‘[01m[Kstd::shared_ptr<rclcpp::Subscription<const base_interfaces_demo::msg::Student_<std::allocator<void> >&, std::allocator<void>, rclcpp::message_memory_strategy::MessageMemoryStrategy<const base_interfaces_demo::msg::Student_<std::allocator<void> >&, std::allocator<void> > > >[m[K’ is not derived from ‘[01m[Kstd::unique_ptr<_Tp, _Dp>[m[K’
[1.381s]    24 |         std::bind(&ListenerStu::do_cb, this, std::placeholders::_1)[01;36m[K)[m[K;
[1.381s]       |                                                                    [01;36m[K^[m[K
[1.638s] In file included from [01m[K/opt/ros/foxy/include/rclcpp/node_interfaces/node_topics_interface.hpp:32[m[K,
[1.638s]                  from [01m[K/opt/ros/foxy/include/rclcpp/node.hpp:55[m[K,
[1.638s]                  from [01m[K/opt/ros/foxy/include/rclcpp/executors/single_threaded_executor.hpp:28[m[K,
[1.638s]                  from [01m[K/opt/ros/foxy/include/rclcpp/executors.hpp:22[m[K,
[1.639s]                  from [01m[K/opt/ros/foxy/include/rclcpp/rclcpp.hpp:146[m[K,
[1.639s]                  from [01m[K/home/hw_learn/ws_ros2/ws01_plumbing/src/cpp01_topic/src/demo04_listener_stu.cpp:14[m[K:
[1.639s] /opt/ros/foxy/include/rclcpp/subscription_factory.hpp: In instantiation of ‘[01m[Krclcpp::SubscriptionFactory rclcpp::create_subscription_factory(CallbackT&&, const rclcpp::SubscriptionOptionsWithAllocator<AllocatorT>&, typename MessageMemoryStrategyT::SharedPtr, std::shared_ptr<rclcpp::topic_statistics::SubscriptionTopicStatistics<CallbackMessageT> >) [with MessageT = base_interfaces_demo::msg::Student_<std::allocator<void> >; CallbackT = std::_Bind<void (ListenerStu::*(ListenerStu*, std::_Placeholder<1>))(const base_interfaces_demo::msg::Student_<std::allocator<void> >&)>; AllocatorT = std::allocator<void>; CallbackMessageT = const base_interfaces_demo::msg::Student_<std::allocator<void> >&; SubscriptionT = rclcpp::Subscription<const base_interfaces_demo::msg::Student_<std::allocator<void> >&, std::allocator<void>, rclcpp::message_memory_strategy::MessageMemoryStrategy<const base_interfaces_demo::msg::Student_<std::allocator<void> >&, std::allocator<void> > >; MessageMemoryStrategyT = rclcpp::message_memory_strategy::MessageMemoryStrategy<const base_interfaces_demo::msg::Student_<std::allocator<void> >&, std::allocator<void> >; typename MessageMemoryStrategyT::SharedPtr = std::shared_ptr<rclcpp::message_memory_strategy::MessageMemoryStrategy<const base_interfaces_demo::msg::Student_<std::allocator<void> >&, std::allocator<void> > >][m[K’:
[1.639s] [01m[K/opt/ros/foxy/include/rclcpp/create_subscription.hpp:154:63:[m[K   required from ‘[01m[Kstd::shared_ptr<SubscriptionT> rclcpp::create_subscription(NodeT&&, const string&, const rclcpp::QoS&, CallbackT&&, const rclcpp::SubscriptionOptionsWithAllocator<AllocatorT>&, typename MessageMemoryStrategyT::SharedPtr) [with MessageT = base_interfaces_demo::msg::Student_<std::allocator<void> >; CallbackT = std::_Bind<void (ListenerStu::*(ListenerStu*, std::_Placeholder<1>))(const base_interfaces_demo::msg::Student_<std::allocator<void> >&)>; AllocatorT = std::allocator<void>; CallbackMessageT = const base_interfaces_demo::msg::Student_<std::allocator<void> >&; SubscriptionT = rclcpp::Subscription<const base_interfaces_demo::msg::Student_<std::allocator<void> >&, std::allocator<void>, rclcpp::message_memory_strategy::MessageMemoryStrategy<const base_interfaces_demo::msg::Student_<std::allocator<void> >&, std::allocator<void> > >; MessageMemoryStrategyT = rclcpp::message_memory_strategy::MessageMemoryStrategy<const base_interfaces_demo::msg::Student_<std::allocator<void> >&, std::allocator<void> >; NodeT = rclcpp::Node&; std::string = std::__cxx11::basic_string<char>; typename MessageMemoryStrategyT::SharedPtr = std::shared_ptr<rclcpp::message_memory_strategy::MessageMemoryStrategy<const base_interfaces_demo::msg::Student_<std::allocator<void> >&, std::allocator<void> > >][m[K’
[1.639s] [01m[K/opt/ros/foxy/include/rclcpp/node_impl.hpp:98:47:[m[K   required from ‘[01m[Kstd::shared_ptr<SubscriptionT> rclcpp::Node::create_subscription(const string&, const rclcpp::QoS&, CallbackT&&, const rclcpp::SubscriptionOptionsWithAllocator<AllocatorT>&, typename MessageMemoryStrategyT::SharedPtr) [with MessageT = base_interfaces_demo::msg::Student_<std::allocator<void> >; CallbackT = std::_Bind<void (ListenerStu::*(ListenerStu*, std::_Placeholder<1>))(const base_interfaces_demo::msg::Student_<std::allocator<void> >&)>; AllocatorT = std::allocator<void>; CallbackMessageT = const base_interfaces_demo::msg::Student_<std::allocator<void> >&; SubscriptionT = rclcpp::Subscription<const base_interfaces_demo::msg::Student_<std::allocator<void> >&, std::allocator<void>, rclcpp::message_memory_strategy::MessageMemoryStrategy<const base_interfaces_demo::msg::Student_<std::allocator<void> >&, std::allocator<void> > >; MessageMemoryStrategyT = rclcpp::message_memory_strategy::MessageMemoryStrategy<const base_interfaces_demo::msg::Student_<std::allocator<void> >&, std::allocator<void> >; std::string = std::__cxx11::basic_string<char>; typename MessageMemoryStrategyT::SharedPtr = std::shared_ptr<rclcpp::message_memory_strategy::MessageMemoryStrategy<const base_interfaces_demo::msg::Student_<std::allocator<void> >&, std::allocator<void> > >][m[K’
[1.639s] [01m[K/home/hw_learn/ws_ros2/ws01_plumbing/src/cpp01_topic/src/demo04_listener_stu.cpp:24:68:[m[K   required from here
[1.639s] [01m[K/opt/ros/foxy/include/rclcpp/subscription_factory.hpp:97:3:[m[K [01;31m[Kerror: [m[Kno matching function for call to ‘[01m[Krclcpp::AnySubscriptionCallback<const base_interfaces_demo::msg::Student_<std::allocator<void> >&, std::allocator<void> >::set(std::_Bind<void (ListenerStu::*(ListenerStu*, std::_Placeholder<1>))(const base_interfaces_demo::msg::Student_<std::allocator<void> >&)>)[m[K’
[1.639s]    97 |   [01;31m[Kany_subscription_callback[m[K.set(std::forward<CallbackT>(callback));
[1.639s]       |   [01;31m[K^~~~~~~~~~~~~~~~~~~~~~~~~[m[K
[1.639s] In file included from [01m[K/opt/ros/foxy/include/rclcpp/subscription_base.hpp:29[m[K,
[1.640s]                  from [01m[K/opt/ros/foxy/include/rclcpp/callback_group.hpp:26[m[K,
[1.640s]                  from [01m[K/opt/ros/foxy/include/rclcpp/any_executable.hpp:20[m[K,
[1.640s]                  from [01m[K/opt/ros/foxy/include/rclcpp/memory_strategy.hpp:24[m[K,
[1.640s]                  from [01m[K/opt/ros/foxy/include/rclcpp/memory_strategies.hpp:18[m[K,
[1.640s]                  from [01m[K/opt/ros/foxy/include/rclcpp/executor_options.hpp:20[m[K,
[1.640s]                  from [01m[K/opt/ros/foxy/include/rclcpp/executor.hpp:33[m[K,
[1.640s]                  from [01m[K/opt/ros/foxy/include/rclcpp/executors/multi_threaded_executor.hpp:26[m[K,
[1.640s]                  from [01m[K/opt/ros/foxy/include/rclcpp/executors.hpp:21[m[K,
[1.640s]                  from [01m[K/opt/ros/foxy/include/rclcpp/rclcpp.hpp:146[m[K,
[1.640s]                  from [01m[K/home/hw_learn/ws_ros2/ws01_plumbing/src/cpp01_topic/src/demo04_listener_stu.cpp:14[m[K:
[1.640s] [01m[K/opt/ros/foxy/include/rclcpp/any_subscription_callback.hpp:83:8:[m[K [01;36m[Knote: [m[Kcandidate: ‘[01m[Ktemplate<class CallbackT, typename std::enable_if<rclcpp::function_traits::same_arguments<CallbackT, std::function<void(std::shared_ptr<const base_interfaces_demo::msg::Student_<std::allocator<void> >&>)> >::value, void>::type* <anonymous> > void rclcpp::AnySubscriptionCallback<MessageT, Alloc>::set(CallbackT) [with CallbackT = CallbackT; typename std::enable_if<rclcpp::function_traits::same_arguments<CallbackT, std::function<void(std::shared_ptr<_Tp>)> >::value>::type* <anonymous> = <enumerator>; MessageT = const base_interfaces_demo::msg::Student_<std::allocator<void> >&; Alloc = std::allocator<void>][m[K’
[1.640s]    83 |   void [01;36m[Kset[m[K(CallbackT callback)
[1.640s]       |        [01;36m[K^~~[m[K
[1.640s] [01m[K/opt/ros/foxy/include/rclcpp/any_subscription_callback.hpp:83:8:[m[K [01;36m[Knote: [m[K  template argument deduction/substitution failed:
[1.640s] [01m[K/opt/ros/foxy/include/rclcpp/any_subscription_callback.hpp:81:17:[m[K [01;31m[Kerror: [m[Kno type named ‘[01m[Ktype[m[K’ in ‘[01m[Kstruct std::enable_if<false, void>[m[K’
[1.640s]    81 |     >::type * = [01;31m[Knullptr[m[K
[1.641s]       |                 [01;31m[K^~~~~~~[m[K
[1.641s] [01m[K/opt/ros/foxy/include/rclcpp/any_subscription_callback.hpp:97:8:[m[K [01;36m[Knote: [m[Kcandidate: ‘[01m[Ktemplate<class CallbackT, typename std::enable_if<rclcpp::function_traits::same_arguments<CallbackT, std::function<void(std::shared_ptr<const base_interfaces_demo::msg::Student_<std::allocator<void> >&>, const rclcpp::MessageInfo&)> >::value, void>::type* <anonymous> > void rclcpp::AnySubscriptionCallback<MessageT, Alloc>::set(CallbackT) [with CallbackT = CallbackT; typename std::enable_if<rclcpp::function_traits::same_arguments<CallbackT, std::function<void(std::shared_ptr<_Tp>, const rclcpp::MessageInfo&)> >::value>::type* <anonymous> = <enumerator>; MessageT = const base_interfaces_demo::msg::Student_<std::allocator<void> >&; Alloc = std::allocator<void>][m[K’
[1.641s]    97 |   void [01;36m[Kset[m[K(CallbackT callback)
[1.641s]       |        [01;36m[K^~~[m[K
[1.641s] [01m[K/opt/ros/foxy/include/rclcpp/any_subscription_callback.hpp:97:8:[m[K [01;36m[Knote: [m[K  template argument deduction/substitution failed:
[1.641s] [01m[K/opt/ros/foxy/include/rclcpp/any_subscription_callback.hpp:95:17:[m[K [01;31m[Kerror: [m[Kno type named ‘[01m[Ktype[m[K’ in ‘[01m[Kstruct std::enable_if<false, void>[m[K’
[1.641s]    95 |     >::type * = [01;31m[Knullptr[m[K
[1.641s]       |                 [01;31m[K^~~~~~~[m[K
[1.641s] [01m[K/opt/ros/foxy/include/rclcpp/any_subscription_callback.hpp:139:8:[m[K [01;36m[Knote: [m[Kcandidate: ‘[01m[Ktemplate<class CallbackT, typename std::enable_if<rclcpp::function_traits::same_arguments<CallbackT, std::function<void(std::unique_ptr<const base_interfaces_demo::msg::Student_<std::allocator<void> >&, std::default_delete<const base_interfaces_demo::msg::Student_<std::allocator<void> >&> >)> >::value, void>::type* <anonymous> > void rclcpp::AnySubscriptionCallback<MessageT, Alloc>::set(CallbackT) [with CallbackT = CallbackT; typename std::enable_if<rclcpp::function_traits::same_arguments<CallbackT, std::function<void(std::unique_ptr<MessageT, typename std::conditional<std::is_same<typename std::allocator_traits<typename std::allocator_traits<_Alloc>::rebind_traits<MessageT>::allocator_type>::rebind_alloc<MessageT>, typename std::allocator<void>::rebind<_Tp1>::other>::value, std::default_delete<_Tp>, rclcpp::allocator::AllocatorDeleter<typename std::allocator_traits<_Alloc>::rebind_traits<MessageT>::allocator_type> >::type>)> >::value>::type* <anonymous> = <enumerator>; MessageT = const base_interfaces_demo::msg::Student_<std::allocator<void> >&; Alloc = std::allocator<void>][m[K’
[1.641s]   139 |   void [01;36m[Kset[m[K(CallbackT callback)
[1.641s]       |        [01;36m[K^~~[m[K
[1.641s] [01m[K/opt/ros/foxy/include/rclcpp/any_subscription_callback.hpp:139:8:[m[K [01;36m[Knote: [m[K  template argument deduction/substitution failed:
[1.641s] [01m[K/opt/ros/foxy/include/rclcpp/any_subscription_callback.hpp:137:17:[m[K [01;31m[Kerror: [m[Kno type named ‘[01m[Ktype[m[K’ in ‘[01m[Kstruct std::enable_if<false, void>[m[K’
[1.641s]   137 |     >::type * = [01;31m[Knullptr[m[K
[1.641s]       |                 [01;31m[K^~~~~~~[m[K
[1.641s] [01m[K/opt/ros/foxy/include/rclcpp/any_subscription_callback.hpp:153:8:[m[K [01;36m[Knote: [m[Kcandidate: ‘[01m[Ktemplate<class CallbackT, typename std::enable_if<rclcpp::function_traits::same_arguments<CallbackT, std::function<void(std::unique_ptr<const base_interfaces_demo::msg::Student_<std::allocator<void> >&, std::default_delete<const base_interfaces_demo::msg::Student_<std::allocator<void> >&> >, const rclcpp::MessageInfo&)> >::value, void>::type* <anonymous> > void rclcpp::AnySubscriptionCallback<MessageT, Alloc>::set(CallbackT) [with CallbackT = CallbackT; typename std::enable_if<rclcpp::function_traits::same_arguments<CallbackT, std::function<void(std::unique_ptr<MessageT, typename std::conditional<std::is_same<typename std::allocator_traits<typename std::allocator_traits<_Alloc>::rebind_traits<MessageT>::allocator_type>::rebind_alloc<MessageT>, typename std::allocator<void>::rebind<_Tp1>::other>::value, std::default_delete<_Tp>, rclcpp::allocator::AllocatorDeleter<typename std::allocator_traits<_Alloc>::rebind_traits<MessageT>::allocator_type> >::type>, const rclcpp::MessageInfo&)> >::value>::type* <anonymous> = <enumerator>; MessageT = const base_interfaces_demo::msg::Student_<std::allocator<void> >&; Alloc = std::allocator<void>][m[K’
[1.641s]   153 |   void [01;36m[Kset[m[K(CallbackT callback)
[1.642s]       |        [01;36m[K^~~[m[K
[1.642s] [01m[K/opt/ros/foxy/include/rclcpp/any_subscription_callback.hpp:153:8:[m[K [01;36m[Knote: [m[K  template argument deduction/substitution failed:
[1.642s] [01m[K/opt/ros/foxy/include/rclcpp/any_subscription_callback.hpp:151:17:[m[K [01;31m[Kerror: [m[Kno type named ‘[01m[Ktype[m[K’ in ‘[01m[Kstruct std::enable_if<false, void>[m[K’
[1.642s]   151 |     >::type * = [01;31m[Knullptr[m[K
[1.642s]       |                 [01;31m[K^~~~~~~[m[K
[1.847s] In file included from [01m[K/usr/include/x86_64-linux-gnu/c++/9/bits/c++allocator.h:33[m[K,
[1.847s]                  from [01m[K/usr/include/c++/9/bits/allocator.h:46[m[K,
[1.847s]                  from [01m[K/usr/include/c++/9/memory:63[m[K,
[1.847s]                  from [01m[K/opt/ros/foxy/include/rosidl_runtime_cpp/bounded_vector.hpp:19[m[K,
[1.848s]                  from [01m[K/home/hw_learn/ws_ros2/ws01_plumbing/install/base_interfaces_demo/include/base_interfaces_demo/msg/detail/student__struct.hpp:8[m[K,
[1.848s]                  from [01m[K/home/hw_learn/ws_ros2/ws01_plumbing/install/base_interfaces_demo/include/base_interfaces_demo/msg/student.hpp:7[m[K,
[1.848s]                  from [01m[K/home/hw_learn/ws_ros2/ws01_plumbing/src/cpp01_topic/src/demo04_listener_stu.cpp:13[m[K:
[1.848s] /usr/include/c++/9/ext/new_allocator.h: In instantiation of ‘[01m[Kclass __gnu_cxx::new_allocator<const base_interfaces_demo::msg::Student_<std::allocator<void> >&>[m[K’:
[1.848s] [01m[K/usr/include/c++/9/bits/allocator.h:111:11:[m[K   required from ‘[01m[Kclass std::allocator<const base_interfaces_demo::msg::Student_<std::allocator<void> >&>[m[K’
[1.848s] [01m[K/usr/include/c++/9/bits/shared_ptr_base.h:1365:63:[m[K   required by substitution of ‘[01m[Ktemplate<class _Yp> struct std::__shared_ptr<std::allocator<const base_interfaces_demo::msg::Student_<std::allocator<void> >&>, __gnu_cxx::_S_atomic>::__has_esft_base<_Yp, std::__void_t<decltype (__enable_shared_from_this_base(declval<const std::__shared_count<__gnu_cxx::_S_atomic>&>(), declval<_Yp*>()))> > [with _Yp = std::allocator<const base_interfaces_demo::msg::Student_<std::allocator<void> >&>][m[K’
[1.848s] [01m[K/usr/include/c++/9/bits/shared_ptr_base.h:1387:21:[m[K   required by substitution of ‘[01m[Ktemplate<class _Yp, class _Yp2> typename std::enable_if<(! std::__shared_ptr<std::allocator<const base_interfaces_demo::msg::Student_<std::allocator<void> >&>, __gnu_cxx::_S_atomic>::__has_esft_base<_Yp2, void>::value), void>::type std::__shared_ptr<std::allocator<const base_interfaces_demo::msg::Student_<std::allocator<void> >&>, __gnu_cxx::_S_atomic>::_M_enable_shared_from_this_with<_Yp, _Yp2>(_Yp*) [with _Yp = std::allocator<const base_interfaces_demo::msg::Student_<std::allocator<void> >&>; _Yp2 = std::allocator<const base_interfaces_demo::msg::Student_<std::allocator<void> >&>][m[K’
[1.848s] [01m[K/usr/include/c++/9/bits/shared_ptr_base.h:1345:4:[m[K   required from ‘[01m[Kstd::__shared_ptr<_Tp, _Lp>::__shared_ptr(std::_Sp_alloc_shared_tag<_Tp>, _Args&& ...) [with _Alloc = std::allocator<std::allocator<const base_interfaces_demo::msg::Student_<std::allocator<void> >&> >; _Args = {std::allocator<void>&}; _Tp = std::allocator<const base_interfaces_demo::msg::Student_<std::allocator<void> >&>; __gnu_cxx::_Lock_policy _Lp = __gnu_cxx::_S_atomic][m[K’
[1.848s] [01m[K/usr/include/c++/9/bits/shared_ptr.h:359:59:[m[K   [ skipping 2 instantiation contexts, use -ftemplate-backtrace-limit=0 to disable ]
[1.848s] [01m[K/usr/include/c++/9/bits/shared_ptr.h:717:39:[m[K   required from ‘[01m[Kstd::shared_ptr<_Tp> std::make_shared(_Args&& ...) [with _Tp = std::allocator<const base_interfaces_demo::msg::Student_<std::allocator<void> >&>; _Args = {std::allocator<void>&}][m[K’
[1.848s] [01m[K/opt/ros/foxy/include/rclcpp/any_subscription_callback.hpp:68:56:[m[K   required from ‘[01m[Krclcpp::AnySubscriptionCallback<MessageT, Alloc>::AnySubscriptionCallback(std::shared_ptr<_Tp>) [with MessageT = const base_interfaces_demo::msg::Student_<std::allocator<void> >&; Alloc = std::allocator<void>][m[K’
[1.848s] [01m[K/opt/ros/foxy/include/rclcpp/subscription_factory.hpp:96:57:[m[K   required from ‘[01m[Krclcpp::SubscriptionFactory rclcpp::create_subscription_factory(CallbackT&&, const rclcpp::SubscriptionOptionsWithAllocator<AllocatorT>&, typename MessageMemoryStrategyT::SharedPtr, std::shared_ptr<rclcpp::topic_statistics::SubscriptionTopicStatistics<CallbackMessageT> >) [with MessageT = base_interfaces_demo::msg::Student_<std::allocator<void> >; CallbackT = std::_Bind<void (ListenerStu::*(ListenerStu*, std::_Placeholder<1>))(const base_interfaces_demo::msg::Student_<std::allocator<void> >&)>; AllocatorT = std::allocator<void>; CallbackMessageT = const base_interfaces_demo::msg::Student_<std::allocator<void> >&; SubscriptionT = rclcpp::Subscription<const base_interfaces_demo::msg::Student_<std::allocator<void> >&, std::allocator<void>, rclcpp::message_memory_strategy::MessageMemoryStrategy<const base_interfaces_demo::msg::Student_<std::allocator<void> >&, std::allocator<void> > >; MessageMemoryStrategyT = rclcpp::message_memory_strategy::MessageMemoryStrategy<const base_interfaces_demo::msg::Student_<std::allocator<void> >&, std::allocator<void> >; typename MessageMemoryStrategyT::SharedPtr = std::shared_ptr<rclcpp::message_memory_strategy::MessageMemoryStrategy<const base_interfaces_demo::msg::Student_<std::allocator<void> >&, std::allocator<void> > >][m[K’
[1.848s] [01m[K/opt/ros/foxy/include/rclcpp/create_subscription.hpp:154:63:[m[K   required from ‘[01m[Kstd::shared_ptr<SubscriptionT> rclcpp::create_subscription(NodeT&&, const string&, const rclcpp::QoS&, CallbackT&&, const rclcpp::SubscriptionOptionsWithAllocator<AllocatorT>&, typename MessageMemoryStrategyT::SharedPtr) [with MessageT = base_interfaces_demo::msg::Student_<std::allocator<void> >; CallbackT = std::_Bind<void (ListenerStu::*(ListenerStu*, std::_Placeholder<1>))(const base_interfaces_demo::msg::Student_<std::allocator<void> >&)>; AllocatorT = std::allocator<void>; CallbackMessageT = const base_interfaces_demo::msg::Student_<std::allocator<void> >&; SubscriptionT = rclcpp::Subscription<const base_interfaces_demo::msg::Student_<std::allocator<void> >&, std::allocator<void>, rclcpp::message_memory_strategy::MessageMemoryStrategy<const base_interfaces_demo::msg::Student_<std::allocator<void> >&, std::allocator<void> > >; MessageMemoryStrategyT = rclcpp::message_memory_strategy::MessageMemoryStrategy<const base_interfaces_demo::msg::Student_<std::allocator<void> >&, std::allocator<void> >; NodeT = rclcpp::Node&; std::string = std::__cxx11::basic_string<char>; typename MessageMemoryStrategyT::SharedPtr = std::shared_ptr<rclcpp::message_memory_strategy::MessageMemoryStrategy<const base_interfaces_demo::msg::Student_<std::allocator<void> >&, std::allocator<void> > >][m[K’
[1.848s] [01m[K/opt/ros/foxy/include/rclcpp/node_impl.hpp:98:47:[m[K   required from ‘[01m[Kstd::shared_ptr<SubscriptionT> rclcpp::Node::create_subscription(const string&, const rclcpp::QoS&, CallbackT&&, const rclcpp::SubscriptionOptionsWithAllocator<AllocatorT>&, typename MessageMemoryStrategyT::SharedPtr) [with MessageT = base_interfaces_demo::msg::Student_<std::allocator<void> >; CallbackT = std::_Bind<void (ListenerStu::*(ListenerStu*, std::_Placeholder<1>))(const base_interfaces_demo::msg::Student_<std::allocator<void> >&)>; AllocatorT = std::allocator<void>; CallbackMessageT = const base_interfaces_demo::msg::Student_<std::allocator<void> >&; SubscriptionT = rclcpp::Subscription<const base_interfaces_demo::msg::Student_<std::allocator<void> >&, std::allocator<void>, rclcpp::message_memory_strategy::MessageMemoryStrategy<const base_interfaces_demo::msg::Student_<std::allocator<void> >&, std::allocator<void> > >; MessageMemoryStrategyT = rclcpp::message_memory_strategy::MessageMemoryStrategy<const base_interfaces_demo::msg::Student_<std::allocator<void> >&, std::allocator<void> >; std::string = std::__cxx11::basic_string<char>; typename MessageMemoryStrategyT::SharedPtr = std::shared_ptr<rclcpp::message_memory_strategy::MessageMemoryStrategy<const base_interfaces_demo::msg::Student_<std::allocator<void> >&, std::allocator<void> > >][m[K’
[1.848s] [01m[K/home/hw_learn/ws_ros2/ws01_plumbing/src/cpp01_topic/src/demo04_listener_stu.cpp:24:68:[m[K   required from here
[1.849s] [01m[K/usr/include/c++/9/ext/new_allocator.h:63:26:[m[K [01;31m[Kerror: [m[Kforming pointer to reference type ‘[01m[Kconst base_interfaces_demo::msg::Student_<std::allocator<void> >&[m[K’
[1.849s]    63 |       typedef _Tp*       [01;31m[Kpointer[m[K;
[1.849s]       |                          [01;31m[K^~~~~~~[m[K
[1.849s] [01m[K/usr/include/c++/9/ext/new_allocator.h:64:26:[m[K [01;31m[Kerror: [m[Kforming pointer to reference type ‘[01m[Kconst base_interfaces_demo::msg::Student_<std::allocator<void> >&[m[K’
[1.849s]    64 |       typedef const _Tp* [01;31m[Kconst_pointer[m[K;
[1.849s]       |                          [01;31m[K^~~~~~~~~~~~~[m[K
[1.849s] In file included from [01m[K/usr/include/c++/9/memory:63[m[K,
[1.849s]                  from [01m[K/opt/ros/foxy/include/rosidl_runtime_cpp/bounded_vector.hpp:19[m[K,
[1.849s]                  from [01m[K/home/hw_learn/ws_ros2/ws01_plumbing/install/base_interfaces_demo/include/base_interfaces_demo/msg/detail/student__struct.hpp:8[m[K,
[1.849s]                  from [01m[K/home/hw_learn/ws_ros2/ws01_plumbing/install/base_interfaces_demo/include/base_interfaces_demo/msg/student.hpp:7[m[K,
[1.849s]                  from [01m[K/home/hw_learn/ws_ros2/ws01_plumbing/src/cpp01_topic/src/demo04_listener_stu.cpp:13[m[K:
[1.849s] /usr/include/c++/9/bits/allocator.h: In instantiation of ‘[01m[Kclass std::allocator<const base_interfaces_demo::msg::Student_<std::allocator<void> >&>[m[K’:
[1.849s] [01m[K/usr/include/c++/9/bits/shared_ptr_base.h:1365:63:[m[K   required by substitution of ‘[01m[Ktemplate<class _Yp> struct std::__shared_ptr<std::allocator<const base_interfaces_demo::msg::Student_<std::allocator<void> >&>, __gnu_cxx::_S_atomic>::__has_esft_base<_Yp, std::__void_t<decltype (__enable_shared_from_this_base(declval<const std::__shared_count<__gnu_cxx::_S_atomic>&>(), declval<_Yp*>()))> > [with _Yp = std::allocator<const base_interfaces_demo::msg::Student_<std::allocator<void> >&>][m[K’
[1.849s] [01m[K/usr/include/c++/9/bits/shared_ptr_base.h:1387:21:[m[K   required by substitution of ‘[01m[Ktemplate<class _Yp, class _Yp2> typename std::enable_if<(! std::__shared_ptr<std::allocator<const base_interfaces_demo::msg::Student_<std::allocator<void> >&>, __gnu_cxx::_S_atomic>::__has_esft_base<_Yp2, void>::value), void>::type std::__shared_ptr<std::allocator<const base_interfaces_demo::msg::Student_<std::allocator<void> >&>, __gnu_cxx::_S_atomic>::_M_enable_shared_from_this_with<_Yp, _Yp2>(_Yp*) [with _Yp = std::allocator<const base_interfaces_demo::msg::Student_<std::allocator<void> >&>; _Yp2 = std::allocator<const base_interfaces_demo::msg::Student_<std::allocator<void> >&>][m[K’
[1.849s] [01m[K/usr/include/c++/9/bits/shared_ptr_base.h:1345:4:[m[K   required from ‘[01m[Kstd::__shared_ptr<_Tp, _Lp>::__shared_ptr(std::_Sp_alloc_shared_tag<_Tp>, _Args&& ...) [with _Alloc = std::allocator<std::allocator<const base_interfaces_demo::msg::Student_<std::allocator<void> >&> >; _Args = {std::allocator<void>&}; _Tp = std::allocator<const base_interfaces_demo::msg::Student_<std::allocator<void> >&>; __gnu_cxx::_Lock_policy _Lp = __gnu_cxx::_S_atomic][m[K’
[1.850s] [01m[K/usr/include/c++/9/bits/shared_ptr.h:359:59:[m[K   required from ‘[01m[Kstd::shared_ptr<_Tp>::shared_ptr(std::_Sp_alloc_shared_tag<_Tp>, _Args&& ...) [with _Alloc = std::allocator<std::allocator<const base_interfaces_demo::msg::Student_<std::allocator<void> >&> >; _Args = {std::allocator<void>&}; _Tp = std::allocator<const base_interfaces_demo::msg::Student_<std::allocator<void> >&>][m[K’
[1.850s] [01m[K/usr/include/c++/9/bits/shared_ptr.h:701:14:[m[K   required from ‘[01m[Kstd::shared_ptr<_Tp> std::allocate_shared(const _Alloc&, _Args&& ...) [with _Tp = std::allocator<const base_interfaces_demo::msg::Student_<std::allocator<void> >&>; _Alloc = std::allocator<std::allocator<const base_interfaces_demo::msg::Student_<std::allocator<void> >&> >; _Args = {std::allocator<void>&}][m[K’
[1.850s] [01m[K/usr/include/c++/9/bits/shared_ptr.h:717:39:[m[K   required from ‘[01m[Kstd::shared_ptr<_Tp> std::make_shared(_Args&& ...) [with _Tp = std::allocator<const base_interfaces_demo::msg::Student_<std::allocator<void> >&>; _Args = {std::allocator<void>&}][m[K’
[1.850s] [01m[K/opt/ros/foxy/include/rclcpp/any_subscription_callback.hpp:68:56:[m[K   required from ‘[01m[Krclcpp::AnySubscriptionCallback<MessageT, Alloc>::AnySubscriptionCallback(std::shared_ptr<_Tp>) [with MessageT = const base_interfaces_demo::msg::Student_<std::allocator<void> >&; Alloc = std::allocator<void>][m[K’
[1.850s] [01m[K/opt/ros/foxy/include/rclcpp/subscription_factory.hpp:96:57:[m[K   required from ‘[01m[Krclcpp::SubscriptionFactory rclcpp::create_subscription_factory(CallbackT&&, const rclcpp::SubscriptionOptionsWithAllocator<AllocatorT>&, typename MessageMemoryStrategyT::SharedPtr, std::shared_ptr<rclcpp::topic_statistics::SubscriptionTopicStatistics<CallbackMessageT> >) [with MessageT = base_interfaces_demo::msg::Student_<std::allocator<void> >; CallbackT = std::_Bind<void (ListenerStu::*(ListenerStu*, std::_Placeholder<1>))(const base_interfaces_demo::msg::Student_<std::allocator<void> >&)>; AllocatorT = std::allocator<void>; CallbackMessageT = const base_interfaces_demo::msg::Student_<std::allocator<void> >&; SubscriptionT = rclcpp::Subscription<const base_interfaces_demo::msg::Student_<std::allocator<void> >&, std::allocator<void>, rclcpp::message_memory_strategy::MessageMemoryStrategy<const base_interfaces_demo::msg::Student_<std::allocator<void> >&, std::allocator<void> > >; MessageMemoryStrategyT = rclcpp::message_memory_strategy::MessageMemoryStrategy<const base_interfaces_demo::msg::Student_<std::allocator<void> >&, std::allocator<void> >; typename MessageMemoryStrategyT::SharedPtr = std::shared_ptr<rclcpp::message_memory_strategy::MessageMemoryStrategy<const base_interfaces_demo::msg::Student_<std::allocator<void> >&, std::allocator<void> > >][m[K’
[1.850s] [01m[K/opt/ros/foxy/include/rclcpp/create_subscription.hpp:154:63:[m[K   required from ‘[01m[Kstd::shared_ptr<SubscriptionT> rclcpp::create_subscription(NodeT&&, const string&, const rclcpp::QoS&, CallbackT&&, const rclcpp::SubscriptionOptionsWithAllocator<AllocatorT>&, typename MessageMemoryStrategyT::SharedPtr) [with MessageT = base_interfaces_demo::msg::Student_<std::allocator<void> >; CallbackT = std::_Bind<void (ListenerStu::*(ListenerStu*, std::_Placeholder<1>))(const base_interfaces_demo::msg::Student_<std::allocator<void> >&)>; AllocatorT = std::allocator<void>; CallbackMessageT = const base_interfaces_demo::msg::Student_<std::allocator<void> >&; SubscriptionT = rclcpp::Subscription<const base_interfaces_demo::msg::Student_<std::allocator<void> >&, std::allocator<void>, rclcpp::message_memory_strategy::MessageMemoryStrategy<const base_interfaces_demo::msg::Student_<std::allocator<void> >&, std::allocator<void> > >; MessageMemoryStrategyT = rclcpp::message_memory_strategy::MessageMemoryStrategy<const base_interfaces_demo::msg::Student_<std::allocator<void> >&, std::allocator<void> >; NodeT = rclcpp::Node&; std::string = std::__cxx11::basic_string<char>; typename MessageMemoryStrategyT::SharedPtr = std::shared_ptr<rclcpp::message_memory_strategy::MessageMemoryStrategy<const base_interfaces_demo::msg::Student_<std::allocator<void> >&, std::allocator<void> > >][m[K’
[1.850s] [01m[K/opt/ros/foxy/include/rclcpp/node_impl.hpp:98:47:[m[K   required from ‘[01m[Kstd::shared_ptr<SubscriptionT> rclcpp::Node::create_subscription(const string&, const rclcpp::QoS&, CallbackT&&, const rclcpp::SubscriptionOptionsWithAllocator<AllocatorT>&, typename MessageMemoryStrategyT::SharedPtr) [with MessageT = base_interfaces_demo::msg::Student_<std::allocator<void> >; CallbackT = std::_Bind<void (ListenerStu::*(ListenerStu*, std::_Placeholder<1>))(const base_interfaces_demo::msg::Student_<std::allocator<void> >&)>; AllocatorT = std::allocator<void>; CallbackMessageT = const base_interfaces_demo::msg::Student_<std::allocator<void> >&; SubscriptionT = rclcpp::Subscription<const base_interfaces_demo::msg::Student_<std::allocator<void> >&, std::allocator<void>, rclcpp::message_memory_strategy::MessageMemoryStrategy<const base_interfaces_demo::msg::Student_<std::allocator<void> >&, std::allocator<void> > >; MessageMemoryStrategyT = rclcpp::message_memory_strategy::MessageMemoryStrategy<const base_interfaces_demo::msg::Student_<std::allocator<void> >&, std::allocator<void> >; std::string = std::__cxx11::basic_string<char>; typename MessageMemoryStrategyT::SharedPtr = std::shared_ptr<rclcpp::message_memory_strategy::MessageMemoryStrategy<const base_interfaces_demo::msg::Student_<std::allocator<void> >&, std::allocator<void> > >][m[K’
[1.850s] [01m[K/home/hw_learn/ws_ros2/ws01_plumbing/src/cpp01_topic/src/demo04_listener_stu.cpp:24:68:[m[K   required from here
[1.850s] [01m[K/usr/include/c++/9/bits/allocator.h:116:26:[m[K [01;31m[Kerror: [m[Kforming pointer to reference type ‘[01m[Kconst base_interfaces_demo::msg::Student_<std::allocator<void> >&[m[K’
[1.850s]   116 |       typedef _Tp*       [01;31m[Kpointer[m[K;
[1.850s]       |                          [01;31m[K^~~~~~~[m[K
[1.850s] [01m[K/usr/include/c++/9/bits/allocator.h:117:26:[m[K [01;31m[Kerror: [m[Kforming pointer to reference type ‘[01m[Kconst base_interfaces_demo::msg::Student_<std::allocator<void> >&[m[K’
[1.850s]   117 |       typedef const _Tp* [01;31m[Kconst_pointer[m[K;
[1.850s]       |                          [01;31m[K^~~~~~~~~~~~~[m[K
[2.319s] In file included from [01m[K/usr/include/c++/9/bits/shared_ptr.h:52[m[K,
[2.319s]                  from [01m[K/usr/include/c++/9/memory:81[m[K,
[2.319s]                  from [01m[K/opt/ros/foxy/include/rosidl_runtime_cpp/bounded_vector.hpp:19[m[K,
[2.319s]                  from [01m[K/home/hw_learn/ws_ros2/ws01_plumbing/install/base_interfaces_demo/include/base_interfaces_demo/msg/detail/student__struct.hpp:8[m[K,
[2.319s]                  from [01m[K/home/hw_learn/ws_ros2/ws01_plumbing/install/base_interfaces_demo/include/base_interfaces_demo/msg/student.hpp:7[m[K,
[2.319s]                  from [01m[K/home/hw_learn/ws_ros2/ws01_plumbing/src/cpp01_topic/src/demo04_listener_stu.cpp:13[m[K:
[2.319s] /usr/include/c++/9/bits/shared_ptr_base.h: In instantiation of ‘[01m[Kclass std::__shared_ptr_access<const base_interfaces_demo::msg::Student_<std::allocator<void> >&, __gnu_cxx::_S_atomic, false, false>[m[K’:
[2.320s] [01m[K/usr/include/c++/9/bits/shared_ptr_base.h:1080:11:[m[K   required from ‘[01m[Kclass std::__shared_ptr<const base_interfaces_demo::msg::Student_<std::allocator<void> >&, __gnu_cxx::_S_atomic>[m[K’
[2.320s] [01m[K/opt/ros/foxy/include/rclcpp/message_memory_strategy.hpp:85:37:[m[K   recursively required from ‘[01m[Kstd::shared_ptr<_Tp> rclcpp::message_memory_strategy::MessageMemoryStrategy<MessageT, Alloc>::borrow_message() [with MessageT = const base_interfaces_demo::msg::Student_<std::allocator<void> >&; Alloc = std::allocator<void>][m[K’
[2.320s] [01m[K/opt/ros/foxy/include/rclcpp/message_memory_strategy.hpp:85:37:[m[K   required from here
[2.320s] [01m[K/usr/include/c++/9/bits/shared_ptr_base.h:1012:7:[m[K [01;31m[Kerror: [m[Kforming pointer to reference type ‘[01m[Kstd::__shared_ptr_access<const base_interfaces_demo::msg::Student_<std::allocator<void> >&, __gnu_cxx::_S_atomic, false, false>::element_type[m[K’ {aka ‘[01m[Kconst base_interfaces_demo::msg::Student_<std::allocator<void> >&[m[K’}
[2.320s]  1012 |       [01;31m[Koperator[m[K->() const noexcept
[2.320s]       |       [01;31m[K^~~~~~~~[m[K
[2.320s] [01m[K/usr/include/c++/9/bits/shared_ptr_base.h:1020:7:[m[K [01;31m[Kerror: [m[Kforming pointer to reference type ‘[01m[Kstd::__shared_ptr_access<const base_interfaces_demo::msg::Student_<std::allocator<void> >&, __gnu_cxx::_S_atomic, false, false>::element_type[m[K’ {aka ‘[01m[Kconst base_interfaces_demo::msg::Student_<std::allocator<void> >&[m[K’}
[2.320s]  1020 |       [01;31m[K_M_get[m[K() const noexcept
[2.320s]       |       [01;31m[K^~~~~~[m[K
[2.321s] /usr/include/c++/9/bits/shared_ptr_base.h: In instantiation of ‘[01m[Kclass std::__shared_ptr<const base_interfaces_demo::msg::Student_<std::allocator<void> >&, __gnu_cxx::_S_atomic>[m[K’:
[2.321s] [01m[K/opt/ros/foxy/include/rclcpp/message_memory_strategy.hpp:85:37:[m[K   recursively required from ‘[01m[Kstd::shared_ptr<_Tp> rclcpp::message_memory_strategy::MessageMemoryStrategy<MessageT, Alloc>::borrow_message() [with MessageT = const base_interfaces_demo::msg::Student_<std::allocator<void> >&; Alloc = std::allocator<void>][m[K’
[2.321s] [01m[K/opt/ros/foxy/include/rclcpp/message_memory_strategy.hpp:85:37:[m[K   required from here
[2.321s] [01m[K/usr/include/c++/9/bits/shared_ptr_base.h:1094:8:[m[K [01;31m[Kerror: [m[Kforming pointer to reference type ‘[01m[Kconst base_interfaces_demo::msg::Student_<std::allocator<void> >&[m[K’
[2.321s]  1094 |  using [01;31m[K_Compatible[m[K = typename
[2.321s]       |        [01;31m[K^~~~~~~~~~~[m[K
[2.321s] [01m[K/usr/include/c++/9/bits/shared_ptr_base.h:1104:8:[m[K [01;31m[Kerror: [m[Kforming pointer to reference type ‘[01m[Kconst base_interfaces_demo::msg::Student_<std::allocator<void> >&[m[K’
[2.321s]  1104 |  using [01;31m[K_UniqCompatible[m[K = typename enable_if<__and_<
[2.321s]       |        [01;31m[K^~~~~~~~~~~~~~~[m[K
[2.321s] [01m[K/usr/include/c++/9/bits/shared_ptr_base.h:1162:2:[m[K [01;31m[Kerror: [m[Kforming pointer to reference type ‘[01m[Kstd::__shared_ptr<const base_interfaces_demo::msg::Student_<std::allocator<void> >&, __gnu_cxx::_S_atomic>::element_type[m[K’ {aka ‘[01m[Kconst base_interfaces_demo::msg::Student_<std::allocator<void> >&[m[K’}
[2.322s]  1162 |  [01;31m[K__shared_ptr[m[K(const __shared_ptr<_Yp, _Lp>& __r,
[2.322s]       |  [01;31m[K^~~~~~~~~~~~[m[K
[2.322s] /usr/include/c++/9/bits/shared_ptr_base.h: In substitution of ‘[01m[Ktemplate<class _Tp, __gnu_cxx::_Lock_policy _Lp> template<class _Yp, class _Res> using _Compatible = typename std::enable_if<std::__sp_compatible_with<_Yp*, _Tp*>::value, _Res>::type [with _Yp = _Yp; _Res = void; _Tp = const base_interfaces_demo::msg::Student_<std::allocator<void> >&; __gnu_cxx::_Lock_policy _Lp = __gnu_cxx::_S_atomic][m[K’:
[2.322s] [01m[K/usr/include/c++/9/bits/shared_ptr_base.h:1172:2:[m[K   required from ‘[01m[Kclass std::__shared_ptr<const base_interfaces_demo::msg::Student_<std::allocator<void> >&, __gnu_cxx::_S_atomic>[m[K’
[2.322s] [01m[K/opt/ros/foxy/include/rclcpp/message_memory_strategy.hpp:85:37:[m[K   recursively required from ‘[01m[Kstd::shared_ptr<_Tp> rclcpp::message_memory_strategy::MessageMemoryStrategy<MessageT, Alloc>::borrow_message() [with MessageT = const base_interfaces_demo::msg::Student_<std::allocator<void> >&; Alloc = std::allocator<void>][m[K’
[2.322s] [01m[K/opt/ros/foxy/include/rclcpp/message_memory_strategy.hpp:85:37:[m[K   required from here
[2.322s] [01m[K/usr/include/c++/9/bits/shared_ptr_base.h:1094:8:[m[K [01;31m[Kerror: [m[Kforming pointer to reference type ‘[01m[Kconst base_interfaces_demo::msg::Student_<std::allocator<void> >&[m[K’
[2.322s]  1094 |  using [01;31m[K_Compatible[m[K = typename
[2.322s]       |        [01;31m[K^~~~~~~~~~~[m[K
[2.322s] /usr/include/c++/9/bits/shared_ptr_base.h: In substitution of ‘[01m[Ktemplate<class _Tp, __gnu_cxx::_Lock_policy _Lp> template<class _Yp, class _Del, class _Res, class _Ptr> using _UniqCompatible = typename std::enable_if<std::__and_<std::__sp_compatible_with<_Yp*, _Tp*>, std::is_convertible<_Ptr, typename std::remove_extent<_Up>::type*> >::value, _Res>::type [with _Yp = _Yp; _Del = _Del; _Res = void; _Ptr = typename std::unique_ptr<_Tp, _Dp>::pointer; _Tp = const base_interfaces_demo::msg::Student_<std::allocator<void> >&; __gnu_cxx::_Lock_policy _Lp = __gnu_cxx::_S_atomic][m[K’:
[2.323s] [01m[K/usr/include/c++/9/bits/shared_ptr_base.h:1203:2:[m[K   required from ‘[01m[Kclass std::__shared_ptr<const base_interfaces_demo::msg::Student_<std::allocator<void> >&, __gnu_cxx::_S_atomic>[m[K’
[2.323s] [01m[K/opt/ros/foxy/include/rclcpp/message_memory_strategy.hpp:85:37:[m[K   recursively required from ‘[01m[Kstd::shared_ptr<_Tp> rclcpp::message_memory_strategy::MessageMemoryStrategy<MessageT, Alloc>::borrow_message() [with MessageT = const base_interfaces_demo::msg::Student_<std::allocator<void> >&; Alloc = std::allocator<void>][m[K’
[2.323s] [01m[K/opt/ros/foxy/include/rclcpp/message_memory_strategy.hpp:85:37:[m[K   required from here
[2.323s] [01m[K/usr/include/c++/9/bits/shared_ptr_base.h:1104:8:[m[K [01;31m[Kerror: [m[Kforming pointer to reference type ‘[01m[Kconst base_interfaces_demo::msg::Student_<std::allocator<void> >&[m[K’
[2.323s]  1104 |  using [01;31m[K_UniqCompatible[m[K = typename enable_if<__and_<
[2.323s]       |        [01;31m[K^~~~~~~~~~~~~~~[m[K
[2.323s] /usr/include/c++/9/bits/shared_ptr_base.h: In instantiation of ‘[01m[Kclass std::__shared_ptr<const base_interfaces_demo::msg::Student_<std::allocator<void> >&, __gnu_cxx::_S_atomic>[m[K’:
[2.323s] [01m[K/opt/ros/foxy/include/rclcpp/message_memory_strategy.hpp:85:37:[m[K   recursively required from ‘[01m[Kstd::shared_ptr<_Tp> rclcpp::message_memory_strategy::MessageMemoryStrategy<MessageT, Alloc>::borrow_message() [with MessageT = const base_interfaces_demo::msg::Student_<std::allocator<void> >&; Alloc = std::allocator<void>][m[K’
[2.323s] [01m[K/opt/ros/foxy/include/rclcpp/message_memory_strategy.hpp:85:37:[m[K   required from here
[2.323s] [01m[K/usr/include/c++/9/bits/shared_ptr_base.h:1219:2:[m[K [01;31m[Kerror: [m[Kforming pointer to reference type ‘[01m[Kconst base_interfaces_demo::msg::Student_<std::allocator<void> >&[m[K’
[2.324s]  1219 |  [01;31m[K__shared_ptr[m[K(unique_ptr<_Tp1, _Del>&& __r, __sp_array_delete)
[2.324s]       |  [01;31m[K^~~~~~~~~~~~[m[K
[2.324s] [01m[K/usr/include/c++/9/bits/shared_ptr_base.h:1309:7:[m[K [01;31m[Kerror: [m[Kforming pointer to reference type ‘[01m[Kstd::__shared_ptr<const base_interfaces_demo::msg::Student_<std::allocator<void> >&, __gnu_cxx::_S_atomic>::element_type[m[K’ {aka ‘[01m[Kconst base_interfaces_demo::msg::Student_<std::allocator<void> >&[m[K’}
[2.324s]  1309 |       [01;31m[Kget[m[K() const noexcept
[2.324s]       |       [01;31m[K^~~[m[K
[2.324s] [01m[K/usr/include/c++/9/bits/shared_ptr_base.h:1404:24:[m[K [01;31m[Kerror: [m[Kforming pointer to reference type ‘[01m[Kstd::__shared_ptr<const base_interfaces_demo::msg::Student_<std::allocator<void> >&, __gnu_cxx::_S_atomic>::element_type[m[K’ {aka ‘[01m[Kconst base_interfaces_demo::msg::Student_<std::allocator<void> >&[m[K’}
[2.324s]  1404 |       element_type*    [01;31m[K_M_ptr[m[K;         // Contained pointer.
[2.324s]       |                        [01;31m[K^~~~~~[m[K
[2.324s] In file included from [01m[K/usr/include/c++/9/memory:81[m[K,
[2.324s]                  from [01m[K/opt/ros/foxy/include/rosidl_runtime_cpp/bounded_vector.hpp:19[m[K,
[2.325s]                  from [01m[K/home/hw_learn/ws_ros2/ws01_plumbing/install/base_interfaces_demo/include/base_interfaces_demo/msg/detail/student__struct.hpp:8[m[K,
[2.325s]                  from [01m[K/home/hw_learn/ws_ros2/ws01_plumbing/install/base_interfaces_demo/include/base_interfaces_demo/msg/student.hpp:7[m[K,
[2.325s]                  from [01m[K/home/hw_learn/ws_ros2/ws01_plumbing/src/cpp01_topic/src/demo04_listener_stu.cpp:13[m[K:
[2.325s] /usr/include/c++/9/bits/shared_ptr.h: In instantiation of ‘[01m[Kclass std::shared_ptr<const base_interfaces_demo::msg::Student_<std::allocator<void> >&>[m[K’:
[2.325s] [01m[K/opt/ros/foxy/include/rclcpp/message_memory_strategy.hpp:85:37:[m[K   recursively required from ‘[01m[Kstd::shared_ptr<_Tp> rclcpp::message_memory_strategy::MessageMemoryStrategy<MessageT, Alloc>::borrow_message() [with MessageT = const base_interfaces_demo::msg::Student_<std::allocator<void> >&; Alloc = std::allocator<void>][m[K’
[2.325s] [01m[K/opt/ros/foxy/include/rclcpp/message_memory_strategy.hpp:85:37:[m[K   required from here
[2.325s] [01m[K/usr/include/c++/9/bits/shared_ptr.h:234:2:[m[K [01;31m[Kerror: [m[Kforming pointer to reference type ‘[01m[Kstd::shared_ptr<const base_interfaces_demo::msg::Student_<std::allocator<void> >&>::element_type[m[K’ {aka ‘[01m[Kconst base_interfaces_demo::msg::Student_<std::allocator<void> >&[m[K’}
[2.325s]   234 |  [01;31m[Kshared_ptr[m[K(const shared_ptr<_Yp>& __r, element_type* __p) noexcept
[2.325s]       |  [01;31m[K^~~~~~~~~~[m[K
[2.329s] In file included from [01m[K/usr/include/c++/9/bits/shared_ptr.h:52[m[K,
[2.330s]                  from [01m[K/usr/include/c++/9/memory:81[m[K,
[2.330s]                  from [01m[K/opt/ros/foxy/include/rosidl_runtime_cpp/bounded_vector.hpp:19[m[K,
[2.330s]                  from [01m[K/home/hw_learn/ws_ros2/ws01_plumbing/install/base_interfaces_demo/include/base_interfaces_demo/msg/detail/student__struct.hpp:8[m[K,
[2.330s]                  from [01m[K/home/hw_learn/ws_ros2/ws01_plumbing/install/base_interfaces_demo/include/base_interfaces_demo/msg/student.hpp:7[m[K,
[2.330s]                  from [01m[K/home/hw_learn/ws_ros2/ws01_plumbing/src/cpp01_topic/src/demo04_listener_stu.cpp:13[m[K:
[2.330s] /usr/include/c++/9/bits/shared_ptr_base.h: In instantiation of ‘[01m[Kconstexpr std::__shared_ptr<_Tp, _Lp>::__shared_ptr() [with _Tp = const base_interfaces_demo::msg::Student_<std::allocator<void> >&; __gnu_cxx::_Lock_policy _Lp = __gnu_cxx::_S_atomic][m[K’:
[2.330s] [01m[K/usr/include/c++/9/bits/shared_ptr_base.h:1287:9:[m[K   required from ‘[01m[Kvoid std::__shared_ptr<_Tp, _Lp>::reset() [with _Tp = const base_interfaces_demo::msg::Student_<std::allocator<void> >&; __gnu_cxx::_Lock_policy _Lp = __gnu_cxx::_S_atomic][m[K’
[2.330s] [01m[K/opt/ros/foxy/include/rclcpp/message_memory_strategy.hpp:109:5:[m[K   required from ‘[01m[Kvoid rclcpp::message_memory_strategy::MessageMemoryStrategy<MessageT, Alloc>::return_message(std::shared_ptr<_Tp>&) [with MessageT = const base_interfaces_demo::msg::Student_<std::allocator<void> >&; Alloc = std::allocator<void>][m[K’
[2.330s] [01m[K/opt/ros/foxy/include/rclcpp/message_memory_strategy.hpp:107:16:[m[K   required from here
[2.331s] [01m[K/usr/include/c++/9/bits/shared_ptr_base.h:1119:32:[m[K [01;31m[Kerror: [m[Kusing invalid field ‘[01m[Kstd::__shared_ptr<_Tp, _Lp>::_M_ptr[m[K’
[2.331s]  1119 |       : _M_ptr(0), _M_refcount([01;31m[K)[m[K
[2.331s]       |                                [01;31m[K^[m[K
[2.331s] /usr/include/c++/9/bits/shared_ptr_base.h: In instantiation of ‘[01m[Kvoid std::__shared_ptr<_Tp, _Lp>::swap(std::__shared_ptr<_Tp, _Lp>&) [with _Tp = const base_interfaces_demo::msg::Student_<std::allocator<void> >&; __gnu_cxx::_Lock_policy _Lp = __gnu_cxx::_S_atomic][m[K’:
[2.331s] [01m[K/usr/include/c++/9/bits/shared_ptr_base.h:1287:24:[m[K   required from ‘[01m[Kvoid std::__shared_ptr<_Tp, _Lp>::reset() [with _Tp = const base_interfaces_demo::msg::Student_<std::allocator<void> >&; __gnu_cxx::_Lock_policy _Lp = __gnu_cxx::_S_atomic][m[K’
[2.331s] [01m[K/opt/ros/foxy/include/rclcpp/message_memory_strategy.hpp:109:5:[m[K   required from ‘[01m[Kvoid rclcpp::message_memory_strategy::MessageMemoryStrategy<MessageT, Alloc>::return_message(std::shared_ptr<_Tp>&) [with MessageT = const base_interfaces_demo::msg::Student_<std::allocator<void> >&; Alloc = std::allocator<void>][m[K’
[2.331s] [01m[K/opt/ros/foxy/include/rclcpp/message_memory_strategy.hpp:107:16:[m[K   required from here
[2.331s] [01m[K/usr/include/c++/9/bits/shared_ptr_base.h:1326:12:[m[K [01;31m[Kerror: [m[Kusing invalid field ‘[01m[Kstd::__shared_ptr<_Tp, _Lp>::_M_ptr[m[K’
[2.331s]  1326 |  std::swap([01;31m[K_M_ptr[m[K, __other._M_ptr);
[2.331s]       |            [01;31m[K^~~~~~[m[K
[2.331s] [01m[K/usr/include/c++/9/bits/shared_ptr_base.h:1326:28:[m[K [01;31m[Kerror: [m[K‘[01m[Kclass std::__shared_ptr<const base_interfaces_demo::msg::Student_<std::allocator<void> >&, __gnu_cxx::_S_atomic>[m[K’ has no member named ‘[01m[K_M_ptr[m[K’
[2.331s]  1326 |  std::swap(_M_ptr, [01;31m[K__other._M_ptr[m[K);
[2.332s]       |                    [01;31m[K~~~~~~~~^~~~~~[m[K
[2.342s] In file included from [01m[K/usr/include/c++/9/future:48[m[K,
[2.342s]                  from [01m[K/opt/ros/foxy/include/rclcpp/executors.hpp:18[m[K,
[2.343s]                  from [01m[K/opt/ros/foxy/include/rclcpp/rclcpp.hpp:146[m[K,
[2.343s]                  from [01m[K/home/hw_learn/ws_ros2/ws01_plumbing/src/cpp01_topic/src/demo04_listener_stu.cpp:14[m[K:
[2.343s] [01m[K/usr/include/c++/9/bits/std_function.h:[m[K At global scope:
[2.343s] [01m[K/usr/include/c++/9/bits/std_function.h:667:7:[m[K [01;31m[Kerror: [m[K‘[01m[Kstd::function<_Res(_ArgTypes ...)>::function(_Functor) [with _Functor = rclcpp::create_subscription_factory(CallbackT&&, const rclcpp::SubscriptionOptionsWithAllocator<AllocatorT>&, typename MessageMemoryStrategyT::SharedPtr, std::shared_ptr<rclcpp::topic_statistics::SubscriptionTopicStatistics<CallbackMessageT> >) [with MessageT = base_interfaces_demo::msg::Student_<std::allocator<void> >; CallbackT = std::_Bind<void (ListenerStu::*(ListenerStu*, std::_Placeholder<1>))(const base_interfaces_demo::msg::Student_<std::allocator<void> >&)>; AllocatorT = std::allocator<void>; CallbackMessageT = const base_interfaces_demo::msg::Student_<std::allocator<void> >&; SubscriptionT = rclcpp::Subscription<const base_interfaces_demo::msg::Student_<std::allocator<void> >&, std::allocator<void>, rclcpp::message_memory_strategy::MessageMemoryStrategy<const base_interfaces_demo::msg::Student_<std::allocator<void> >&, std::allocator<void> > >; MessageMemoryStrategyT = rclcpp::message_memory_strategy::MessageMemoryStrategy<const base_interfaces_demo::msg::Student_<std::allocator<void> >&, std::allocator<void> >; typename MessageMemoryStrategyT::SharedPtr = std::shared_ptr<rclcpp::message_memory_strategy::MessageMemoryStrategy<const base_interfaces_demo::msg::Student_<std::allocator<void> >&, std::allocator<void> > >]::<lambda(rclcpp::node_interfaces::NodeBaseInterface*, const string&, const rclcpp::QoS&)>; <template-parameter-2-2> = void; <template-parameter-2-3> = void; _Res = std::shared_ptr<rclcpp::SubscriptionBase>; _ArgTypes = {rclcpp::node_interfaces::NodeBaseInterface*, const std::__cxx11::basic_string<char, std::char_traits<char>, std::allocator<char> >&, const rclcpp::QoS&}][m[K’, declared using local type ‘[01m[Krclcpp::create_subscription_factory(CallbackT&&, const rclcpp::SubscriptionOptionsWithAllocator<AllocatorT>&, typename MessageMemoryStrategyT::SharedPtr, std::shared_ptr<rclcpp::topic_statistics::SubscriptionTopicStatistics<CallbackMessageT> >) [with MessageT = base_interfaces_demo::msg::Student_<std::allocator<void> >; CallbackT = std::_Bind<void (ListenerStu::*(ListenerStu*, std::_Placeholder<1>))(const base_interfaces_demo::msg::Student_<std::allocator<void> >&)>; AllocatorT = std::allocator<void>; CallbackMessageT = const base_interfaces_demo::msg::Student_<std::allocator<void> >&; SubscriptionT = rclcpp::Subscription<const base_interfaces_demo::msg::Student_<std::allocator<void> >&, std::allocator<void>, rclcpp::message_memory_strategy::MessageMemoryStrategy<const base_interfaces_demo::msg::Student_<std::allocator<void> >&, std::allocator<void> > >; MessageMemoryStrategyT = rclcpp::message_memory_strategy::MessageMemoryStrategy<const base_interfaces_demo::msg::Student_<std::allocator<void> >&, std::allocator<void> >; typename MessageMemoryStrategyT::SharedPtr = std::shared_ptr<rclcpp::message_memory_strategy::MessageMemoryStrategy<const base_interfaces_demo::msg::Student_<std::allocator<void> >&, std::allocator<void> > >]::<lambda(rclcpp::node_interfaces::NodeBaseInterface*, const string&, const rclcpp::QoS&)>[m[K’, is used but never defined [[01;31m[K-fpermissive[m[K]
[2.343s]   667 |       [01;31m[Kfunction<_Res(_ArgTypes...)>[m[K::
[2.343s]       |       [01;31m[K^~~~~~~~~~~~~~~~~~~~~~~~~~~~[m[K
[2.410s] make[2]: *** [CMakeFiles/demo04_listener_stu.dir/build.make:63: CMakeFiles/demo04_listener_stu.dir/src/demo04_listener_stu.cpp.o] Error 1
[2.410s] make[1]: *** [CMakeFiles/Makefile2:84: CMakeFiles/demo04_listener_stu.dir/all] Error 2
[2.410s] make: *** [Makefile:141: all] Error 2
[2.413s] Invoked command in '/home/hw_learn/ws_ros2/ws01_plumbing/build/cpp01_topic' returned '2': CMAKE_PREFIX_PATH=/home/hw_learn/ws_ros2/ws01_plumbing/install/base_interfaces_demo:/home/hw_learn/ws_ros2/ws01_plumbing/install/tutorails_plumbing:/home/hw_learn/ws_ros2/ws01_plumbing/install/cpp07_exercise:/home/hw_learn/ws_ros2/ws01_plumbing/install/turtlesim:/home/hw_learn/ws_ros2/ws01_plumbing/install/cpp05_names:/home/hw_learn/ws_ros2/ws01_plumbing/install/cpp04_param:/home/hw_learn/ws_ros2/ws01_plumbing/install/cpp03_action:/home/hw_learn/ws_ros2/ws01_plumbing/install/cpp02_service:/home/hw_learn/ws_ros2/ws01_plumbing/install/cpp01_topic:/home/hw_learn/dev_ws/install/learning_pkg_c:/home/hw_learn/dev_ws/install/learning_interface:/opt/ros/foxy:/home/hw_learn/ws_ros2/ws01_plumbing/install/py01_topic:/home/hw_learn/dev_ws/install/learning_urdf:/home/hw_learn/dev_ws/install/learning_topic:/home/hw_learn/dev_ws/install/learning_tf:/home/hw_learn/dev_ws/install/learning_service:/home/hw_learn/dev_ws/install/learning_qos:/home/hw_learn/dev_ws/install/learning_pkg_python:/home/hw_learn/dev_ws/install/learning_parameter:/home/hw_learn/dev_ws/install/learning_node:/home/hw_learn/dev_ws/install/learning_launch:/home/hw_learn/dev_ws/install/learning_action:/home/hw_learn/dev_ws/install/learning_gazebo LD_LIBRARY_PATH=/home/hw_learn/ws_ros2/ws01_plumbing/install/base_interfaces_demo/lib:/home/hw_learn/ws_ros2/ws01_plumbing/install/turtlesim/lib:/home/hw_learn/dev_ws/install/learning_interface/lib:/opt/ros/foxy/opt/yaml_cpp_vendor/lib:/opt/ros/foxy/opt/rviz_ogre_vendor/lib:/opt/ros/foxy/opt/rviz_assimp_vendor/lib:/opt/ros/foxy/lib PYTHONPATH=/home/hw_learn/ws_ros2/ws01_plumbing/install/base_interfaces_demo/lib/python3.8/site-packages:/home/hw_learn/ws_ros2/ws01_plumbing/install/turtlesim/lib/python3.8/site-packages:/home/hw_learn/ws_ros2/ws01_plumbing/install/py01_topic/lib/python3.8/site-packages:/home/hw_learn/dev_ws/install/learning_urdf/lib/python3.8/site-packages:/home/hw_learn/dev_ws/install/learning_topic/lib/python3.8/site-packages:/home/hw_learn/dev_ws/install/learning_tf/lib/python3.8/site-packages:/home/hw_learn/dev_ws/install/learning_service/lib/python3.8/site-packages:/home/hw_learn/dev_ws/install/learning_qos/lib/python3.8/site-packages:/home/hw_learn/dev_ws/install/learning_pkg_python/lib/python3.8/site-packages:/home/hw_learn/dev_ws/install/learning_parameter/lib/python3.8/site-packages:/home/hw_learn/dev_ws/install/learning_node/lib/python3.8/site-packages:/home/hw_learn/dev_ws/install/learning_launch/lib/python3.8/site-packages:/home/hw_learn/dev_ws/install/learning_action/lib/python3.8/site-packages:/home/hw_learn/dev_ws/install/learning_interface/lib/python3.8/site-packages:/home/hw_learn/dev_ws/install/learning_gazebo/lib/python3.8/site-packages:/opt/ros/foxy/lib/python3.8/site-packages /usr/bin/cmake --build /home/hw_learn/ws_ros2/ws01_plumbing/build/cpp01_topic -- -j128 -l128
