-- Found ament_cmake: 0.9.9 (/opt/ros/foxy/share/ament_cmake/cmake)
-- Using PYTHON_EXECUTABLE: /usr/bin/python3
-- Found rclcpp: 2.4.1 (/opt/ros/foxy/share/rclcpp/cmake)
-- Using all available rosidl_typesupport_c: rosidl_typesupport_fastrtps_c;rosidl_typesupport_introspection_c
-- Found rosidl_adapter: 1.2.1 (/opt/ros/foxy/share/rosidl_adapter/cmake)
-- Using all available rosidl_typesupport_cpp: rosidl_typesupport_fastrtps_cpp;rosidl_typesupport_introspection_cpp
-- Found rmw_implementation_cmake: 1.0.3 (/opt/ros/foxy/share/rmw_implementation_cmake/cmake)
-- Using RMW implementation 'rmw_fastrtps_cpp' as default
-- Found std_msgs: 2.0.5 (/opt/ros/foxy/share/std_msgs/cmake)
-- Found ament_lint_auto: 0.9.6 (/opt/ros/foxy/share/ament_lint_auto/cmake)
-- Added test 'copyright' to check source files copyright and LICENSE
-- Added test 'cppcheck' to perform static code analysis on C / C++ code
-- Configured cppcheck include dirs: $<BUILD_INTERFACE:/home/hw_learn/ws_ros2/ws01_plumbing/src/cpp05_names/include>
-- Configured cppcheck exclude dirs and/or files: 
-- Added test 'cpplint' to check C / C++ code against the Google style
-- Configured cpplint exclude dirs and/or files: 
-- Added test 'flake8' to check Python code syntax and style conventions
-- Added test 'lint_cmake' to check CMake code style
-- Added test 'pep257' to check Python code against some of the style conventions in PEP 257
-- Added test 'uncrustify' to check C / C++ code style
-- Configured uncrustify additional arguments: 
-- Added test 'xmllint' to check XML markup files
-- Configuring done
-- Generating done
-- Build files have been written to: /home/hw_learn/ws_ros2/ws01_plumbing/build/cpp05_names
[35m[1mScanning dependencies of target demo01_names[0m
[ 50%] [32mBuilding CXX object CMakeFiles/demo01_names.dir/src/demo01_names.cpp.o[0m
[100%] [32m[1mLinking CXX executable demo01_names[0m
[100%] Built target demo01_names
-- Install configuration: ""
-- Installing: /home/hw_learn/ws_ros2/ws01_plumbing/install/cpp05_names/lib/cpp05_names/demo01_names
-- Set runtime path of "/home/hw_learn/ws_ros2/ws01_plumbing/install/cpp05_names/lib/cpp05_names/demo01_names" to ""
-- Up-to-date: /home/hw_learn/ws_ros2/ws01_plumbing/install/cpp05_names/share/cpp05_names/launch
-- Installing: /home/hw_learn/ws_ros2/ws01_plumbing/install/cpp05_names/share/cpp05_names/launch/demo01_names_launch.py
-- Installing: /home/hw_learn/ws_ros2/ws01_plumbing/install/cpp05_names/share/cpp05_names/launch/demo02_names_launch.xml
-- Installing: /home/hw_learn/ws_ros2/ws01_plumbing/install/cpp05_names/share/cpp05_names/launch/demo03_names_launch.yaml
-- Installing: /home/hw_learn/ws_ros2/ws01_plumbing/install/cpp05_names/share/ament_index/resource_index/package_run_dependencies/cpp05_names
-- Installing: /home/hw_learn/ws_ros2/ws01_plumbing/install/cpp05_names/share/ament_index/resource_index/parent_prefix_path/cpp05_names
-- Up-to-date: /home/hw_learn/ws_ros2/ws01_plumbing/install/cpp05_names/share/cpp05_names/environment/ament_prefix_path.sh
-- Installing: /home/hw_learn/ws_ros2/ws01_plumbing/install/cpp05_names/share/cpp05_names/environment/ament_prefix_path.dsv
-- Up-to-date: /home/hw_learn/ws_ros2/ws01_plumbing/install/cpp05_names/share/cpp05_names/environment/path.sh
-- Installing: /home/hw_learn/ws_ros2/ws01_plumbing/install/cpp05_names/share/cpp05_names/environment/path.dsv
-- Up-to-date: /home/hw_learn/ws_ros2/ws01_plumbing/install/cpp05_names/share/cpp05_names/local_setup.bash
-- Up-to-date: /home/hw_learn/ws_ros2/ws01_plumbing/install/cpp05_names/share/cpp05_names/local_setup.sh
-- Up-to-date: /home/hw_learn/ws_ros2/ws01_plumbing/install/cpp05_names/share/cpp05_names/local_setup.zsh
-- Installing: /home/hw_learn/ws_ros2/ws01_plumbing/install/cpp05_names/share/cpp05_names/local_setup.dsv
-- Installing: /home/hw_learn/ws_ros2/ws01_plumbing/install/cpp05_names/share/cpp05_names/package.dsv
-- Up-to-date: /home/hw_learn/ws_ros2/ws01_plumbing/install/cpp05_names/share/ament_index/resource_index/packages/cpp05_names
-- Up-to-date: /home/hw_learn/ws_ros2/ws01_plumbing/install/cpp05_names/share/cpp05_names/cmake/cpp05_namesConfig.cmake
-- Up-to-date: /home/hw_learn/ws_ros2/ws01_plumbing/install/cpp05_names/share/cpp05_names/cmake/cpp05_namesConfig-version.cmake
-- Installing: /home/hw_learn/ws_ros2/ws01_plumbing/install/cpp05_names/share/cpp05_names/package.xml
