-- Install configuration: ""
-- Up-to-date: /home/hw_learn/ws_ros2/ws02_tools/install/cpp01_launch/share/cpp01_launch/launch
-- Up-to-date: /home/hw_learn/ws_ros2/ws02_tools/install/cpp01_launch/share/cpp01_launch/launch/py
-- Up-to-date: /home/hw_learn/ws_ros2/ws02_tools/install/cpp01_launch/share/cpp01_launch/launch/py/py01_helloworld_launch.py
-- Up-to-date: /home/hw_learn/ws_ros2/ws02_tools/install/cpp01_launch/share/cpp01_launch/launch/py/py02_node_launch.py
-- Up-to-date: /home/hw_learn/ws_ros2/ws02_tools/install/cpp01_launch/share/cpp01_launch/launch/py/py03_cmd_launch.py
-- Up-to-date: /home/hw_learn/ws_ros2/ws02_tools/install/cpp01_launch/share/cpp01_launch/launch/py/py04_args_launch.py
-- Up-to-date: /home/hw_learn/ws_ros2/ws02_tools/install/cpp01_launch/share/cpp01_launch/launch/py/py05_include_launch.py
-- Up-to-date: /home/hw_learn/ws_ros2/ws02_tools/install/cpp01_launch/share/cpp01_launch/launch/py/py06_group_launch.py
-- Up-to-date: /home/hw_learn/ws_ros2/ws02_tools/install/cpp01_launch/share/cpp01_launch/launch/py/py07_event_launch.py
-- Up-to-date: /home/hw_learn/ws_ros2/ws02_tools/install/cpp01_launch/share/cpp01_launch/launch/xml
-- Up-to-date: /home/hw_learn/ws_ros2/ws02_tools/install/cpp01_launch/share/cpp01_launch/launch/xml/xml01_helloworld_launch.xml
-- Up-to-date: /home/hw_learn/ws_ros2/ws02_tools/install/cpp01_launch/share/cpp01_launch/launch/xml/xml02_node_launch.xml
-- Installing: /home/hw_learn/ws_ros2/ws02_tools/install/cpp01_launch/share/cpp01_launch/launch/xml/xml03_cmd_launch.xml
-- Up-to-date: /home/hw_learn/ws_ros2/ws02_tools/install/cpp01_launch/share/cpp01_launch/launch/yaml
-- Up-to-date: /home/hw_learn/ws_ros2/ws02_tools/install/cpp01_launch/share/cpp01_launch/launch/yaml/yaml01_helloworld_launch.yaml
-- Installing: /home/hw_learn/ws_ros2/ws02_tools/install/cpp01_launch/share/cpp01_launch/launch/yaml/yaml02_node_launch.yaml
-- Up-to-date: /home/hw_learn/ws_ros2/ws02_tools/install/cpp01_launch/share/cpp01_launch/config
-- Up-to-date: /home/hw_learn/ws_ros2/ws02_tools/install/cpp01_launch/share/cpp01_launch/config/haha.yaml
-- Up-to-date: /home/hw_learn/ws_ros2/ws02_tools/install/cpp01_launch/share/cpp01_launch/config/xixi.yaml
-- Up-to-date: /home/hw_learn/ws_ros2/ws02_tools/install/cpp01_launch/share/cpp01_launch/config/gaga.yaml
-- Up-to-date: /home/hw_learn/ws_ros2/ws02_tools/install/cpp01_launch/share/ament_index/resource_index/package_run_dependencies/cpp01_launch
-- Up-to-date: /home/hw_learn/ws_ros2/ws02_tools/install/cpp01_launch/share/ament_index/resource_index/parent_prefix_path/cpp01_launch
-- Up-to-date: /home/hw_learn/ws_ros2/ws02_tools/install/cpp01_launch/share/cpp01_launch/environment/ament_prefix_path.sh
-- Up-to-date: /home/hw_learn/ws_ros2/ws02_tools/install/cpp01_launch/share/cpp01_launch/environment/ament_prefix_path.dsv
-- Up-to-date: /home/hw_learn/ws_ros2/ws02_tools/install/cpp01_launch/share/cpp01_launch/environment/path.sh
-- Up-to-date: /home/hw_learn/ws_ros2/ws02_tools/install/cpp01_launch/share/cpp01_launch/environment/path.dsv
-- Up-to-date: /home/hw_learn/ws_ros2/ws02_tools/install/cpp01_launch/share/cpp01_launch/local_setup.bash
-- Up-to-date: /home/hw_learn/ws_ros2/ws02_tools/install/cpp01_launch/share/cpp01_launch/local_setup.sh
-- Up-to-date: /home/hw_learn/ws_ros2/ws02_tools/install/cpp01_launch/share/cpp01_launch/local_setup.zsh
-- Up-to-date: /home/hw_learn/ws_ros2/ws02_tools/install/cpp01_launch/share/cpp01_launch/local_setup.dsv
-- Installing: /home/hw_learn/ws_ros2/ws02_tools/install/cpp01_launch/share/cpp01_launch/package.dsv
-- Up-to-date: /home/hw_learn/ws_ros2/ws02_tools/install/cpp01_launch/share/ament_index/resource_index/packages/cpp01_launch
-- Up-to-date: /home/hw_learn/ws_ros2/ws02_tools/install/cpp01_launch/share/cpp01_launch/cmake/cpp01_launchConfig.cmake
-- Up-to-date: /home/hw_learn/ws_ros2/ws02_tools/install/cpp01_launch/share/cpp01_launch/cmake/cpp01_launchConfig-version.cmake
-- Up-to-date: /home/hw_learn/ws_ros2/ws02_tools/install/cpp01_launch/share/cpp01_launch/package.xml
