[0.030s] Invoking command in '/home/hw_learn/ws_ros2/ws02_tools/build/cpp01_launch': CMAKE_PREFIX_PATH=${CMAKE_PREFIX_PATH}:/home/hw_learn/dev_ws/install/learning_urdf:/home/hw_learn/dev_ws/install/learning_topic:/home/hw_learn/dev_ws/install/learning_tf:/home/hw_learn/dev_ws/install/learning_service:/home/hw_learn/dev_ws/install/learning_qos:/home/hw_learn/dev_ws/install/learning_pkg_python:/home/hw_learn/dev_ws/install/learning_parameter:/home/hw_learn/dev_ws/install/learning_node:/home/hw_learn/dev_ws/install/learning_launch:/home/hw_learn/dev_ws/install/learning_action:/home/hw_learn/dev_ws/install/learning_gazebo /usr/bin/cmake --build /home/hw_learn/ws_ros2/ws02_tools/build/cpp01_launch -- -j128 -l128
[0.061s] -- Found ament_cmake: 0.9.9 (/opt/ros/foxy/share/ament_cmake/cmake)
[0.085s] -- Using PYTHON_EXECUTABLE: /usr/bin/python3
[0.253s] -- Found rclcpp: 2.4.1 (/opt/ros/foxy/share/rclcpp/cmake)
[0.281s] -- Using all available rosidl_typesupport_c: rosidl_typesupport_fastrtps_c;rosidl_typesupport_introspection_c
[0.285s] -- Found rosidl_adapter: 1.2.1 (/opt/ros/foxy/share/rosidl_adapter/cmake)
[0.388s] -- Using all available rosidl_typesupport_cpp: rosidl_typesupport_fastrtps_cpp;rosidl_typesupport_introspection_cpp
[0.433s] -- Found rmw_implementation_cmake: 1.0.3 (/opt/ros/foxy/share/rmw_implementation_cmake/cmake)
[0.435s] -- Using RMW implementation 'rmw_fastrtps_cpp' as default
[0.526s] -- Found ament_lint_auto: 0.9.6 (/opt/ros/foxy/share/ament_lint_auto/cmake)
[0.597s] -- Added test 'copyright' to check source files copyright and LICENSE
[0.599s] -- Added test 'flake8' to check Python code syntax and style conventions
[0.599s] -- Added test 'lint_cmake' to check CMake code style
[0.599s] -- Added test 'pep257' to check Python code against some of the style conventions in PEP 257
[0.600s] -- Added test 'xmllint' to check XML markup files
[0.603s] -- Configuring done
[0.605s] -- Generating done
[0.607s] -- Build files have been written to: /home/hw_learn/ws_ros2/ws02_tools/build/cpp01_launch
[0.632s] Invoked command in '/home/hw_learn/ws_ros2/ws02_tools/build/cpp01_launch' returned '0': CMAKE_PREFIX_PATH=${CMAKE_PREFIX_PATH}:/home/hw_learn/dev_ws/install/learning_urdf:/home/hw_learn/dev_ws/install/learning_topic:/home/hw_learn/dev_ws/install/learning_tf:/home/hw_learn/dev_ws/install/learning_service:/home/hw_learn/dev_ws/install/learning_qos:/home/hw_learn/dev_ws/install/learning_pkg_python:/home/hw_learn/dev_ws/install/learning_parameter:/home/hw_learn/dev_ws/install/learning_node:/home/hw_learn/dev_ws/install/learning_launch:/home/hw_learn/dev_ws/install/learning_action:/home/hw_learn/dev_ws/install/learning_gazebo /usr/bin/cmake --build /home/hw_learn/ws_ros2/ws02_tools/build/cpp01_launch -- -j128 -l128
[0.669s] Invoking command in '/home/hw_learn/ws_ros2/ws02_tools/build/cpp01_launch': CMAKE_PREFIX_PATH=${CMAKE_PREFIX_PATH}:/home/hw_learn/dev_ws/install/learning_urdf:/home/hw_learn/dev_ws/install/learning_topic:/home/hw_learn/dev_ws/install/learning_tf:/home/hw_learn/dev_ws/install/learning_service:/home/hw_learn/dev_ws/install/learning_qos:/home/hw_learn/dev_ws/install/learning_pkg_python:/home/hw_learn/dev_ws/install/learning_parameter:/home/hw_learn/dev_ws/install/learning_node:/home/hw_learn/dev_ws/install/learning_launch:/home/hw_learn/dev_ws/install/learning_action:/home/hw_learn/dev_ws/install/learning_gazebo /usr/bin/cmake --install /home/hw_learn/ws_ros2/ws02_tools/build/cpp01_launch
[0.677s] -- Install configuration: ""
[0.677s] -- Up-to-date: /home/hw_learn/ws_ros2/ws02_tools/install/cpp01_launch/share/cpp01_launch/launch
[0.677s] -- Up-to-date: /home/hw_learn/ws_ros2/ws02_tools/install/cpp01_launch/share/cpp01_launch/launch/py
[0.677s] -- Up-to-date: /home/hw_learn/ws_ros2/ws02_tools/install/cpp01_launch/share/cpp01_launch/launch/py/py01_helloworld_launch.py
[0.677s] -- Installing: /home/hw_learn/ws_ros2/ws02_tools/install/cpp01_launch/share/cpp01_launch/launch/py/py02_node_launch.py
[0.677s] -- Up-to-date: /home/hw_learn/ws_ros2/ws02_tools/install/cpp01_launch/share/cpp01_launch/launch/xml
[0.677s] -- Up-to-date: /home/hw_learn/ws_ros2/ws02_tools/install/cpp01_launch/share/cpp01_launch/launch/xml/xml01_helloworld_launch.xml
[0.677s] -- Up-to-date: /home/hw_learn/ws_ros2/ws02_tools/install/cpp01_launch/share/cpp01_launch/launch/yaml
[0.677s] -- Up-to-date: /home/hw_learn/ws_ros2/ws02_tools/install/cpp01_launch/share/cpp01_launch/launch/yaml/yaml01_helloworld_launch.yaml
[0.678s] -- Installing: /home/hw_learn/ws_ros2/ws02_tools/install/cpp01_launch/share/cpp01_launch/config
[0.678s] -- Installing: /home/hw_learn/ws_ros2/ws02_tools/install/cpp01_launch/share/cpp01_launch/config/haha.yaml
[0.678s] -- Up-to-date: /home/hw_learn/ws_ros2/ws02_tools/install/cpp01_launch/share/ament_index/resource_index/package_run_dependencies/cpp01_launch
[0.678s] -- Installing: /home/hw_learn/ws_ros2/ws02_tools/install/cpp01_launch/share/ament_index/resource_index/parent_prefix_path/cpp01_launch
[0.678s] -- Up-to-date: /home/hw_learn/ws_ros2/ws02_tools/install/cpp01_launch/share/cpp01_launch/environment/ament_prefix_path.sh
[0.678s] -- Installing: /home/hw_learn/ws_ros2/ws02_tools/install/cpp01_launch/share/cpp01_launch/environment/ament_prefix_path.dsv
[0.678s] -- Up-to-date: /home/hw_learn/ws_ros2/ws02_tools/install/cpp01_launch/share/cpp01_launch/environment/path.sh
[0.678s] -- Installing: /home/hw_learn/ws_ros2/ws02_tools/install/cpp01_launch/share/cpp01_launch/environment/path.dsv
[0.678s] -- Up-to-date: /home/hw_learn/ws_ros2/ws02_tools/install/cpp01_launch/share/cpp01_launch/local_setup.bash
[0.678s] -- Up-to-date: /home/hw_learn/ws_ros2/ws02_tools/install/cpp01_launch/share/cpp01_launch/local_setup.sh
[0.678s] -- Up-to-date: /home/hw_learn/ws_ros2/ws02_tools/install/cpp01_launch/share/cpp01_launch/local_setup.zsh
[0.678s] -- Installing: /home/hw_learn/ws_ros2/ws02_tools/install/cpp01_launch/share/cpp01_launch/local_setup.dsv
[0.679s] -- Installing: /home/hw_learn/ws_ros2/ws02_tools/install/cpp01_launch/share/cpp01_launch/package.dsv
[0.679s] -- Up-to-date: /home/hw_learn/ws_ros2/ws02_tools/install/cpp01_launch/share/ament_index/resource_index/packages/cpp01_launch
[0.679s] -- Up-to-date: /home/hw_learn/ws_ros2/ws02_tools/install/cpp01_launch/share/cpp01_launch/cmake/cpp01_launchConfig.cmake
[0.679s] -- Up-to-date: /home/hw_learn/ws_ros2/ws02_tools/install/cpp01_launch/share/cpp01_launch/cmake/cpp01_launchConfig-version.cmake
[0.679s] -- Up-to-date: /home/hw_learn/ws_ros2/ws02_tools/install/cpp01_launch/share/cpp01_launch/package.xml
[0.681s] Invoked command in '/home/hw_learn/ws_ros2/ws02_tools/build/cpp01_launch' returned '0': CMAKE_PREFIX_PATH=${CMAKE_PREFIX_PATH}:/home/hw_learn/dev_ws/install/learning_urdf:/home/hw_learn/dev_ws/install/learning_topic:/home/hw_learn/dev_ws/install/learning_tf:/home/hw_learn/dev_ws/install/learning_service:/home/hw_learn/dev_ws/install/learning_qos:/home/hw_learn/dev_ws/install/learning_pkg_python:/home/hw_learn/dev_ws/install/learning_parameter:/home/hw_learn/dev_ws/install/learning_node:/home/hw_learn/dev_ws/install/learning_launch:/home/hw_learn/dev_ws/install/learning_action:/home/hw_learn/dev_ws/install/learning_gazebo /usr/bin/cmake --install /home/hw_learn/ws_ros2/ws02_tools/build/cpp01_launch
