Performing C SOURCE FILE Test CMAKE_HAVE_LIBC_PTHREAD failed with the following output:
Change Dir: /home/hw_learn/ws_ros2/ws01_plumbing/build/turtlesim/CMakeFiles/CMakeTmp

Run Build Command(s):/usr/bin/make cmTC_7876f/fast && make[1]: Entering directory '/home/hw_learn/ws_ros2/ws01_plumbing/build/turtlesim/CMakeFiles/CMakeTmp'
/usr/bin/make -f CMakeFiles/cmTC_7876f.dir/build.make CMakeFiles/cmTC_7876f.dir/build
make[2]: Entering directory '/home/hw_learn/ws_ros2/ws01_plumbing/build/turtlesim/CMakeFiles/CMakeTmp'
Building C object CMakeFiles/cmTC_7876f.dir/src.c.o
/usr/bin/cc   -DCMAKE_HAVE_LIBC_PTHREAD   -o CMakeFiles/cmTC_7876f.dir/src.c.o   -c /home/hw_learn/ws_ros2/ws01_plumbing/build/turtlesim/CMakeFiles/CMakeTmp/src.c
Linking C executable cmTC_7876f
/usr/bin/cmake -E cmake_link_script CMakeFiles/cmTC_7876f.dir/link.txt --verbose=1
/usr/bin/cc  -DCMAKE_HAVE_LIBC_PTHREAD    CMakeFiles/cmTC_7876f.dir/src.c.o  -o cmTC_7876f 
/usr/bin/ld: CMakeFiles/cmTC_7876f.dir/src.c.o: in function `main':
src.c:(.text+0x46): undefined reference to `pthread_create'
/usr/bin/ld: src.c:(.text+0x52): undefined reference to `pthread_detach'
/usr/bin/ld: src.c:(.text+0x63): undefined reference to `pthread_join'
collect2: error: ld returned 1 exit status
make[2]: *** [CMakeFiles/cmTC_7876f.dir/build.make:87: cmTC_7876f] Error 1
make[2]: Leaving directory '/home/hw_learn/ws_ros2/ws01_plumbing/build/turtlesim/CMakeFiles/CMakeTmp'
make[1]: *** [Makefile:121: cmTC_7876f/fast] Error 2
make[1]: Leaving directory '/home/hw_learn/ws_ros2/ws01_plumbing/build/turtlesim/CMakeFiles/CMakeTmp'


Source file was:
#include <pthread.h>

void* test_func(void* data)
{
  return data;
}

int main(void)
{
  pthread_t thread;
  pthread_create(&thread, NULL, test_func, NULL);
  pthread_detach(thread);
  pthread_join(thread, NULL);
  pthread_atfork(NULL, NULL, NULL);
  pthread_exit(NULL);

  return 0;
}

Determining if the function pthread_create exists in the pthreads failed with the following output:
Change Dir: /home/hw_learn/ws_ros2/ws01_plumbing/build/turtlesim/CMakeFiles/CMakeTmp

Run Build Command(s):/usr/bin/make cmTC_b05ed/fast && make[1]: Entering directory '/home/hw_learn/ws_ros2/ws01_plumbing/build/turtlesim/CMakeFiles/CMakeTmp'
/usr/bin/make -f CMakeFiles/cmTC_b05ed.dir/build.make CMakeFiles/cmTC_b05ed.dir/build
make[2]: Entering directory '/home/hw_learn/ws_ros2/ws01_plumbing/build/turtlesim/CMakeFiles/CMakeTmp'
Building C object CMakeFiles/cmTC_b05ed.dir/CheckFunctionExists.c.o
/usr/bin/cc   -DCHECK_FUNCTION_EXISTS=pthread_create   -o CMakeFiles/cmTC_b05ed.dir/CheckFunctionExists.c.o   -c /usr/share/cmake-3.16/Modules/CheckFunctionExists.c
Linking C executable cmTC_b05ed
/usr/bin/cmake -E cmake_link_script CMakeFiles/cmTC_b05ed.dir/link.txt --verbose=1
/usr/bin/cc  -DCHECK_FUNCTION_EXISTS=pthread_create    CMakeFiles/cmTC_b05ed.dir/CheckFunctionExists.c.o  -o cmTC_b05ed  -lpthreads 
/usr/bin/ld: cannot find -lpthreads
collect2: error: ld returned 1 exit status
make[2]: *** [CMakeFiles/cmTC_b05ed.dir/build.make:87: cmTC_b05ed] Error 1
make[2]: Leaving directory '/home/hw_learn/ws_ros2/ws01_plumbing/build/turtlesim/CMakeFiles/CMakeTmp'
make[1]: *** [Makefile:121: cmTC_b05ed/fast] Error 2
make[1]: Leaving directory '/home/hw_learn/ws_ros2/ws01_plumbing/build/turtlesim/CMakeFiles/CMakeTmp'



