[0.035s] Invoking command in '/home/hw_learn/ws_ros2/ws01_plumbing/build/cpp04_param': CMAKE_PREFIX_PATH=${CMAKE_PREFIX_PATH}:/home/hw_learn/ws_ros2/ws01_plumbing/install/py01_topic:/home/hw_learn/dev_ws/install/learning_urdf:/home/hw_learn/dev_ws/install/learning_topic:/home/hw_learn/dev_ws/install/learning_tf:/home/hw_learn/dev_ws/install/learning_service:/home/hw_learn/dev_ws/install/learning_qos:/home/hw_learn/dev_ws/install/learning_pkg_python:/home/hw_learn/dev_ws/install/learning_parameter:/home/hw_learn/dev_ws/install/learning_node:/home/hw_learn/dev_ws/install/learning_launch:/home/hw_learn/dev_ws/install/learning_action:/home/hw_learn/dev_ws/install/learning_gazebo /usr/bin/cmake --build /home/hw_learn/ws_ros2/ws01_plumbing/build/cpp04_param -- -j128 -l128
[0.075s] [35m[1mScanning dependencies of target demo01_param_server[0m
[0.090s] [ 66%] Built target demo02_param_client
[0.090s] [ 66%] Built target demo00_param
[0.098s] [ 83%] [32mBuilding CXX object CMakeFiles/demo01_param_server.dir/src/demo01_param_server.cpp.o[0m
[1.774s] [100%] [32m[1mLinking CXX executable demo01_param_server[0m
[1.880s] [100%] Built target demo01_param_server
[1.890s] Invoked command in '/home/hw_learn/ws_ros2/ws01_plumbing/build/cpp04_param' returned '0': CMAKE_PREFIX_PATH=${CMAKE_PREFIX_PATH}:/home/hw_learn/ws_ros2/ws01_plumbing/install/py01_topic:/home/hw_learn/dev_ws/install/learning_urdf:/home/hw_learn/dev_ws/install/learning_topic:/home/hw_learn/dev_ws/install/learning_tf:/home/hw_learn/dev_ws/install/learning_service:/home/hw_learn/dev_ws/install/learning_qos:/home/hw_learn/dev_ws/install/learning_pkg_python:/home/hw_learn/dev_ws/install/learning_parameter:/home/hw_learn/dev_ws/install/learning_node:/home/hw_learn/dev_ws/install/learning_launch:/home/hw_learn/dev_ws/install/learning_action:/home/hw_learn/dev_ws/install/learning_gazebo /usr/bin/cmake --build /home/hw_learn/ws_ros2/ws01_plumbing/build/cpp04_param -- -j128 -l128
[1.929s] Invoking command in '/home/hw_learn/ws_ros2/ws01_plumbing/build/cpp04_param': CMAKE_PREFIX_PATH=${CMAKE_PREFIX_PATH}:/home/hw_learn/ws_ros2/ws01_plumbing/install/py01_topic:/home/hw_learn/dev_ws/install/learning_urdf:/home/hw_learn/dev_ws/install/learning_topic:/home/hw_learn/dev_ws/install/learning_tf:/home/hw_learn/dev_ws/install/learning_service:/home/hw_learn/dev_ws/install/learning_qos:/home/hw_learn/dev_ws/install/learning_pkg_python:/home/hw_learn/dev_ws/install/learning_parameter:/home/hw_learn/dev_ws/install/learning_node:/home/hw_learn/dev_ws/install/learning_launch:/home/hw_learn/dev_ws/install/learning_action:/home/hw_learn/dev_ws/install/learning_gazebo /usr/bin/cmake --install /home/hw_learn/ws_ros2/ws01_plumbing/build/cpp04_param
[1.937s] -- Install configuration: ""
[1.937s] -- Up-to-date: /home/hw_learn/ws_ros2/ws01_plumbing/install/cpp04_param/lib/cpp04_param/demo00_param
[1.937s] -- Installing: /home/hw_learn/ws_ros2/ws01_plumbing/install/cpp04_param/lib/cpp04_param/demo01_param_server
[1.938s] -- Set runtime path of "/home/hw_learn/ws_ros2/ws01_plumbing/install/cpp04_param/lib/cpp04_param/demo01_param_server" to ""
[1.938s] -- Up-to-date: /home/hw_learn/ws_ros2/ws01_plumbing/install/cpp04_param/lib/cpp04_param/demo02_param_client
[1.939s] -- Up-to-date: /home/hw_learn/ws_ros2/ws01_plumbing/install/cpp04_param/share/ament_index/resource_index/package_run_dependencies/cpp04_param
[1.939s] -- Up-to-date: /home/hw_learn/ws_ros2/ws01_plumbing/install/cpp04_param/share/ament_index/resource_index/parent_prefix_path/cpp04_param
[1.939s] -- Up-to-date: /home/hw_learn/ws_ros2/ws01_plumbing/install/cpp04_param/share/cpp04_param/environment/ament_prefix_path.sh
[1.939s] -- Up-to-date: /home/hw_learn/ws_ros2/ws01_plumbing/install/cpp04_param/share/cpp04_param/environment/ament_prefix_path.dsv
[1.939s] -- Up-to-date: /home/hw_learn/ws_ros2/ws01_plumbing/install/cpp04_param/share/cpp04_param/environment/path.sh
[1.939s] -- Up-to-date: /home/hw_learn/ws_ros2/ws01_plumbing/install/cpp04_param/share/cpp04_param/environment/path.dsv
[1.939s] -- Up-to-date: /home/hw_learn/ws_ros2/ws01_plumbing/install/cpp04_param/share/cpp04_param/local_setup.bash
[1.939s] -- Up-to-date: /home/hw_learn/ws_ros2/ws01_plumbing/install/cpp04_param/share/cpp04_param/local_setup.sh
[1.939s] -- Up-to-date: /home/hw_learn/ws_ros2/ws01_plumbing/install/cpp04_param/share/cpp04_param/local_setup.zsh
[1.939s] -- Up-to-date: /home/hw_learn/ws_ros2/ws01_plumbing/install/cpp04_param/share/cpp04_param/local_setup.dsv
[1.939s] -- Installing: /home/hw_learn/ws_ros2/ws01_plumbing/install/cpp04_param/share/cpp04_param/package.dsv
[1.939s] -- Up-to-date: /home/hw_learn/ws_ros2/ws01_plumbing/install/cpp04_param/share/ament_index/resource_index/packages/cpp04_param
[1.940s] -- Up-to-date: /home/hw_learn/ws_ros2/ws01_plumbing/install/cpp04_param/share/cpp04_param/cmake/cpp04_paramConfig.cmake
[1.940s] -- Up-to-date: /home/hw_learn/ws_ros2/ws01_plumbing/install/cpp04_param/share/cpp04_param/cmake/cpp04_paramConfig-version.cmake
[1.940s] -- Up-to-date: /home/hw_learn/ws_ros2/ws01_plumbing/install/cpp04_param/share/cpp04_param/package.xml
[1.943s] Invoked command in '/home/hw_learn/ws_ros2/ws01_plumbing/build/cpp04_param' returned '0': CMAKE_PREFIX_PATH=${CMAKE_PREFIX_PATH}:/home/hw_learn/ws_ros2/ws01_plumbing/install/py01_topic:/home/hw_learn/dev_ws/install/learning_urdf:/home/hw_learn/dev_ws/install/learning_topic:/home/hw_learn/dev_ws/install/learning_tf:/home/hw_learn/dev_ws/install/learning_service:/home/hw_learn/dev_ws/install/learning_qos:/home/hw_learn/dev_ws/install/learning_pkg_python:/home/hw_learn/dev_ws/install/learning_parameter:/home/hw_learn/dev_ws/install/learning_node:/home/hw_learn/dev_ws/install/learning_launch:/home/hw_learn/dev_ws/install/learning_action:/home/hw_learn/dev_ws/install/learning_gazebo /usr/bin/cmake --install /home/hw_learn/ws_ros2/ws01_plumbing/build/cpp04_param
