[0.485s] DEBUG:colcon:Command line arguments: ['/usr/local/bin/colcon', 'build', '--packages-select', 'turtlesim']
[0.485s] DEBUG:colcon:Parsed command line arguments: Namespace(ament_cmake_args=None, base_paths=['.'], build_base='build', catkin_cmake_args=None, catkin_skip_building_tests=False, cmake_args=None, cmake_clean_cache=False, cmake_clean_first=False, cmake_force_configure=False, cmake_target=None, cmake_target_skip_unavailable=False, continue_on_error=False, event_handlers=None, executor='parallel', ignore_user_meta=False, install_base='install', log_base=None, log_level=None, main=<bound method BuildVerb.main of <colcon_core.verb.build.BuildVerb object at 0x7fb8c34568e0>>, merge_install=False, metas=['./colcon.meta'], packages_above=None, packages_above_and_dependencies=None, packages_above_depth=None, packages_end=None, packages_ignore=None, packages_ignore_regex=None, packages_select=['turtlesim'], packages_select_build_failed=False, packages_select_by_dep=None, packages_select_regex=None, packages_select_test_failures=False, packages_skip=None, packages_skip_build_finished=False, packages_skip_by_dep=None, packages_skip_regex=None, packages_skip_test_passed=False, packages_skip_up_to=None, packages_start=None, packages_up_to=None, packages_up_to_regex=None, parallel_workers=128, paths=None, symlink_install=False, test_result_base=None, verb_extension=<colcon_core.verb.build.BuildVerb object at 0x7fb8c34568e0>, verb_name='build', verb_parser=<colcon_defaults.argument_parser.defaults.DefaultArgumentsDecorator object at 0x7fb8c3456e50>)
[0.520s] Level 1:colcon.colcon_core.package_discovery:discover_packages(colcon_meta) check parameters
[0.521s] Level 1:colcon.colcon_core.package_discovery:discover_packages(recursive) check parameters
[0.521s] Level 1:colcon.colcon_core.package_discovery:discover_packages(ignore) check parameters
[0.521s] Level 1:colcon.colcon_core.package_discovery:discover_packages(path) check parameters
[0.521s] Level 1:colcon.colcon_core.package_discovery:discover_packages(colcon_meta) discover
[0.521s] Level 1:colcon.colcon_core.package_discovery:discover_packages(recursive) discover
[0.521s] INFO:colcon.colcon_core.package_discovery:Crawling recursively for packages in '/home/hw_learn/ws_ros2/ws00_helloworld'
[0.521s] Level 1:colcon.colcon_core.package_identification:_identify(.) by extensions ['ignore', 'ignore_ament_install']
[0.521s] Level 1:colcon.colcon_core.package_identification:_identify(.) by extension 'ignore'
[0.521s] Level 1:colcon.colcon_core.package_identification:_identify(.) by extension 'ignore_ament_install'
[0.521s] Level 1:colcon.colcon_core.package_identification:_identify(.) by extensions ['colcon_pkg']
[0.521s] Level 1:colcon.colcon_core.package_identification:_identify(.) by extension 'colcon_pkg'
[0.521s] Level 1:colcon.colcon_core.package_identification:_identify(.) by extensions ['colcon_meta']
[0.521s] Level 1:colcon.colcon_core.package_identification:_identify(.) by extension 'colcon_meta'
[0.521s] Level 1:colcon.colcon_core.package_identification:_identify(.) by extensions ['ros']
[0.521s] Level 1:colcon.colcon_core.package_identification:_identify(.) by extension 'ros'
[0.533s] Level 1:colcon.colcon_core.package_identification:_identify(.) by extensions ['cmake', 'python']
[0.533s] Level 1:colcon.colcon_core.package_identification:_identify(.) by extension 'cmake'
[0.533s] Level 1:colcon.colcon_core.package_identification:_identify(.) by extension 'python'
[0.533s] Level 1:colcon.colcon_core.package_identification:_identify(.) by extensions ['python_setup_py']
[0.533s] Level 1:colcon.colcon_core.package_identification:_identify(.) by extension 'python_setup_py'
[0.533s] Level 1:colcon.colcon_core.package_identification:_identify(build) by extensions ['ignore', 'ignore_ament_install']
[0.534s] Level 1:colcon.colcon_core.package_identification:_identify(build) by extension 'ignore'
[0.534s] Level 1:colcon.colcon_core.package_identification:_identify(build) ignored
[0.534s] Level 1:colcon.colcon_core.package_identification:_identify(install) by extensions ['ignore', 'ignore_ament_install']
[0.534s] Level 1:colcon.colcon_core.package_identification:_identify(install) by extension 'ignore'
[0.534s] Level 1:colcon.colcon_core.package_identification:_identify(install) ignored
[0.534s] Level 1:colcon.colcon_core.package_identification:_identify(log) by extensions ['ignore', 'ignore_ament_install']
[0.534s] Level 1:colcon.colcon_core.package_identification:_identify(log) by extension 'ignore'
[0.534s] Level 1:colcon.colcon_core.package_identification:_identify(log) ignored
[0.534s] Level 1:colcon.colcon_core.package_identification:_identify(src) by extensions ['ignore', 'ignore_ament_install']
[0.534s] Level 1:colcon.colcon_core.package_identification:_identify(src) by extension 'ignore'
[0.534s] Level 1:colcon.colcon_core.package_identification:_identify(src) by extension 'ignore_ament_install'
[0.534s] Level 1:colcon.colcon_core.package_identification:_identify(src) by extensions ['colcon_pkg']
[0.534s] Level 1:colcon.colcon_core.package_identification:_identify(src) by extension 'colcon_pkg'
[0.534s] Level 1:colcon.colcon_core.package_identification:_identify(src) by extensions ['colcon_meta']
[0.534s] Level 1:colcon.colcon_core.package_identification:_identify(src) by extension 'colcon_meta'
[0.534s] Level 1:colcon.colcon_core.package_identification:_identify(src) by extensions ['ros']
[0.534s] Level 1:colcon.colcon_core.package_identification:_identify(src) by extension 'ros'
[0.535s] Level 1:colcon.colcon_core.package_identification:_identify(src) by extensions ['cmake', 'python']
[0.535s] Level 1:colcon.colcon_core.package_identification:_identify(src) by extension 'cmake'
[0.535s] Level 1:colcon.colcon_core.package_identification:_identify(src) by extension 'python'
[0.535s] Level 1:colcon.colcon_core.package_identification:_identify(src) by extensions ['python_setup_py']
[0.535s] Level 1:colcon.colcon_core.package_identification:_identify(src) by extension 'python_setup_py'
[0.535s] Level 1:colcon.colcon_core.package_identification:_identify(src/turtlesim) by extensions ['ignore', 'ignore_ament_install']
[0.535s] Level 1:colcon.colcon_core.package_identification:_identify(src/turtlesim) by extension 'ignore'
[0.535s] Level 1:colcon.colcon_core.package_identification:_identify(src/turtlesim) by extension 'ignore_ament_install'
[0.535s] Level 1:colcon.colcon_core.package_identification:_identify(src/turtlesim) by extensions ['colcon_pkg']
[0.535s] Level 1:colcon.colcon_core.package_identification:_identify(src/turtlesim) by extension 'colcon_pkg'
[0.535s] Level 1:colcon.colcon_core.package_identification:_identify(src/turtlesim) by extensions ['colcon_meta']
[0.535s] Level 1:colcon.colcon_core.package_identification:_identify(src/turtlesim) by extension 'colcon_meta'
[0.535s] Level 1:colcon.colcon_core.package_identification:_identify(src/turtlesim) by extensions ['ros']
[0.535s] Level 1:colcon.colcon_core.package_identification:_identify(src/turtlesim) by extension 'ros'
[0.538s] DEBUG:colcon.colcon_core.package_identification:Package 'src/turtlesim' with type 'ros.ament_cmake' and name 'turtlesim'
[0.538s] Level 1:colcon.colcon_core.package_discovery:discover_packages(recursive) using defaults
[0.538s] Level 1:colcon.colcon_core.package_discovery:discover_packages(ignore) discover
[0.538s] Level 1:colcon.colcon_core.package_discovery:discover_packages(ignore) using defaults
[0.538s] Level 1:colcon.colcon_core.package_discovery:discover_packages(path) discover
[0.538s] Level 1:colcon.colcon_core.package_discovery:discover_packages(path) using defaults
[0.578s] Level 5:colcon.colcon_core.verb:set package 'turtlesim' build argument 'cmake_args' from command line to 'None'
[0.578s] Level 5:colcon.colcon_core.verb:set package 'turtlesim' build argument 'cmake_target' from command line to 'None'
[0.578s] Level 5:colcon.colcon_core.verb:set package 'turtlesim' build argument 'cmake_target_skip_unavailable' from command line to 'False'
[0.578s] Level 5:colcon.colcon_core.verb:set package 'turtlesim' build argument 'cmake_clean_cache' from command line to 'False'
[0.578s] Level 5:colcon.colcon_core.verb:set package 'turtlesim' build argument 'cmake_clean_first' from command line to 'False'
[0.578s] Level 5:colcon.colcon_core.verb:set package 'turtlesim' build argument 'cmake_force_configure' from command line to 'False'
[0.578s] Level 5:colcon.colcon_core.verb:set package 'turtlesim' build argument 'ament_cmake_args' from command line to 'None'
[0.578s] Level 5:colcon.colcon_core.verb:set package 'turtlesim' build argument 'catkin_cmake_args' from command line to 'None'
[0.578s] Level 5:colcon.colcon_core.verb:set package 'turtlesim' build argument 'catkin_skip_building_tests' from command line to 'False'
[0.578s] DEBUG:colcon.colcon_core.verb:Building package 'turtlesim' with the following arguments: {'ament_cmake_args': None, 'build_base': '/home/hw_learn/ws_ros2/ws00_helloworld/build/turtlesim', 'catkin_cmake_args': None, 'catkin_skip_building_tests': False, 'cmake_args': None, 'cmake_clean_cache': False, 'cmake_clean_first': False, 'cmake_force_configure': False, 'cmake_target': None, 'cmake_target_skip_unavailable': False, 'install_base': '/home/hw_learn/ws_ros2/ws00_helloworld/install/turtlesim', 'merge_install': False, 'path': '/home/hw_learn/ws_ros2/ws00_helloworld/src/turtlesim', 'symlink_install': False, 'test_result_base': None}
[0.580s] INFO:colcon.colcon_core.executor:Executing jobs using 'parallel' executor
[0.595s] DEBUG:colcon.colcon_parallel_executor.executor.parallel:run_until_complete
[0.595s] INFO:colcon.colcon_ros.task.ament_cmake.build:Building ROS package in '/home/hw_learn/ws_ros2/ws00_helloworld/src/turtlesim' with build type 'ament_cmake'
[0.595s] INFO:colcon.colcon_cmake.task.cmake.build:Building CMake package in '/home/hw_learn/ws_ros2/ws00_helloworld/src/turtlesim'
[0.604s] INFO:colcon.colcon_core.plugin_system:Skipping extension 'colcon_core.shell.bat': Not used on non-Windows systems
[0.604s] INFO:colcon.colcon_core.shell:Skip shell extension 'powershell' for command environment: Not usable outside of PowerShell
[0.604s] DEBUG:colcon.colcon_core.shell:Skip shell extension 'dsv' for command environment
[0.629s] DEBUG:colcon.colcon_core.event_handler.log_command:Invoking command in '/home/hw_learn/ws_ros2/ws00_helloworld/build/turtlesim': CMAKE_PREFIX_PATH=${CMAKE_PREFIX_PATH}:/home/hw_learn/dev_ws/install/learning_urdf:/home/hw_learn/dev_ws/install/learning_topic:/home/hw_learn/dev_ws/install/learning_tf:/home/hw_learn/dev_ws/install/learning_service:/home/hw_learn/dev_ws/install/learning_qos:/home/hw_learn/dev_ws/install/learning_pkg_python:/home/hw_learn/dev_ws/install/learning_parameter:/home/hw_learn/dev_ws/install/learning_node:/home/hw_learn/dev_ws/install/learning_launch:/home/hw_learn/dev_ws/install/learning_action:/home/hw_learn/dev_ws/install/learning_gazebo /usr/bin/cmake --build /home/hw_learn/ws_ros2/ws00_helloworld/build/turtlesim -- -j128 -l128
[0.844s] DEBUG:colcon.colcon_core.event_handler.log_command:Invoked command in '/home/hw_learn/ws_ros2/ws00_helloworld/build/turtlesim' returned '0': CMAKE_PREFIX_PATH=${CMAKE_PREFIX_PATH}:/home/hw_learn/dev_ws/install/learning_urdf:/home/hw_learn/dev_ws/install/learning_topic:/home/hw_learn/dev_ws/install/learning_tf:/home/hw_learn/dev_ws/install/learning_service:/home/hw_learn/dev_ws/install/learning_qos:/home/hw_learn/dev_ws/install/learning_pkg_python:/home/hw_learn/dev_ws/install/learning_parameter:/home/hw_learn/dev_ws/install/learning_node:/home/hw_learn/dev_ws/install/learning_launch:/home/hw_learn/dev_ws/install/learning_action:/home/hw_learn/dev_ws/install/learning_gazebo /usr/bin/cmake --build /home/hw_learn/ws_ros2/ws00_helloworld/build/turtlesim -- -j128 -l128
[1.023s] DEBUG:colcon.colcon_core.event_handler.log_command:Invoking command in '/home/hw_learn/ws_ros2/ws00_helloworld/build/turtlesim': CMAKE_PREFIX_PATH=${CMAKE_PREFIX_PATH}:/home/hw_learn/dev_ws/install/learning_urdf:/home/hw_learn/dev_ws/install/learning_topic:/home/hw_learn/dev_ws/install/learning_tf:/home/hw_learn/dev_ws/install/learning_service:/home/hw_learn/dev_ws/install/learning_qos:/home/hw_learn/dev_ws/install/learning_pkg_python:/home/hw_learn/dev_ws/install/learning_parameter:/home/hw_learn/dev_ws/install/learning_node:/home/hw_learn/dev_ws/install/learning_launch:/home/hw_learn/dev_ws/install/learning_action:/home/hw_learn/dev_ws/install/learning_gazebo /usr/bin/cmake --install /home/hw_learn/ws_ros2/ws00_helloworld/build/turtlesim
[1.087s] Level 1:colcon.colcon_core.environment:create_environment_scripts_only(turtlesim)
[1.090s] DEBUG:colcon.colcon_core.event_handler.log_command:Invoked command in '/home/hw_learn/ws_ros2/ws00_helloworld/build/turtlesim' returned '0': CMAKE_PREFIX_PATH=${CMAKE_PREFIX_PATH}:/home/hw_learn/dev_ws/install/learning_urdf:/home/hw_learn/dev_ws/install/learning_topic:/home/hw_learn/dev_ws/install/learning_tf:/home/hw_learn/dev_ws/install/learning_service:/home/hw_learn/dev_ws/install/learning_qos:/home/hw_learn/dev_ws/install/learning_pkg_python:/home/hw_learn/dev_ws/install/learning_parameter:/home/hw_learn/dev_ws/install/learning_node:/home/hw_learn/dev_ws/install/learning_launch:/home/hw_learn/dev_ws/install/learning_action:/home/hw_learn/dev_ws/install/learning_gazebo /usr/bin/cmake --install /home/hw_learn/ws_ros2/ws00_helloworld/build/turtlesim
[1.098s] Level 1:colcon.colcon_core.environment:checking '/home/hw_learn/ws_ros2/ws00_helloworld/install/turtlesim' for CMake module files
[1.098s] Level 1:colcon.colcon_core.environment:checking '/home/hw_learn/ws_ros2/ws00_helloworld/install/turtlesim' for CMake config files
[1.099s] Level 1:colcon.colcon_core.shell:create_environment_hook('turtlesim', 'cmake_prefix_path')
[1.104s] INFO:colcon.colcon_core.shell:Creating environment hook '/home/hw_learn/ws_ros2/ws00_helloworld/install/turtlesim/share/turtlesim/hook/cmake_prefix_path.ps1'
[1.105s] INFO:colcon.colcon_core.shell:Creating environment descriptor '/home/hw_learn/ws_ros2/ws00_helloworld/install/turtlesim/share/turtlesim/hook/cmake_prefix_path.dsv'
[1.105s] INFO:colcon.colcon_core.shell:Creating environment hook '/home/hw_learn/ws_ros2/ws00_helloworld/install/turtlesim/share/turtlesim/hook/cmake_prefix_path.sh'
[1.106s] Level 1:colcon.colcon_core.environment:checking '/home/hw_learn/ws_ros2/ws00_helloworld/install/turtlesim/lib'
[1.106s] Level 1:colcon.colcon_core.shell:create_environment_hook('turtlesim', 'ld_library_path_lib')
[1.112s] INFO:colcon.colcon_core.shell:Creating environment hook '/home/hw_learn/ws_ros2/ws00_helloworld/install/turtlesim/share/turtlesim/hook/ld_library_path_lib.ps1'
[1.112s] INFO:colcon.colcon_core.shell:Creating environment descriptor '/home/hw_learn/ws_ros2/ws00_helloworld/install/turtlesim/share/turtlesim/hook/ld_library_path_lib.dsv'
[1.112s] INFO:colcon.colcon_core.shell:Creating environment hook '/home/hw_learn/ws_ros2/ws00_helloworld/install/turtlesim/share/turtlesim/hook/ld_library_path_lib.sh'
[1.113s] Level 1:colcon.colcon_core.environment:checking '/home/hw_learn/ws_ros2/ws00_helloworld/install/turtlesim/bin'
[1.113s] Level 1:colcon.colcon_core.environment:checking '/home/hw_learn/ws_ros2/ws00_helloworld/install/turtlesim/lib/pkgconfig/turtlesim.pc'
[1.114s] Level 1:colcon.colcon_core.environment:checking '/home/hw_learn/ws_ros2/ws00_helloworld/install/turtlesim/lib/python3.8/site-packages'
[1.114s] Level 1:colcon.colcon_core.shell:create_environment_hook('turtlesim', 'pythonpath')
[1.120s] INFO:colcon.colcon_core.shell:Creating environment hook '/home/hw_learn/ws_ros2/ws00_helloworld/install/turtlesim/share/turtlesim/hook/pythonpath.ps1'
[1.120s] INFO:colcon.colcon_core.shell:Creating environment descriptor '/home/hw_learn/ws_ros2/ws00_helloworld/install/turtlesim/share/turtlesim/hook/pythonpath.dsv'
[1.120s] INFO:colcon.colcon_core.shell:Creating environment hook '/home/hw_learn/ws_ros2/ws00_helloworld/install/turtlesim/share/turtlesim/hook/pythonpath.sh'
[1.121s] Level 1:colcon.colcon_core.environment:checking '/home/hw_learn/ws_ros2/ws00_helloworld/install/turtlesim/bin'
[1.127s] INFO:colcon.colcon_core.shell:Creating package script '/home/hw_learn/ws_ros2/ws00_helloworld/install/turtlesim/share/turtlesim/package.ps1'
[1.128s] INFO:colcon.colcon_core.shell:Creating package descriptor '/home/hw_learn/ws_ros2/ws00_helloworld/install/turtlesim/share/turtlesim/package.dsv'
[1.128s] INFO:colcon.colcon_core.shell:Creating package script '/home/hw_learn/ws_ros2/ws00_helloworld/install/turtlesim/share/turtlesim/package.sh'
[1.129s] INFO:colcon.colcon_core.shell:Creating package script '/home/hw_learn/ws_ros2/ws00_helloworld/install/turtlesim/share/turtlesim/package.bash'
[1.130s] INFO:colcon.colcon_core.shell:Creating package script '/home/hw_learn/ws_ros2/ws00_helloworld/install/turtlesim/share/turtlesim/package.zsh'
[1.130s] Level 1:colcon.colcon_core.environment:create_file_with_runtime_dependencies(/home/hw_learn/ws_ros2/ws00_helloworld/install/turtlesim/share/colcon-core/packages/turtlesim)
[1.309s] Level 1:colcon.colcon_core.environment:create_environment_scripts_only(turtlesim)
[1.316s] Level 1:colcon.colcon_core.environment:checking '/home/hw_learn/ws_ros2/ws00_helloworld/install/turtlesim' for CMake module files
[1.316s] Level 1:colcon.colcon_core.environment:checking '/home/hw_learn/ws_ros2/ws00_helloworld/install/turtlesim' for CMake config files
[1.317s] Level 1:colcon.colcon_core.shell:create_environment_hook('turtlesim', 'cmake_prefix_path')
[1.322s] INFO:colcon.colcon_core.shell:Creating environment hook '/home/hw_learn/ws_ros2/ws00_helloworld/install/turtlesim/share/turtlesim/hook/cmake_prefix_path.ps1'
[1.323s] INFO:colcon.colcon_core.shell:Creating environment descriptor '/home/hw_learn/ws_ros2/ws00_helloworld/install/turtlesim/share/turtlesim/hook/cmake_prefix_path.dsv'
[1.323s] INFO:colcon.colcon_core.shell:Creating environment hook '/home/hw_learn/ws_ros2/ws00_helloworld/install/turtlesim/share/turtlesim/hook/cmake_prefix_path.sh'
[1.324s] Level 1:colcon.colcon_core.environment:checking '/home/hw_learn/ws_ros2/ws00_helloworld/install/turtlesim/lib'
[1.324s] Level 1:colcon.colcon_core.shell:create_environment_hook('turtlesim', 'ld_library_path_lib')
[1.330s] INFO:colcon.colcon_core.shell:Creating environment hook '/home/hw_learn/ws_ros2/ws00_helloworld/install/turtlesim/share/turtlesim/hook/ld_library_path_lib.ps1'
[1.330s] INFO:colcon.colcon_core.shell:Creating environment descriptor '/home/hw_learn/ws_ros2/ws00_helloworld/install/turtlesim/share/turtlesim/hook/ld_library_path_lib.dsv'
[1.330s] INFO:colcon.colcon_core.shell:Creating environment hook '/home/hw_learn/ws_ros2/ws00_helloworld/install/turtlesim/share/turtlesim/hook/ld_library_path_lib.sh'
[1.331s] Level 1:colcon.colcon_core.environment:checking '/home/hw_learn/ws_ros2/ws00_helloworld/install/turtlesim/bin'
[1.331s] Level 1:colcon.colcon_core.environment:checking '/home/hw_learn/ws_ros2/ws00_helloworld/install/turtlesim/lib/pkgconfig/turtlesim.pc'
[1.331s] Level 1:colcon.colcon_core.environment:checking '/home/hw_learn/ws_ros2/ws00_helloworld/install/turtlesim/lib/python3.8/site-packages'
[1.331s] Level 1:colcon.colcon_core.shell:create_environment_hook('turtlesim', 'pythonpath')
[1.336s] INFO:colcon.colcon_core.shell:Creating environment hook '/home/hw_learn/ws_ros2/ws00_helloworld/install/turtlesim/share/turtlesim/hook/pythonpath.ps1'
[1.337s] INFO:colcon.colcon_core.shell:Creating environment descriptor '/home/hw_learn/ws_ros2/ws00_helloworld/install/turtlesim/share/turtlesim/hook/pythonpath.dsv'
[1.337s] INFO:colcon.colcon_core.shell:Creating environment hook '/home/hw_learn/ws_ros2/ws00_helloworld/install/turtlesim/share/turtlesim/hook/pythonpath.sh'
[1.338s] Level 1:colcon.colcon_core.environment:checking '/home/hw_learn/ws_ros2/ws00_helloworld/install/turtlesim/bin'
[1.343s] INFO:colcon.colcon_core.shell:Creating package script '/home/hw_learn/ws_ros2/ws00_helloworld/install/turtlesim/share/turtlesim/package.ps1'
[1.344s] INFO:colcon.colcon_core.shell:Creating package descriptor '/home/hw_learn/ws_ros2/ws00_helloworld/install/turtlesim/share/turtlesim/package.dsv'
[1.344s] INFO:colcon.colcon_core.shell:Creating package script '/home/hw_learn/ws_ros2/ws00_helloworld/install/turtlesim/share/turtlesim/package.sh'
[1.345s] INFO:colcon.colcon_core.shell:Creating package script '/home/hw_learn/ws_ros2/ws00_helloworld/install/turtlesim/share/turtlesim/package.bash'
[1.345s] INFO:colcon.colcon_core.shell:Creating package script '/home/hw_learn/ws_ros2/ws00_helloworld/install/turtlesim/share/turtlesim/package.zsh'
[1.345s] Level 1:colcon.colcon_core.environment:create_file_with_runtime_dependencies(/home/hw_learn/ws_ros2/ws00_helloworld/install/turtlesim/share/colcon-core/packages/turtlesim)
[1.346s] DEBUG:colcon.colcon_parallel_executor.executor.parallel:closing loop
[1.346s] DEBUG:colcon.colcon_parallel_executor.executor.parallel:loop closed
[1.346s] DEBUG:colcon.colcon_parallel_executor.executor.parallel:run_until_complete finished with '0'
[1.347s] DEBUG:colcon.colcon_core.event_reactor:joining thread
[1.356s] INFO:colcon.colcon_core.plugin_system:Skipping extension 'colcon_notification.desktop_notification.notify_send': Could not find 'notify-send'
[1.356s] INFO:colcon.colcon_core.plugin_system:Skipping extension 'colcon_notification.desktop_notification.terminal_notifier': Not used on non-Darwin systems
[1.356s] INFO:colcon.colcon_core.plugin_system:Skipping extension 'colcon_notification.desktop_notification.win32': Not used on non-Windows systems
[1.356s] INFO:colcon.colcon_notification.desktop_notification:Sending desktop notification using 'notify2'
[1.361s] DEBUG:colcon.colcon_notification.desktop_notification.notify2:Failed to initialize notify2: org.freedesktop.DBus.Error.ServiceUnknown: The name org.freedesktop.Notifications was not provided by any .service files
[1.361s] DEBUG:colcon.colcon_core.event_reactor:joined thread
[1.367s] INFO:colcon.colcon_core.shell:Creating prefix script '/home/hw_learn/ws_ros2/ws00_helloworld/install/local_setup.ps1'
[1.368s] INFO:colcon.colcon_core.shell:Creating prefix util module '/home/hw_learn/ws_ros2/ws00_helloworld/install/_local_setup_util_ps1.py'
[1.369s] INFO:colcon.colcon_core.shell:Creating prefix chain script '/home/hw_learn/ws_ros2/ws00_helloworld/install/setup.ps1'
[1.374s] INFO:colcon.colcon_core.shell:Creating prefix script '/home/hw_learn/ws_ros2/ws00_helloworld/install/local_setup.sh'
[1.375s] INFO:colcon.colcon_core.shell:Creating prefix util module '/home/hw_learn/ws_ros2/ws00_helloworld/install/_local_setup_util_sh.py'
[1.375s] INFO:colcon.colcon_core.shell:Creating prefix chain script '/home/hw_learn/ws_ros2/ws00_helloworld/install/setup.sh'
[1.380s] INFO:colcon.colcon_core.shell:Creating prefix script '/home/hw_learn/ws_ros2/ws00_helloworld/install/local_setup.bash'
[1.381s] INFO:colcon.colcon_core.shell:Creating prefix chain script '/home/hw_learn/ws_ros2/ws00_helloworld/install/setup.bash'
[1.386s] INFO:colcon.colcon_core.shell:Creating prefix script '/home/hw_learn/ws_ros2/ws00_helloworld/install/local_setup.zsh'
[1.386s] INFO:colcon.colcon_core.shell:Creating prefix chain script '/home/hw_learn/ws_ros2/ws00_helloworld/install/setup.zsh'
