-- Found ament_cmake: 0.9.9 (/opt/ros/foxy/share/ament_cmake/cmake)
-- Using PYTHON_EXECUTABLE: /usr/bin/python3
-- Found rclcpp: 2.4.1 (/opt/ros/foxy/share/rclcpp/cmake)
-- Using all available rosidl_typesupport_c: rosidl_typesupport_fastrtps_c;rosidl_typesupport_introspection_c
-- Found rosidl_adapter: 1.2.1 (/opt/ros/foxy/share/rosidl_adapter/cmake)
-- Using all available rosidl_typesupport_cpp: rosidl_typesupport_fastrtps_cpp;rosidl_typesupport_introspection_cpp
-- Found rmw_implementation_cmake: 1.0.3 (/opt/ros/foxy/share/rmw_implementation_cmake/cmake)
-- Using RMW implementation 'rmw_fastrtps_cpp' as default
-- Found tf2: 0.13.13 (/opt/ros/foxy/share/tf2/cmake)
-- Found tf2_ros: 0.13.13 (/opt/ros/foxy/share/tf2_ros/cmake)
-- Found turtlesim: 1.2.5 (/opt/ros/foxy/share/turtlesim/cmake)
-- Found ament_lint_auto: 0.9.6 (/opt/ros/foxy/share/ament_lint_auto/cmake)
-- Added test 'copyright' to check source files copyright and LICENSE
-- Added test 'cppcheck' to perform static code analysis on C / C++ code
-- Configured cppcheck include dirs: $<BUILD_INTERFACE:/home/hw_learn/ws_ros2/ws02_tools/src/cpp03_tf_broadcaster/include>
-- Configured cppcheck exclude dirs and/or files: 
-- Added test 'cpplint' to check C / C++ code against the Google style
-- Configured cpplint exclude dirs and/or files: 
-- Added test 'flake8' to check Python code syntax and style conventions
-- Added test 'lint_cmake' to check CMake code style
-- Added test 'pep257' to check Python code against some of the style conventions in PEP 257
-- Added test 'uncrustify' to check C / C++ code style
-- Configured uncrustify additional arguments: 
-- Added test 'xmllint' to check XML markup files
-- Configuring done
-- Generating done
-- Build files have been written to: /home/hw_learn/ws_ros2/ws02_tools/build/cpp03_tf_broadcaster
[35m[1mScanning dependencies of target demo03_point_tf_broadcaster[0m
[35m[1mScanning dependencies of target demo02_dynamic_tf_broadcaster[0m
[35m[1mScanning dependencies of target demo01_static_tf_broadcaster[0m
[ 33%] [32mBuilding CXX object CMakeFiles/demo02_dynamic_tf_broadcaster.dir/src/demo02_dynamic_tf_broadcaster.cpp.o[0m
[ 33%] [32mBuilding CXX object CMakeFiles/demo03_point_tf_broadcaster.dir/src/demo03_point_tf_broadcaster.cpp.o[0m
[ 50%] [32mBuilding CXX object CMakeFiles/demo01_static_tf_broadcaster.dir/src/demo01_static_tf_broadcaster.cpp.o[0m
[ 66%] [32m[1mLinking CXX executable demo01_static_tf_broadcaster[0m
[ 66%] Built target demo01_static_tf_broadcaster
[ 83%] [32m[1mLinking CXX executable demo03_point_tf_broadcaster[0m
[ 83%] Built target demo03_point_tf_broadcaster
[100%] [32m[1mLinking CXX executable demo02_dynamic_tf_broadcaster[0m
[100%] Built target demo02_dynamic_tf_broadcaster
-- Install configuration: ""
-- Installing: /home/hw_learn/ws_ros2/ws02_tools/install/cpp03_tf_broadcaster/lib/cpp03_tf_broadcaster/demo01_static_tf_broadcaster
-- Set runtime path of "/home/hw_learn/ws_ros2/ws02_tools/install/cpp03_tf_broadcaster/lib/cpp03_tf_broadcaster/demo01_static_tf_broadcaster" to ""
-- Installing: /home/hw_learn/ws_ros2/ws02_tools/install/cpp03_tf_broadcaster/lib/cpp03_tf_broadcaster/demo02_dynamic_tf_broadcaster
-- Set runtime path of "/home/hw_learn/ws_ros2/ws02_tools/install/cpp03_tf_broadcaster/lib/cpp03_tf_broadcaster/demo02_dynamic_tf_broadcaster" to ""
-- Installing: /home/hw_learn/ws_ros2/ws02_tools/install/cpp03_tf_broadcaster/lib/cpp03_tf_broadcaster/demo03_point_tf_broadcaster
-- Set runtime path of "/home/hw_learn/ws_ros2/ws02_tools/install/cpp03_tf_broadcaster/lib/cpp03_tf_broadcaster/demo03_point_tf_broadcaster" to ""
-- Installing: /home/hw_learn/ws_ros2/ws02_tools/install/cpp03_tf_broadcaster/share/ament_index/resource_index/package_run_dependencies/cpp03_tf_broadcaster
-- Installing: /home/hw_learn/ws_ros2/ws02_tools/install/cpp03_tf_broadcaster/share/ament_index/resource_index/parent_prefix_path/cpp03_tf_broadcaster
-- Installing: /home/hw_learn/ws_ros2/ws02_tools/install/cpp03_tf_broadcaster/share/cpp03_tf_broadcaster/environment/ament_prefix_path.sh
-- Installing: /home/hw_learn/ws_ros2/ws02_tools/install/cpp03_tf_broadcaster/share/cpp03_tf_broadcaster/environment/ament_prefix_path.dsv
-- Installing: /home/hw_learn/ws_ros2/ws02_tools/install/cpp03_tf_broadcaster/share/cpp03_tf_broadcaster/environment/path.sh
-- Installing: /home/hw_learn/ws_ros2/ws02_tools/install/cpp03_tf_broadcaster/share/cpp03_tf_broadcaster/environment/path.dsv
-- Installing: /home/hw_learn/ws_ros2/ws02_tools/install/cpp03_tf_broadcaster/share/cpp03_tf_broadcaster/local_setup.bash
-- Installing: /home/hw_learn/ws_ros2/ws02_tools/install/cpp03_tf_broadcaster/share/cpp03_tf_broadcaster/local_setup.sh
-- Installing: /home/hw_learn/ws_ros2/ws02_tools/install/cpp03_tf_broadcaster/share/cpp03_tf_broadcaster/local_setup.zsh
-- Installing: /home/hw_learn/ws_ros2/ws02_tools/install/cpp03_tf_broadcaster/share/cpp03_tf_broadcaster/local_setup.dsv
-- Installing: /home/hw_learn/ws_ros2/ws02_tools/install/cpp03_tf_broadcaster/share/cpp03_tf_broadcaster/package.dsv
-- Installing: /home/hw_learn/ws_ros2/ws02_tools/install/cpp03_tf_broadcaster/share/ament_index/resource_index/packages/cpp03_tf_broadcaster
-- Installing: /home/hw_learn/ws_ros2/ws02_tools/install/cpp03_tf_broadcaster/share/cpp03_tf_broadcaster/cmake/cpp03_tf_broadcasterConfig.cmake
-- Installing: /home/hw_learn/ws_ros2/ws02_tools/install/cpp03_tf_broadcaster/share/cpp03_tf_broadcaster/cmake/cpp03_tf_broadcasterConfig-version.cmake
-- Installing: /home/hw_learn/ws_ros2/ws02_tools/install/cpp03_tf_broadcaster/share/cpp03_tf_broadcaster/package.xml
