[ 33%] Built target demo00_param
[100%] Built target demo01_param_server
[100%] Built target demo02_param_client
-- Install configuration: ""
-- Up-to-date: /home/hw_learn/ws_ros2/ws01_plumbing/install/cpp04_param/lib/cpp04_param/demo00_param
-- Up-to-date: /home/hw_learn/ws_ros2/ws01_plumbing/install/cpp04_param/lib/cpp04_param/demo01_param_server
-- Up-to-date: /home/hw_learn/ws_ros2/ws01_plumbing/install/cpp04_param/lib/cpp04_param/demo02_param_client
-- Up-to-date: /home/hw_learn/ws_ros2/ws01_plumbing/install/cpp04_param/share/ament_index/resource_index/package_run_dependencies/cpp04_param
-- Up-to-date: /home/hw_learn/ws_ros2/ws01_plumbing/install/cpp04_param/share/ament_index/resource_index/parent_prefix_path/cpp04_param
-- Up-to-date: /home/hw_learn/ws_ros2/ws01_plumbing/install/cpp04_param/share/cpp04_param/environment/ament_prefix_path.sh
-- Up-to-date: /home/hw_learn/ws_ros2/ws01_plumbing/install/cpp04_param/share/cpp04_param/environment/ament_prefix_path.dsv
-- Up-to-date: /home/hw_learn/ws_ros2/ws01_plumbing/install/cpp04_param/share/cpp04_param/environment/path.sh
-- Up-to-date: /home/hw_learn/ws_ros2/ws01_plumbing/install/cpp04_param/share/cpp04_param/environment/path.dsv
-- Up-to-date: /home/hw_learn/ws_ros2/ws01_plumbing/install/cpp04_param/share/cpp04_param/local_setup.bash
-- Up-to-date: /home/hw_learn/ws_ros2/ws01_plumbing/install/cpp04_param/share/cpp04_param/local_setup.sh
-- Up-to-date: /home/hw_learn/ws_ros2/ws01_plumbing/install/cpp04_param/share/cpp04_param/local_setup.zsh
-- Up-to-date: /home/hw_learn/ws_ros2/ws01_plumbing/install/cpp04_param/share/cpp04_param/local_setup.dsv
-- Installing: /home/hw_learn/ws_ros2/ws01_plumbing/install/cpp04_param/share/cpp04_param/package.dsv
-- Up-to-date: /home/hw_learn/ws_ros2/ws01_plumbing/install/cpp04_param/share/ament_index/resource_index/packages/cpp04_param
-- Up-to-date: /home/hw_learn/ws_ros2/ws01_plumbing/install/cpp04_param/share/cpp04_param/cmake/cpp04_paramConfig.cmake
-- Up-to-date: /home/hw_learn/ws_ros2/ws01_plumbing/install/cpp04_param/share/cpp04_param/cmake/cpp04_paramConfig-version.cmake
-- Up-to-date: /home/hw_learn/ws_ros2/ws01_plumbing/install/cpp04_param/share/cpp04_param/package.xml
